2023-09-29T10:29:25.622Z - info: Website generation (lazy) started at 6:29:19 pm
2023-09-29T10:29:38.643Z - info: Building assets...
2023-09-29T10:29:46.826Z - info: Assets built
2023-09-29T10:29:46.827Z - info: Generating landing page...
2023-09-29T10:29:48.288Z - info: Landing page built, other pages will be built as you navigate to them!
2023-09-29T10:29:49.225Z - info: Site data built
2023-09-29T10:29:49.226Z - info: Website generation (lazy) complete! Total build time: 29.304s
2023-09-29T10:29:50.132Z - info: Serving "C:\repos\nus-cs2103\cs2103-website-base\_site" at http://127.0.0.1:8080
2023-09-29T10:29:50.132Z - info: Press CTRL+C to stop ...
2023-09-29T10:29:52.198Z - info: [6:29:52 pm] Reload for file change: C:\repos\nus-cs2103\cs2103-website-base\admin\tp-tasks-fragment.md
2023-09-29T10:29:52.198Z - info: Synchronizing opened pages list before reload
2023-09-29T10:29:52.198Z - info: No pages are currently opened
2023-09-29T10:29:54.004Z - info: No pages needed to be rebuilt
2023-09-29T10:30:14.171Z - info: [6:30:14 pm] Reload for file change: C:\repos\nus-cs2103\cs2103-website-base\admin\tp-tasks-fragment.md
2023-09-29T10:30:14.171Z - info: Synchronizing opened pages list before reload
2023-09-29T10:30:14.172Z - info: Current opened pages, from most-to-least recent:
2023-09-29T10:30:14.172Z - info: 1. index
2023-09-29T10:30:15.179Z - info: Rebuilding 1 pages
2023-09-29T10:30:16.001Z - info: Building C:\repos\nus-cs2103\cs2103-website-base\schedule\week7\project as some of its dependencies were changed since the last visit
2023-09-29T10:30:18.440Z - info: Site data built
2023-09-29T10:30:18.441Z - info: Pages rebuilt
2023-09-29T10:30:18.442Z - info: Website regeneration complete! Total build time: 3.265s
2023-09-29T10:30:18.461Z - info: Site data built
2023-09-29T10:30:18.462Z - info: Lazy website regeneration complete! Total build time: 2.46s
2023-09-29T10:30:28.846Z - info: [6:30:28 pm] Reload for file change: C:\repos\nus-cs2103\cs2103-website-base\admin\tp-tasks-fragment.md
2023-09-29T10:30:28.847Z - info: Synchronizing opened pages list before reload
2023-09-29T10:30:28.847Z - info: Current opened pages, from most-to-least recent:
2023-09-29T10:30:28.847Z - info: 1. schedule/week7/project
2023-09-29T10:30:29.855Z - info: Rebuilding 1 pages
2023-09-29T10:30:31.518Z - info: Site data built
2023-09-29T10:30:31.518Z - info: Pages rebuilt
2023-09-29T10:30:31.518Z - info: Website regeneration complete! Total build time: 1.664s
2023-09-29T10:31:15.580Z - info: [6:31:15 pm] Reload for file change: C:\repos\nus-cs2103\cs2103-website-base\admin\tp-tasks-fragment.md
2023-09-29T10:31:15.581Z - info: Synchronizing opened pages list before reload
2023-09-29T10:31:15.581Z - info: Current opened pages, from most-to-least recent:
2023-09-29T10:31:15.581Z - info: 1. schedule/week7/project
2023-09-29T10:31:16.583Z - info: Rebuilding 1 pages
2023-09-29T10:31:18.894Z - info: Site data built
2023-09-29T10:31:18.894Z - info: Pages rebuilt
2023-09-29T10:31:18.894Z - info: Website regeneration complete! Total build time: 2.312s
2023-09-29T10:31:48.271Z - info: [6:31:48 pm] Reload for file change: C:\repos\nus-cs2103\cs2103-website-base\admin\tp-tasks-fragment.md
2023-09-29T10:31:48.271Z - info: Synchronizing opened pages list before reload
2023-09-29T10:31:48.272Z - info: Current opened pages, from most-to-least recent:
2023-09-29T10:31:48.272Z - info: 1. schedule/week7/project
2023-09-29T10:31:49.288Z - info: Rebuilding 1 pages
2023-09-29T10:31:51.839Z - info: Site data built
2023-09-29T10:31:51.839Z - info: Pages rebuilt
2023-09-29T10:31:51.839Z - info: Website regeneration complete! Total build time: 2.552s
2023-09-29T10:32:22.437Z - info: [6:32:22 pm] Reload for file change: C:\repos\nus-cs2103\cs2103-website-base\admin\tp-tasks-fragment.md
2023-09-29T10:32:22.437Z - info: Synchronizing opened pages list before reload
2023-09-29T10:32:22.438Z - info: Current opened pages, from most-to-least recent:
2023-09-29T10:32:22.438Z - info: 1. schedule/week7/project
2023-09-29T10:32:23.456Z - info: Rebuilding 1 pages
2023-09-29T10:32:25.810Z - info: Site data built
2023-09-29T10:32:25.810Z - info: Pages rebuilt
2023-09-29T10:32:25.811Z - info: Website regeneration complete! Total build time: 2.355s
2023-09-29T10:33:09.734Z - info: [6:33:09 pm] Reload for file change: C:\repos\nus-cs2103\cs2103-website-base\admin\tp-tasks-fragment.md
2023-09-29T10:33:09.734Z - info: Synchronizing opened pages list before reload
2023-09-29T10:33:09.735Z - info: Current opened pages, from most-to-least recent:
2023-09-29T10:33:09.735Z - info: 1. schedule/week7/project
2023-09-29T10:33:10.741Z - info: Rebuilding 1 pages
2023-09-29T10:33:13.361Z - info: Site data built
2023-09-29T10:33:13.362Z - info: Pages rebuilt
2023-09-29T10:33:13.362Z - info: Website regeneration complete! Total build time: 2.622s
2023-09-29T10:33:27.812Z - info: [6:33:27 pm] Reload for file change: C:\repos\nus-cs2103\cs2103-website-base\admin\tp-tasks-fragment.md
2023-09-29T10:33:27.813Z - info: Synchronizing opened pages list before reload
2023-09-29T10:33:27.813Z - info: Current opened pages, from most-to-least recent:
2023-09-29T10:33:27.813Z - info: 1. schedule/week7/project
2023-09-29T10:33:28.820Z - info: Rebuilding 1 pages
2023-09-29T10:33:30.938Z - info: Site data built
2023-09-29T10:33:30.939Z - info: Pages rebuilt
2023-09-29T10:33:30.939Z - info: Website regeneration complete! Total build time: 2.12s
2023-09-29T10:35:52.094Z - info: Website generation started at 6:35:49 pm
2023-09-29T10:36:04.175Z - info: Building assets...
2023-09-29T10:36:13.271Z - info: Assets built
2023-09-29T10:36:13.272Z - info: Generating pages...
2023-09-29T10:36:38.459Z - debug:  
2023-09-29T10:36:38.767Z - debug:  
2023-09-29T10:36:38.831Z - debug:  
2023-09-29T10:36:42.406Z - debug:  
2023-09-29T10:36:42.407Z - debug:  
2023-09-29T10:36:42.407Z - debug:  
2023-09-29T10:36:42.410Z - debug:  
2023-09-29T10:36:42.410Z - debug:  
2023-09-29T10:36:42.410Z - debug:  
2023-09-29T10:36:42.411Z - debug:  
2023-09-29T10:36:42.411Z - debug:  
2023-09-29T10:36:42.411Z - debug:  
2023-09-29T10:36:42.415Z - debug:  
2023-09-29T10:36:42.415Z - debug:  
2023-09-29T10:36:42.416Z - debug:  
2023-09-29T10:36:42.416Z - debug:  
2023-09-29T10:39:15.419Z - debug:  
2023-09-29T10:39:32.732Z - debug:  
2023-09-29T10:39:32.756Z - debug:  
2023-09-29T10:39:46.359Z - info: Pages built
2023-09-29T10:39:47.392Z - info: Site data built
2023-09-29T10:39:47.392Z - info: Website generation complete! Total build time: 238.022s
2023-09-29T10:39:47.393Z - info: Build success!
2023-09-29T10:41:58.552Z - info: The website has been deployed at: https://nus-cs2103-ay2324s1.github.io/website
