2023-09-07T05:10:46.215Z - info: Website generation (lazy) started at 1:10:41 pm
2023-09-07T05:10:57.247Z - info: Building assets...
2023-09-07T05:11:04.554Z - info: Assets built
2023-09-07T05:11:04.554Z - info: Generating landing page...
2023-09-07T05:11:05.997Z - info: Landing page built, other pages will be built as you navigate to them!
2023-09-07T05:11:06.936Z - info: Site data built
2023-09-07T05:11:06.936Z - info: Website generation (lazy) complete! Total build time: 25.499s
2023-09-07T05:11:07.824Z - info: Serving "C:\repos\nus-cs2103\cs2103-website-base\_site" at http://127.0.0.1:8080
2023-09-07T05:11:07.824Z - info: Press CTRL+C to stop ...
2023-09-07T05:16:16.527Z - info: Building C:\repos\nus-cs2103\cs2103-website-base\schedule\week5\index as some of its dependencies were changed since the last visit
2023-09-07T05:16:18.338Z - info: Site data built
2023-09-07T05:16:18.339Z - info: Lazy website regeneration complete! Total build time: 1.812s
2023-09-07T05:29:54.603Z - info: Building C:\repos\nus-cs2103\cs2103-website-base\schedule\week5\admin as some of its dependencies were changed since the last visit
2023-09-07T05:29:55.873Z - info: Site data built
2023-09-07T05:29:55.873Z - info: Lazy website regeneration complete! Total build time: 1.27s
2023-09-07T05:31:28.759Z - info: [1:31:28 pm] Reload for file change: C:\repos\nus-cs2103\cs2103-website-base\admin\admin-tasks-fragment.md
2023-09-07T05:31:28.760Z - info: Synchronizing opened pages list before reload
2023-09-07T05:31:28.760Z - info: Current opened pages, from most-to-least recent:
2023-09-07T05:31:28.760Z - info: 1. schedule/week5/admin
2023-09-07T05:31:29.779Z - info: Rebuilding 1 pages
2023-09-07T05:31:30.891Z - info: Site data built
2023-09-07T05:31:30.892Z - info: Pages rebuilt
2023-09-07T05:31:30.892Z - info: Website regeneration complete! Total build time: 1.114s
2023-09-07T05:32:25.414Z - info: [1:32:25 pm] Reload for file change: C:\repos\nus-cs2103\cs2103-website-base\admin\policies-fragment.md
2023-09-07T05:32:25.415Z - info: Synchronizing opened pages list before reload
2023-09-07T05:32:25.415Z - info: Current opened pages, from most-to-least recent:
2023-09-07T05:32:25.415Z - info: 1. schedule/week5/admin
2023-09-07T05:32:26.420Z - info: Rebuilding 1 pages
2023-09-07T05:32:27.248Z - info: Site data built
2023-09-07T05:32:27.248Z - info: Pages rebuilt
2023-09-07T05:32:27.248Z - info: Website regeneration complete! Total build time: 0.829s
2023-09-07T05:33:15.815Z - info: [1:33:15 pm] Reload for file change: C:\repos\nus-cs2103\cs2103-website-base\admin\admin-tasks-fragment.md
2023-09-07T05:33:15.815Z - info: Synchronizing opened pages list before reload
2023-09-07T05:33:15.815Z - info: Current opened pages, from most-to-least recent:
2023-09-07T05:33:15.816Z - info: 1. schedule/week5/admin
2023-09-07T05:33:16.819Z - info: Rebuilding 1 pages
2023-09-07T05:33:17.902Z - info: Site data built
2023-09-07T05:33:17.902Z - info: Pages rebuilt
2023-09-07T05:33:17.902Z - info: Website regeneration complete! Total build time: 1.084s
2023-09-07T05:34:24.767Z - info: [1:34:24 pm] Reload for file change: C:\repos\nus-cs2103\cs2103-website-base\admin\admin-tasks-fragment.md
2023-09-07T05:34:24.767Z - info: Synchronizing opened pages list before reload
2023-09-07T05:34:24.767Z - info: Current opened pages, from most-to-least recent:
2023-09-07T05:34:24.767Z - info: 1. schedule/week5/admin
2023-09-07T05:34:25.777Z - info: Rebuilding 1 pages
2023-09-07T05:34:26.573Z - info: Site data built
2023-09-07T05:34:26.573Z - info: Pages rebuilt
2023-09-07T05:34:26.574Z - info: Website regeneration complete! Total build time: 0.798s
2023-09-07T05:35:20.793Z - info: [1:35:20 pm] Reload for file change: C:\repos\nus-cs2103\cs2103-website-base\admin\admin-tasks-fragment.md
2023-09-07T05:35:20.793Z - info: Synchronizing opened pages list before reload
2023-09-07T05:35:20.793Z - info: Current opened pages, from most-to-least recent:
2023-09-07T05:35:20.793Z - info: 1. schedule/week5/admin
2023-09-07T05:35:21.807Z - info: Rebuilding 1 pages
2023-09-07T05:35:22.828Z - info: Site data built
2023-09-07T05:35:22.828Z - info: Pages rebuilt
2023-09-07T05:35:22.829Z - info: Website regeneration complete! Total build time: 1.022s
2023-09-07T05:36:05.251Z - info: [1:36:05 pm] Reload for file change: C:\repos\nus-cs2103\cs2103-website-base\admin\admin-tasks-fragment.md
2023-09-07T05:36:05.251Z - info: Synchronizing opened pages list before reload
2023-09-07T05:36:05.251Z - info: Current opened pages, from most-to-least recent:
2023-09-07T05:36:05.251Z - info: 1. schedule/week5/admin
2023-09-07T05:36:06.263Z - info: Rebuilding 1 pages
2023-09-07T05:36:07.054Z - info: Site data built
2023-09-07T05:36:07.054Z - info: Pages rebuilt
2023-09-07T05:36:07.054Z - info: Website regeneration complete! Total build time: 0.792s
2023-09-07T05:37:05.469Z - info: [1:37:05 pm] Reload for file change: C:\repos\nus-cs2103\cs2103-website-base\admin\admin-tasks-fragment.md
2023-09-07T05:37:05.469Z - info: Synchronizing opened pages list before reload
2023-09-07T05:37:05.470Z - info: Current opened pages, from most-to-least recent:
2023-09-07T05:37:05.470Z - info: 1. schedule/week5/admin
2023-09-07T05:37:06.483Z - info: Rebuilding 1 pages
2023-09-07T05:37:07.484Z - info: Site data built
2023-09-07T05:37:07.484Z - info: Pages rebuilt
2023-09-07T05:37:07.484Z - info: Website regeneration complete! Total build time: 1.002s
2023-09-07T05:37:35.301Z - info: Building C:\repos\nus-cs2103\cs2103-website-base\schedule\week5\topics as some of its dependencies were changed since the last visit
2023-09-07T05:37:38.501Z - info: Site data built
2023-09-07T05:37:38.501Z - info: Lazy website regeneration complete! Total build time: 3.201s
2023-09-07T05:47:10.869Z - info: Building C:\repos\nus-cs2103\cs2103-website-base\schedule\week5\project as some of its dependencies were changed since the last visit
2023-09-07T05:47:13.073Z - info: Site data built
2023-09-07T05:47:13.074Z - info: Lazy website regeneration complete! Total build time: 2.205s
2023-09-07T05:55:12.801Z - info: [1:55:12 pm] Reload for file change: C:\repos\nus-cs2103\cs2103-website-base\admin\tp-tasks-fragment.md
2023-09-07T05:55:12.802Z - info: Synchronizing opened pages list before reload
2023-09-07T05:55:12.803Z - info: Current opened pages, from most-to-least recent:
2023-09-07T05:55:12.803Z - info: 1. schedule/week5/project
2023-09-07T05:55:13.811Z - info: Rebuilding 1 pages
2023-09-07T05:55:15.683Z - info: Site data built
2023-09-07T05:55:15.683Z - info: Pages rebuilt
2023-09-07T05:55:15.683Z - info: Website regeneration complete! Total build time: 1.874s
2023-09-07T05:55:40.026Z - info: [1:55:40 pm] Reload for file change: C:\repos\nus-cs2103\cs2103-website-base\admin\tp-tasks-fragment.md
2023-09-07T05:55:40.026Z - info: Synchronizing opened pages list before reload
2023-09-07T05:55:40.026Z - info: Current opened pages, from most-to-least recent:
2023-09-07T05:55:40.027Z - info: 1. schedule/week5/project
2023-09-07T05:55:41.038Z - info: Rebuilding 1 pages
2023-09-07T05:55:42.840Z - info: Site data built
2023-09-07T05:55:42.840Z - info: Pages rebuilt
2023-09-07T05:55:42.840Z - info: Website regeneration complete! Total build time: 1.804s
2023-09-07T05:57:51.898Z - info: [1:57:51 pm] Reload for file change: C:\repos\nus-cs2103\cs2103-website-base\admin\tp-tasks-fragment.md
2023-09-07T05:57:51.898Z - info: Synchronizing opened pages list before reload
2023-09-07T05:57:51.899Z - info: Current opened pages, from most-to-least recent:
2023-09-07T05:57:51.899Z - info: 1. schedule/week5/project
2023-09-07T05:57:52.936Z - info: Rebuilding 1 pages
2023-09-07T05:57:55.625Z - info: Site data built
2023-09-07T05:57:55.625Z - info: Pages rebuilt
2023-09-07T05:57:55.625Z - info: Website regeneration complete! Total build time: 2.693s
2023-09-07T06:00:25.601Z - info: [2:00:25 pm] Reload for file change: C:\repos\nus-cs2103\cs2103-website-base\admin\tp-tasks-fragment.md
2023-09-07T06:00:25.602Z - info: Synchronizing opened pages list before reload
2023-09-07T06:00:25.603Z - info: Current opened pages, from most-to-least recent:
2023-09-07T06:00:25.603Z - info: 1. schedule/week5/project
2023-09-07T06:00:26.619Z - info: Rebuilding 1 pages
2023-09-07T06:00:28.643Z - info: Site data built
2023-09-07T06:00:28.644Z - info: Pages rebuilt
2023-09-07T06:00:28.644Z - info: Website regeneration complete! Total build time: 2.026s
2023-09-07T06:03:57.556Z - info: [2:03:57 pm] Reload for file change: C:\repos\nus-cs2103\cs2103-website-base\admin\tp-tasks-fragment.md
2023-09-07T06:03:57.557Z - info: Synchronizing opened pages list before reload
2023-09-07T06:03:57.557Z - info: Current opened pages, from most-to-least recent:
2023-09-07T06:03:57.557Z - info: 1. schedule/week5/project
2023-09-07T06:03:58.571Z - info: Rebuilding 1 pages
2023-09-07T06:04:00.273Z - info: Site data built
2023-09-07T06:04:00.273Z - info: Pages rebuilt
2023-09-07T06:04:00.273Z - info: Website regeneration complete! Total build time: 1.704s
2023-09-07T06:04:14.271Z - info: [2:04:14 pm] Reload for file change: C:\repos\nus-cs2103\cs2103-website-base\admin\tp-tasks-fragment.md
2023-09-07T06:04:14.271Z - info: Synchronizing opened pages list before reload
2023-09-07T06:04:14.271Z - info: Current opened pages, from most-to-least recent:
2023-09-07T06:04:14.271Z - info: 1. schedule/week5/project
2023-09-07T06:04:15.280Z - info: Rebuilding 1 pages
2023-09-07T06:04:16.619Z - info: Site data built
2023-09-07T06:04:16.619Z - info: Pages rebuilt
2023-09-07T06:04:16.619Z - info: Website regeneration complete! Total build time: 1.34s
2023-09-07T06:04:44.978Z - info: Building C:\repos\nus-cs2103\cs2103-website-base\schedule\week5\tutorial as some of its dependencies were changed since the last visit
2023-09-07T06:04:46.119Z - info: Site data built
2023-09-07T06:04:46.119Z - info: Lazy website regeneration complete! Total build time: 1.141s
2023-09-07T06:05:03.958Z - info: Building C:\repos\nus-cs2103\cs2103-website-base\schedule\week6\index as some of its dependencies were changed since the last visit
2023-09-07T06:05:04.892Z - info: Site data built
2023-09-07T06:05:04.892Z - info: Lazy website regeneration complete! Total build time: 0.934s
2023-09-07T06:05:08.695Z - info: Building C:\repos\nus-cs2103\cs2103-website-base\schedule\week6\project as some of its dependencies were changed since the last visit
2023-09-07T06:05:11.009Z - info: Site data built
2023-09-07T06:05:11.010Z - info: Lazy website regeneration complete! Total build time: 2.314s
2023-09-07T06:05:32.636Z - info: Building C:\repos\nus-cs2103\cs2103-website-base\schedule\week7\project as some of its dependencies were changed since the last visit
2023-09-07T06:05:35.465Z - info: Site data built
2023-09-07T06:05:35.466Z - info: Lazy website regeneration complete! Total build time: 2.83s
2023-09-07T06:08:03.596Z - info: Building C:\repos\nus-cs2103\cs2103-website-base\schedule\week4\project as some of its dependencies were changed since the last visit
2023-09-07T06:08:06.862Z - info: Site data built
2023-09-07T06:08:06.863Z - info: Lazy website regeneration complete! Total build time: 3.267s
2023-09-07T06:16:16.425Z - info: Building C:\repos\nus-cs2103\cs2103-website-base\schedule\week4\tutorial as some of its dependencies were changed since the last visit
2023-09-07T06:16:17.192Z - info: Site data built
2023-09-07T06:16:17.193Z - info: Lazy website regeneration complete! Total build time: 0.769s
2023-09-07T06:25:19.727Z - info: [2:25:19 pm] Reload for file change: C:\repos\nus-cs2103\cs2103-website-base\admin\tp-tasks-fragment.md
2023-09-07T06:25:19.728Z - info: Synchronizing opened pages list before reload
2023-09-07T06:25:19.728Z - info: Current opened pages, from most-to-least recent:
2023-09-07T06:25:19.728Z - info: 1. schedule/week4/project
2023-09-07T06:25:20.740Z - info: Rebuilding 1 pages
2023-09-07T06:25:23.052Z - info: Site data built
2023-09-07T06:25:23.052Z - info: Pages rebuilt
2023-09-07T06:25:23.052Z - info: Website regeneration complete! Total build time: 2.313s
2023-09-07T06:25:48.454Z - info: [2:25:48 pm] Reload for file change: C:\repos\nus-cs2103\cs2103-website-base\admin\tp-tasks-fragment.md
2023-09-07T06:25:48.454Z - info: Synchronizing opened pages list before reload
2023-09-07T06:25:48.455Z - info: Current opened pages, from most-to-least recent:
2023-09-07T06:25:48.455Z - info: 1. schedule/week4/project
2023-09-07T06:25:49.474Z - info: Rebuilding 1 pages
2023-09-07T06:25:51.841Z - info: Site data built
2023-09-07T06:25:51.841Z - info: Pages rebuilt
2023-09-07T06:25:51.842Z - info: Website regeneration complete! Total build time: 2.369s
2023-09-07T06:26:02.074Z - info: [2:26:02 pm] Reload for file change: C:\repos\nus-cs2103\cs2103-website-base\admin\tp-tasks-fragment.md
2023-09-07T06:26:02.075Z - info: Synchronizing opened pages list before reload
2023-09-07T06:26:02.075Z - info: Current opened pages, from most-to-least recent:
2023-09-07T06:26:02.075Z - info: 1. schedule/week4/project
2023-09-07T06:26:03.084Z - info: Rebuilding 1 pages
2023-09-07T06:26:05.386Z - info: Site data built
2023-09-07T06:26:05.386Z - info: Pages rebuilt
2023-09-07T06:26:05.387Z - info: Website regeneration complete! Total build time: 2.303s
2023-09-07T06:26:22.699Z - info: [2:26:22 pm] Reload for file change: C:\repos\nus-cs2103\cs2103-website-base\admin\tp-tasks-fragment.md
2023-09-07T06:26:22.700Z - info: Synchronizing opened pages list before reload
2023-09-07T06:26:22.700Z - info: Current opened pages, from most-to-least recent:
2023-09-07T06:26:22.700Z - info: 1. schedule/week4/project
2023-09-07T06:26:23.718Z - info: Rebuilding 1 pages
2023-09-07T06:26:26.029Z - info: Site data built
2023-09-07T06:26:26.030Z - info: Pages rebuilt
2023-09-07T06:26:26.030Z - info: Website regeneration complete! Total build time: 2.313s
2023-09-07T06:28:22.982Z - info: [2:28:22 pm] Reload for file change: C:\repos\nus-cs2103\cs2103-website-base\admin\tp-tasks-fragment.md
2023-09-07T06:28:22.982Z - info: Synchronizing opened pages list before reload
2023-09-07T06:28:22.982Z - info: Current opened pages, from most-to-least recent:
2023-09-07T06:28:22.983Z - info: 1. schedule/week4/project
2023-09-07T06:28:23.996Z - info: Rebuilding 1 pages
2023-09-07T06:28:26.324Z - info: Site data built
2023-09-07T06:28:26.324Z - info: Pages rebuilt
2023-09-07T06:28:26.324Z - info: Website regeneration complete! Total build time: 2.329s
2023-09-07T06:29:38.090Z - info: [2:29:38 pm] Reload for file change: C:\repos\nus-cs2103\cs2103-website-base\admin\tp-tasks-fragment.md
2023-09-07T06:29:38.090Z - info: Synchronizing opened pages list before reload
2023-09-07T06:29:38.091Z - info: Current opened pages, from most-to-least recent:
2023-09-07T06:29:38.091Z - info: 1. schedule/week4/project
2023-09-07T06:29:39.099Z - info: Rebuilding 1 pages
2023-09-07T06:29:41.407Z - info: Site data built
2023-09-07T06:29:41.407Z - info: Pages rebuilt
2023-09-07T06:29:41.407Z - info: Website regeneration complete! Total build time: 2.308s
2023-09-07T06:30:14.485Z - info: Website generation started at 2:30:12 pm
2023-09-07T06:30:25.922Z - info: Building assets...
2023-09-07T06:30:52.855Z - info: Assets built
2023-09-07T06:30:52.881Z - info: Generating pages...
2023-09-07T06:32:04.090Z - debug:  
2023-09-07T06:32:04.594Z - debug:  
2023-09-07T06:32:04.665Z - debug:  
2023-09-07T06:32:04.703Z - debug:  
2023-09-07T06:32:04.705Z - debug:  
2023-09-07T06:32:04.706Z - debug:  
2023-09-07T06:32:14.801Z - debug:  
2023-09-07T06:32:14.802Z - debug:  
2023-09-07T06:32:14.803Z - debug:  
2023-09-07T06:32:14.804Z - debug:  
2023-09-07T06:32:14.805Z - debug:  
2023-09-07T06:32:14.806Z - debug:  
2023-09-07T06:32:14.807Z - debug:  
2023-09-07T06:32:14.807Z - debug:  
2023-09-07T06:32:14.809Z - debug:  
2023-09-07T06:32:14.809Z - debug:  
2023-09-07T06:38:21.641Z - debug:  
2023-09-07T06:38:43.926Z - debug:  
2023-09-07T06:38:43.942Z - debug:  
2023-09-07T06:38:58.791Z - info: Pages built
2023-09-07T06:39:00.706Z - info: Site data built
2023-09-07T06:39:00.706Z - info: Website generation complete! Total build time: 528.502s
2023-09-07T06:39:00.706Z - info: Build success!
2023-09-07T06:43:22.519Z - info: The website has been deployed at: https://nus-cs2103-ay2324s1.github.io/website
