2023-10-11T15:07:03.385Z - info: Website generation (lazy) started at 11:06:52 pm
2023-10-11T15:07:22.675Z - info: Building assets...
2023-10-11T15:07:32.651Z - info: Assets built
2023-10-11T15:07:32.652Z - info: Generating landing page...
2023-10-11T15:07:34.315Z - info: Landing page built, other pages will be built as you navigate to them!
2023-10-11T15:07:35.641Z - info: Site data built
2023-10-11T15:07:35.642Z - info: Website generation (lazy) complete! Total build time: 42.779s
2023-10-11T15:07:36.823Z - info: Serving "C:\repos\nus-cs2103\cs2103-website-base\_site" at http://127.0.0.1:8080
2023-10-11T15:07:36.823Z - info: Press CTRL+C to stop ...
2023-10-11T15:13:33.230Z - info: Building C:\repos\nus-cs2103\cs2103-website-base\schedule\week8\project as some of its dependencies were changed since the last visit
2023-10-11T15:13:35.944Z - info: Site data built
2023-10-11T15:13:35.945Z - info: Lazy website regeneration complete! Total build time: 2.715s
2023-10-11T15:14:58.351Z - info: [11:14:58 pm] Reload for file change: C:\repos\nus-cs2103\cs2103-website-base\admin\tp-tasks-fragment.md
2023-10-11T15:14:58.352Z - info: Synchronizing opened pages list before reload
2023-10-11T15:14:58.353Z - info: Current opened pages, from most-to-least recent:
2023-10-11T15:14:58.353Z - info: 1. schedule/week8/project
2023-10-11T15:14:59.367Z - info: Rebuilding 1 pages
2023-10-11T15:15:01.404Z - info: Site data built
2023-10-11T15:15:01.405Z - info: Pages rebuilt
2023-10-11T15:15:01.405Z - info: Website regeneration complete! Total build time: 2.04s
2023-10-11T15:18:05.232Z - info: [11:18:05 pm] Reload for file change: C:\repos\nus-cs2103\cs2103-website-base\admin\tp-tasks-fragment.md
2023-10-11T15:18:05.233Z - info: Synchronizing opened pages list before reload
2023-10-11T15:18:05.233Z - info: Current opened pages, from most-to-least recent:
2023-10-11T15:18:05.234Z - info: 1. schedule/week8/project
2023-10-11T15:18:06.253Z - info: Rebuilding 1 pages
2023-10-11T15:18:08.079Z - info: Site data built
2023-10-11T15:18:08.079Z - info: Pages rebuilt
2023-10-11T15:18:08.080Z - info: Website regeneration complete! Total build time: 1.829s
2023-10-11T15:18:22.275Z - info: [11:18:22 pm] Reload for file change: C:\repos\nus-cs2103\cs2103-website-base\admin\tp-tasks-fragment.md
2023-10-11T15:18:22.276Z - info: Synchronizing opened pages list before reload
2023-10-11T15:18:22.276Z - info: Current opened pages, from most-to-least recent:
2023-10-11T15:18:22.276Z - info: 1. schedule/week8/project
2023-10-11T15:18:23.286Z - info: Rebuilding 1 pages
2023-10-11T15:18:24.892Z - info: Site data built
2023-10-11T15:18:24.892Z - info: Pages rebuilt
2023-10-11T15:18:24.892Z - info: Website regeneration complete! Total build time: 1.607s
2023-10-11T15:18:58.865Z - info: Building C:\repos\nus-cs2103\cs2103-website-base\schedule\week9\index as some of its dependencies were changed since the last visit
2023-10-11T15:19:00.300Z - info: Site data built
2023-10-11T15:19:00.300Z - info: Lazy website regeneration complete! Total build time: 1.435s
2023-10-11T15:19:11.058Z - info: Building C:\repos\nus-cs2103\cs2103-website-base\schedule\week9\admin as some of its dependencies were changed since the last visit
2023-10-11T15:19:11.385Z - info: Site data built
2023-10-11T15:19:11.386Z - info: Lazy website regeneration complete! Total build time: 0.328s
2023-10-11T15:19:21.594Z - info: Building C:\repos\nus-cs2103\cs2103-website-base\schedule\week9\topics as some of its dependencies were changed since the last visit
2023-10-11T15:19:28.629Z - debug:  
2023-10-11T15:19:28.691Z - debug:  
2023-10-11T15:19:29.072Z - info: Site data built
2023-10-11T15:19:29.072Z - info: Lazy website regeneration complete! Total build time: 7.478s
2023-10-11T15:27:14.190Z - info: Building C:\repos\nus-cs2103\cs2103-website-base\schedule\week9\project as some of its dependencies were changed since the last visit
2023-10-11T15:27:15.477Z - info: Site data built
2023-10-11T15:27:15.478Z - info: Lazy website regeneration complete! Total build time: 1.288s
2023-10-11T15:30:28.336Z - info: Building C:\repos\nus-cs2103\cs2103-website-base\schedule\week9\tutorial as some of its dependencies were changed since the last visit
2023-10-11T15:30:29.166Z - info: Site data built
2023-10-11T15:30:29.167Z - info: Lazy website regeneration complete! Total build time: 0.832s
2023-10-11T15:36:15.990Z - info: Website generation started at 11:36:14 pm
2023-10-11T15:36:28.208Z - info: Building assets...
2023-10-11T15:36:36.555Z - info: Assets built
2023-10-11T15:36:36.556Z - info: Generating pages...
2023-10-11T15:37:02.429Z - debug:  
2023-10-11T15:37:02.554Z - debug:  
2023-10-11T15:37:02.663Z - debug:  
2023-10-11T15:37:02.664Z - debug:  
2023-10-11T15:37:02.711Z - debug:  
2023-10-11T15:37:02.720Z - debug:  
2023-10-11T15:37:02.759Z - debug:  
2023-10-11T15:37:05.754Z - debug:  
2023-10-11T15:37:05.754Z - debug:  
2023-10-11T15:37:05.754Z - debug:  
2023-10-11T15:37:05.754Z - debug:  
2023-10-11T15:37:05.754Z - debug:  
2023-10-11T15:37:05.767Z - debug:  
2023-10-11T15:37:05.767Z - debug:  
2023-10-11T15:37:05.767Z - debug:  
2023-10-11T15:37:05.767Z - debug:  
2023-10-11T15:39:18.716Z - debug:  
2023-10-11T15:39:33.603Z - debug:  
2023-10-11T15:39:33.625Z - debug:  
2023-10-11T15:39:46.430Z - info: Pages built
2023-10-11T15:39:47.478Z - info: Site data built
2023-10-11T15:39:47.478Z - info: Website generation complete! Total build time: 213.438s
2023-10-11T15:39:47.478Z - info: Build success!
2023-10-11T15:41:39.852Z - info: The website has been deployed at: https://nus-cs2103-ay2324s1.github.io/website
