2023-08-11T16:03:16.772Z - info: Website generation (lazy) started at 12:03:08 am
2023-08-11T16:03:32.675Z - info: Building assets...
2023-08-11T16:03:41.757Z - info: Assets built
2023-08-11T16:03:41.758Z - info: Generating landing page...
2023-08-11T16:03:45.189Z - info: Landing page built, other pages will be built as you navigate to them!
2023-08-11T16:03:46.781Z - info: Site data built
2023-08-11T16:03:46.782Z - info: Website generation (lazy) complete! Total build time: 38.071s
2023-08-11T16:03:47.831Z - info: Serving "C:\repos\nus-cs2103\cs2103-website-base\_site" at http://127.0.0.1:8080
2023-08-11T16:03:47.832Z - info: Press CTRL+C to stop ...
2023-08-11T16:17:17.747Z - info: [12:17:17 am] Reload for file change: C:\repos\nus-cs2103\cs2103-website-base\admin\index-tic2002-fragment.md
2023-08-11T16:17:17.748Z - info: Synchronizing opened pages list before reload
2023-08-11T16:17:17.748Z - info: Current opened pages, from most-to-least recent:
2023-08-11T16:17:17.748Z - info: 1. index
2023-08-11T16:17:18.752Z - info: Rebuilding 1 pages
2023-08-11T16:17:21.140Z - info: Site data built
2023-08-11T16:17:21.141Z - info: Pages rebuilt
2023-08-11T16:17:21.141Z - info: Website regeneration complete! Total build time: 2.39s
2023-08-11T16:18:33.971Z - info: [12:18:33 am] Reload for file change: C:\repos\nus-cs2103\cs2103-website-base\admin\index-tic2002-fragment.md
2023-08-11T16:18:33.972Z - info: Synchronizing opened pages list before reload
2023-08-11T16:18:33.972Z - info: Current opened pages, from most-to-least recent:
2023-08-11T16:18:33.973Z - info: 1. index
2023-08-11T16:18:34.984Z - info: Rebuilding 1 pages
2023-08-11T16:18:36.923Z - info: Site data built
2023-08-11T16:18:36.924Z - info: Pages rebuilt
2023-08-11T16:18:36.924Z - info: Website regeneration complete! Total build time: 1.943s
2023-08-11T16:19:46.585Z - info: [12:19:46 am] Reload for file change: C:\repos\nus-cs2103\cs2103-website-base\admin\index-tic2002-fragment.md
2023-08-11T16:19:46.586Z - info: Synchronizing opened pages list before reload
2023-08-11T16:19:46.586Z - info: Current opened pages, from most-to-least recent:
2023-08-11T16:19:46.586Z - info: 1. index
2023-08-11T16:19:47.597Z - info: Rebuilding 1 pages
2023-08-11T16:19:49.431Z - info: Site data built
2023-08-11T16:19:49.431Z - info: Pages rebuilt
2023-08-11T16:19:49.432Z - info: Website regeneration complete! Total build time: 1.835s
2023-08-11T16:20:05.740Z - info: [12:20:05 am] Reload for file change: C:\repos\nus-cs2103\cs2103-website-base\admin\index-tic2002-fragment.md
2023-08-11T16:20:05.740Z - info: Synchronizing opened pages list before reload
2023-08-11T16:20:05.740Z - info: Current opened pages, from most-to-least recent:
2023-08-11T16:20:05.741Z - info: 1. index
2023-08-11T16:20:06.748Z - info: Rebuilding 1 pages
2023-08-11T16:20:08.572Z - info: Site data built
2023-08-11T16:20:08.573Z - info: Pages rebuilt
2023-08-11T16:20:08.573Z - info: Website regeneration complete! Total build time: 1.826s
2023-08-11T16:25:12.575Z - info: [12:25:12 am] Reload for file add: C:\repos\nus-cs2103\cs2103-website-base\admin\exam-pen-and-paper.md
2023-08-11T16:25:12.576Z - info: Synchronizing opened pages list before reload
2023-08-11T16:25:12.576Z - info: Current opened pages, from most-to-least recent:
2023-08-11T16:25:12.576Z - info: 1. index
2023-08-11T16:25:18.704Z - info: Assets built
2023-08-11T16:25:43.805Z - info: [12:25:43 am] Reload for file change: C:\repos\nus-cs2103\cs2103-website-base\admin\exam-pen-and-paper.md
2023-08-11T16:25:43.805Z - info: Synchronizing opened pages list before reload
2023-08-11T16:25:43.805Z - info: Current opened pages, from most-to-least recent:
2023-08-11T16:25:43.805Z - info: 1. index
2023-08-11T16:25:43.842Z - info: [12:25:43 am] Reload for file change: C:\repos\nus-cs2103\cs2103-website-base\admin\index-tic2002-fragment.md
2023-08-11T16:25:43.842Z - info: Synchronizing opened pages list before reload
2023-08-11T16:25:43.842Z - info: Current opened pages, from most-to-least recent:
2023-08-11T16:25:43.842Z - info: 1. index
2023-08-11T16:25:44.827Z - info: Assets built
2023-08-11T16:25:44.858Z - info: Rebuilding 1 pages
2023-08-11T16:25:46.693Z - info: Site data built
2023-08-11T16:25:46.693Z - info: Pages rebuilt
2023-08-11T16:25:46.693Z - info: Website regeneration complete! Total build time: 1.836s
2023-08-11T16:28:00.193Z - info: [12:28:00 am] Reload for file change: C:\repos\nus-cs2103\cs2103-website-base\admin\exam-pen-and-paper.md
2023-08-11T16:28:00.193Z - info: Synchronizing opened pages list before reload
2023-08-11T16:28:00.194Z - info: Current opened pages, from most-to-least recent:
2023-08-11T16:28:00.194Z - info: 1. index
2023-08-11T16:28:01.207Z - info: Rebuilding 1 pages
2023-08-11T16:28:02.979Z - info: Site data built
2023-08-11T16:28:02.979Z - info: Pages rebuilt
2023-08-11T16:28:02.979Z - info: Website regeneration complete! Total build time: 1.774s
2023-08-11T16:28:47.256Z - info: [12:28:47 am] Reload for file change: C:\repos\nus-cs2103\cs2103-website-base\admin\exam-pen-and-paper.md
2023-08-11T16:28:47.257Z - info: Synchronizing opened pages list before reload
2023-08-11T16:28:47.258Z - info: Current opened pages, from most-to-least recent:
2023-08-11T16:28:47.258Z - info: 1. index
2023-08-11T16:28:48.267Z - info: Rebuilding 1 pages
2023-08-11T16:28:49.986Z - info: Site data built
2023-08-11T16:28:49.986Z - info: Pages rebuilt
2023-08-11T16:28:49.986Z - info: Website regeneration complete! Total build time: 1.72s
2023-08-11T16:29:49.262Z - info: Website generation started at 12:29:46 am
2023-08-11T16:30:01.652Z - info: Building assets...
2023-08-11T16:30:09.657Z - info: Assets built
2023-08-11T16:30:09.658Z - info: Generating pages...
2023-08-11T16:30:35.464Z - debug:  
2023-08-11T16:30:35.465Z - debug:  
2023-08-11T16:30:35.466Z - debug:  
2023-08-11T16:30:35.466Z - debug:  
2023-08-11T16:30:35.467Z - debug:  
2023-08-11T16:30:35.467Z - debug:  
2023-08-11T16:30:35.468Z - debug:  
2023-08-11T16:30:35.469Z - debug:  
2023-08-11T16:30:35.469Z - debug:  
2023-08-11T16:30:35.471Z - debug:  
2023-08-11T16:30:35.471Z - debug:  
2023-08-11T16:30:35.471Z - debug:  
2023-08-11T16:30:35.472Z - debug:  
2023-08-11T16:30:35.472Z - debug:  
2023-08-11T16:30:41.092Z - debug:  
2023-08-11T16:31:22.554Z - debug:  
2023-08-11T16:32:28.896Z - info: Pages built
2023-08-11T16:32:30.153Z - info: Site data built
2023-08-11T16:32:30.153Z - info: Website generation complete! Total build time: 163.443s
2023-08-11T16:32:30.153Z - info: Build success!
2023-08-11T16:34:34.110Z - info: The website has been deployed at: https://nus-tic2002-ay2324s1.github.io/website
2023-08-11T17:10:59.642Z - info: Website generation started at 1:10:52 am
2023-08-11T17:11:14.296Z - info: Building assets...
2023-08-11T17:11:23.513Z - info: Assets built
2023-08-11T17:11:23.514Z - info: Generating pages...
2023-08-11T17:11:44.720Z - debug:  
2023-08-11T17:11:44.723Z - debug:  
2023-08-11T17:11:44.935Z - debug:  
2023-08-11T17:11:44.939Z - debug:  
2023-08-11T17:11:44.940Z - debug:  
2023-08-11T17:11:44.942Z - debug:  
2023-08-11T17:11:44.942Z - debug:  
2023-08-11T17:11:49.127Z - debug:  
2023-08-11T17:11:49.128Z - debug:  
2023-08-11T17:11:49.128Z - debug:  
2023-08-11T17:11:49.128Z - debug:  
2023-08-11T17:11:49.128Z - debug:  
2023-08-11T17:11:49.129Z - debug:  
2023-08-11T17:11:49.129Z - debug:  
2023-08-11T17:11:49.129Z - debug:  
2023-08-11T17:11:49.129Z - debug:  
2023-08-11T17:14:17.556Z - debug:  
2023-08-11T17:14:35.059Z - debug:  
2023-08-11T17:14:35.060Z - debug:  
2023-08-11T17:14:41.960Z - info: Pages built
2023-08-11T17:14:43.149Z - info: Site data built
2023-08-11T17:14:43.149Z - info: Website generation complete! Total build time: 230.405s
2023-08-11T17:14:43.149Z - info: Build success!
2023-08-11T17:17:42.365Z - info: The website has been deployed at: https://nus-cs2103-ay2324s1.github.io/website
2023-08-11T17:49:16.690Z - info: Website generation started at 1:49:08 am
2023-08-11T17:49:30.683Z - info: Building assets...
2023-08-11T17:49:39.598Z - info: Assets built
2023-08-11T17:49:39.599Z - info: Generating pages...
2023-08-11T17:50:02.450Z - debug:  
2023-08-11T17:50:02.453Z - debug:  
2023-08-11T17:50:02.456Z - debug:  
2023-08-11T17:50:02.458Z - debug:  
2023-08-11T17:50:02.491Z - debug:  
2023-08-11T17:50:02.492Z - debug:  
2023-08-11T17:50:07.210Z - debug:  
2023-08-11T17:50:07.211Z - debug:  
2023-08-11T17:50:07.211Z - debug:  
2023-08-11T17:50:07.212Z - debug:  
2023-08-11T17:50:07.212Z - debug:  
2023-08-11T17:50:07.212Z - debug:  
2023-08-11T17:50:07.226Z - debug:  
2023-08-11T17:50:07.227Z - debug:  
2023-08-11T17:50:07.227Z - debug:  
2023-08-11T17:50:07.227Z - debug:  
2023-08-11T17:52:19.862Z - debug:  
2023-08-11T17:52:36.630Z - debug:  
2023-08-11T17:52:36.636Z - debug:  
2023-08-11T17:52:43.655Z - info: Pages built
2023-08-11T17:52:44.837Z - info: Site data built
2023-08-11T17:52:44.837Z - info: Website generation complete! Total build time: 215.893s
2023-08-11T17:52:44.837Z - info: Build success!
2023-08-11T17:55:07.601Z - info: The website has been deployed at: https://nus-cs2103-ay2324s1.github.io/website
