2023-08-13T08:31:20.971Z - info: Website generation (lazy) started at 4:31:15 pm
2023-08-13T08:31:32.134Z - info: Building assets...
2023-08-13T08:31:38.744Z - info: Assets built
2023-08-13T08:31:38.745Z - info: Generating landing page...
2023-08-13T08:31:39.467Z - info: Landing page built, other pages will be built as you navigate to them!
2023-08-13T08:31:40.392Z - info: Site data built
2023-08-13T08:31:40.393Z - info: Website generation (lazy) complete! Total build time: 24.569s
2023-08-13T08:31:41.241Z - info: Serving "C:\repos\nus-cs2103\cs2103-website-base\_site" at http://127.0.0.1:8080
2023-08-13T08:31:41.242Z - info: Press CTRL+C to stop ...
2023-08-13T08:32:30.985Z - info: Building C:\repos\nus-cs2103\cs2103-website-base\admin\instructors as some of its dependencies were changed since the last visit
2023-08-13T08:32:31.284Z - info: Site data built
2023-08-13T08:32:31.285Z - info: Lazy website regeneration complete! Total build time: 0.307s
2023-08-13T08:33:22.592Z - info: [4:33:22 pm] Reload for file change: C:\repos\nus-cs2103\cs2103-website-base\admin\instructors.md
2023-08-13T08:33:22.592Z - info: Synchronizing opened pages list before reload
2023-08-13T08:33:22.592Z - info: Current opened pages, from most-to-least recent:
2023-08-13T08:33:22.592Z - info: 1. admin/instructors
2023-08-13T08:33:23.611Z - info: Rebuilding 1 pages
2023-08-13T08:33:23.847Z - info: Site data built
2023-08-13T08:33:23.848Z - info: Pages rebuilt
2023-08-13T08:33:23.848Z - info: Website regeneration complete! Total build time: 0.239s
2023-08-13T08:40:04.362Z - info: [4:40:04 pm] Reload for file change: C:\repos\nus-cs2103\cs2103-website-base\admin\instructors.md
2023-08-13T08:40:04.363Z - info: Synchronizing opened pages list before reload
2023-08-13T08:40:04.363Z - info: Current opened pages, from most-to-least recent:
2023-08-13T08:40:04.363Z - info: 1. admin/instructors
2023-08-13T08:40:05.376Z - info: Rebuilding 1 pages
2023-08-13T08:40:05.574Z - info: Site data built
2023-08-13T08:40:05.574Z - info: Pages rebuilt
2023-08-13T08:40:05.574Z - info: Website regeneration complete! Total build time: 0.199s
2023-08-13T08:44:25.606Z - info: [4:44:25 pm] Reload for file change: C:\repos\nus-cs2103\cs2103-website-base\admin\instructors.md
2023-08-13T08:44:25.606Z - info: Synchronizing opened pages list before reload
2023-08-13T08:44:25.607Z - info: Current opened pages, from most-to-least recent:
2023-08-13T08:44:25.607Z - info: 1. admin/instructors
2023-08-13T08:44:26.609Z - info: Rebuilding 1 pages
2023-08-13T08:44:26.769Z - info: Site data built
2023-08-13T08:44:26.770Z - info: Pages rebuilt
2023-08-13T08:44:26.770Z - info: Website regeneration complete! Total build time: 0.162s
2023-08-13T08:46:03.339Z - info: [4:46:03 pm] Reload for file change: C:\repos\nus-cs2103\cs2103-website-base\admin\instructors.md
2023-08-13T08:46:03.339Z - info: Synchronizing opened pages list before reload
2023-08-13T08:46:03.339Z - info: Current opened pages, from most-to-least recent:
2023-08-13T08:46:03.340Z - info: 1. admin/instructors
2023-08-13T08:46:04.355Z - info: Rebuilding 1 pages
2023-08-13T08:46:04.543Z - info: Site data built
2023-08-13T08:46:04.543Z - info: Pages rebuilt
2023-08-13T08:46:04.543Z - info: Website regeneration complete! Total build time: 0.19s
2023-08-13T08:47:28.055Z - info: [4:47:28 pm] Reload for file change: C:\repos\nus-cs2103\cs2103-website-base\admin\instructors.md
2023-08-13T08:47:28.055Z - info: Synchronizing opened pages list before reload
2023-08-13T08:47:28.055Z - info: Current opened pages, from most-to-least recent:
2023-08-13T08:47:28.055Z - info: 1. admin/instructors
2023-08-13T08:47:29.067Z - info: Rebuilding 1 pages
2023-08-13T08:47:29.264Z - info: Site data built
2023-08-13T08:47:29.264Z - info: Pages rebuilt
2023-08-13T08:47:29.264Z - info: Website regeneration complete! Total build time: 0.199s
2023-08-13T08:48:03.270Z - info: [4:48:03 pm] Reload for file change: C:\repos\nus-cs2103\cs2103-website-base\admin\instructors.md
2023-08-13T08:48:03.270Z - info: Synchronizing opened pages list before reload
2023-08-13T08:48:03.271Z - info: Current opened pages, from most-to-least recent:
2023-08-13T08:48:03.271Z - info: 1. admin/instructors
2023-08-13T08:48:04.284Z - info: Rebuilding 1 pages
2023-08-13T08:48:04.489Z - info: Site data built
2023-08-13T08:48:04.489Z - info: Pages rebuilt
2023-08-13T08:48:04.489Z - info: Website regeneration complete! Total build time: 0.205s
2023-08-13T08:49:10.998Z - info: [4:49:10 pm] Reload for file change: C:\repos\nus-cs2103\cs2103-website-base\admin\instructors.md
2023-08-13T08:49:10.998Z - info: Synchronizing opened pages list before reload
2023-08-13T08:49:10.998Z - info: Current opened pages, from most-to-least recent:
2023-08-13T08:49:10.998Z - info: 1. admin/instructors
2023-08-13T08:49:12.016Z - info: Rebuilding 1 pages
2023-08-13T08:49:12.228Z - info: Site data built
2023-08-13T08:49:12.229Z - info: Pages rebuilt
2023-08-13T08:49:12.229Z - info: Website regeneration complete! Total build time: 0.214s
2023-08-13T08:50:58.048Z - info: [4:50:58 pm] Reload for file change: C:\repos\nus-cs2103\cs2103-website-base\admin\instructors.md
2023-08-13T08:50:58.048Z - info: Synchronizing opened pages list before reload
2023-08-13T08:50:58.048Z - info: Current opened pages, from most-to-least recent:
2023-08-13T08:50:58.048Z - info: 1. admin/instructors
2023-08-13T08:50:59.061Z - info: Rebuilding 1 pages
2023-08-13T08:50:59.228Z - info: Site data built
2023-08-13T08:50:59.229Z - info: Pages rebuilt
2023-08-13T08:50:59.229Z - info: Website regeneration complete! Total build time: 0.169s
2023-08-13T08:51:21.413Z - info: [4:51:21 pm] Reload for file change: C:\repos\nus-cs2103\cs2103-website-base\admin\instructors.md
2023-08-13T08:51:21.413Z - info: Synchronizing opened pages list before reload
2023-08-13T08:51:21.414Z - info: Current opened pages, from most-to-least recent:
2023-08-13T08:51:21.414Z - info: 1. admin/instructors
2023-08-13T08:51:22.431Z - info: Rebuilding 1 pages
2023-08-13T08:51:22.597Z - info: Site data built
2023-08-13T08:51:22.598Z - info: Pages rebuilt
2023-08-13T08:51:22.598Z - info: Website regeneration complete! Total build time: 0.169s
2023-08-13T08:51:50.958Z - info: [4:51:50 pm] Reload for file change: C:\repos\nus-cs2103\cs2103-website-base\admin\instructors.md
2023-08-13T08:51:50.958Z - info: Synchronizing opened pages list before reload
2023-08-13T08:51:50.958Z - info: Current opened pages, from most-to-least recent:
2023-08-13T08:51:50.958Z - info: 1. admin/instructors
2023-08-13T08:51:51.972Z - info: Rebuilding 1 pages
2023-08-13T08:51:52.129Z - info: Site data built
2023-08-13T08:51:52.129Z - info: Pages rebuilt
2023-08-13T08:51:52.129Z - info: Website regeneration complete! Total build time: 0.159s
2023-08-13T08:54:00.788Z - info: [4:54:00 pm] Reload for file add: C:\repos\nus-cs2103\cs2103-website-base\admin\tutors-info.md
2023-08-13T08:54:00.788Z - info: Synchronizing opened pages list before reload
2023-08-13T08:54:00.789Z - info: Current opened pages, from most-to-least recent:
2023-08-13T08:54:00.789Z - info: 1. admin/instructors
2023-08-13T08:54:06.493Z - info: Pages or site config modified, updating pages...
2023-08-13T08:54:13.612Z - info: Building C:\repos\nus-cs2103\cs2103-website-base\admin\instructors as some of its dependencies were changed since the last visit
2023-08-13T08:54:14.589Z - info: Site data built
2023-08-13T08:54:14.589Z - info: Lazy website regeneration complete! Total build time: 0.977s
2023-08-13T08:54:48.586Z - info: [4:54:48 pm] Reload for file change: C:\repos\nus-cs2103\cs2103-website-base\admin\tutors-info.md
2023-08-13T08:54:48.586Z - info: Synchronizing opened pages list before reload
2023-08-13T08:54:48.586Z - info: Current opened pages, from most-to-least recent:
2023-08-13T08:54:48.586Z - info: 1. admin/instructors
2023-08-13T08:54:48.611Z - info: [4:54:48 pm] Reload for file change: C:\repos\nus-cs2103\cs2103-website-base\admin\instructors.md
2023-08-13T08:54:48.611Z - info: Synchronizing opened pages list before reload
2023-08-13T08:54:48.611Z - info: Current opened pages, from most-to-least recent:
2023-08-13T08:54:48.611Z - info: 1. admin/instructors
2023-08-13T08:54:49.596Z - info: Rebuilding 1 pages
2023-08-13T08:54:49.781Z - info: Site data built
2023-08-13T08:54:49.781Z - info: Pages rebuilt
2023-08-13T08:54:49.781Z - info: Website regeneration complete! Total build time: 0.187s
2023-08-13T09:04:43.821Z - info: [5:04:43 pm] Reload for file add: C:\repos\nus-cs2103\cs2103-website-base\tutors-info.md
2023-08-13T09:04:43.821Z - info: Synchronizing opened pages list before reload
2023-08-13T09:04:43.821Z - info: Current opened pages, from most-to-least recent:
2023-08-13T09:04:43.821Z - info: 1. admin/instructors
2023-08-13T09:04:48.928Z - info: Assets built
2023-08-13T09:05:07.993Z - info: [5:05:07 pm] Reload for file deletion: C:\repos\nus-cs2103\cs2103-website-base\tutors-info.md
2023-08-13T09:05:07.993Z - info: Synchronizing opened pages list before reload
2023-08-13T09:05:07.993Z - info: Current opened pages, from most-to-least recent:
2023-08-13T09:05:07.993Z - info: 1. admin/instructors
2023-08-13T09:05:13.639Z - debug: Assets removed
2023-08-13T09:05:26.510Z - info: [5:05:26 pm] Reload for file change: C:\repos\nus-cs2103\cs2103-website-base\admin\tutors-info.md
2023-08-13T09:05:26.510Z - info: Synchronizing opened pages list before reload
2023-08-13T09:05:26.512Z - info: Current opened pages, from most-to-least recent:
2023-08-13T09:05:26.512Z - info: 1. admin/instructors
2023-08-13T09:05:27.525Z - info: Rebuilding 1 pages
2023-08-13T09:05:27.942Z - info: Site data built
2023-08-13T09:05:27.943Z - info: Pages rebuilt
2023-08-13T09:05:27.943Z - info: Website regeneration complete! Total build time: 0.419s
2023-08-13T09:09:01.468Z - info: [5:09:01 pm] Reload for file change: C:\repos\nus-cs2103\cs2103-website-base\admin\tutors-info.md
2023-08-13T09:09:01.468Z - info: Synchronizing opened pages list before reload
2023-08-13T09:09:01.469Z - info: Current opened pages, from most-to-least recent:
2023-08-13T09:09:01.469Z - info: 1. admin/instructors
2023-08-13T09:09:02.482Z - info: Rebuilding 1 pages
2023-08-13T09:09:02.748Z - info: Site data built
2023-08-13T09:09:02.748Z - info: Pages rebuilt
2023-08-13T09:09:02.748Z - info: Website regeneration complete! Total build time: 0.267s
2023-08-13T09:10:10.519Z - info: [5:10:10 pm] Reload for file change: C:\repos\nus-cs2103\cs2103-website-base\admin\tutors-info.md
2023-08-13T09:10:10.519Z - info: Synchronizing opened pages list before reload
2023-08-13T09:10:10.520Z - info: Current opened pages, from most-to-least recent:
2023-08-13T09:10:10.520Z - info: 1. admin/instructors
2023-08-13T09:10:11.525Z - info: Rebuilding 1 pages
2023-08-13T09:10:11.879Z - info: Site data built
2023-08-13T09:10:11.879Z - info: Pages rebuilt
2023-08-13T09:10:11.879Z - info: Website regeneration complete! Total build time: 0.354s
2023-08-13T09:13:09.869Z - info: [5:13:09 pm] Reload for file change: C:\repos\nus-cs2103\cs2103-website-base\admin\tutors-info.md
2023-08-13T09:13:09.869Z - info: Synchronizing opened pages list before reload
2023-08-13T09:13:09.869Z - info: Current opened pages, from most-to-least recent:
2023-08-13T09:13:09.869Z - info: 1. admin/instructors
2023-08-13T09:13:10.878Z - info: Rebuilding 1 pages
2023-08-13T09:13:11.263Z - info: Site data built
2023-08-13T09:13:11.264Z - info: Pages rebuilt
2023-08-13T09:13:11.264Z - info: Website regeneration complete! Total build time: 0.387s
2023-08-13T09:15:51.150Z - info: [5:15:51 pm] Reload for file change: C:\repos\nus-cs2103\cs2103-website-base\admin\tutors-info.md
2023-08-13T09:15:51.150Z - info: Synchronizing opened pages list before reload
2023-08-13T09:15:51.150Z - info: Current opened pages, from most-to-least recent:
2023-08-13T09:15:51.150Z - info: 1. admin/instructors
2023-08-13T09:15:52.167Z - info: Rebuilding 1 pages
2023-08-13T09:15:52.466Z - info: Site data built
2023-08-13T09:15:52.466Z - info: Pages rebuilt
2023-08-13T09:15:52.466Z - info: Website regeneration complete! Total build time: 0.301s
2023-08-13T09:17:24.806Z - info: [5:17:24 pm] Reload for file change: C:\repos\nus-cs2103\cs2103-website-base\admin\tutors-info.md
2023-08-13T09:17:24.806Z - info: Synchronizing opened pages list before reload
2023-08-13T09:17:24.806Z - info: Current opened pages, from most-to-least recent:
2023-08-13T09:17:24.807Z - info: 1. admin/instructors
2023-08-13T09:17:25.813Z - info: Rebuilding 1 pages
2023-08-13T09:17:26.057Z - info: Site data built
2023-08-13T09:17:26.057Z - info: Pages rebuilt
2023-08-13T09:17:26.058Z - info: Website regeneration complete! Total build time: 0.246s
2023-08-13T09:19:01.345Z - info: [5:19:01 pm] Reload for file change: C:\repos\nus-cs2103\cs2103-website-base\admin\tutors-info.md
2023-08-13T09:19:01.345Z - info: Synchronizing opened pages list before reload
2023-08-13T09:19:01.345Z - info: Current opened pages, from most-to-least recent:
2023-08-13T09:19:01.345Z - info: 1. admin/instructors
2023-08-13T09:19:02.354Z - info: Rebuilding 1 pages
2023-08-13T09:19:02.599Z - info: Site data built
2023-08-13T09:19:02.599Z - info: Pages rebuilt
2023-08-13T09:19:02.599Z - info: Website regeneration complete! Total build time: 0.247s
2023-08-13T09:19:31.198Z - info: [5:19:31 pm] Reload for file change: C:\repos\nus-cs2103\cs2103-website-base\admin\tutors-info.md
2023-08-13T09:19:31.198Z - info: Synchronizing opened pages list before reload
2023-08-13T09:19:31.198Z - info: Current opened pages, from most-to-least recent:
2023-08-13T09:19:31.198Z - info: 1. admin/instructors
2023-08-13T09:19:32.206Z - info: Rebuilding 1 pages
2023-08-13T09:19:32.440Z - info: Site data built
2023-08-13T09:19:32.440Z - info: Pages rebuilt
2023-08-13T09:19:32.440Z - info: Website regeneration complete! Total build time: 0.235s
2023-08-13T09:19:59.853Z - info: [5:19:59 pm] Reload for file change: C:\repos\nus-cs2103\cs2103-website-base\admin\tutors-info.md
2023-08-13T09:19:59.853Z - info: Synchronizing opened pages list before reload
2023-08-13T09:19:59.853Z - info: Current opened pages, from most-to-least recent:
2023-08-13T09:19:59.854Z - info: 1. admin/instructors
2023-08-13T09:20:00.864Z - info: Rebuilding 1 pages
2023-08-13T09:20:01.100Z - info: Site data built
2023-08-13T09:20:01.100Z - info: Pages rebuilt
2023-08-13T09:20:01.100Z - info: Website regeneration complete! Total build time: 0.239s
2023-08-13T09:20:29.276Z - info: [5:20:29 pm] Reload for file change: C:\repos\nus-cs2103\cs2103-website-base\admin\tutors-info.md
2023-08-13T09:20:29.277Z - info: Synchronizing opened pages list before reload
2023-08-13T09:20:29.277Z - info: Current opened pages, from most-to-least recent:
2023-08-13T09:20:29.277Z - info: 1. admin/instructors
2023-08-13T09:20:30.284Z - info: Rebuilding 1 pages
2023-08-13T09:20:30.516Z - info: Site data built
2023-08-13T09:20:30.516Z - info: Pages rebuilt
2023-08-13T09:20:30.516Z - info: Website regeneration complete! Total build time: 0.233s
2023-08-13T09:20:58.439Z - info: [5:20:58 pm] Reload for file change: C:\repos\nus-cs2103\cs2103-website-base\admin\tutors-info.md
2023-08-13T09:20:58.439Z - info: Synchronizing opened pages list before reload
2023-08-13T09:20:58.439Z - info: Current opened pages, from most-to-least recent:
2023-08-13T09:20:58.439Z - info: 1. admin/instructors
2023-08-13T09:20:59.447Z - info: Rebuilding 1 pages
2023-08-13T09:20:59.708Z - info: Site data built
2023-08-13T09:20:59.708Z - info: Pages rebuilt
2023-08-13T09:20:59.708Z - info: Website regeneration complete! Total build time: 0.262s
2023-08-13T09:21:30.021Z - info: [5:21:30 pm] Reload for file change: C:\repos\nus-cs2103\cs2103-website-base\admin\tutors-info.md
2023-08-13T09:21:30.021Z - info: Synchronizing opened pages list before reload
2023-08-13T09:21:30.021Z - info: Current opened pages, from most-to-least recent:
2023-08-13T09:21:30.021Z - info: 1. admin/instructors
2023-08-13T09:21:31.025Z - info: Rebuilding 1 pages
2023-08-13T09:21:31.189Z - info: Site data built
2023-08-13T09:21:31.190Z - info: Pages rebuilt
2023-08-13T09:21:31.190Z - info: Website regeneration complete! Total build time: 0.166s
2023-08-13T09:22:20.837Z - info: [5:22:20 pm] Reload for file change: C:\repos\nus-cs2103\cs2103-website-base\admin\tutors-info.md
2023-08-13T09:22:20.837Z - info: Synchronizing opened pages list before reload
2023-08-13T09:22:20.837Z - info: Current opened pages, from most-to-least recent:
2023-08-13T09:22:20.837Z - info: 1. admin/instructors
2023-08-13T09:22:21.846Z - info: Rebuilding 1 pages
2023-08-13T09:22:22.089Z - info: Site data built
2023-08-13T09:22:22.089Z - info: Pages rebuilt
2023-08-13T09:22:22.089Z - info: Website regeneration complete! Total build time: 0.244s
2023-08-13T09:22:32.527Z - info: [5:22:32 pm] Reload for file change: C:\repos\nus-cs2103\cs2103-website-base\admin\tutors-info.md
2023-08-13T09:22:32.527Z - info: Synchronizing opened pages list before reload
2023-08-13T09:22:32.527Z - info: Current opened pages, from most-to-least recent:
2023-08-13T09:22:32.528Z - info: 1. admin/instructors
2023-08-13T09:22:33.543Z - info: Rebuilding 1 pages
2023-08-13T09:22:33.701Z - info: Site data built
2023-08-13T09:22:33.701Z - info: Pages rebuilt
2023-08-13T09:22:33.701Z - info: Website regeneration complete! Total build time: 0.16s
2023-08-13T09:22:55.648Z - info: [5:22:55 pm] Reload for file change: C:\repos\nus-cs2103\cs2103-website-base\admin\tutors-info.md
2023-08-13T09:22:55.648Z - info: Synchronizing opened pages list before reload
2023-08-13T09:22:55.649Z - info: Current opened pages, from most-to-least recent:
2023-08-13T09:22:55.649Z - info: 1. admin/instructors
2023-08-13T09:22:56.658Z - info: Rebuilding 1 pages
2023-08-13T09:22:56.905Z - info: Site data built
2023-08-13T09:22:56.905Z - info: Pages rebuilt
2023-08-13T09:22:56.905Z - info: Website regeneration complete! Total build time: 0.249s
2023-08-13T09:23:13.395Z - info: [5:23:13 pm] Reload for file change: C:\repos\nus-cs2103\cs2103-website-base\admin\tutors-info.md
2023-08-13T09:23:13.395Z - info: Synchronizing opened pages list before reload
2023-08-13T09:23:13.395Z - info: Current opened pages, from most-to-least recent:
2023-08-13T09:23:13.395Z - info: 1. admin/instructors
2023-08-13T09:23:14.403Z - info: Rebuilding 1 pages
2023-08-13T09:23:14.772Z - info: Site data built
2023-08-13T09:23:14.772Z - info: Pages rebuilt
2023-08-13T09:23:14.772Z - info: Website regeneration complete! Total build time: 0.37s
2023-08-13T09:25:06.268Z - info: [5:25:06 pm] Reload for file change: C:\repos\nus-cs2103\cs2103-website-base\admin\tutors-info.md
2023-08-13T09:25:06.268Z - info: Synchronizing opened pages list before reload
2023-08-13T09:25:06.268Z - info: Current opened pages, from most-to-least recent:
2023-08-13T09:25:06.268Z - info: 1. admin/instructors
2023-08-13T09:25:07.270Z - info: Rebuilding 1 pages
2023-08-13T09:25:07.463Z - info: Site data built
2023-08-13T09:25:07.463Z - info: Pages rebuilt
2023-08-13T09:25:07.463Z - info: Website regeneration complete! Total build time: 0.193s
2023-08-13T09:45:29.044Z - info: [5:45:29 pm] Reload for file change: C:\repos\nus-cs2103\cs2103-website-base\admin\tutors-info.md
2023-08-13T09:45:29.044Z - info: Synchronizing opened pages list before reload
2023-08-13T09:45:29.044Z - info: Current opened pages, from most-to-least recent:
2023-08-13T09:45:29.044Z - info: 1. admin/instructors
2023-08-13T09:45:30.051Z - info: Rebuilding 1 pages
2023-08-13T09:45:30.295Z - info: Site data built
2023-08-13T09:45:30.295Z - info: Pages rebuilt
2023-08-13T09:45:30.295Z - info: Website regeneration complete! Total build time: 0.244s
2023-08-13T09:48:47.840Z - info: [5:48:47 pm] Reload for file change: C:\repos\nus-cs2103\cs2103-website-base\admin\instructors.md
2023-08-13T09:48:47.840Z - info: Synchronizing opened pages list before reload
2023-08-13T09:48:47.840Z - info: Current opened pages, from most-to-least recent:
2023-08-13T09:48:47.841Z - info: 1. admin/instructors
2023-08-13T09:48:48.858Z - info: Rebuilding 1 pages
2023-08-13T09:48:49.084Z - info: Site data built
2023-08-13T09:48:49.085Z - info: Pages rebuilt
2023-08-13T09:48:49.085Z - info: Website regeneration complete! Total build time: 0.228s
2023-08-13T09:48:55.057Z - info: [5:48:55 pm] Reload for file change: C:\repos\nus-cs2103\cs2103-website-base\admin\instructors.md
2023-08-13T09:48:55.057Z - info: Synchronizing opened pages list before reload
2023-08-13T09:48:55.057Z - info: Current opened pages, from most-to-least recent:
2023-08-13T09:48:55.058Z - info: 1. admin/instructors
2023-08-13T09:48:56.070Z - info: Rebuilding 1 pages
2023-08-13T09:48:56.278Z - info: Site data built
2023-08-13T09:48:56.278Z - info: Pages rebuilt
2023-08-13T09:48:56.278Z - info: Website regeneration complete! Total build time: 0.209s
2023-08-13T09:49:01.479Z - info: [5:49:01 pm] Reload for file change: C:\repos\nus-cs2103\cs2103-website-base\admin\instructors.md
2023-08-13T09:49:01.479Z - info: Synchronizing opened pages list before reload
2023-08-13T09:49:01.479Z - info: Current opened pages, from most-to-least recent:
2023-08-13T09:49:01.479Z - info: 1. admin/instructors
2023-08-13T09:49:02.485Z - info: Rebuilding 1 pages
2023-08-13T09:49:02.694Z - info: Site data built
2023-08-13T09:49:02.694Z - info: Pages rebuilt
2023-08-13T09:49:02.695Z - info: Website regeneration complete! Total build time: 0.209s
2023-08-13T09:50:01.368Z - info: [5:50:01 pm] Reload for file change: C:\repos\nus-cs2103\cs2103-website-base\admin\instructors.md
2023-08-13T09:50:01.369Z - info: Synchronizing opened pages list before reload
2023-08-13T09:50:01.369Z - info: Current opened pages, from most-to-least recent:
2023-08-13T09:50:01.369Z - info: 1. admin/instructors
2023-08-13T09:50:02.373Z - info: Rebuilding 1 pages
2023-08-13T09:50:02.594Z - info: Site data built
2023-08-13T09:50:02.594Z - info: Pages rebuilt
2023-08-13T09:50:02.595Z - info: Website regeneration complete! Total build time: 0.221s
2023-08-13T09:50:30.356Z - info: [5:50:30 pm] Reload for file change: C:\repos\nus-cs2103\cs2103-website-base\admin\instructors.md
2023-08-13T09:50:30.357Z - info: Synchronizing opened pages list before reload
2023-08-13T09:50:30.357Z - info: Current opened pages, from most-to-least recent:
2023-08-13T09:50:30.357Z - info: 1. admin/instructors
2023-08-13T09:50:31.372Z - info: Rebuilding 1 pages
2023-08-13T09:50:31.746Z - info: Site data built
2023-08-13T09:50:31.746Z - info: Pages rebuilt
2023-08-13T09:50:31.746Z - info: Website regeneration complete! Total build time: 0.374s
2023-08-13T09:50:59.111Z - info: [5:50:59 pm] Reload for file change: C:\repos\nus-cs2103\cs2103-website-base\admin\instructors.md
2023-08-13T09:50:59.111Z - info: Synchronizing opened pages list before reload
2023-08-13T09:50:59.111Z - info: Current opened pages, from most-to-least recent:
2023-08-13T09:50:59.111Z - info: 1. admin/instructors
2023-08-13T09:51:00.125Z - info: Rebuilding 1 pages
2023-08-13T09:51:00.413Z - info: Site data built
2023-08-13T09:51:00.413Z - info: Pages rebuilt
2023-08-13T09:51:00.413Z - info: Website regeneration complete! Total build time: 0.289s
2023-08-13T09:51:07.375Z - info: [5:51:07 pm] Reload for file change: C:\repos\nus-cs2103\cs2103-website-base\admin\tutors-info.md
2023-08-13T09:51:07.375Z - info: Synchronizing opened pages list before reload
2023-08-13T09:51:07.375Z - info: Current opened pages, from most-to-least recent:
2023-08-13T09:51:07.375Z - info: 1. admin/instructors
2023-08-13T09:51:08.381Z - info: Rebuilding 1 pages
2023-08-13T09:51:08.639Z - info: Site data built
2023-08-13T09:51:08.640Z - info: Pages rebuilt
2023-08-13T09:51:08.640Z - info: Website regeneration complete! Total build time: 0.259s
2023-08-13T09:51:31.247Z - info: [5:51:31 pm] Reload for file change: C:\repos\nus-cs2103\cs2103-website-base\admin\instructors.md
2023-08-13T09:51:31.248Z - info: Synchronizing opened pages list before reload
2023-08-13T09:51:31.248Z - info: Current opened pages, from most-to-least recent:
2023-08-13T09:51:31.248Z - info: 1. admin/instructors
2023-08-13T09:51:32.259Z - info: Rebuilding 1 pages
2023-08-13T09:51:32.484Z - info: Site data built
2023-08-13T09:51:32.485Z - info: Pages rebuilt
2023-08-13T09:51:32.485Z - info: Website regeneration complete! Total build time: 0.227s
2023-08-13T09:51:50.467Z - info: [5:51:50 pm] Reload for file change: C:\repos\nus-cs2103\cs2103-website-base\admin\instructors.md
2023-08-13T09:51:50.467Z - info: Synchronizing opened pages list before reload
2023-08-13T09:51:50.467Z - info: Current opened pages, from most-to-least recent:
2023-08-13T09:51:50.467Z - info: 1. admin/instructors
2023-08-13T09:51:51.478Z - info: Rebuilding 1 pages
2023-08-13T09:51:51.707Z - info: Site data built
2023-08-13T09:51:51.707Z - info: Pages rebuilt
2023-08-13T09:51:51.707Z - info: Website regeneration complete! Total build time: 0.23s
2023-08-13T09:52:27.480Z - info: [5:52:27 pm] Reload for file change: C:\repos\nus-cs2103\cs2103-website-base\admin\instructors.md
2023-08-13T09:52:27.480Z - info: Synchronizing opened pages list before reload
2023-08-13T09:52:27.480Z - info: Current opened pages, from most-to-least recent:
2023-08-13T09:52:27.480Z - info: 1. admin/instructors
2023-08-13T09:52:28.487Z - info: Rebuilding 1 pages
2023-08-13T09:52:28.724Z - info: Site data built
2023-08-13T09:52:28.725Z - info: Pages rebuilt
2023-08-13T09:52:28.725Z - info: Website regeneration complete! Total build time: 0.24s
2023-08-13T09:52:39.877Z - info: [5:52:39 pm] Reload for file change: C:\repos\nus-cs2103\cs2103-website-base\admin\instructors.md
2023-08-13T09:52:39.878Z - info: Synchronizing opened pages list before reload
2023-08-13T09:52:39.878Z - info: Current opened pages, from most-to-least recent:
2023-08-13T09:52:39.878Z - info: 1. admin/instructors
2023-08-13T09:52:40.892Z - info: Rebuilding 1 pages
2023-08-13T09:52:41.120Z - info: Site data built
2023-08-13T09:52:41.120Z - info: Pages rebuilt
2023-08-13T09:52:41.120Z - info: Website regeneration complete! Total build time: 0.23s
2023-08-13T09:53:12.313Z - info: [5:53:12 pm] Reload for file change: C:\repos\nus-cs2103\cs2103-website-base\admin\instructors.md
2023-08-13T09:53:12.313Z - info: Synchronizing opened pages list before reload
2023-08-13T09:53:12.313Z - info: Current opened pages, from most-to-least recent:
2023-08-13T09:53:12.313Z - info: 1. admin/instructors
2023-08-13T09:53:13.327Z - info: Rebuilding 1 pages
2023-08-13T09:53:13.528Z - info: Site data built
2023-08-13T09:53:13.528Z - info: Pages rebuilt
2023-08-13T09:53:13.528Z - info: Website regeneration complete! Total build time: 0.201s
2023-08-13T09:54:02.968Z - info: [5:54:02 pm] Reload for file change: C:\repos\nus-cs2103\cs2103-website-base\admin\tutors-info.md
2023-08-13T09:54:02.968Z - info: Synchronizing opened pages list before reload
2023-08-13T09:54:02.968Z - info: Current opened pages, from most-to-least recent:
2023-08-13T09:54:02.968Z - info: 1. admin/instructors
2023-08-13T09:54:03.987Z - info: Rebuilding 1 pages
2023-08-13T09:54:04.199Z - info: Site data built
2023-08-13T09:54:04.199Z - info: Pages rebuilt
2023-08-13T09:54:04.199Z - info: Website regeneration complete! Total build time: 0.215s
2023-08-13T09:58:21.314Z - info: [5:58:21 pm] Reload for file change: C:\repos\nus-cs2103\cs2103-website-base\admin\instructors.md
2023-08-13T09:58:21.314Z - info: Synchronizing opened pages list before reload
2023-08-13T09:58:21.314Z - info: Current opened pages, from most-to-least recent:
2023-08-13T09:58:21.314Z - info: 1. admin/instructors
2023-08-13T09:58:22.324Z - info: Rebuilding 1 pages
2023-08-13T09:58:22.575Z - info: Site data built
2023-08-13T09:58:22.575Z - info: Pages rebuilt
2023-08-13T09:58:22.576Z - info: Website regeneration complete! Total build time: 0.254s
2023-08-13T09:59:06.226Z - info: [5:59:06 pm] Reload for file change: C:\repos\nus-cs2103\cs2103-website-base\admin\instructors.md
2023-08-13T09:59:06.226Z - info: Synchronizing opened pages list before reload
2023-08-13T09:59:06.227Z - info: Current opened pages, from most-to-least recent:
2023-08-13T09:59:06.227Z - info: 1. admin/instructors
2023-08-13T09:59:07.243Z - info: Rebuilding 1 pages
2023-08-13T09:59:07.509Z - info: Site data built
2023-08-13T09:59:07.510Z - info: Pages rebuilt
2023-08-13T09:59:07.510Z - info: Website regeneration complete! Total build time: 0.268s
2023-08-13T09:59:32.088Z - info: [5:59:32 pm] Reload for file change: C:\repos\nus-cs2103\cs2103-website-base\admin\instructors.md
2023-08-13T09:59:32.089Z - info: Synchronizing opened pages list before reload
2023-08-13T09:59:32.089Z - info: Current opened pages, from most-to-least recent:
2023-08-13T09:59:32.089Z - info: 1. admin/instructors
2023-08-13T09:59:33.110Z - info: Rebuilding 1 pages
2023-08-13T09:59:33.523Z - info: Site data built
2023-08-13T09:59:33.524Z - info: Pages rebuilt
2023-08-13T09:59:33.524Z - info: Website regeneration complete! Total build time: 0.418s
2023-08-13T09:59:55.148Z - info: [5:59:55 pm] Reload for file change: C:\repos\nus-cs2103\cs2103-website-base\admin\instructors.md
2023-08-13T09:59:55.149Z - info: Synchronizing opened pages list before reload
2023-08-13T09:59:55.149Z - info: Current opened pages, from most-to-least recent:
2023-08-13T09:59:55.149Z - info: 1. admin/instructors
2023-08-13T09:59:56.159Z - info: Rebuilding 1 pages
2023-08-13T09:59:56.449Z - info: Site data built
2023-08-13T09:59:56.449Z - info: Pages rebuilt
2023-08-13T09:59:56.449Z - info: Website regeneration complete! Total build time: 0.291s
2023-08-13T10:00:42.199Z - info: [6:00:42 pm] Reload for file change: C:\repos\nus-cs2103\cs2103-website-base\admin\instructors.md
2023-08-13T10:00:42.199Z - info: Synchronizing opened pages list before reload
2023-08-13T10:00:42.200Z - info: Current opened pages, from most-to-least recent:
2023-08-13T10:00:42.200Z - info: 1. admin/instructors
2023-08-13T10:00:43.207Z - info: Rebuilding 1 pages
2023-08-13T10:00:43.512Z - info: Site data built
2023-08-13T10:00:43.512Z - info: Pages rebuilt
2023-08-13T10:00:43.512Z - info: Website regeneration complete! Total build time: 0.306s
2023-08-13T10:08:24.386Z - info: [6:08:24 pm] Reload for file change: C:\repos\nus-cs2103\cs2103-website-base\admin\instructors.md
2023-08-13T10:08:24.386Z - info: Synchronizing opened pages list before reload
2023-08-13T10:08:24.387Z - info: Current opened pages, from most-to-least recent:
2023-08-13T10:08:24.387Z - info: 1. admin/instructors
2023-08-13T10:08:25.399Z - info: Rebuilding 1 pages
2023-08-13T10:08:25.805Z - info: Site data built
2023-08-13T10:08:25.806Z - info: Pages rebuilt
2023-08-13T10:08:25.806Z - info: Website regeneration complete! Total build time: 0.407s
2023-08-13T10:10:20.782Z - info: [6:10:20 pm] Reload for file change: C:\repos\nus-cs2103\cs2103-website-base\admin\instructors.md
2023-08-13T10:10:20.782Z - info: Synchronizing opened pages list before reload
2023-08-13T10:10:20.782Z - info: Current opened pages, from most-to-least recent:
2023-08-13T10:10:20.782Z - info: 1. admin/instructors
2023-08-13T10:10:21.790Z - info: Rebuilding 1 pages
2023-08-13T10:10:22.126Z - info: Site data built
2023-08-13T10:10:22.126Z - info: Pages rebuilt
2023-08-13T10:10:22.126Z - info: Website regeneration complete! Total build time: 0.337s
2023-08-13T10:10:43.955Z - info: [6:10:43 pm] Reload for file change: C:\repos\nus-cs2103\cs2103-website-base\admin\instructors.md
2023-08-13T10:10:43.955Z - info: Synchronizing opened pages list before reload
2023-08-13T10:10:43.955Z - info: Current opened pages, from most-to-least recent:
2023-08-13T10:10:43.956Z - info: 1. admin/instructors
2023-08-13T10:10:44.959Z - info: Rebuilding 1 pages
2023-08-13T10:10:45.281Z - info: Site data built
2023-08-13T10:10:45.281Z - info: Pages rebuilt
2023-08-13T10:10:45.281Z - info: Website regeneration complete! Total build time: 0.323s
2023-08-13T10:11:19.151Z - info: [6:11:19 pm] Reload for file change: C:\repos\nus-cs2103\cs2103-website-base\admin\instructors.md
2023-08-13T10:11:19.151Z - info: Synchronizing opened pages list before reload
2023-08-13T10:11:19.152Z - info: Current opened pages, from most-to-least recent:
2023-08-13T10:11:19.152Z - info: 1. admin/instructors
2023-08-13T10:11:20.163Z - info: Rebuilding 1 pages
2023-08-13T10:11:20.429Z - info: Site data built
2023-08-13T10:11:20.430Z - info: Pages rebuilt
2023-08-13T10:11:20.430Z - info: Website regeneration complete! Total build time: 0.268s
2023-08-13T10:12:11.917Z - info: [6:12:11 pm] Reload for file change: C:\repos\nus-cs2103\cs2103-website-base\admin\instructors.md
2023-08-13T10:12:11.917Z - info: Synchronizing opened pages list before reload
2023-08-13T10:12:11.917Z - info: Current opened pages, from most-to-least recent:
2023-08-13T10:12:11.917Z - info: 1. admin/instructors
2023-08-13T10:12:12.928Z - info: Rebuilding 1 pages
2023-08-13T10:12:13.219Z - info: Site data built
2023-08-13T10:12:13.219Z - info: Pages rebuilt
2023-08-13T10:12:13.219Z - info: Website regeneration complete! Total build time: 0.292s
2023-08-13T10:12:37.257Z - info: [6:12:37 pm] Reload for file change: C:\repos\nus-cs2103\cs2103-website-base\admin\instructors.md
2023-08-13T10:12:37.258Z - info: Synchronizing opened pages list before reload
2023-08-13T10:12:37.258Z - info: Current opened pages, from most-to-least recent:
2023-08-13T10:12:37.258Z - info: 1. admin/instructors
2023-08-13T10:12:38.265Z - info: Rebuilding 1 pages
2023-08-13T10:12:38.557Z - info: Site data built
2023-08-13T10:12:38.557Z - info: Pages rebuilt
2023-08-13T10:12:38.557Z - info: Website regeneration complete! Total build time: 0.295s
2023-08-13T10:13:20.589Z - info: [6:13:20 pm] Reload for file change: C:\repos\nus-cs2103\cs2103-website-base\admin\instructors.md
2023-08-13T10:13:20.590Z - info: Synchronizing opened pages list before reload
2023-08-13T10:13:20.590Z - info: Current opened pages, from most-to-least recent:
2023-08-13T10:13:20.590Z - info: 1. admin/instructors
2023-08-13T10:13:21.602Z - info: Rebuilding 1 pages
2023-08-13T10:13:21.899Z - info: Site data built
2023-08-13T10:13:21.899Z - info: Pages rebuilt
2023-08-13T10:13:21.899Z - info: Website regeneration complete! Total build time: 0.3s
2023-08-13T10:13:30.591Z - info: [6:13:30 pm] Reload for file change: C:\repos\nus-cs2103\cs2103-website-base\admin\instructors.md
2023-08-13T10:13:30.591Z - info: Synchronizing opened pages list before reload
2023-08-13T10:13:30.591Z - info: Current opened pages, from most-to-least recent:
2023-08-13T10:13:30.592Z - info: 1. admin/instructors
2023-08-13T10:13:31.609Z - info: Rebuilding 1 pages
2023-08-13T10:13:31.907Z - info: Site data built
2023-08-13T10:13:31.907Z - info: Pages rebuilt
2023-08-13T10:13:31.907Z - info: Website regeneration complete! Total build time: 0.3s
2023-08-13T10:19:01.961Z - info: [6:19:01 pm] Reload for file change: C:\repos\nus-cs2103\cs2103-website-base\admin\instructors.md
2023-08-13T10:19:01.962Z - info: Synchronizing opened pages list before reload
2023-08-13T10:19:01.962Z - info: Current opened pages, from most-to-least recent:
2023-08-13T10:19:01.962Z - info: 1. admin/instructors
2023-08-13T10:19:02.978Z - info: Rebuilding 1 pages
2023-08-13T10:19:03.228Z - info: Site data built
2023-08-13T10:19:03.228Z - info: Pages rebuilt
2023-08-13T10:19:03.228Z - info: Website regeneration complete! Total build time: 0.251s
2023-08-13T10:20:41.852Z - info: [6:20:41 pm] Reload for file change: C:\repos\nus-cs2103\cs2103-website-base\admin\instructors.md
2023-08-13T10:20:41.852Z - info: Synchronizing opened pages list before reload
2023-08-13T10:20:41.852Z - info: Current opened pages, from most-to-least recent:
2023-08-13T10:20:41.852Z - info: 1. admin/instructors
2023-08-13T10:20:42.862Z - info: Rebuilding 1 pages
2023-08-13T10:20:43.237Z - info: Site data built
2023-08-13T10:20:43.237Z - info: Pages rebuilt
2023-08-13T10:20:43.237Z - info: Website regeneration complete! Total build time: 0.378s
2023-08-13T10:21:22.515Z - info: [6:21:22 pm] Reload for file change: C:\repos\nus-cs2103\cs2103-website-base\admin\instructors.md
2023-08-13T10:21:22.516Z - info: Synchronizing opened pages list before reload
2023-08-13T10:21:22.516Z - info: Current opened pages, from most-to-least recent:
2023-08-13T10:21:22.516Z - info: 1. admin/instructors
2023-08-13T10:21:23.519Z - info: Rebuilding 1 pages
2023-08-13T10:21:23.805Z - info: Site data built
2023-08-13T10:21:23.806Z - info: Pages rebuilt
2023-08-13T10:21:23.806Z - info: Website regeneration complete! Total build time: 0.288s
2023-08-13T10:22:24.586Z - info: [6:22:24 pm] Reload for file change: C:\repos\nus-cs2103\cs2103-website-base\admin\instructors.md
2023-08-13T10:22:24.586Z - info: Synchronizing opened pages list before reload
2023-08-13T10:22:24.586Z - info: Current opened pages, from most-to-least recent:
2023-08-13T10:22:24.586Z - info: 1. admin/instructors
2023-08-13T10:22:25.593Z - info: Rebuilding 1 pages
2023-08-13T10:22:25.933Z - info: Site data built
2023-08-13T10:22:25.933Z - info: Pages rebuilt
2023-08-13T10:22:25.933Z - info: Website regeneration complete! Total build time: 0.341s
2023-08-13T10:23:04.395Z - info: [6:23:04 pm] Reload for file change: C:\repos\nus-cs2103\cs2103-website-base\admin\instructors.md
2023-08-13T10:23:04.396Z - info: Synchronizing opened pages list before reload
2023-08-13T10:23:04.396Z - info: Current opened pages, from most-to-least recent:
2023-08-13T10:23:04.396Z - info: 1. admin/instructors
2023-08-13T10:23:05.412Z - info: Rebuilding 1 pages
2023-08-13T10:23:05.697Z - info: Site data built
2023-08-13T10:23:05.698Z - info: Pages rebuilt
2023-08-13T10:23:05.698Z - info: Website regeneration complete! Total build time: 0.288s
2023-08-13T10:23:27.179Z - info: [6:23:27 pm] Reload for file change: C:\repos\nus-cs2103\cs2103-website-base\admin\instructors.md
2023-08-13T10:23:27.179Z - info: Synchronizing opened pages list before reload
2023-08-13T10:23:27.179Z - info: Current opened pages, from most-to-least recent:
2023-08-13T10:23:27.179Z - info: 1. admin/instructors
2023-08-13T10:23:28.186Z - info: Rebuilding 1 pages
2023-08-13T10:23:28.484Z - info: Site data built
2023-08-13T10:23:28.484Z - info: Pages rebuilt
2023-08-13T10:23:28.484Z - info: Website regeneration complete! Total build time: 0.299s
2023-08-13T10:23:42.228Z - info: [6:23:42 pm] Reload for file change: C:\repos\nus-cs2103\cs2103-website-base\admin\instructors.md
2023-08-13T10:23:42.228Z - info: Synchronizing opened pages list before reload
2023-08-13T10:23:42.228Z - info: Current opened pages, from most-to-least recent:
2023-08-13T10:23:42.228Z - info: 1. admin/instructors
2023-08-13T10:23:43.243Z - info: Rebuilding 1 pages
2023-08-13T10:23:43.507Z - info: Site data built
2023-08-13T10:23:43.507Z - info: Pages rebuilt
2023-08-13T10:23:43.507Z - info: Website regeneration complete! Total build time: 0.265s
2023-08-13T10:24:10.166Z - info: [6:24:10 pm] Reload for file change: C:\repos\nus-cs2103\cs2103-website-base\admin\instructors.md
2023-08-13T10:24:10.167Z - info: Synchronizing opened pages list before reload
2023-08-13T10:24:10.167Z - info: Current opened pages, from most-to-least recent:
2023-08-13T10:24:10.167Z - info: 1. admin/instructors
2023-08-13T10:24:11.174Z - info: Rebuilding 1 pages
2023-08-13T10:24:11.467Z - info: Site data built
2023-08-13T10:24:11.467Z - info: Pages rebuilt
2023-08-13T10:24:11.467Z - info: Website regeneration complete! Total build time: 0.294s
2023-08-13T10:24:58.908Z - info: [6:24:58 pm] Reload for file change: C:\repos\nus-cs2103\cs2103-website-base\admin\instructors.md
2023-08-13T10:24:58.908Z - info: Synchronizing opened pages list before reload
2023-08-13T10:24:58.908Z - info: Current opened pages, from most-to-least recent:
2023-08-13T10:24:58.908Z - info: 1. admin/instructors
2023-08-13T10:24:59.920Z - info: Rebuilding 1 pages
2023-08-13T10:25:00.227Z - info: Site data built
2023-08-13T10:25:00.227Z - info: Pages rebuilt
2023-08-13T10:25:00.227Z - info: Website regeneration complete! Total build time: 0.308s
2023-08-13T10:27:30.106Z - info: [6:27:30 pm] Reload for file change: C:\repos\nus-cs2103\cs2103-website-base\admin\instructors.md
2023-08-13T10:27:30.107Z - info: Synchronizing opened pages list before reload
2023-08-13T10:27:30.107Z - info: Current opened pages, from most-to-least recent:
2023-08-13T10:27:30.107Z - info: 1. admin/instructors
2023-08-13T10:27:31.121Z - info: Rebuilding 1 pages
2023-08-13T10:27:31.518Z - info: Site data built
2023-08-13T10:27:31.518Z - info: Pages rebuilt
2023-08-13T10:27:31.518Z - info: Website regeneration complete! Total build time: 0.398s
2023-08-13T10:27:53.411Z - info: [6:27:53 pm] Reload for file change: C:\repos\nus-cs2103\cs2103-website-base\admin\instructors.md
2023-08-13T10:27:53.412Z - info: Synchronizing opened pages list before reload
2023-08-13T10:27:53.412Z - info: Current opened pages, from most-to-least recent:
2023-08-13T10:27:53.412Z - info: 1. admin/instructors
2023-08-13T10:27:54.429Z - info: Rebuilding 1 pages
2023-08-13T10:27:54.719Z - info: Site data built
2023-08-13T10:27:54.719Z - info: Pages rebuilt
2023-08-13T10:27:54.719Z - info: Website regeneration complete! Total build time: 0.291s
2023-08-13T10:32:46.296Z - info: [6:32:46 pm] Reload for file change: C:\repos\nus-cs2103\cs2103-website-base\_course-CS2103\timetables-fragment.md
2023-08-13T10:32:46.296Z - info: Synchronizing opened pages list before reload
2023-08-13T10:32:46.296Z - info: Current opened pages, from most-to-least recent:
2023-08-13T10:32:46.296Z - info: 1. admin/instructors
2023-08-13T10:32:47.309Z - info: Assets built
2023-08-13T10:33:58.564Z - info: Website generation (lazy) started at 6:33:58 pm
2023-08-13T10:34:09.998Z - info: Building assets...
2023-08-13T10:34:17.229Z - info: Assets built
2023-08-13T10:34:17.230Z - info: Generating landing page...
2023-08-13T10:34:18.029Z - info: Landing page built, other pages will be built as you navigate to them!
2023-08-13T10:34:19.087Z - info: Site data built
2023-08-13T10:34:19.087Z - info: Website generation (lazy) complete! Total build time: 20.542s
2023-08-13T10:34:20.074Z - info: Serving "C:\repos\nus-cs2103\cs2103-website-base\_site" at http://127.0.0.1:8080
2023-08-13T10:34:20.074Z - info: Press CTRL+C to stop ...
2023-08-13T10:34:22.268Z - info: [6:34:22 pm] Reload for file change: C:\repos\nus-cs2103\cs2103-website-base\admin\instructors.md
2023-08-13T10:34:22.269Z - info: Synchronizing opened pages list before reload
2023-08-13T10:34:22.269Z - info: No pages are currently opened
2023-08-13T10:34:23.738Z - info: No pages needed to be rebuilt
2023-08-13T10:34:45.177Z - info: Building C:\repos\nus-cs2103\cs2103-website-base\admin\instructors as some of its dependencies were changed since the last visit
2023-08-13T10:34:45.721Z - info: Site data built
2023-08-13T10:34:45.722Z - info: Lazy website regeneration complete! Total build time: 0.546s
2023-08-13T10:35:02.498Z - info: Building C:\repos\nus-cs2103\cs2103-website-base\admin\tutorials as some of its dependencies were changed since the last visit
2023-08-13T10:35:03.132Z - info: Site data built
2023-08-13T10:35:03.132Z - info: Lazy website regeneration complete! Total build time: 0.635s
2023-08-13T10:35:38.235Z - info: Website generation started at 6:35:36 pm
2023-08-13T10:35:48.654Z - info: Building assets...
2023-08-13T10:35:55.794Z - info: Assets built
2023-08-13T10:35:55.795Z - info: Generating pages...
2023-08-13T10:36:13.743Z - debug:  
2023-08-13T10:36:13.744Z - debug:  
2023-08-13T10:36:13.744Z - debug:  
2023-08-13T10:36:17.614Z - debug:  
2023-08-13T10:36:17.615Z - debug:  
2023-08-13T10:36:17.615Z - debug:  
2023-08-13T10:36:17.616Z - debug:  
2023-08-13T10:36:17.616Z - debug:  
2023-08-13T10:36:17.616Z - debug:  
2023-08-13T10:36:17.617Z - debug:  
2023-08-13T10:36:17.617Z - debug:  
2023-08-13T10:36:17.617Z - debug:  
2023-08-13T10:36:17.617Z - debug:  
2023-08-13T10:36:17.618Z - debug:  
2023-08-13T10:36:17.618Z - debug:  
2023-08-13T10:36:18.101Z - debug:  
2023-08-13T10:38:26.531Z - debug:  
2023-08-13T10:38:42.886Z - debug:  
2023-08-13T10:38:42.951Z - debug:  
2023-08-13T10:38:50.011Z - info: Pages built
2023-08-13T10:38:51.155Z - info: Site data built
2023-08-13T10:38:51.155Z - info: Website generation complete! Total build time: 194.882s
2023-08-13T10:38:51.155Z - info: Build success!
2023-08-13T10:44:07.367Z - info: The website has been deployed at: https://nus-cs2103-ay2324s1.github.io/website
2023-08-13T14:57:32.764Z - info: Website generation (lazy) started at 10:57:24 pm
2023-08-13T14:57:49.747Z - info: Building assets...
2023-08-13T14:57:59.419Z - info: Assets built
2023-08-13T14:57:59.420Z - info: Generating landing page...
2023-08-13T14:58:00.182Z - info: Landing page built, other pages will be built as you navigate to them!
2023-08-13T14:58:01.576Z - info: Site data built
2023-08-13T14:58:01.576Z - info: Website generation (lazy) complete! Total build time: 37.394s
2023-08-13T14:58:02.426Z - info: Serving "C:\repos\nus-cs2103\cs2103-website-base\_site" at http://127.0.0.1:8080
2023-08-13T14:58:02.427Z - info: Press CTRL+C to stop ...
2023-08-13T14:58:12.810Z - info: Building C:\repos\nus-cs2103\cs2103-website-base\schedule\week1\index as some of its dependencies were changed since the last visit
2023-08-13T14:58:20.927Z - info: Site data built
2023-08-13T14:58:20.928Z - info: Lazy website regeneration complete! Total build time: 8.118s
2023-08-13T14:58:28.987Z - info: Building C:\repos\nus-cs2103\cs2103-website-base\schedule\week1\admin as some of its dependencies were changed since the last visit
2023-08-13T14:58:32.585Z - info: Site data built
2023-08-13T14:58:32.586Z - info: Lazy website regeneration complete! Total build time: 3.599s
2023-08-13T14:58:34.396Z - debug:  
2023-08-13T14:58:48.043Z - info: Building C:\repos\nus-cs2103\cs2103-website-base\git-trail\index as some of its dependencies were changed since the last visit
2023-08-13T14:58:50.151Z - info: Site data built
2023-08-13T14:58:50.152Z - info: Lazy website regeneration complete! Total build time: 2.109s
2023-08-13T14:59:26.194Z - info: Website generation started at 10:59:24 pm
2023-08-13T14:59:36.528Z - info: Building assets...
2023-08-13T14:59:43.718Z - info: Assets built
2023-08-13T14:59:43.719Z - info: Generating pages...
2023-08-13T15:00:00.375Z - debug:  
2023-08-13T15:00:00.376Z - debug:  
2023-08-13T15:00:00.379Z - debug:  
2023-08-13T15:00:05.745Z - debug:  
2023-08-13T15:00:05.746Z - debug:  
2023-08-13T15:00:05.746Z - debug:  
2023-08-13T15:00:05.746Z - debug:  
2023-08-13T15:00:05.746Z - debug:  
2023-08-13T15:00:05.747Z - debug:  
2023-08-13T15:00:05.747Z - debug:  
2023-08-13T15:00:05.747Z - debug:  
2023-08-13T15:00:05.747Z - debug:  
2023-08-13T15:00:05.748Z - debug:  
2023-08-13T15:00:05.748Z - debug:  
2023-08-13T15:00:05.748Z - debug:  
2023-08-13T15:00:05.748Z - debug:  
2023-08-13T15:02:12.552Z - debug:  
2023-08-13T15:02:27.686Z - debug:  
2023-08-13T15:02:27.686Z - debug:  
2023-08-13T15:02:33.927Z - info: Pages built
2023-08-13T15:02:34.912Z - info: Site data built
2023-08-13T15:02:34.912Z - info: Website generation complete! Total build time: 190.771s
2023-08-13T15:02:34.912Z - info: Build success!
2023-08-13T15:04:25.988Z - info: The website has been deployed at: https://nus-cs2103-ay2324s1.github.io/website
