2023-09-15T11:45:34.073Z - info: Website generation (lazy) started at 7:45:29 pm
2023-09-15T11:45:44.472Z - info: Building assets...
2023-09-15T11:45:51.362Z - info: Assets built
2023-09-15T11:45:51.363Z - info: Generating landing page...
2023-09-15T11:45:52.562Z - info: Landing page built, other pages will be built as you navigate to them!
2023-09-15T11:45:53.467Z - info: Site data built
2023-09-15T11:45:53.468Z - info: Website generation (lazy) complete! Total build time: 23.892s
2023-09-15T11:45:54.368Z - info: Serving "C:\repos\nus-cs2103\cs2103-website-base\_site" at http://127.0.0.1:8080
2023-09-15T11:45:54.369Z - info: Press CTRL+C to stop ...
2023-09-15T11:51:00.818Z - info: Building C:\repos\nus-cs2103\cs2103-website-base\schedule\week6\project as some of its dependencies were changed since the last visit
2023-09-15T11:51:03.939Z - info: Site data built
2023-09-15T11:51:03.939Z - info: Lazy website regeneration complete! Total build time: 3.123s
2023-09-15T11:52:41.267Z - info: Building C:\repos\nus-cs2103\cs2103-website-base\schedule\week6\tutorial as some of its dependencies were changed since the last visit
2023-09-15T11:52:41.669Z - info: Site data built
2023-09-15T11:52:41.670Z - info: Lazy website regeneration complete! Total build time: 0.404s
2023-09-15T11:52:49.766Z - info: Building C:\repos\nus-cs2103\cs2103-website-base\schedule\week5\tutorial as some of its dependencies were changed since the last visit
2023-09-15T11:52:50.778Z - info: Site data built
2023-09-15T11:52:50.778Z - info: Lazy website regeneration complete! Total build time: 1.012s
2023-09-15T11:53:25.128Z - info: [7:53:25 pm] Reload for file change: C:\repos\nus-cs2103\cs2103-website-base\schedule\week5\tutorial-cs2103-fragment.md
2023-09-15T11:53:25.128Z - info: Synchronizing opened pages list before reload
2023-09-15T11:53:25.129Z - info: Current opened pages, from most-to-least recent:
2023-09-15T11:53:25.129Z - info: 1. schedule/week5/tutorial
2023-09-15T11:53:26.147Z - info: Rebuilding 1 pages
2023-09-15T11:53:27.180Z - info: Site data built
2023-09-15T11:53:27.181Z - info: Pages rebuilt
2023-09-15T11:53:27.181Z - info: Website regeneration complete! Total build time: 1.035s
2023-09-15T11:54:35.232Z - info: [7:54:35 pm] Reload for file change: C:\repos\nus-cs2103\cs2103-website-base\admin\tp-tasks-fragment.md
2023-09-15T11:54:35.232Z - info: Synchronizing opened pages list before reload
2023-09-15T11:54:35.232Z - info: Current opened pages, from most-to-least recent:
2023-09-15T11:54:35.232Z - info: 1. schedule/week6/project
2023-09-15T11:54:36.251Z - info: Rebuilding 1 pages
2023-09-15T11:54:38.468Z - info: Site data built
2023-09-15T11:54:38.469Z - info: Pages rebuilt
2023-09-15T11:54:38.469Z - info: Website regeneration complete! Total build time: 2.219s
2023-09-15T11:55:01.094Z - info: [7:55:01 pm] Reload for file change: C:\repos\nus-cs2103\cs2103-website-base\admin\tp-tasks-fragment.md
2023-09-15T11:55:01.095Z - info: Synchronizing opened pages list before reload
2023-09-15T11:55:01.096Z - info: Current opened pages, from most-to-least recent:
2023-09-15T11:55:01.097Z - info: 1. schedule/week6/project
2023-09-15T11:55:02.126Z - info: Rebuilding 1 pages
2023-09-15T11:55:04.928Z - info: Site data built
2023-09-15T11:55:04.928Z - info: Pages rebuilt
2023-09-15T11:55:04.928Z - info: Website regeneration complete! Total build time: 2.809s
2023-09-15T11:56:11.868Z - info: [7:56:11 pm] Reload for file change: C:\repos\nus-cs2103\cs2103-website-base\admin\tp-tasks-fragment.md
2023-09-15T11:56:11.869Z - info: Synchronizing opened pages list before reload
2023-09-15T11:56:11.869Z - info: Current opened pages, from most-to-least recent:
2023-09-15T11:56:11.869Z - info: 1. schedule/week6/project
2023-09-15T11:56:12.873Z - info: Rebuilding 1 pages
2023-09-15T11:56:15.171Z - info: Site data built
2023-09-15T11:56:15.172Z - info: Pages rebuilt
2023-09-15T11:56:15.172Z - info: Website regeneration complete! Total build time: 2.3s
2023-09-15T11:56:42.606Z - info: Website generation started at 7:56:40 pm
2023-09-15T11:56:53.068Z - info: Building assets...
2023-09-15T11:56:59.839Z - info: Assets built
2023-09-15T11:56:59.840Z - info: Generating pages...
2023-09-15T11:57:14.185Z - debug:  
2023-09-15T11:57:14.199Z - debug:  
2023-09-15T11:57:16.364Z - debug:  
2023-09-15T11:57:16.365Z - debug:  
2023-09-15T11:57:16.366Z - debug:  
2023-09-15T11:57:16.366Z - debug:  
2023-09-15T11:57:16.366Z - debug:  
2023-09-15T11:57:16.366Z - debug:  
2023-09-15T11:57:16.367Z - debug:  
2023-09-15T11:57:16.367Z - debug:  
2023-09-15T11:57:16.367Z - debug:  
2023-09-15T11:57:16.367Z - debug:  
2023-09-15T11:57:16.367Z - debug:  
2023-09-15T11:57:16.368Z - debug:  
2023-09-15T11:57:16.368Z - debug:  
2023-09-15T11:57:16.368Z - debug:  
2023-09-15T11:59:19.044Z - debug:  
2023-09-15T11:59:32.368Z - debug:  
2023-09-15T11:59:32.381Z - debug:  
2023-09-15T11:59:44.224Z - info: Pages built
2023-09-15T11:59:45.168Z - info: Site data built
2023-09-15T11:59:45.168Z - info: Website generation complete! Total build time: 184.281s
2023-09-15T11:59:45.168Z - info: Build success!
2023-09-15T12:01:25.467Z - info: The website has been deployed at: https://nus-cs2103-ay2324s1.github.io/website
2023-09-15T12:43:03.181Z - info: Website generation started at 8:42:58 pm
2023-09-15T12:43:14.897Z - info: Building assets...
2023-09-15T12:43:22.464Z - info: Assets built
2023-09-15T12:43:22.465Z - info: Generating pages...
2023-09-15T12:43:37.334Z - debug:  
2023-09-15T12:43:37.334Z - debug:  
2023-09-15T12:43:37.334Z - debug:  
2023-09-15T12:43:37.335Z - debug:  
2023-09-15T12:43:37.335Z - debug:  
2023-09-15T12:43:37.335Z - debug:  
2023-09-15T12:43:37.336Z - debug:  
2023-09-15T12:43:37.336Z - debug:  
2023-09-15T12:43:37.336Z - debug:  
2023-09-15T12:43:37.336Z - debug:  
2023-09-15T12:43:37.336Z - debug:  
2023-09-15T12:43:37.337Z - debug:  
2023-09-15T12:43:37.337Z - debug:  
2023-09-15T12:43:37.337Z - debug:  
2023-09-15T12:43:37.337Z - debug:  
2023-09-15T12:43:37.337Z - debug:  
2023-09-15T12:45:34.042Z - debug:  
2023-09-15T12:45:47.199Z - debug:  
2023-09-15T12:45:47.212Z - debug:  
2023-09-15T12:45:58.900Z - info: Pages built
2023-09-15T12:45:59.798Z - info: Site data built
2023-09-15T12:45:59.798Z - info: Website generation complete! Total build time: 181.286s
2023-09-15T12:45:59.798Z - info: Build success!
2023-09-15T12:48:01.594Z - info: The website has been deployed at: https://nus-cs2103-ay2324s1.github.io/website
