2023-11-03T16:22:32.281Z - info: Website generation started at 12:22:28 am
2023-11-03T16:22:48.678Z - info: Building assets...
2023-11-03T16:22:58.287Z - info: Assets built
2023-11-03T16:22:58.288Z - info: Generating pages...
2023-11-03T16:23:18.676Z - debug:  
2023-11-03T16:23:23.547Z - debug:  
2023-11-03T16:23:23.547Z - debug:  
2023-11-03T16:23:23.547Z - debug:  
2023-11-03T16:23:23.548Z - debug:  
2023-11-03T16:23:23.548Z - debug:  
2023-11-03T16:23:23.548Z - debug:  
2023-11-03T16:23:23.548Z - debug:  
2023-11-03T16:23:23.549Z - debug:  
2023-11-03T16:23:23.549Z - debug:  
2023-11-03T16:23:23.549Z - debug:  
2023-11-03T16:23:23.549Z - debug:  
2023-11-03T16:23:23.550Z - debug:  
2023-11-03T16:23:23.550Z - debug:  
2023-11-03T16:23:23.550Z - debug:  
2023-11-03T16:23:23.550Z - debug:  
2023-11-03T16:25:59.552Z - debug:  
2023-11-03T16:26:22.339Z - debug:  
2023-11-03T16:26:22.370Z - debug:  
2023-11-03T16:26:44.223Z - info: Pages built
2023-11-03T16:26:45.429Z - info: Site data built
2023-11-03T16:26:45.430Z - info: Website generation complete! Total build time: 256.655s
2023-11-03T16:26:45.430Z - info: Build success!
2023-11-03T16:29:25.925Z - info: The website has been deployed at: https://nus-cs2103-ay2324s1.github.io/website
2023-11-04T04:42:31.524Z - info: Website generation (lazy) started at 12:42:26 pm
2023-11-04T04:42:40.543Z - info: Building assets...
2023-11-04T04:42:46.865Z - info: Assets built
2023-11-04T04:42:46.866Z - info: Generating landing page...
2023-11-04T04:42:47.902Z - info: Landing page built, other pages will be built as you navigate to them!
2023-11-04T04:42:51.373Z - info: Site data built
2023-11-04T04:42:51.374Z - info: Website generation (lazy) complete! Total build time: 25.009s
2023-11-04T04:42:52.112Z - info: Serving "C:\repos\nus-cs2103\cs2103-website-base\_site" at http://127.0.0.1:8080
2023-11-04T04:42:52.113Z - info: Press CTRL+C to stop ...
2023-11-04T04:42:53.944Z - info: [12:42:53 pm] Reload for file change: C:\repos\nus-cs2103\cs2103-website-base\admin\tp-tasks-fragment.md
2023-11-04T04:42:53.944Z - info: Synchronizing opened pages list before reload
2023-11-04T04:42:53.944Z - info: No pages are currently opened
2023-11-04T04:42:55.288Z - info: No pages needed to be rebuilt
2023-11-04T04:43:05.030Z - info: Building C:\repos\nus-cs2103\cs2103-website-base\schedule\week12\project as some of its dependencies were changed since the last visit
2023-11-04T04:43:10.117Z - info: Site data built
2023-11-04T04:43:10.118Z - info: Lazy website regeneration complete! Total build time: 5.089s
2023-11-04T04:43:11.017Z - info: Building C:\repos\nus-cs2103\cs2103-website-base\schedule\week12\project as some of its dependencies were changed since the last visit
2023-11-04T04:43:13.124Z - info: Site data built
2023-11-04T04:43:13.124Z - info: Lazy website regeneration complete! Total build time: 2.107s
2023-11-04T04:43:41.972Z - info: [12:43:41 pm] Reload for file change: C:\repos\nus-cs2103\cs2103-website-base\admin\tp-tasks-fragment.md
2023-11-04T04:43:41.973Z - info: Synchronizing opened pages list before reload
2023-11-04T04:43:41.973Z - info: Current opened pages, from most-to-least recent:
2023-11-04T04:43:41.973Z - info: 1. schedule/week12/project
2023-11-04T04:43:42.983Z - info: Rebuilding 1 pages
2023-11-04T04:43:45.747Z - info: Site data built
2023-11-04T04:43:45.747Z - info: Pages rebuilt
2023-11-04T04:43:45.747Z - info: Website regeneration complete! Total build time: 2.765s
2023-11-04T04:45:31.398Z - info: [12:45:31 pm] Reload for file change: C:\repos\nus-cs2103\cs2103-website-base\admin\tp-tasks-fragment.md
2023-11-04T04:45:31.398Z - info: Synchronizing opened pages list before reload
2023-11-04T04:45:31.399Z - info: Current opened pages, from most-to-least recent:
2023-11-04T04:45:31.399Z - info: 1. schedule/week12/project
2023-11-04T04:45:32.413Z - info: Rebuilding 1 pages
2023-11-04T04:45:35.019Z - info: Site data built
2023-11-04T04:45:35.020Z - info: Pages rebuilt
2023-11-04T04:45:35.020Z - info: Website regeneration complete! Total build time: 2.608s
2023-11-04T04:46:27.565Z - info: [12:46:27 pm] Reload for file change: C:\repos\nus-cs2103\cs2103-website-base\admin\tp-tasks-fragment.md
2023-11-04T04:46:27.565Z - info: Synchronizing opened pages list before reload
2023-11-04T04:46:27.565Z - info: Current opened pages, from most-to-least recent:
2023-11-04T04:46:27.565Z - info: 1. schedule/week12/project
2023-11-04T04:46:28.580Z - info: Rebuilding 1 pages
2023-11-04T04:46:31.044Z - info: Site data built
2023-11-04T04:46:31.044Z - info: Pages rebuilt
2023-11-04T04:46:31.044Z - info: Website regeneration complete! Total build time: 2.465s
2023-11-04T04:47:45.832Z - info: [12:47:45 pm] Reload for file change: C:\repos\nus-cs2103\cs2103-website-base\admin\tp-tasks-fragment.md
2023-11-04T04:47:45.833Z - info: Synchronizing opened pages list before reload
2023-11-04T04:47:45.833Z - info: Current opened pages, from most-to-least recent:
2023-11-04T04:47:45.833Z - info: 1. schedule/week12/project
2023-11-04T04:47:46.840Z - info: Rebuilding 1 pages
2023-11-04T04:47:49.307Z - info: Site data built
2023-11-04T04:47:49.308Z - info: Pages rebuilt
2023-11-04T04:47:49.308Z - info: Website regeneration complete! Total build time: 2.469s
2023-11-04T04:48:31.883Z - info: [12:48:31 pm] Reload for file change: C:\repos\nus-cs2103\cs2103-website-base\admin\tp-tasks-fragment.md
2023-11-04T04:48:31.883Z - info: Synchronizing opened pages list before reload
2023-11-04T04:48:31.883Z - info: Current opened pages, from most-to-least recent:
2023-11-04T04:48:31.883Z - info: 1. schedule/week12/project
2023-11-04T04:48:32.887Z - info: Rebuilding 1 pages
2023-11-04T04:48:35.483Z - info: Site data built
2023-11-04T04:48:35.483Z - info: Pages rebuilt
2023-11-04T04:48:35.483Z - info: Website regeneration complete! Total build time: 2.597s
2023-11-04T04:49:07.788Z - info: Website generation started at 12:49:05 pm
2023-11-04T04:49:16.481Z - info: Building assets...
2023-11-04T04:49:22.687Z - info: Assets built
2023-11-04T04:49:22.688Z - info: Generating pages...
2023-11-04T04:49:39.993Z - debug:  
2023-11-04T04:49:39.993Z - debug:  
2023-11-04T04:49:39.994Z - debug:  
2023-11-04T04:49:39.994Z - debug:  
2023-11-04T04:49:39.994Z - debug:  
2023-11-04T04:49:39.995Z - debug:  
2023-11-04T04:49:39.995Z - debug:  
2023-11-04T04:49:39.995Z - debug:  
2023-11-04T04:49:39.995Z - debug:  
2023-11-04T04:49:39.996Z - debug:  
2023-11-04T04:49:39.996Z - debug:  
2023-11-04T04:49:39.996Z - debug:  
2023-11-04T04:49:39.997Z - debug:  
2023-11-04T04:49:39.997Z - debug:  
2023-11-04T04:49:39.997Z - debug:  
2023-11-04T04:49:40.206Z - debug:  
2023-11-04T04:51:38.153Z - debug:  
2023-11-04T04:51:58.551Z - debug:  
2023-11-04T04:51:58.642Z - debug:  
2023-11-04T04:52:14.665Z - info: Pages built
2023-11-04T04:52:15.846Z - info: Site data built
2023-11-04T04:52:15.846Z - info: Website generation complete! Total build time: 190.016s
2023-11-04T04:52:15.846Z - info: Build success!
2023-11-04T04:57:04.799Z - info: The website has been deployed at: https://nus-cs2103-ay2324s1.github.io/website
