2023-10-07T05:18:36.022Z - info: Website generation (lazy) started at 1:18:30 pm
2023-10-07T05:18:46.858Z - info: Building assets...
2023-10-07T05:18:55.088Z - info: Assets built
2023-10-07T05:18:55.090Z - info: Generating landing page...
2023-10-07T05:18:57.415Z - info: Landing page built, other pages will be built as you navigate to them!
2023-10-07T05:18:59.030Z - info: Site data built
2023-10-07T05:18:59.031Z - info: Website generation (lazy) complete! Total build time: 28.679s
2023-10-07T05:19:00.599Z - info: Serving "C:\repos\nus-cs2103\cs2103-website-base\_site" at http://127.0.0.1:8080
2023-10-07T05:19:00.599Z - info: Press CTRL+C to stop ...
2023-10-07T05:19:26.284Z - info: Building C:\repos\nus-cs2103\cs2103-website-base\admin\index as some of its dependencies were changed since the last visit
2023-10-07T05:19:26.746Z - info: Site data built
2023-10-07T05:19:26.747Z - info: Lazy website regeneration complete! Total build time: 0.463s
2023-10-07T05:19:29.813Z - info: Building C:\repos\nus-cs2103\cs2103-website-base\admin\appendixG-CS2103R as some of its dependencies were changed since the last visit
2023-10-07T05:19:29.991Z - info: Site data built
2023-10-07T05:19:29.991Z - info: Lazy website regeneration complete! Total build time: 0.179s
2023-10-07T05:20:25.980Z - info: [1:20:25 pm] Reload for file change: C:\repos\nus-cs2103\cs2103-website-base\admin\appendixG-CS2103R.md
2023-10-07T05:20:25.982Z - info: Synchronizing opened pages list before reload
2023-10-07T05:20:25.983Z - info: Current opened pages, from most-to-least recent:
2023-10-07T05:20:25.983Z - info: 1. admin/appendixG-CS2103R
2023-10-07T05:20:27.003Z - info: Rebuilding 1 pages
2023-10-07T05:20:27.224Z - info: Site data built
2023-10-07T05:20:27.224Z - info: Pages rebuilt
2023-10-07T05:20:27.224Z - info: Website regeneration complete! Total build time: 0.222s
2023-10-07T05:20:32.342Z - info: [1:20:32 pm] Reload for file change: C:\repos\nus-cs2103\cs2103-website-base\admin\appendixG-CS2103R.md
2023-10-07T05:20:32.342Z - info: Synchronizing opened pages list before reload
2023-10-07T05:20:32.343Z - info: Current opened pages, from most-to-least recent:
2023-10-07T05:20:32.343Z - info: 1. admin/appendixG-CS2103R
2023-10-07T05:20:33.355Z - info: Rebuilding 1 pages
2023-10-07T05:20:33.520Z - info: Site data built
2023-10-07T05:20:33.520Z - info: Pages rebuilt
2023-10-07T05:20:33.521Z - info: Website regeneration complete! Total build time: 0.167s
2023-10-07T05:20:52.805Z - info: [1:20:52 pm] Reload for file change: C:\repos\nus-cs2103\cs2103-website-base\admin\appendixG-CS2103R.md
2023-10-07T05:20:52.805Z - info: Synchronizing opened pages list before reload
2023-10-07T05:20:52.805Z - info: Current opened pages, from most-to-least recent:
2023-10-07T05:20:52.806Z - info: 1. admin/appendixG-CS2103R
2023-10-07T05:20:53.817Z - info: Rebuilding 1 pages
2023-10-07T05:20:54.004Z - info: Site data built
2023-10-07T05:20:54.004Z - info: Pages rebuilt
2023-10-07T05:20:54.004Z - info: Website regeneration complete! Total build time: 0.189s
2023-10-07T05:21:11.471Z - info: [1:21:11 pm] Reload for file change: C:\repos\nus-cs2103\cs2103-website-base\admin\appendixG-CS2103R.md
2023-10-07T05:21:11.471Z - info: Synchronizing opened pages list before reload
2023-10-07T05:21:11.472Z - info: Current opened pages, from most-to-least recent:
2023-10-07T05:21:11.472Z - info: 1. admin/appendixG-CS2103R
2023-10-07T05:21:12.480Z - info: Rebuilding 1 pages
2023-10-07T05:21:12.619Z - info: Site data built
2023-10-07T05:21:12.620Z - info: Pages rebuilt
2023-10-07T05:21:12.620Z - info: Website regeneration complete! Total build time: 0.142s
2023-10-07T05:21:19.337Z - info: [1:21:19 pm] Reload for file change: C:\repos\nus-cs2103\cs2103-website-base\admin\appendixG-CS2103R.md
2023-10-07T05:21:19.337Z - info: Synchronizing opened pages list before reload
2023-10-07T05:21:19.337Z - info: Current opened pages, from most-to-least recent:
2023-10-07T05:21:19.337Z - info: 1. admin/appendixG-CS2103R
2023-10-07T05:21:20.344Z - info: Rebuilding 1 pages
2023-10-07T05:21:20.473Z - info: Site data built
2023-10-07T05:21:20.473Z - info: Pages rebuilt
2023-10-07T05:21:20.473Z - info: Website regeneration complete! Total build time: 0.129s
2023-10-07T05:22:03.404Z - info: [1:22:03 pm] Reload for file change: C:\repos\nus-cs2103\cs2103-website-base\admin\appendixG-CS2103R.md
2023-10-07T05:22:03.405Z - info: Synchronizing opened pages list before reload
2023-10-07T05:22:03.405Z - info: Current opened pages, from most-to-least recent:
2023-10-07T05:22:03.405Z - info: 1. admin/appendixG-CS2103R
2023-10-07T05:22:04.420Z - info: Rebuilding 1 pages
2023-10-07T05:22:04.559Z - info: Site data built
2023-10-07T05:22:04.559Z - info: Pages rebuilt
2023-10-07T05:22:04.559Z - info: Website regeneration complete! Total build time: 0.14s
2023-10-07T05:23:49.895Z - info: Website generation started at 1:23:47 pm
2023-10-07T05:23:59.980Z - info: Building assets...
