2023-11-07T12:40:18.219Z - info: Website generation started at 8:40:12 pm
2023-11-07T12:40:30.441Z - info: Building assets...
2023-11-07T12:40:37.349Z - info: Assets built
2023-11-07T12:40:37.350Z - info: Generating pages...
2023-11-07T12:40:55.672Z - debug:  
2023-11-07T12:40:55.673Z - debug:  
2023-11-07T12:40:55.673Z - debug:  
2023-11-07T12:40:55.674Z - debug:  
2023-11-07T12:40:55.685Z - debug:  
2023-11-07T12:40:55.961Z - debug:  
2023-11-07T12:40:55.979Z - debug:  
2023-11-07T12:40:56.057Z - debug:  
2023-11-07T12:40:56.155Z - debug:  
2023-11-07T12:40:56.185Z - debug:  
2023-11-07T12:40:56.211Z - debug:  
2023-11-07T12:40:56.250Z - debug:  
2023-11-07T12:40:56.279Z - debug:  
2023-11-07T12:40:56.306Z - debug:  
2023-11-07T12:41:00.111Z - debug:  
2023-11-07T12:41:32.444Z - debug:  
2023-11-07T12:42:32.771Z - info: Pages built
2023-11-07T12:42:33.768Z - info: Site data built
2023-11-07T12:42:33.769Z - info: Website generation complete! Total build time: 141.173s
2023-11-07T12:42:33.769Z - info: Build success!
2023-11-07T12:44:25.636Z - info: The website has been deployed at: https://nus-tic2002-ay2324s1.github.io/website
