2023-11-03T05:58:36.832Z - info: Website generation (lazy) started at 1:58:29 pm
2023-11-03T05:58:48.957Z - info: Building assets...
2023-11-03T05:58:56.706Z - info: Assets built
2023-11-03T05:58:56.707Z - info: Generating landing page...
2023-11-03T05:58:58.349Z - info: Landing page built, other pages will be built as you navigate to them!
2023-11-03T05:58:59.338Z - info: Site data built
2023-11-03T05:58:59.338Z - info: Website generation (lazy) complete! Total build time: 29.431s
2023-11-03T05:59:00.210Z - info: Serving "C:\repos\nus-cs2103\cs2103-website-base\_site" at http://127.0.0.1:8080
2023-11-03T05:59:00.210Z - info: Press CTRL+C to stop ...
2023-11-03T05:59:22.039Z - info: Building C:\repos\nus-cs2103\cs2103-website-base\admin\index as some of its dependencies were changed since the last visit
2023-11-03T05:59:22.549Z - info: Site data built
2023-11-03T05:59:22.549Z - info: Lazy website regeneration complete! Total build time: 0.51s
2023-11-03T05:59:28.049Z - info: Building C:\repos\nus-cs2103\cs2103-website-base\admin\tp-ped as some of its dependencies were changed since the last visit
2023-11-03T05:59:29.323Z - info: Site data built
2023-11-03T05:59:29.324Z - info: Lazy website regeneration complete! Total build time: 1.275s
2023-11-03T06:06:29.861Z - info: [2:06:29 pm] Reload for file change: C:\repos\nus-cs2103\cs2103-website-base\admin\tp-ped.md
2023-11-03T06:06:29.862Z - info: Synchronizing opened pages list before reload
2023-11-03T06:06:29.863Z - info: Current opened pages, from most-to-least recent:
2023-11-03T06:06:29.863Z - info: 1. admin/tp-ped
2023-11-03T06:06:30.883Z - info: Rebuilding 1 pages
2023-11-03T06:06:32.278Z - info: Site data built
2023-11-03T06:06:32.278Z - info: Pages rebuilt
2023-11-03T06:06:32.278Z - info: Website regeneration complete! Total build time: 1.397s
2023-11-03T06:06:40.543Z - info: Building C:\repos\nus-cs2103\cs2103-website-base\admin\tp-pe as some of its dependencies were changed since the last visit
2023-11-03T06:06:41.531Z - info: Site data built
2023-11-03T06:06:41.531Z - info: Lazy website regeneration complete! Total build time: 0.989s
2023-11-03T06:09:48.202Z - info: [2:09:48 pm] Reload for file change: C:\repos\nus-cs2103\cs2103-website-base\common\macros.njk
2023-11-03T06:09:48.203Z - info: Synchronizing opened pages list before reload
2023-11-03T06:09:48.203Z - info: Current opened pages, from most-to-least recent:
2023-11-03T06:09:48.204Z - info: 1. admin/tp-pe
2023-11-03T06:09:49.252Z - warn:  Template render error: (C:\repos\nus-cs2103\cs2103-website-base\_markbind\layouts\schedule-layout.md)
  Template render error: (C:\repos\nus-cs2103\cs2103-website-base\_markbind\layouts\schedule-layout.md)
  Template render error: (C:\repos\nus-cs2103\cs2103-website-base\_markbind\layouts\css.md)
  Template render error: (C:\repos\nus-cs2103\cs2103-website-base\_markbind\layouts\schedule-layout.md)
  Template render error: (C:\repos\nus-cs2103\cs2103-website-base\_markbind\layouts\header.md)
  Template render error: (C:\repos\nus-cs2103\cs2103-website-base\_markbind\layouts\schedule-layout.md)
  Template render error: (C:\repos\nus-cs2103\cs2103-website-base\_markbind\layouts\header.md) [Line 109, Column 81]
  expected block end in if statement
    at Object._prettifyError (C:\Users\dcsdcr\AppData\Roaming\npm\node_modules\markbind-cli\node_modules\nunjucks\src\lib.js:36:11)
    at C:\Users\dcsdcr\AppData\Roaming\npm\node_modules\markbind-cli\node_modules\@markbind\core\src\patches\nunjucks\context-overrides-frame.js:383:17
    at Template.root [as rootRenderFunc] (eval at _compile (C:\Users\dcsdcr\AppData\Roaming\npm\node_modules\markbind-cli\node_modules\nunjucks\src\environment.js:631:18), <anonymous>:96:3)
    at Template.render (C:\Users\dcsdcr\AppData\Roaming\npm\node_modules\markbind-cli\node_modules\@markbind\core\src\patches\nunjucks\context-overrides-frame.js:372:8)
    at C:\Users\dcsdcr\AppData\Roaming\npm\node_modules\markbind-cli\node_modules\@markbind\core\src\patches\nunjucks\context-overrides-frame.js:54:25
    at createTemplate (C:\Users\dcsdcr\AppData\Roaming\npm\node_modules\markbind-cli\node_modules\@markbind\core\src\patches\nunjucks\load-event.js:121:7)
    at handle (C:\Users\dcsdcr\AppData\Roaming\npm\node_modules\markbind-cli\node_modules\@markbind\core\src\patches\nunjucks\load-event.js:133:9)
    at C:\Users\dcsdcr\AppData\Roaming\npm\node_modules\markbind-cli\node_modules\@markbind\core\src\patches\nunjucks\load-event.js:145:7
    at next (C:\Users\dcsdcr\AppData\Roaming\npm\node_modules\markbind-cli\node_modules\nunjucks\src\lib.js:326:7)
    at Object.asyncIter (C:\Users\dcsdcr\AppData\Roaming\npm\node_modules\markbind-cli\node_modules\nunjucks\src\lib.js:332:3)
    at Environment.getTemplate (C:\Users\dcsdcr\AppData\Roaming\npm\node_modules\markbind-cli\node_modules\@markbind\core\src\patches\nunjucks\load-event.js:127:7)
    at Environment.render (C:\Users\dcsdcr\AppData\Roaming\npm\node_modules\markbind-cli\node_modules\@markbind\core\src\patches\nunjucks\context-overrides-frame.js:48:8)
    at VariableRenderer.renderFile (C:\Users\dcsdcr\AppData\Roaming\npm\node_modules\markbind-cli\node_modules\@markbind\core\src\variables\VariableRenderer.js:73:24)
    at VariableProcessor.renderWithSiteVariables (C:\Users\dcsdcr\AppData\Roaming\npm\node_modules\markbind-cli\node_modules\@markbind\core\src\variables\VariableProcessor.js:154:57)
    at Layout.generate (C:\Users\dcsdcr\AppData\Roaming\npm\node_modules\markbind-cli\node_modules\@markbind\core\src\Layout\Layout.js:48:51)
    at C:\Users\dcsdcr\AppData\Roaming\npm\node_modules\markbind-cli\node_modules\@markbind\core\src\Layout\LayoutManager.js:35:33
2023-11-03T06:10:08.020Z - info: [2:10:08 pm] Reload for file change: C:\repos\nus-cs2103\cs2103-website-base\common\macros.njk
2023-11-03T06:10:08.021Z - info: Synchronizing opened pages list before reload
2023-11-03T06:10:08.021Z - info: No pages are currently opened
2023-11-03T06:10:09.030Z - info: No pages needed to be rebuilt
2023-11-03T06:10:14.397Z - info: Building C:\repos\nus-cs2103\cs2103-website-base\admin\tp-pe as some of its dependencies were changed since the last visit
2023-11-03T06:10:15.287Z - info: Site data built
2023-11-03T06:10:15.288Z - info: Lazy website regeneration complete! Total build time: 0.891s
2023-11-03T06:10:41.806Z - info: Website generation (lazy) started at 2:10:41 pm
2023-11-03T06:10:53.288Z - info: Building assets...
2023-11-03T06:11:00.747Z - info: Assets built
2023-11-03T06:11:00.748Z - info: Generating landing page...
2023-11-03T06:11:02.328Z - info: Landing page built, other pages will be built as you navigate to them!
2023-11-03T06:11:03.338Z - info: Site data built
2023-11-03T06:11:03.338Z - info: Website generation (lazy) complete! Total build time: 21.57s
2023-11-03T06:11:04.199Z - info: Serving "C:\repos\nus-cs2103\cs2103-website-base\_site" at http://127.0.0.1:8080
2023-11-03T06:11:04.199Z - info: Press CTRL+C to stop ...
2023-11-03T06:11:16.385Z - info: Building C:\repos\nus-cs2103\cs2103-website-base\schedule\week11\project as some of its dependencies were changed since the last visit
2023-11-03T06:11:22.744Z - info: Site data built
2023-11-03T06:11:22.745Z - info: Lazy website regeneration complete! Total build time: 6.361s
2023-11-03T06:11:42.803Z - info: Building C:\repos\nus-cs2103\cs2103-website-base\schedule\week12\project as some of its dependencies were changed since the last visit
2023-11-03T06:11:47.171Z - info: Site data built
2023-11-03T06:11:47.172Z - info: Lazy website regeneration complete! Total build time: 4.368s
2023-11-03T06:12:23.550Z - info: Building C:\repos\nus-cs2103\cs2103-website-base\schedule\week12\admin as some of its dependencies were changed since the last visit
2023-11-03T06:12:24.461Z - info: Site data built
2023-11-03T06:12:24.461Z - info: Lazy website regeneration complete! Total build time: 0.911s
2023-11-03T06:12:35.322Z - info: Building C:\repos\nus-cs2103\cs2103-website-base\schedule\week3\admin as some of its dependencies were changed since the last visit
2023-11-03T06:12:36.238Z - info: Site data built
2023-11-03T06:12:36.239Z - info: Lazy website regeneration complete! Total build time: 0.917s
2023-11-03T06:12:42.687Z - info: Building C:\repos\nus-cs2103\cs2103-website-base\admin\tutorials as some of its dependencies were changed since the last visit
2023-11-03T06:12:43.135Z - info: Site data built
2023-11-03T06:12:43.136Z - info: Lazy website regeneration complete! Total build time: 0.448s
2023-11-03T06:13:26.994Z - info: Website generation started at 2:13:25 pm
2023-11-03T06:13:37.142Z - info: Building assets...
2023-11-03T06:13:44.114Z - info: Assets built
2023-11-03T06:13:44.115Z - info: Generating pages...
2023-11-03T06:14:01.779Z - debug:  
2023-11-03T06:14:05.160Z - debug:  
2023-11-03T06:14:05.162Z - debug:  
2023-11-03T06:14:05.163Z - debug:  
2023-11-03T06:14:05.163Z - debug:  
2023-11-03T06:14:05.164Z - debug:  
2023-11-03T06:14:05.164Z - debug:  
2023-11-03T06:14:05.164Z - debug:  
2023-11-03T06:14:05.165Z - debug:  
2023-11-03T06:14:05.165Z - debug:  
2023-11-03T06:14:05.165Z - debug:  
2023-11-03T06:14:05.165Z - debug:  
2023-11-03T06:14:05.166Z - debug:  
2023-11-03T06:14:05.166Z - debug:  
2023-11-03T06:14:05.167Z - debug:  
2023-11-03T06:14:05.167Z - debug:  
2023-11-03T06:16:06.293Z - debug:  
2023-11-03T06:16:22.370Z - debug:  
2023-11-03T06:16:22.394Z - debug:  
2023-11-03T06:16:34.817Z - info: Pages built
2023-11-03T06:16:35.741Z - info: Site data built
2023-11-03T06:16:35.741Z - info: Website generation complete! Total build time: 190.726s
2023-11-03T06:16:35.741Z - info: Build success!
2023-11-03T06:24:37.654Z - info: The website has been deployed at: https://nus-cs2103-ay2324s1.github.io/website
2023-11-03T13:01:13.076Z - info: Website generation started at 9:01:05 pm
2023-11-03T13:01:26.692Z - info: Building assets...
