2023-10-20T05:42:51.840Z - info: Website generation (lazy) started at 1:42:42 pm
2023-10-20T05:43:09.433Z - info: Building assets...
2023-10-20T05:43:21.141Z - info: Assets built
2023-10-20T05:43:21.143Z - info: Generating landing page...
2023-10-20T05:43:24.603Z - info: Landing page built, other pages will be built as you navigate to them!
2023-10-20T05:43:27.478Z - info: Site data built
2023-10-20T05:43:27.479Z - info: Website generation (lazy) complete! Total build time: 44.553s
2023-10-20T05:43:28.903Z - info: Serving "C:\repos\nus-cs2103\cs2103-website-base\_site" at http://127.0.0.1:8080
2023-10-20T05:43:28.903Z - info: Press CTRL+C to stop ...
2023-10-20T05:43:33.675Z - info: [1:43:33 pm] Reload for file change: C:\repos\nus-cs2103\cs2103-website-base\admin\tp-tasks-fragment.md
2023-10-20T05:43:33.676Z - info: Synchronizing opened pages list before reload
2023-10-20T05:43:33.676Z - info: No pages are currently opened
2023-10-20T05:43:35.198Z - info: No pages needed to be rebuilt
2023-10-20T05:44:26.523Z - info: [1:44:26 pm] Reload for file change: C:\repos\nus-cs2103\cs2103-website-base\admin\tp-tasks-fragment.md
2023-10-20T05:44:26.524Z - info: Synchronizing opened pages list before reload
2023-10-20T05:44:26.524Z - info: Current opened pages, from most-to-least recent:
2023-10-20T05:44:26.525Z - info: 1. index
2023-10-20T05:44:27.543Z - info: Rebuilding 1 pages
2023-10-20T05:44:29.941Z - info: Site data built
2023-10-20T05:44:29.942Z - info: Pages rebuilt
2023-10-20T05:44:29.942Z - info: Website regeneration complete! Total build time: 2.401s
2023-10-20T05:44:30.841Z - info: Building C:\repos\nus-cs2103\cs2103-website-base\schedule\week9\project as some of its dependencies were changed since the last visit
2023-10-20T05:44:31.854Z - info: Site data built
2023-10-20T05:44:31.855Z - info: Lazy website regeneration complete! Total build time: 1.013s
2023-10-20T05:46:27.700Z - info: [1:46:27 pm] Reload for file change: C:\repos\nus-cs2103\cs2103-website-base\admin\tp-tasks-fragment.md
2023-10-20T05:46:27.701Z - info: Synchronizing opened pages list before reload
2023-10-20T05:46:27.702Z - info: Current opened pages, from most-to-least recent:
2023-10-20T05:46:27.702Z - info: 1. schedule/week9/project
2023-10-20T05:46:28.713Z - info: Rebuilding 1 pages
2023-10-20T05:46:30.361Z - info: Site data built
2023-10-20T05:46:30.361Z - info: Pages rebuilt
2023-10-20T05:46:30.362Z - info: Website regeneration complete! Total build time: 1.651s
2023-10-20T05:46:54.479Z - info: [1:46:54 pm] Reload for file change: C:\repos\nus-cs2103\cs2103-website-base\admin\tp-tasks-fragment.md
2023-10-20T05:46:54.480Z - info: Synchronizing opened pages list before reload
2023-10-20T05:46:54.480Z - info: Current opened pages, from most-to-least recent:
2023-10-20T05:46:54.480Z - info: 1. schedule/week9/project
2023-10-20T05:46:55.491Z - info: Rebuilding 1 pages
2023-10-20T05:46:57.008Z - info: Site data built
2023-10-20T05:46:57.009Z - info: Pages rebuilt
2023-10-20T05:46:57.009Z - info: Website regeneration complete! Total build time: 1.52s
2023-10-20T05:47:27.703Z - info: [1:47:27 pm] Reload for file change: C:\repos\nus-cs2103\cs2103-website-base\admin\tp-tasks-fragment.md
2023-10-20T05:47:27.703Z - info: Synchronizing opened pages list before reload
2023-10-20T05:47:27.704Z - info: Current opened pages, from most-to-least recent:
2023-10-20T05:47:27.704Z - info: 1. schedule/week9/project
2023-10-20T05:47:28.716Z - info: Rebuilding 1 pages
2023-10-20T05:47:30.085Z - info: Site data built
2023-10-20T05:47:30.086Z - info: Pages rebuilt
2023-10-20T05:47:30.086Z - info: Website regeneration complete! Total build time: 1.372s
2023-10-20T05:48:15.232Z - info: [1:48:15 pm] Reload for file change: C:\repos\nus-cs2103\cs2103-website-base\admin\tp-tasks-fragment.md
2023-10-20T05:48:15.233Z - info: Synchronizing opened pages list before reload
2023-10-20T05:48:15.233Z - info: Current opened pages, from most-to-least recent:
2023-10-20T05:48:15.233Z - info: 1. schedule/week9/project
2023-10-20T05:48:16.252Z - info: Rebuilding 1 pages
2023-10-20T05:48:17.866Z - info: Site data built
2023-10-20T05:48:17.866Z - info: Pages rebuilt
2023-10-20T05:48:17.866Z - info: Website regeneration complete! Total build time: 1.616s
2023-10-20T05:49:53.125Z - info: [1:49:53 pm] Reload for file change: C:\repos\nus-cs2103\cs2103-website-base\admin\tp-tasks-fragment.md
2023-10-20T05:49:53.126Z - info: Synchronizing opened pages list before reload
2023-10-20T05:49:53.126Z - info: Current opened pages, from most-to-least recent:
2023-10-20T05:49:53.126Z - info: 1. schedule/week9/project
2023-10-20T05:49:54.146Z - info: Rebuilding 1 pages
2023-10-20T05:49:55.608Z - info: Site data built
2023-10-20T05:49:55.608Z - info: Pages rebuilt
2023-10-20T05:49:55.609Z - info: Website regeneration complete! Total build time: 1.465s
2023-10-20T05:50:22.384Z - info: [1:50:22 pm] Reload for file change: C:\repos\nus-cs2103\cs2103-website-base\admin\tp-tasks-fragment.md
2023-10-20T05:50:22.385Z - info: Synchronizing opened pages list before reload
2023-10-20T05:50:22.385Z - info: Current opened pages, from most-to-least recent:
2023-10-20T05:50:22.385Z - info: 1. schedule/week9/project
2023-10-20T05:50:23.402Z - info: Rebuilding 1 pages
2023-10-20T05:50:24.826Z - info: Site data built
2023-10-20T05:50:24.827Z - info: Pages rebuilt
2023-10-20T05:50:24.827Z - info: Website regeneration complete! Total build time: 1.426s
2023-10-20T05:50:32.133Z - info: Building C:\repos\nus-cs2103\cs2103-website-base\admin\teamList as some of its dependencies were changed since the last visit
2023-10-20T05:50:34.083Z - info: Site data built
2023-10-20T05:50:34.084Z - info: Lazy website regeneration complete! Total build time: 1.95s
2023-10-20T05:51:22.355Z - info: [1:51:22 pm] Reload for file change: C:\repos\nus-cs2103\cs2103-website-base\admin\tp-tasks-fragment.md
2023-10-20T05:51:22.355Z - info: Synchronizing opened pages list before reload
2023-10-20T05:51:22.356Z - info: Current opened pages, from most-to-least recent:
2023-10-20T05:51:22.356Z - info: 1. schedule/week9/project
2023-10-20T05:51:23.373Z - info: Rebuilding 1 pages
2023-10-20T05:51:24.824Z - info: Site data built
2023-10-20T05:51:24.824Z - info: Pages rebuilt
2023-10-20T05:51:24.824Z - info: Website regeneration complete! Total build time: 1.453s
2023-10-20T05:52:23.045Z - info: Website generation started at 1:52:20 pm
2023-10-20T05:52:34.674Z - info: Building assets...
2023-10-20T05:52:43.243Z - info: Assets built
2023-10-20T05:52:43.244Z - info: Generating pages...
2023-10-20T05:53:07.840Z - debug:  
2023-10-20T05:53:07.840Z - debug:  
2023-10-20T05:53:07.840Z - debug:  
2023-10-20T05:53:07.841Z - debug:  
2023-10-20T05:53:07.841Z - debug:  
2023-10-20T05:53:07.841Z - debug:  
2023-10-20T05:53:07.841Z - debug:  
2023-10-20T05:53:07.841Z - debug:  
2023-10-20T05:53:07.841Z - debug:  
2023-10-20T05:53:07.842Z - debug:  
2023-10-20T05:53:07.842Z - debug:  
2023-10-20T05:53:07.843Z - debug:  
2023-10-20T05:53:07.843Z - debug:  
2023-10-20T05:53:07.843Z - debug:  
2023-10-20T05:53:07.844Z - debug:  
2023-10-20T05:53:07.844Z - debug:  
2023-10-20T05:55:19.224Z - debug:  
2023-10-20T05:55:35.485Z - debug:  
2023-10-20T05:55:35.500Z - debug:  
2023-10-20T05:55:49.705Z - info: Pages built
2023-10-20T05:55:50.808Z - info: Site data built
2023-10-20T05:55:50.809Z - info: Website generation complete! Total build time: 210.25s
2023-10-20T05:55:50.809Z - info: Build success!
2023-10-20T05:58:18.475Z - info: The website has been deployed at: https://nus-cs2103-ay2324s1.github.io/website
2023-10-20T11:05:25.686Z - info: Website generation started at 7:05:16 pm
2023-10-20T11:05:39.735Z - info: Building assets...
2023-10-20T11:05:48.978Z - info: Assets built
2023-10-20T11:05:48.979Z - info: Generating pages...
2023-10-20T11:06:09.667Z - debug:  
2023-10-20T11:06:09.731Z - debug:  
2023-10-20T11:06:09.732Z - debug:  
2023-10-20T11:06:09.732Z - debug:  
2023-10-20T11:06:09.733Z - debug:  
2023-10-20T11:06:09.733Z - debug:  
2023-10-20T11:06:09.744Z - debug:  
2023-10-20T11:06:09.744Z - debug:  
2023-10-20T11:06:09.745Z - debug:  
2023-10-20T11:06:09.745Z - debug:  
2023-10-20T11:06:09.752Z - debug:  
2023-10-20T11:06:09.764Z - debug:  
2023-10-20T11:06:09.764Z - debug:  
2023-10-20T11:06:11.887Z - debug:  
2023-10-20T11:06:11.889Z - debug:  
2023-10-20T11:06:11.889Z - debug:  
2023-10-20T11:08:09.887Z - debug:  
2023-10-20T11:08:23.226Z - debug:  
2023-10-20T11:08:23.269Z - debug:  
2023-10-20T11:08:33.743Z - info: Pages built
2023-10-20T11:08:34.617Z - info: Site data built
2023-10-20T11:08:34.617Z - info: Website generation complete! Total build time: 197.638s
2023-10-20T11:08:34.618Z - info: Build success!
2023-10-20T11:10:36.880Z - info: The website has been deployed at: https://nus-cs2103-ay2324s1.github.io/website
