2023-08-04T17:07:59.197Z - info: Website generation (lazy) started at 1:07:53 am
2023-08-04T17:08:09.916Z - info: Building assets...
2023-08-04T17:08:16.064Z - info: Assets built
2023-08-04T17:08:16.064Z - info: Generating landing page...
2023-08-04T17:08:16.686Z - info: Landing page built, other pages will be built as you navigate to them!
2023-08-04T17:08:18.107Z - info: Site data built
2023-08-04T17:08:18.108Z - info: Website generation (lazy) complete! Total build time: 24.456s
2023-08-04T17:08:18.831Z - info: Serving "C:\repos\nus-cs2103\cs2103-website-base\_site" at http://127.0.0.1:8080
2023-08-04T17:08:18.831Z - info: Press CTRL+C to stop ...
2023-08-04T17:08:34.526Z - info: Building C:\repos\nus-cs2103\cs2103-website-base\schedule\week6\index as some of its dependencies were changed since the last visit
2023-08-04T17:08:35.456Z - info: Site data built
2023-08-04T17:08:35.456Z - info: Lazy website regeneration complete! Total build time: 0.931s
2023-08-04T17:08:40.493Z - info: Building C:\repos\nus-cs2103\cs2103-website-base\schedule\week6\project as some of its dependencies were changed since the last visit
2023-08-04T17:08:43.053Z - info: Site data built
2023-08-04T17:08:43.053Z - info: Lazy website regeneration complete! Total build time: 2.561s
2023-08-04T17:51:39.202Z - info: [1:51:39 am] Reload for file change: C:\repos\nus-cs2103\cs2103-website-base\_markbind\variables.md
2023-08-04T17:51:39.203Z - info: Synchronizing opened pages list before reload
2023-08-04T17:51:39.203Z - info: Current opened pages, from most-to-least recent:
2023-08-04T17:51:39.204Z - info: 1. schedule/week6/project
2023-08-04T17:51:40.333Z - warn: Rebuilding all pages as variables file was changed, or the --force-reload flag was set
2023-08-04T17:51:40.337Z - info: Rebuilding 1 pages
2023-08-04T17:51:42.530Z - info: Site data built
2023-08-04T17:51:42.531Z - info: Pages rebuilt
2023-08-04T17:51:42.531Z - info: Website regeneration complete! Total build time: 2.317s
2023-08-04T17:51:52.932Z - info: Building C:\repos\nus-cs2103\cs2103-website-base\schedule\week13\index as some of its dependencies were changed since the last visit
2023-08-04T17:51:53.513Z - info: Site data built
2023-08-04T17:51:53.513Z - info: Lazy website regeneration complete! Total build time: 0.582s
2023-08-04T17:54:49.738Z - info: [1:54:49 am] Reload for file change: C:\repos\nus-cs2103\cs2103-website-base\_course-CS2103\weeklyTpTasks-fragment.md
2023-08-04T17:54:49.738Z - info: Synchronizing opened pages list before reload
2023-08-04T17:54:49.739Z - info: Current opened pages, from most-to-least recent:
2023-08-04T17:54:49.739Z - info: 1. schedule/week13/index
2023-08-04T17:54:50.973Z - info: Rebuilding 1 pages
2023-08-04T17:54:51.574Z - info: Site data built
2023-08-04T17:54:51.574Z - info: Pages rebuilt
2023-08-04T17:54:51.574Z - info: Website regeneration complete! Total build time: 0.601s
2023-08-04T17:55:02.124Z - info: Building C:\repos\nus-cs2103\cs2103-website-base\schedule\week13\project as some of its dependencies were changed since the last visit
2023-08-04T17:55:04.377Z - info: Site data built
2023-08-04T17:55:04.378Z - info: Lazy website regeneration complete! Total build time: 2.254s
2023-08-04T17:55:23.039Z - info: [1:55:23 am] Reload for file change: C:\repos\nus-cs2103\cs2103-website-base\_course-CS2103\weeklyTpTasks-fragment.md
2023-08-04T17:55:23.040Z - info: Synchronizing opened pages list before reload
2023-08-04T17:55:23.040Z - info: Current opened pages, from most-to-least recent:
2023-08-04T17:55:23.040Z - info: 1. schedule/week13/project
2023-08-04T17:55:24.248Z - info: Rebuilding 1 pages
2023-08-04T17:55:26.296Z - info: Site data built
2023-08-04T17:55:26.296Z - info: Pages rebuilt
2023-08-04T17:55:26.296Z - info: Website regeneration complete! Total build time: 2.049s
2023-08-04T17:55:49.750Z - info: [1:55:49 am] Reload for file change: C:\repos\nus-cs2103\cs2103-website-base\_course-CS2103\weeklyTpTasks-fragment.md
2023-08-04T17:55:49.751Z - info: Synchronizing opened pages list before reload
2023-08-04T17:55:49.752Z - info: Current opened pages, from most-to-least recent:
2023-08-04T17:55:49.752Z - info: 1. schedule/week13/project
2023-08-04T17:55:50.979Z - info: Rebuilding 1 pages
2023-08-04T17:55:53.012Z - info: Site data built
2023-08-04T17:55:53.012Z - info: Pages rebuilt
2023-08-04T17:55:53.012Z - info: Website regeneration complete! Total build time: 2.034s
2023-08-04T17:58:54.093Z - info: Website generation (lazy) started at 1:58:52 am
2023-08-04T17:59:06.057Z - info: Building assets...
2023-08-04T17:59:13.375Z - info: Assets built
2023-08-04T17:59:13.376Z - info: Generating landing page...
2023-08-04T17:59:14.082Z - info: Landing page built, other pages will be built as you navigate to them!
2023-08-04T17:59:15.068Z - info: Site data built
2023-08-04T17:59:15.069Z - info: Website generation (lazy) complete! Total build time: 22.833s
2023-08-04T17:59:15.959Z - info: Serving "C:\repos\nus-cs2103\cs2103-website-base\_site" at http://127.0.0.1:8080
2023-08-04T17:59:15.959Z - info: Press CTRL+C to stop ...
2023-08-04T17:59:17.867Z - info: [1:59:17 am] Reload for file change: C:\repos\nus-cs2103\cs2103-website-base\_course-CS2103\weeklyTpTasks-fragment.md
2023-08-04T17:59:17.867Z - info: Synchronizing opened pages list before reload
2023-08-04T17:59:17.868Z - info: No pages are currently opened
2023-08-04T17:59:19.870Z - info: No pages needed to be rebuilt
2023-08-04T17:59:32.173Z - info: Building C:\repos\nus-cs2103\cs2103-website-base\schedule\week13\project as some of its dependencies were changed since the last visit
2023-08-04T17:59:34.523Z - info: Site data built
2023-08-04T17:59:34.524Z - info: Lazy website regeneration complete! Total build time: 2.351s
2023-08-04T17:59:35.625Z - info: Building C:\repos\nus-cs2103\cs2103-website-base\index as some of its dependencies were changed since the last visit
2023-08-04T17:59:35.878Z - info: Site data built
2023-08-04T17:59:35.878Z - info: Lazy website regeneration complete! Total build time: 0.253s
2023-08-04T18:00:01.017Z - info: [2:00:01 am] Reload for file change: C:\repos\nus-cs2103\cs2103-website-base\_course-CS2103\weeklyTpTasks-fragment.md
2023-08-04T18:00:01.018Z - info: Synchronizing opened pages list before reload
2023-08-04T18:00:01.019Z - info: Current opened pages, from most-to-least recent:
2023-08-04T18:00:01.019Z - info: 1. schedule/week13/project
2023-08-04T18:00:01.019Z - info: 2. index
2023-08-04T18:00:02.238Z - info: Rebuilding 2 pages
2023-08-04T18:00:04.486Z - info: Site data built
2023-08-04T18:00:04.486Z - info: Pages rebuilt
2023-08-04T18:00:04.487Z - info: Website regeneration complete! Total build time: 2.249s
2023-08-04T18:00:52.443Z - info: [2:00:52 am] Reload for file change: C:\repos\nus-cs2103\cs2103-website-base\_course-CS2103\weeklyTpTasks-fragment.md
2023-08-04T18:00:52.444Z - info: Synchronizing opened pages list before reload
2023-08-04T18:00:52.444Z - info: Current opened pages, from most-to-least recent:
2023-08-04T18:00:52.445Z - info: 1. schedule/week13/project
2023-08-04T18:00:52.445Z - info: 2. index
2023-08-04T18:00:53.665Z - info: Rebuilding 2 pages
2023-08-04T18:00:55.770Z - info: Site data built
2023-08-04T18:00:55.770Z - info: Pages rebuilt
2023-08-04T18:00:55.771Z - info: Website regeneration complete! Total build time: 2.107s
2023-08-04T18:02:12.256Z - info: Website generation started at 2:02:10 am
2023-08-04T18:02:22.185Z - info: Building assets...
2023-08-04T18:02:28.758Z - info: Assets built
2023-08-04T18:02:28.759Z - info: Generating pages...
2023-08-04T18:02:43.034Z - debug:  
2023-08-04T18:02:43.034Z - debug:  
2023-08-04T18:02:43.035Z - debug:  
2023-08-04T18:02:43.035Z - debug:  
2023-08-04T18:02:43.036Z - debug:  
2023-08-04T18:02:43.038Z - debug:  
2023-08-04T18:02:43.038Z - debug:  
2023-08-04T18:02:43.039Z - debug:  
2023-08-04T18:02:43.039Z - debug:  
2023-08-04T18:02:43.044Z - debug:  
2023-08-04T18:02:43.044Z - debug:  
2023-08-04T18:02:43.046Z - debug:  
2023-08-04T18:02:43.046Z - debug:  
2023-08-04T18:02:43.046Z - debug:  
2023-08-04T18:02:45.177Z - debug:  
2023-08-04T18:02:45.177Z - debug:  
2023-08-04T18:05:10.572Z - debug:  
2023-08-04T18:05:30.621Z - debug:  
2023-08-04T18:05:30.622Z - debug:  
2023-08-04T18:05:40.351Z - info: Pages built
2023-08-04T18:05:41.664Z - info: Site data built
2023-08-04T18:05:41.665Z - info: Website generation complete! Total build time: 211.159s
2023-08-04T18:05:41.665Z - info: Build success!
2023-08-04T18:08:42.557Z - info: The website has been deployed at: https://nus-cs2103-ay2324s1.github.io/website
2023-08-04T18:17:16.914Z - info: Website generation (lazy) started at 2:17:10 am
2023-08-04T18:17:28.271Z - info: Building assets...
2023-08-04T18:17:35.307Z - info: Assets built
2023-08-04T18:17:35.308Z - info: Generating landing page...
2023-08-04T18:17:36.066Z - info: Landing page built, other pages will be built as you navigate to them!
2023-08-04T18:17:37.263Z - info: Site data built
2023-08-04T18:17:37.263Z - info: Website generation (lazy) complete! Total build time: 26.352s
2023-08-04T18:17:38.216Z - info: Serving "C:\repos\nus-cs2103\cs2103-website-base\_site" at http://127.0.0.1:8080
2023-08-04T18:17:38.216Z - info: Press CTRL+C to stop ...
2023-08-04T18:17:53.802Z - info: Building C:\repos\nus-cs2103\cs2103-website-base\schedule\week13\index as some of its dependencies were changed since the last visit
2023-08-04T18:17:56.187Z - info: Site data built
2023-08-04T18:17:56.187Z - info: Lazy website regeneration complete! Total build time: 2.386s
2023-08-04T18:19:49.189Z - info: [2:19:49 am] Reload for file change: C:\repos\nus-cs2103\cs2103-website-base\_course-CS2113\weeklyTpTasks-fragment.md
2023-08-04T18:19:49.190Z - info: Synchronizing opened pages list before reload
2023-08-04T18:19:49.191Z - info: Current opened pages, from most-to-least recent:
2023-08-04T18:19:49.191Z - info: 1. schedule/week13/index
2023-08-04T18:19:50.430Z - info: Rebuilding 1 pages
2023-08-04T18:19:50.903Z - info: Site data built
2023-08-04T18:19:50.904Z - info: Pages rebuilt
2023-08-04T18:19:50.904Z - info: Website regeneration complete! Total build time: 0.475s
2023-08-04T18:20:23.457Z - info: Website generation started at 2:20:21 am
2023-08-04T18:20:33.874Z - info: Building assets...
2023-08-04T18:20:42.799Z - info: Assets built
2023-08-04T18:20:42.800Z - info: Generating pages...
2023-08-04T18:20:57.425Z - debug:  
2023-08-04T18:20:57.438Z - debug:  
2023-08-04T18:20:57.438Z - debug:  
2023-08-04T18:20:57.439Z - debug:  
2023-08-04T18:20:57.440Z - debug:  
2023-08-04T18:20:59.926Z - debug:  
2023-08-04T18:20:59.926Z - debug:  
2023-08-04T18:20:59.926Z - debug:  
2023-08-04T18:20:59.926Z - debug:  
2023-08-04T18:20:59.927Z - debug:  
2023-08-04T18:20:59.927Z - debug:  
2023-08-04T18:20:59.927Z - debug:  
2023-08-04T18:20:59.928Z - debug:  
2023-08-04T18:20:59.928Z - debug:  
2023-08-04T18:20:59.928Z - debug:  
2023-08-04T18:21:04.910Z - debug:  
2023-08-04T18:23:13.020Z - debug:  
2023-08-04T18:23:26.579Z - debug:  
2023-08-04T18:23:26.579Z - debug:  
2023-08-04T18:23:33.402Z - info: Pages built
2023-08-04T18:23:35.012Z - info: Site data built
2023-08-04T18:23:35.013Z - info: Website generation complete! Total build time: 193.921s
2023-08-04T18:23:35.013Z - info: Build success!
2023-08-04T18:26:23.048Z - info: The website has been deployed at: https://nus-cs2113-ay2324s1.github.io/website
2023-08-05T09:32:57.234Z - info: Website generation started at 5:32:51 pm
2023-08-05T09:33:09.264Z - info: Building assets...
2023-08-05T09:33:16.490Z - info: Assets built
2023-08-05T09:33:16.491Z - info: Generating pages...
2023-08-05T09:33:35.407Z - debug:  
2023-08-05T09:33:36.123Z - debug:  
2023-08-05T09:33:36.134Z - debug:  
2023-08-05T09:33:36.135Z - debug:  
2023-08-05T09:33:36.136Z - debug:  
2023-08-05T09:33:36.137Z - debug:  
2023-08-05T09:33:36.137Z - debug:  
2023-08-05T09:33:36.138Z - debug:  
2023-08-05T09:33:36.138Z - debug:  
2023-08-05T09:33:36.139Z - debug:  
2023-08-05T09:33:36.149Z - debug:  
2023-08-05T09:33:38.741Z - debug:  
2023-08-05T09:33:38.741Z - debug:  
2023-08-05T09:33:38.741Z - debug:  
2023-08-05T09:33:38.742Z - debug:  
2023-08-05T09:33:38.742Z - debug:  
2023-08-05T09:35:46.109Z - debug:  
2023-08-05T09:36:00.741Z - debug:  
2023-08-05T09:36:00.741Z - debug:  
2023-08-05T09:36:07.536Z - info: Pages built
2023-08-05T09:36:08.542Z - info: Site data built
2023-08-05T09:36:08.542Z - info: Website generation complete! Total build time: 197.33s
2023-08-05T09:36:08.542Z - info: Build success!
2023-08-05T09:41:15.943Z - info: The website has been deployed at: https://nus-cs2103-ay2324s1.github.io/website
