2023-10-28T03:54:10.825Z - info: Website generation (lazy) started at 11:54:04 am
2023-10-28T03:54:21.725Z - info: Building assets...
2023-10-28T03:54:29.234Z - info: Assets built
2023-10-28T03:54:29.235Z - info: Generating landing page...
2023-10-28T03:54:30.924Z - info: Landing page built, other pages will be built as you navigate to them!
2023-10-28T03:54:31.982Z - info: Site data built
2023-10-28T03:54:31.983Z - info: Website generation (lazy) complete! Total build time: 27.524s
2023-10-28T03:54:32.914Z - info: Serving "C:\repos\nus-cs2103\cs2103-website-base\_site" at http://127.0.0.1:8080
2023-10-28T03:54:32.915Z - info: Press CTRL+C to stop ...
2023-10-28T03:55:12.714Z - info: Building C:\repos\nus-cs2103\cs2103-website-base\schedule\week11\project as some of its dependencies were changed since the last visit
2023-10-28T03:55:16.860Z - info: Site data built
2023-10-28T03:55:16.862Z - info: Lazy website regeneration complete! Total build time: 4.148s
2023-10-28T03:55:17.775Z - info: Building C:\repos\nus-cs2103\cs2103-website-base\schedule\week11\project as some of its dependencies were changed since the last visit
2023-10-28T03:55:19.458Z - info: Site data built
2023-10-28T03:55:19.459Z - info: Lazy website regeneration complete! Total build time: 1.685s
2023-10-28T03:55:25.820Z - info: Building C:\repos\nus-cs2103\cs2103-website-base\admin\tp-ped as some of its dependencies were changed since the last visit
2023-10-28T03:55:27.422Z - info: Site data built
2023-10-28T03:55:27.423Z - info: Lazy website regeneration complete! Total build time: 1.602s
2023-10-28T03:56:06.226Z - info: [11:56:06 am] Reload for file change: C:\repos\nus-cs2103\cs2103-website-base\admin\tp-tasks-fragment.md
2023-10-28T03:56:06.227Z - info: Synchronizing opened pages list before reload
2023-10-28T03:56:06.227Z - info: Current opened pages, from most-to-least recent:
2023-10-28T03:56:06.229Z - info: 1. admin/tp-ped
2023-10-28T03:56:06.230Z - info: 2. schedule/week11/project
2023-10-28T03:56:07.243Z - info: Rebuilding 1 pages
2023-10-28T03:56:09.996Z - info: Site data built
2023-10-28T03:56:09.997Z - info: Pages rebuilt
2023-10-28T03:56:09.997Z - info: Website regeneration complete! Total build time: 2.756s
2023-10-28T03:56:30.494Z - info: [11:56:30 am] Reload for file change: C:\repos\nus-cs2103\cs2103-website-base\admin\tp-tasks-fragment.md
2023-10-28T03:56:30.495Z - info: Synchronizing opened pages list before reload
2023-10-28T03:56:30.496Z - info: Current opened pages, from most-to-least recent:
2023-10-28T03:56:30.496Z - info: 1. admin/tp-ped
2023-10-28T03:56:30.496Z - info: 2. schedule/week11/project
2023-10-28T03:56:31.516Z - info: Rebuilding 1 pages
2023-10-28T03:56:33.415Z - error:  Error: No such file: C:\repos\nus-cs2103\cs2103-website-base\admin\tp-deliverables.◘md
Missing reference in C:\repos\nus-cs2103\cs2103-website-base\admin\tp-tasks-fragment.md
    at _checkAndWarnFileExists (C:\Users\dcsdcr\AppData\Roaming\npm\node_modules\markbind-cli\node_modules\@markbind\core\src\html\includePanelProcessor.js:57:23)
    at processInclude (C:\Users\dcsdcr\AppData\Roaming\npm\node_modules\markbind-cli\node_modules\@markbind\core\src\html\includePanelProcessor.js:178:24)
    at NodeProcessor.processNode (C:\Users\dcsdcr\AppData\Roaming\npm\node_modules\markbind-cli\node_modules\@markbind\core\src\html\NodeProcessor.js:172:71)
    at NodeProcessor.traverse (C:\Users\dcsdcr\AppData\Roaming\npm\node_modules\markbind-cli\node_modules\@markbind\core\src\html\NodeProcessor.js:326:24)
    at C:\Users\dcsdcr\AppData\Roaming\npm\node_modules\markbind-cli\node_modules\@markbind\core\src\html\NodeProcessor.js:330:22
    at Array.forEach (<anonymous>)
    at NodeProcessor.traverse (C:\Users\dcsdcr\AppData\Roaming\npm\node_modules\markbind-cli\node_modules\@markbind\core\src\html\NodeProcessor.js:329:27)
    at C:\Users\dcsdcr\AppData\Roaming\npm\node_modules\markbind-cli\node_modules\@markbind\core\src\html\NodeProcessor.js:330:22
    at Array.forEach (<anonymous>)
    at NodeProcessor.traverse (C:\Users\dcsdcr\AppData\Roaming\npm\node_modules\markbind-cli\node_modules\@markbind\core\src\html\NodeProcessor.js:329:27)
    at C:\Users\dcsdcr\AppData\Roaming\npm\node_modules\markbind-cli\node_modules\@markbind\core\src\html\NodeProcessor.js:330:22
    at Array.forEach (<anonymous>)
    at NodeProcessor.traverse (C:\Users\dcsdcr\AppData\Roaming\npm\node_modules\markbind-cli\node_modules\@markbind\core\src\html\NodeProcessor.js:329:27)
    at C:\Users\dcsdcr\AppData\Roaming\npm\node_modules\markbind-cli\node_modules\@markbind\core\src\html\NodeProcessor.js:330:22
    at Array.forEach (<anonymous>)
    at NodeProcessor.traverse (C:\Users\dcsdcr\AppData\Roaming\npm\node_modules\markbind-cli\node_modules\@markbind\core\src\html\NodeProcessor.js:329:27)
2023-10-28T03:56:33.973Z - info: Site data built
2023-10-28T03:56:33.973Z - info: Pages rebuilt
2023-10-28T03:56:33.973Z - info: Website regeneration complete! Total build time: 2.459s
2023-10-28T03:57:11.447Z - info: [11:57:11 am] Reload for file change: C:\repos\nus-cs2103\cs2103-website-base\admin\tp-tasks-fragment.md
2023-10-28T03:57:11.469Z - info: Synchronizing opened pages list before reload
2023-10-28T03:57:11.472Z - info: Current opened pages, from most-to-least recent:
2023-10-28T03:57:11.473Z - info: 1. admin/tp-ped
2023-10-28T03:57:11.473Z - info: 2. schedule/week11/project
2023-10-28T03:57:12.491Z - info: Rebuilding 1 pages
2023-10-28T03:57:15.194Z - info: Site data built
2023-10-28T03:57:15.195Z - info: Pages rebuilt
2023-10-28T03:57:15.196Z - info: Website regeneration complete! Total build time: 2.708s
2023-10-28T03:59:05.175Z - info: [11:59:05 am] Reload for file change: C:\repos\nus-cs2103\cs2103-website-base\admin\tp-testing-fragment.md
2023-10-28T03:59:05.176Z - info: Synchronizing opened pages list before reload
2023-10-28T03:59:05.176Z - info: Current opened pages, from most-to-least recent:
2023-10-28T03:59:05.177Z - info: 1. admin/tp-ped
2023-10-28T03:59:05.177Z - info: 2. schedule/week11/project
2023-10-28T03:59:06.194Z - info: Rebuilding 1 pages
2023-10-28T03:59:07.450Z - info: Site data built
2023-10-28T03:59:07.450Z - info: Pages rebuilt
2023-10-28T03:59:07.450Z - info: Website regeneration complete! Total build time: 1.259s
2023-10-28T04:02:01.408Z - info: Website generation started at 12:01:59 pm
2023-10-28T04:02:14.876Z - info: Building assets...
2023-10-28T04:02:22.343Z - info: Assets built
2023-10-28T04:02:22.344Z - info: Generating pages...
2023-10-28T04:02:44.655Z - debug:  
2023-10-28T04:02:47.612Z - debug:  
2023-10-28T04:02:47.613Z - debug:  
2023-10-28T04:02:47.613Z - debug:  
2023-10-28T04:02:47.614Z - debug:  
2023-10-28T04:02:47.614Z - debug:  
2023-10-28T04:02:47.614Z - debug:  
2023-10-28T04:02:47.617Z - debug:  
2023-10-28T04:02:47.618Z - debug:  
2023-10-28T04:02:47.618Z - debug:  
2023-10-28T04:02:47.618Z - debug:  
2023-10-28T04:02:47.619Z - debug:  
2023-10-28T04:02:47.619Z - debug:  
2023-10-28T04:02:47.620Z - debug:  
2023-10-28T04:02:47.620Z - debug:  
2023-10-28T04:02:47.620Z - debug:  
2023-10-28T04:04:54.212Z - debug:  
2023-10-28T04:05:11.085Z - debug:  
2023-10-28T04:05:11.111Z - debug:  
2023-10-28T04:05:23.822Z - info: Pages built
2023-10-28T04:05:24.753Z - info: Site data built
2023-10-28T04:05:24.753Z - info: Website generation complete! Total build time: 205.423s
2023-10-28T04:05:24.753Z - info: Build success!
2023-10-28T04:07:46.621Z - info: The website has been deployed at: https://nus-cs2103-ay2324s1.github.io/website
