2023-08-31T16:00:39.788Z - info: Website generation (lazy) started at 12:00:35 am
2023-08-31T16:00:50.534Z - info: Building assets...
2023-08-31T16:00:57.456Z - info: Assets built
2023-08-31T16:00:57.457Z - info: Generating landing page...
2023-08-31T16:00:59.430Z - info: Landing page built, other pages will be built as you navigate to them!
2023-08-31T16:01:00.336Z - info: Site data built
2023-08-31T16:01:00.336Z - info: Website generation (lazy) complete! Total build time: 24.839s
2023-08-31T16:01:01.170Z - info: Serving "C:\repos\nus-cs2103\cs2103-website-base\_site" at http://127.0.0.1:8080
2023-08-31T16:01:01.170Z - info: Press CTRL+C to stop ...
2023-08-31T16:23:27.496Z - info: Building C:\repos\nus-cs2103\cs2103-website-base\schedule\week4\index as some of its dependencies were changed since the last visit
2023-08-31T16:23:28.866Z - info: Site data built
2023-08-31T16:23:28.867Z - info: Lazy website regeneration complete! Total build time: 1.373s
2023-08-31T16:23:54.650Z - info: Building C:\repos\nus-cs2103\cs2103-website-base\schedule\week4\project as some of its dependencies were changed since the last visit
2023-08-31T16:23:56.682Z - info: Site data built
2023-08-31T16:23:56.682Z - info: Lazy website regeneration complete! Total build time: 2.033s
2023-08-31T16:24:25.035Z - info: [12:24:25 am] Reload for file change: C:\repos\nus-cs2103\cs2103-website-base\admin\ip-tasks-fragment.md
2023-08-31T16:24:25.036Z - info: Synchronizing opened pages list before reload
2023-08-31T16:24:25.036Z - info: Current opened pages, from most-to-least recent:
2023-08-31T16:24:25.037Z - info: 1. schedule/week4/project
2023-08-31T16:24:26.050Z - info: Rebuilding 1 pages
2023-08-31T16:24:27.815Z - info: Site data built
2023-08-31T16:24:27.816Z - info: Pages rebuilt
2023-08-31T16:24:27.816Z - info: Website regeneration complete! Total build time: 1.767s
2023-08-31T16:24:47.515Z - info: [12:24:47 am] Reload for file change: C:\repos\nus-cs2103\cs2103-website-base\admin\ip-tasks-fragment.md
2023-08-31T16:24:47.516Z - info: Synchronizing opened pages list before reload
2023-08-31T16:24:47.516Z - info: Current opened pages, from most-to-least recent:
2023-08-31T16:24:47.516Z - info: 1. schedule/week4/project
2023-08-31T16:24:48.537Z - info: Rebuilding 1 pages
2023-08-31T16:24:50.226Z - info: Site data built
2023-08-31T16:24:50.227Z - info: Pages rebuilt
2023-08-31T16:24:50.227Z - info: Website regeneration complete! Total build time: 1.691s
2023-08-31T16:25:04.201Z - info: [12:25:04 am] Reload for file change: C:\repos\nus-cs2103\cs2103-website-base\admin\ip-tasks-fragment.md
2023-08-31T16:25:04.201Z - info: Synchronizing opened pages list before reload
2023-08-31T16:25:04.202Z - info: Current opened pages, from most-to-least recent:
2023-08-31T16:25:04.202Z - info: 1. schedule/week4/project
2023-08-31T16:25:05.215Z - info: Rebuilding 1 pages
2023-08-31T16:25:06.519Z - info: Site data built
2023-08-31T16:25:06.519Z - info: Pages rebuilt
2023-08-31T16:25:06.519Z - info: Website regeneration complete! Total build time: 1.305s
2023-08-31T16:25:36.870Z - info: [12:25:36 am] Reload for file change: C:\repos\nus-cs2103\cs2103-website-base\admin\ip-tasks-fragment.md
2023-08-31T16:25:36.870Z - info: Synchronizing opened pages list before reload
2023-08-31T16:25:36.870Z - info: Current opened pages, from most-to-least recent:
2023-08-31T16:25:36.871Z - info: 1. schedule/week4/project
2023-08-31T16:25:37.883Z - info: Rebuilding 1 pages
2023-08-31T16:25:39.568Z - info: Site data built
2023-08-31T16:25:39.569Z - info: Pages rebuilt
2023-08-31T16:25:39.569Z - info: Website regeneration complete! Total build time: 1.687s
2023-08-31T16:25:56.611Z - info: [12:25:56 am] Reload for file change: C:\repos\nus-cs2103\cs2103-website-base\admin\ip-tasks-fragment.md
2023-08-31T16:25:56.612Z - info: Synchronizing opened pages list before reload
2023-08-31T16:25:56.613Z - info: Current opened pages, from most-to-least recent:
2023-08-31T16:25:56.613Z - info: 1. schedule/week4/project
2023-08-31T16:25:57.626Z - info: Rebuilding 1 pages
2023-08-31T16:25:59.307Z - info: Site data built
2023-08-31T16:25:59.307Z - info: Pages rebuilt
2023-08-31T16:25:59.308Z - info: Website regeneration complete! Total build time: 1.682s
2023-08-31T16:27:04.814Z - info: [12:27:04 am] Reload for file change: C:\repos\nus-cs2103\cs2103-website-base\admin\tp-tasks-fragment.md
2023-08-31T16:27:04.815Z - info: Synchronizing opened pages list before reload
2023-08-31T16:27:04.815Z - info: Current opened pages, from most-to-least recent:
2023-08-31T16:27:04.815Z - info: 1. schedule/week4/project
2023-08-31T16:27:05.830Z - info: Rebuilding 1 pages
2023-08-31T16:27:07.512Z - info: Site data built
2023-08-31T16:27:07.513Z - info: Pages rebuilt
2023-08-31T16:27:07.513Z - info: Website regeneration complete! Total build time: 1.684s
2023-08-31T16:27:55.313Z - info: Building C:\repos\nus-cs2103\cs2103-website-base\schedule\week1\index as some of its dependencies were changed since the last visit
2023-08-31T16:27:56.348Z - info: Site data built
2023-08-31T16:27:56.349Z - info: Lazy website regeneration complete! Total build time: 1.036s
2023-08-31T16:27:59.290Z - info: Building C:\repos\nus-cs2103\cs2103-website-base\schedule\week1\admin as some of its dependencies were changed since the last visit
2023-08-31T16:28:06.398Z - debug:  
2023-08-31T16:28:06.498Z - info: Site data built
2023-08-31T16:28:06.498Z - info: Lazy website regeneration complete! Total build time: 7.208s
2023-08-31T16:29:51.853Z - info: [12:29:51 am] Reload for file change: C:\repos\nus-cs2103\cs2103-website-base\admin\admin-tasks-fragment.md
2023-08-31T16:29:51.853Z - info: Synchronizing opened pages list before reload
2023-08-31T16:29:51.854Z - info: Current opened pages, from most-to-least recent:
2023-08-31T16:29:51.854Z - info: 1. schedule/week1/admin
2023-08-31T16:29:52.866Z - info: Rebuilding 1 pages
2023-08-31T16:29:54.916Z - info: Site data built
2023-08-31T16:29:54.916Z - info: Pages rebuilt
2023-08-31T16:29:54.917Z - info: Website regeneration complete! Total build time: 2.053s
2023-08-31T16:30:49.605Z - info: [12:30:49 am] Reload for file change: C:\repos\nus-cs2103\cs2103-website-base\admin\admin-tasks-fragment.md
2023-08-31T16:30:49.605Z - info: Synchronizing opened pages list before reload
2023-08-31T16:30:49.606Z - info: Current opened pages, from most-to-least recent:
2023-08-31T16:30:49.606Z - info: 1. schedule/week1/admin
2023-08-31T16:30:50.620Z - info: Rebuilding 1 pages
2023-08-31T16:30:52.576Z - info: Site data built
2023-08-31T16:30:52.576Z - info: Pages rebuilt
2023-08-31T16:30:52.577Z - info: Website regeneration complete! Total build time: 1.958s
2023-08-31T16:31:09.238Z - info: [12:31:09 am] Reload for file change: C:\repos\nus-cs2103\cs2103-website-base\admin\admin-tasks-fragment.md
2023-08-31T16:31:09.239Z - info: Synchronizing opened pages list before reload
2023-08-31T16:31:09.239Z - info: Current opened pages, from most-to-least recent:
2023-08-31T16:31:09.239Z - info: 1. schedule/week1/admin
2023-08-31T16:31:10.251Z - info: Rebuilding 1 pages
2023-08-31T16:31:12.209Z - info: Site data built
2023-08-31T16:31:12.210Z - info: Pages rebuilt
2023-08-31T16:31:12.210Z - info: Website regeneration complete! Total build time: 1.96s
2023-08-31T16:31:30.445Z - info: [12:31:30 am] Reload for file change: C:\repos\nus-cs2103\cs2103-website-base\admin\admin-tasks-fragment.md
2023-08-31T16:31:30.446Z - info: Synchronizing opened pages list before reload
2023-08-31T16:31:30.447Z - info: Current opened pages, from most-to-least recent:
2023-08-31T16:31:30.447Z - info: 1. schedule/week1/admin
2023-08-31T16:31:31.458Z - info: Rebuilding 1 pages
2023-08-31T16:31:33.341Z - info: Site data built
2023-08-31T16:31:33.341Z - info: Pages rebuilt
2023-08-31T16:31:33.342Z - info: Website regeneration complete! Total build time: 1.885s
2023-08-31T16:31:43.341Z - info: [12:31:43 am] Reload for file change: C:\repos\nus-cs2103\cs2103-website-base\admin\admin-tasks-fragment.md
2023-08-31T16:31:43.341Z - info: Synchronizing opened pages list before reload
2023-08-31T16:31:43.342Z - info: Current opened pages, from most-to-least recent:
2023-08-31T16:31:43.342Z - info: 1. schedule/week1/admin
2023-08-31T16:31:44.357Z - info: Rebuilding 1 pages
2023-08-31T16:31:45.902Z - info: Site data built
2023-08-31T16:31:45.902Z - info: Pages rebuilt
2023-08-31T16:31:45.903Z - info: Website regeneration complete! Total build time: 1.548s
2023-08-31T16:32:16.792Z - info: [12:32:16 am] Reload for file change: C:\repos\nus-cs2103\cs2103-website-base\admin\admin-tasks-fragment.md
2023-08-31T16:32:16.793Z - info: Synchronizing opened pages list before reload
2023-08-31T16:32:16.793Z - info: Current opened pages, from most-to-least recent:
2023-08-31T16:32:16.794Z - info: 1. schedule/week1/admin
2023-08-31T16:32:17.806Z - info: Rebuilding 1 pages
2023-08-31T16:32:19.700Z - info: Site data built
2023-08-31T16:32:19.701Z - info: Pages rebuilt
2023-08-31T16:32:19.701Z - info: Website regeneration complete! Total build time: 1.897s
2023-08-31T16:32:29.008Z - info: [12:32:29 am] Reload for file change: C:\repos\nus-cs2103\cs2103-website-base\admin\admin-tasks-fragment.md
2023-08-31T16:32:29.009Z - info: Synchronizing opened pages list before reload
2023-08-31T16:32:29.009Z - info: Current opened pages, from most-to-least recent:
2023-08-31T16:32:29.009Z - info: 1. schedule/week1/admin
2023-08-31T16:32:30.019Z - info: Rebuilding 1 pages
2023-08-31T16:32:31.563Z - info: Site data built
2023-08-31T16:32:31.563Z - info: Pages rebuilt
2023-08-31T16:32:31.563Z - info: Website regeneration complete! Total build time: 1.547s
2023-08-31T16:32:51.657Z - info: [12:32:51 am] Reload for file change: C:\repos\nus-cs2103\cs2103-website-base\admin\admin-tasks-fragment.md
2023-08-31T16:32:51.658Z - info: Synchronizing opened pages list before reload
2023-08-31T16:32:51.658Z - info: Current opened pages, from most-to-least recent:
2023-08-31T16:32:51.658Z - info: 1. schedule/week1/admin
2023-08-31T16:32:52.678Z - info: Rebuilding 1 pages
2023-08-31T16:32:54.593Z - info: Site data built
2023-08-31T16:32:54.593Z - info: Pages rebuilt
2023-08-31T16:32:54.594Z - info: Website regeneration complete! Total build time: 1.918s
2023-08-31T16:33:09.228Z - info: [12:33:09 am] Reload for file change: C:\repos\nus-cs2103\cs2103-website-base\common\macros.njk
2023-08-31T16:33:09.228Z - info: Synchronizing opened pages list before reload
2023-08-31T16:33:09.228Z - info: Current opened pages, from most-to-least recent:
2023-08-31T16:33:09.228Z - info: 1. schedule/week1/admin
2023-08-31T16:33:10.325Z - info: Rebuilding 1 pages
2023-08-31T16:33:12.168Z - info: Site data built
2023-08-31T16:33:12.168Z - info: Pages rebuilt
2023-08-31T16:33:12.168Z - info: Website regeneration complete! Total build time: 1.845s
2023-08-31T16:33:37.608Z - info: Building C:\repos\nus-cs2103\cs2103-website-base\admin\participation as some of its dependencies were changed since the last visit
2023-08-31T16:33:38.096Z - info: Site data built
2023-08-31T16:33:38.096Z - info: Lazy website regeneration complete! Total build time: 0.489s
2023-08-31T16:33:49.050Z - info: Building C:\repos\nus-cs2103\cs2103-website-base\schedule\week1\tutorial as some of its dependencies were changed since the last visit
2023-08-31T16:33:49.314Z - info: Site data built
2023-08-31T16:33:49.314Z - info: Lazy website regeneration complete! Total build time: 0.264s
2023-08-31T16:33:55.008Z - info: Building C:\repos\nus-cs2103\cs2103-website-base\schedule\week4\tutorial as some of its dependencies were changed since the last visit
2023-08-31T16:33:55.298Z - info: Site data built
2023-08-31T16:33:55.298Z - info: Lazy website regeneration complete! Total build time: 0.29s
2023-08-31T16:35:13.492Z - info: Website generation started at 12:35:11 am
2023-08-31T16:35:25.486Z - info: Building assets...
