2023-09-03T08:54:30.658Z - info: Website generation (lazy) started at 4:54:17 pm
2023-09-03T08:54:48.269Z - info: Building assets...
2023-09-03T08:54:57.785Z - info: Assets built
2023-09-03T08:54:57.786Z - info: Generating landing page...
2023-09-03T08:54:59.687Z - info: Landing page built, other pages will be built as you navigate to them!
2023-09-03T08:55:00.963Z - info: Site data built
2023-09-03T08:55:00.964Z - info: Website generation (lazy) complete! Total build time: 43.538s
2023-09-03T08:55:01.929Z - info: Serving "C:\repos\nus-cs2103\cs2103-website-base\_site" at http://127.0.0.1:8080
2023-09-03T08:55:01.929Z - info: Press CTRL+C to stop ...
2023-09-03T08:56:13.842Z - info: Building C:\repos\nus-cs2103\cs2103-website-base\schedule\week4\project as some of its dependencies were changed since the last visit
2023-09-03T08:56:17.900Z - info: Site data built
2023-09-03T08:56:17.901Z - info: Lazy website regeneration complete! Total build time: 4.058s
2023-09-03T08:58:09.567Z - info: Website generation (lazy) started at 4:58:07 pm
2023-09-03T08:58:21.470Z - info: Building assets...
2023-09-03T08:58:29.453Z - info: Assets built
2023-09-03T08:58:29.454Z - info: Generating landing page...
2023-09-03T08:58:31.444Z - info: Landing page built, other pages will be built as you navigate to them!
2023-09-03T08:58:32.379Z - info: Site data built
2023-09-03T08:58:32.379Z - info: Website generation (lazy) complete! Total build time: 24.95s
2023-09-03T08:58:33.584Z - info: Serving "C:\repos\nus-cs2103\cs2103-website-base\_site" at http://127.0.0.1:8080
2023-09-03T08:58:33.584Z - info: Press CTRL+C to stop ...
2023-09-03T08:59:06.476Z - info: Building C:\repos\nus-cs2103\cs2103-website-base\schedule\week4\project as some of its dependencies were changed since the last visit
2023-09-03T08:59:10.250Z - info: Site data built
2023-09-03T08:59:10.251Z - info: Lazy website regeneration complete! Total build time: 3.774s
2023-09-03T09:01:58.331Z - info: Website generation started at 5:01:56 pm
2023-09-03T09:02:09.862Z - info: Building assets...
