2023-10-03T16:07:49.006Z - info: Website generation started at 12:07:40 am
2023-10-03T16:08:04.458Z - info: Building assets...
2023-10-03T16:08:13.526Z - info: Assets built
2023-10-03T16:08:13.528Z - info: Generating pages...
2023-10-03T16:08:41.324Z - debug:  
2023-10-03T16:08:41.325Z - debug:  
2023-10-03T16:08:41.325Z - debug:  
2023-10-03T16:08:41.326Z - debug:  
2023-10-03T16:08:41.327Z - debug:  
2023-10-03T16:08:41.327Z - debug:  
2023-10-03T16:08:41.327Z - debug:  
2023-10-03T16:08:41.328Z - debug:  
2023-10-03T16:08:41.328Z - debug:  
2023-10-03T16:08:41.328Z - debug:  
2023-10-03T16:08:41.329Z - debug:  
2023-10-03T16:08:41.329Z - debug:  
2023-10-03T16:08:41.330Z - debug:  
2023-10-03T16:08:41.330Z - debug:  
2023-10-03T16:08:46.700Z - debug:  
2023-10-03T16:09:22.007Z - debug:  
2023-10-03T16:10:23.100Z - info: Pages built
2023-10-03T16:10:24.325Z - info: Site data built
2023-10-03T16:10:24.326Z - info: Website generation complete! Total build time: 164.267s
2023-10-03T16:10:24.326Z - info: Build success!
2023-10-03T16:12:06.780Z - info: The website has been deployed at: https://nus-tic2002-ay2324s1.github.io/website
2023-10-03T16:14:00.868Z - info: Website generation (lazy) started at 12:13:56 am
2023-10-03T16:14:09.900Z - info: Building assets...
2023-10-03T16:14:16.889Z - info: Assets built
2023-10-03T16:14:16.891Z - info: Generating landing page...
2023-10-03T16:14:18.320Z - info: Landing page built, other pages will be built as you navigate to them!
2023-10-03T16:14:19.622Z - info: Site data built
2023-10-03T16:14:19.623Z - info: Website generation (lazy) complete! Total build time: 23.623s
2023-10-03T16:14:20.473Z - info: Serving "C:\repos\nus-cs2103\cs2103-website-base\_site" at http://127.0.0.1:8080
2023-10-03T16:14:20.473Z - info: Press CTRL+C to stop ...
2023-10-03T16:17:51.276Z - info: Building C:\repos\nus-cs2103\cs2103-website-base\schedule\week7\admin as some of its dependencies were changed since the last visit
2023-10-03T16:17:51.815Z - info: Site data built
2023-10-03T16:17:51.816Z - info: Lazy website regeneration complete! Total build time: 0.54s
2023-10-03T16:17:59.525Z - info: Building C:\repos\nus-cs2103\cs2103-website-base\schedule\week8\admin as some of its dependencies were changed since the last visit
2023-10-03T16:18:00.075Z - info: Site data built
2023-10-03T16:18:00.075Z - info: Lazy website regeneration complete! Total build time: 0.55s
2023-10-03T16:18:27.060Z - info: [12:18:27 am] Reload for file change: C:\repos\nus-cs2103\cs2103-website-base\admin\admin-tasks-fragment.md
2023-10-03T16:18:27.060Z - info: Synchronizing opened pages list before reload
2023-10-03T16:18:27.061Z - info: Current opened pages, from most-to-least recent:
2023-10-03T16:18:27.062Z - info: 1. schedule/week8/admin
2023-10-03T16:18:28.070Z - info: Rebuilding 1 pages
2023-10-03T16:18:29.135Z - info: Site data built
2023-10-03T16:18:29.136Z - info: Pages rebuilt
2023-10-03T16:18:29.137Z - info: Website regeneration complete! Total build time: 1.068s
2023-10-03T16:19:07.571Z - info: [12:19:07 am] Reload for file change: C:\repos\nus-cs2103\cs2103-website-base\admin\admin-tasks-fragment.md
2023-10-03T16:19:07.572Z - info: Synchronizing opened pages list before reload
2023-10-03T16:19:07.573Z - info: Current opened pages, from most-to-least recent:
2023-10-03T16:19:07.573Z - info: 1. schedule/week8/admin
2023-10-03T16:19:08.587Z - info: Rebuilding 1 pages
2023-10-03T16:19:09.417Z - info: Site data built
2023-10-03T16:19:09.417Z - info: Pages rebuilt
2023-10-03T16:19:09.417Z - info: Website regeneration complete! Total build time: 0.831s
2023-10-03T16:22:10.108Z - info: [12:22:10 am] Reload for file change: C:\repos\nus-cs2103\cs2103-website-base\admin\admin-tasks-fragment.md
2023-10-03T16:22:10.108Z - info: Synchronizing opened pages list before reload
2023-10-03T16:22:10.108Z - info: Current opened pages, from most-to-least recent:
2023-10-03T16:22:10.108Z - info: 1. schedule/week8/admin
2023-10-03T16:22:11.126Z - info: Rebuilding 1 pages
2023-10-03T16:22:11.869Z - info: Site data built
2023-10-03T16:22:11.870Z - info: Pages rebuilt
2023-10-03T16:22:11.870Z - info: Website regeneration complete! Total build time: 0.746s
2023-10-03T16:22:21.595Z - info: [12:22:21 am] Reload for file change: C:\repos\nus-cs2103\cs2103-website-base\admin\admin-tasks-fragment.md
2023-10-03T16:22:21.596Z - info: Synchronizing opened pages list before reload
2023-10-03T16:22:21.596Z - info: Current opened pages, from most-to-least recent:
2023-10-03T16:22:21.596Z - info: 1. schedule/week8/admin
2023-10-03T16:22:22.607Z - info: Rebuilding 1 pages
2023-10-03T16:22:23.185Z - info: Site data built
2023-10-03T16:22:23.186Z - info: Pages rebuilt
2023-10-03T16:22:23.186Z - info: Website regeneration complete! Total build time: 0.58s
2023-10-03T16:22:55.173Z - info: Building C:\repos\nus-cs2103\cs2103-website-base\schedule\week8\topics as some of its dependencies were changed since the last visit
2023-10-03T16:23:14.250Z - debug:  
2023-10-03T16:23:14.250Z - debug:  
2023-10-03T16:23:14.251Z - debug:  
2023-10-03T16:23:14.256Z - debug:  
2023-10-03T16:23:14.759Z - debug:  
2023-10-03T16:23:15.229Z - debug:  
2023-10-03T16:23:15.234Z - debug:  
2023-10-03T16:23:15.737Z - debug:  
2023-10-03T16:23:15.856Z - debug:  
2023-10-03T16:23:16.358Z - debug:  
2023-10-03T16:23:16.464Z - debug:  
2023-10-03T16:23:16.805Z - debug:  
2023-10-03T16:23:16.834Z - debug:  
2023-10-03T16:23:17.159Z - info: Site data built
2023-10-03T16:23:17.160Z - info: Lazy website regeneration complete! Total build time: 21.986s
2023-10-03T16:42:59.578Z - info: Building C:\repos\nus-cs2103\cs2103-website-base\schedule\week8\project as some of its dependencies were changed since the last visit
2023-10-03T16:43:01.951Z - info: Site data built
2023-10-03T16:43:01.951Z - info: Lazy website regeneration complete! Total build time: 2.373s
2023-10-03T16:52:09.063Z - info: [12:52:09 am] Reload for file change: C:\repos\nus-cs2103\cs2103-website-base\admin\ip-tasks-fragment.md
2023-10-03T16:52:09.064Z - info: Synchronizing opened pages list before reload
2023-10-03T16:52:09.064Z - info: Current opened pages, from most-to-least recent:
2023-10-03T16:52:09.065Z - info: 1. schedule/week8/project
2023-10-03T16:52:10.083Z - info: Rebuilding 1 pages
2023-10-03T16:52:13.125Z - info: Site data built
2023-10-03T16:52:13.126Z - info: Pages rebuilt
2023-10-03T16:52:13.126Z - info: Website regeneration complete! Total build time: 3.045s
2023-10-03T16:53:39.609Z - info: [12:53:39 am] Reload for file change: C:\repos\nus-cs2103\cs2103-website-base\admin\ip-tasks-fragment.md
2023-10-03T16:53:39.610Z - info: Synchronizing opened pages list before reload
2023-10-03T16:53:39.610Z - info: Current opened pages, from most-to-least recent:
2023-10-03T16:53:39.611Z - info: 1. schedule/week8/project
2023-10-03T16:53:40.623Z - info: Rebuilding 1 pages
2023-10-03T16:53:42.798Z - info: Site data built
2023-10-03T16:53:42.798Z - info: Pages rebuilt
2023-10-03T16:53:42.798Z - info: Website regeneration complete! Total build time: 2.177s
2023-10-03T16:57:10.743Z - info: [12:57:10 am] Reload for file change: C:\repos\nus-cs2103\cs2103-website-base\admin\tp-tasks-fragment.md
2023-10-03T16:57:10.743Z - info: Synchronizing opened pages list before reload
2023-10-03T16:57:10.744Z - info: Current opened pages, from most-to-least recent:
2023-10-03T16:57:10.744Z - info: 1. schedule/week8/project
2023-10-03T16:57:11.765Z - info: Rebuilding 1 pages
2023-10-03T16:57:14.920Z - info: Site data built
2023-10-03T16:57:14.920Z - info: Pages rebuilt
2023-10-03T16:57:14.920Z - info: Website regeneration complete! Total build time: 3.157s
2023-10-03T16:58:17.939Z - info: [12:58:17 am] Reload for file change: C:\repos\nus-cs2103\cs2103-website-base\admin\tp-tasks-fragment.md
2023-10-03T16:58:17.939Z - info: Synchronizing opened pages list before reload
2023-10-03T16:58:17.940Z - info: Current opened pages, from most-to-least recent:
2023-10-03T16:58:17.940Z - info: 1. schedule/week8/project
2023-10-03T16:58:18.963Z - info: Rebuilding 1 pages
2023-10-03T16:58:21.235Z - info: Site data built
2023-10-03T16:58:21.235Z - info: Pages rebuilt
2023-10-03T16:58:21.235Z - info: Website regeneration complete! Total build time: 2.273s
2023-10-03T16:58:33.790Z - info: [12:58:33 am] Reload for file change: C:\repos\nus-cs2103\cs2103-website-base\admin\tp-tasks-fragment.md
2023-10-03T16:58:33.790Z - info: Synchronizing opened pages list before reload
2023-10-03T16:58:33.790Z - info: Current opened pages, from most-to-least recent:
2023-10-03T16:58:33.791Z - info: 1. schedule/week8/project
2023-10-03T16:58:34.803Z - info: Rebuilding 1 pages
2023-10-03T16:58:36.829Z - info: Site data built
2023-10-03T16:58:36.829Z - info: Pages rebuilt
2023-10-03T16:58:36.830Z - info: Website regeneration complete! Total build time: 2.027s
2023-10-03T16:59:22.530Z - info: [12:59:22 am] Reload for file change: C:\repos\nus-cs2103\cs2103-website-base\admin\tp-tasks-fragment.md
2023-10-03T16:59:22.530Z - info: Synchronizing opened pages list before reload
2023-10-03T16:59:22.531Z - info: Current opened pages, from most-to-least recent:
2023-10-03T16:59:22.532Z - info: 1. schedule/week8/project
2023-10-03T16:59:23.550Z - info: Rebuilding 1 pages
2023-10-03T16:59:26.473Z - info: Site data built
2023-10-03T16:59:26.474Z - info: Pages rebuilt
2023-10-03T16:59:26.474Z - info: Website regeneration complete! Total build time: 2.926s
2023-10-03T16:59:42.553Z - info: [12:59:42 am] Reload for file change: C:\repos\nus-cs2103\cs2103-website-base\admin\tp-tasks-fragment.md
2023-10-03T16:59:42.553Z - info: Synchronizing opened pages list before reload
2023-10-03T16:59:42.553Z - info: Current opened pages, from most-to-least recent:
2023-10-03T16:59:42.553Z - info: 1. schedule/week8/project
2023-10-03T16:59:43.575Z - info: Rebuilding 1 pages
2023-10-03T16:59:45.942Z - info: Site data built
2023-10-03T16:59:45.942Z - info: Pages rebuilt
2023-10-03T16:59:45.942Z - info: Website regeneration complete! Total build time: 2.369s
2023-10-03T17:13:57.731Z - info: [1:13:57 am] Reload for file change: C:\repos\nus-cs2103\cs2103-website-base\admin\tp-tasks-fragment.md
2023-10-03T17:13:57.732Z - info: Synchronizing opened pages list before reload
2023-10-03T17:13:57.732Z - info: Current opened pages, from most-to-least recent:
2023-10-03T17:13:57.732Z - info: 1. schedule/week8/project
2023-10-03T17:13:58.747Z - info: Rebuilding 1 pages
2023-10-03T17:14:02.146Z - info: Site data built
2023-10-03T17:14:02.147Z - info: Pages rebuilt
2023-10-03T17:14:02.147Z - info: Website regeneration complete! Total build time: 3.403s
2023-10-03T17:15:48.459Z - info: [1:15:48 am] Reload for file change: C:\repos\nus-cs2103\cs2103-website-base\admin\tp-tasks-fragment.md
2023-10-03T17:15:48.460Z - info: Synchronizing opened pages list before reload
2023-10-03T17:15:48.460Z - info: Current opened pages, from most-to-least recent:
2023-10-03T17:15:48.460Z - info: 1. schedule/week8/project
2023-10-03T17:15:49.479Z - info: Rebuilding 1 pages
2023-10-03T17:15:51.766Z - info: Site data built
2023-10-03T17:15:51.766Z - info: Pages rebuilt
2023-10-03T17:15:51.766Z - info: Website regeneration complete! Total build time: 2.289s
2023-10-03T17:16:07.760Z - info: [1:16:07 am] Reload for file change: C:\repos\nus-cs2103\cs2103-website-base\admin\tp-tasks-fragment.md
2023-10-03T17:16:07.760Z - info: Synchronizing opened pages list before reload
2023-10-03T17:16:07.760Z - info: Current opened pages, from most-to-least recent:
2023-10-03T17:16:07.761Z - info: 1. schedule/week8/project
2023-10-03T17:16:08.768Z - info: Rebuilding 1 pages
2023-10-03T17:16:11.111Z - info: Site data built
2023-10-03T17:16:11.111Z - info: Pages rebuilt
2023-10-03T17:16:11.112Z - info: Website regeneration complete! Total build time: 2.345s
2023-10-03T17:19:40.627Z - info: Building C:\repos\nus-cs2103\cs2103-website-base\schedule\week9\project as some of its dependencies were changed since the last visit
2023-10-03T17:19:41.764Z - info: Site data built
2023-10-03T17:19:41.765Z - info: Lazy website regeneration complete! Total build time: 1.138s
2023-10-03T17:20:01.338Z - info: Building C:\repos\nus-cs2103\cs2103-website-base\schedule\week8\tutorial as some of its dependencies were changed since the last visit
2023-10-03T17:20:02.215Z - info: Site data built
2023-10-03T17:20:02.215Z - info: Lazy website regeneration complete! Total build time: 0.878s
2023-10-03T17:20:37.208Z - info: [1:20:37 am] Reload for file change: C:\repos\nus-cs2103\cs2103-website-base\admin\common-tutorials-fragment.md
2023-10-03T17:20:37.209Z - info: Synchronizing opened pages list before reload
2023-10-03T17:20:37.209Z - info: Current opened pages, from most-to-least recent:
2023-10-03T17:20:37.209Z - info: 1. schedule/week8/tutorial
2023-10-03T17:20:38.223Z - info: Rebuilding 1 pages
2023-10-03T17:20:39.437Z - info: Site data built
2023-10-03T17:20:39.437Z - info: Pages rebuilt
2023-10-03T17:20:39.437Z - info: Website regeneration complete! Total build time: 1.215s
2023-10-03T17:22:54.677Z - info: [1:22:54 am] Reload for file change: C:\repos\nus-cs2103\cs2103-website-base\admin\common-tutorials-fragment.md
2023-10-03T17:22:54.678Z - info: Synchronizing opened pages list before reload
2023-10-03T17:22:54.679Z - info: Current opened pages, from most-to-least recent:
2023-10-03T17:22:54.679Z - info: 1. schedule/week8/tutorial
2023-10-03T17:22:55.692Z - info: Rebuilding 1 pages
2023-10-03T17:22:56.740Z - info: Site data built
2023-10-03T17:22:56.740Z - info: Pages rebuilt
2023-10-03T17:22:56.741Z - info: Website regeneration complete! Total build time: 1.05s
2023-10-03T17:23:41.864Z - info: [1:23:41 am] Reload for file change: C:\repos\nus-cs2103\cs2103-website-base\admin\common-tutorials-fragment.md
2023-10-03T17:23:41.864Z - info: Synchronizing opened pages list before reload
2023-10-03T17:23:41.864Z - info: Current opened pages, from most-to-least recent:
2023-10-03T17:23:41.864Z - info: 1. schedule/week8/tutorial
2023-10-03T17:23:42.867Z - info: Rebuilding 1 pages
2023-10-03T17:23:43.626Z - info: Site data built
2023-10-03T17:23:43.627Z - info: Pages rebuilt
2023-10-03T17:23:43.627Z - info: Website regeneration complete! Total build time: 0.761s
2023-10-03T17:23:59.512Z - info: [1:23:59 am] Reload for file change: C:\repos\nus-cs2103\cs2103-website-base\admin\common-tutorials-fragment.md
2023-10-03T17:23:59.513Z - info: Synchronizing opened pages list before reload
2023-10-03T17:23:59.513Z - info: Current opened pages, from most-to-least recent:
2023-10-03T17:23:59.513Z - info: 1. schedule/week8/tutorial
2023-10-03T17:24:00.525Z - info: Rebuilding 1 pages
2023-10-03T17:24:01.560Z - info: Site data built
2023-10-03T17:24:01.560Z - info: Pages rebuilt
2023-10-03T17:24:01.560Z - info: Website regeneration complete! Total build time: 1.036s
2023-10-03T17:27:47.311Z - info: Website generation started at 1:27:42 am
2023-10-03T17:28:02.205Z - info: Building assets...
2023-10-03T17:28:09.613Z - info: Assets built
2023-10-03T17:28:09.614Z - info: Generating pages...
2023-10-03T17:28:26.319Z - debug:  
2023-10-03T17:28:26.339Z - debug:  
2023-10-03T17:28:26.340Z - debug:  
2023-10-03T17:28:26.377Z - debug:  
2023-10-03T17:28:26.423Z - debug:  
2023-10-03T17:28:26.483Z - debug:  
2023-10-03T17:28:28.799Z - debug:  
2023-10-03T17:28:28.799Z - debug:  
2023-10-03T17:28:28.799Z - debug:  
2023-10-03T17:28:28.800Z - debug:  
2023-10-03T17:28:28.800Z - debug:  
2023-10-03T17:28:28.800Z - debug:  
2023-10-03T17:28:28.800Z - debug:  
2023-10-03T17:28:28.801Z - debug:  
2023-10-03T17:28:28.802Z - debug:  
2023-10-03T17:28:28.802Z - debug:  
2023-10-03T17:30:40.759Z - debug:  
2023-10-03T17:30:58.306Z - debug:  
2023-10-03T17:30:58.325Z - debug:  
2023-10-03T17:31:11.409Z - info: Pages built
2023-10-03T17:31:12.646Z - info: Site data built
2023-10-03T17:31:12.646Z - info: Website generation complete! Total build time: 209.804s
2023-10-03T17:31:12.647Z - info: Build success!
2023-10-03T17:36:28.431Z - info: The website has been deployed at: https://nus-cs2103-ay2324s1.github.io/website
2023-10-03T17:47:35.780Z - info: Website generation started at 1:47:28 am
2023-10-03T17:47:49.591Z - info: Building assets...
2023-10-03T17:47:57.953Z - info: Assets built
2023-10-03T17:47:57.954Z - info: Generating pages...
2023-10-03T17:48:20.319Z - debug:  
2023-10-03T17:48:20.320Z - debug:  
2023-10-03T17:48:20.320Z - debug:  
2023-10-03T17:48:20.321Z - debug:  
2023-10-03T17:48:20.321Z - debug:  
2023-10-03T17:48:20.322Z - debug:  
2023-10-03T17:48:20.322Z - debug:  
2023-10-03T17:48:20.322Z - debug:  
2023-10-03T17:48:20.322Z - debug:  
2023-10-03T17:48:20.323Z - debug:  
2023-10-03T17:48:20.323Z - debug:  
2023-10-03T17:48:20.323Z - debug:  
2023-10-03T17:48:20.323Z - debug:  
2023-10-03T17:48:20.324Z - debug:  
2023-10-03T17:48:24.883Z - debug:  
2023-10-03T17:49:01.001Z - debug:  
2023-10-03T17:50:04.709Z - info: Pages built
2023-10-03T17:50:05.830Z - info: Site data built
2023-10-03T17:50:05.830Z - info: Website generation complete! Total build time: 157.138s
2023-10-03T17:50:05.831Z - info: Build success!
2023-10-03T17:52:07.735Z - info: The website has been deployed at: https://nus-tic2002-ay2324s1.github.io/website
