2023-11-10T10:55:16.599Z - info: Website generation (lazy) started at 6:55:10 pm
2023-11-10T10:55:29.488Z - info: Building assets...
2023-11-10T10:55:38.440Z - info: Assets built
2023-11-10T10:55:38.441Z - info: Generating landing page...
2023-11-10T10:55:39.624Z - info: Landing page built, other pages will be built as you navigate to them!
2023-11-10T10:55:40.395Z - info: Site data built
2023-11-10T10:55:40.395Z - info: Website generation (lazy) complete! Total build time: 29.499s
2023-11-10T10:55:41.318Z - info: Serving "C:\repos\nus-cs2103\cs2103-website-base\_site" at http://127.0.0.1:8080
2023-11-10T10:55:41.318Z - info: Press CTRL+C to stop ...
2023-11-10T10:55:50.917Z - info: Building C:\repos\nus-cs2103\cs2103-website-base\schedule\week12\index as some of its dependencies were changed since the last visit
2023-11-10T10:55:57.074Z - info: Site data built
2023-11-10T10:55:57.074Z - info: Lazy website regeneration complete! Total build time: 6.158s
2023-11-10T10:56:01.591Z - info: Building C:\repos\nus-cs2103\cs2103-website-base\schedule\week12\project as some of its dependencies were changed since the last visit
2023-11-10T10:56:04.656Z - info: Site data built
2023-11-10T10:56:04.656Z - info: Lazy website regeneration complete! Total build time: 3.065s
2023-11-10T10:58:40.839Z - info: [6:58:40 pm] Reload for file change: C:\repos\nus-cs2103\cs2103-website-base\admin\tp-tasks-fragment.md
2023-11-10T10:58:40.840Z - info: Synchronizing opened pages list before reload
2023-11-10T10:58:40.840Z - info: Current opened pages, from most-to-least recent:
2023-11-10T10:58:40.840Z - info: 1. schedule/week12/project
2023-11-10T10:58:41.860Z - info: Rebuilding 1 pages
2023-11-10T10:58:44.905Z - info: Site data built
2023-11-10T10:58:44.905Z - info: Pages rebuilt
2023-11-10T10:58:44.906Z - info: Website regeneration complete! Total build time: 3.048s
2023-11-10T11:00:13.734Z - info: [7:00:13 pm] Reload for file change: C:\repos\nus-cs2103\cs2103-website-base\admin\tp-tasks-fragment.md
2023-11-10T11:00:13.735Z - info: Synchronizing opened pages list before reload
2023-11-10T11:00:13.735Z - info: Current opened pages, from most-to-least recent:
2023-11-10T11:00:13.735Z - info: 1. schedule/week12/project
2023-11-10T11:00:14.751Z - info: Rebuilding 1 pages
2023-11-10T11:00:17.726Z - info: Site data built
2023-11-10T11:00:17.727Z - info: Pages rebuilt
2023-11-10T11:00:17.727Z - info: Website regeneration complete! Total build time: 2.978s
2023-11-10T11:06:06.433Z - info: Website generation started at 7:06:04 pm
2023-11-10T11:06:20.198Z - info: Building assets...
