2023-10-10T09:56:35.946Z - info: Website generation (lazy) started at 5:56:31 pm
2023-10-10T09:56:46.265Z - info: Building assets...
2023-10-10T09:56:53.120Z - info: Assets built
2023-10-10T09:56:53.120Z - info: Generating landing page...
2023-10-10T09:56:54.491Z - info: Landing page built, other pages will be built as you navigate to them!
2023-10-10T09:56:55.425Z - info: Site data built
2023-10-10T09:56:55.425Z - info: Website generation (lazy) complete! Total build time: 24.397s
2023-10-10T09:56:56.251Z - info: Serving "C:\repos\nus-cs2103\cs2103-website-base\_site" at http://127.0.0.1:8080
2023-10-10T09:56:56.251Z - info: Press CTRL+C to stop ...
2023-10-10T12:38:24.483Z - info: Website generation started at 8:38:22 pm
2023-10-10T12:38:33.949Z - info: Building assets...
2023-10-10T12:38:39.784Z - info: Assets built
2023-10-10T12:38:39.785Z - info: Generating pages...
2023-10-10T12:38:51.019Z - debug:  
2023-10-10T12:38:52.866Z - debug:  
2023-10-10T12:38:52.866Z - debug:  
2023-10-10T12:38:52.867Z - debug:  
2023-10-10T12:38:52.867Z - debug:  
2023-10-10T12:38:52.867Z - debug:  
2023-10-10T12:38:52.867Z - debug:  
2023-10-10T12:38:52.867Z - debug:  
2023-10-10T12:38:52.867Z - debug:  
2023-10-10T12:38:52.868Z - debug:  
2023-10-10T12:38:52.868Z - debug:  
2023-10-10T12:38:52.868Z - debug:  
2023-10-10T12:38:52.868Z - debug:  
2023-10-10T12:38:52.868Z - debug:  
2023-10-10T12:38:55.579Z - debug:  
2023-10-10T12:39:21.733Z - debug:  
2023-10-10T12:40:06.202Z - info: Pages built
2023-10-10T12:40:07.019Z - info: Site data built
2023-10-10T12:40:07.019Z - info: Website generation complete! Total build time: 104.506s
2023-10-10T12:40:07.020Z - info: Build success!
2023-10-10T12:41:37.963Z - info: The website has been deployed at: https://nus-tic2002-ay2324s1.github.io/website
2023-10-10T15:12:00.543Z - info: Website generation started at 11:11:52 pm
2023-10-10T15:12:14.701Z - info: Building assets...
2023-10-10T15:12:22.873Z - info: Assets built
2023-10-10T15:12:22.874Z - info: Generating pages...
2023-10-10T15:12:45.854Z - debug:  
2023-10-10T15:12:45.855Z - debug:  
2023-10-10T15:12:45.856Z - debug:  
2023-10-10T15:12:45.857Z - debug:  
2023-10-10T15:12:46.007Z - debug:  
2023-10-10T15:12:46.189Z - debug:  
2023-10-10T15:12:46.246Z - debug:  
2023-10-10T15:12:46.367Z - debug:  
2023-10-10T15:12:46.541Z - debug:  
2023-10-10T15:12:46.670Z - debug:  
2023-10-10T15:12:47.043Z - debug:  
2023-10-10T15:12:47.056Z - debug:  
2023-10-10T15:12:47.126Z - debug:  
2023-10-10T15:12:47.147Z - debug:  
2023-10-10T15:12:52.506Z - debug:  
2023-10-10T15:13:34.510Z - debug:  
2023-10-10T15:14:38.919Z - info: Pages built
2023-10-10T15:14:39.880Z - info: Site data built
2023-10-10T15:14:39.881Z - info: Website generation complete! Total build time: 166.931s
2023-10-10T15:14:39.881Z - info: Build success!
2023-10-10T15:19:16.825Z - info: The website has been deployed at: https://nus-tic2002-ay2324s1.github.io/website
