2023-09-22T11:32:54.731Z - info: Website generation started at 7:32:51 pm
2023-09-22T11:33:03.668Z - info: Building assets...
2023-09-22T11:33:10.708Z - info: Assets built
2023-09-22T11:33:10.709Z - info: Generating pages...
2023-09-22T11:33:31.691Z - debug:  
2023-09-22T11:33:31.691Z - debug:  
2023-09-22T11:33:31.692Z - debug:  
2023-09-22T11:33:31.692Z - debug:  
2023-09-22T11:33:31.692Z - debug:  
2023-09-22T11:33:31.693Z - debug:  
2023-09-22T11:33:31.693Z - debug:  
2023-09-22T11:33:31.693Z - debug:  
2023-09-22T11:33:31.693Z - debug:  
2023-09-22T11:33:31.693Z - debug:  
2023-09-22T11:33:31.694Z - debug:  
2023-09-22T11:33:31.694Z - debug:  
2023-09-22T11:33:31.694Z - debug:  
2023-09-22T11:33:31.694Z - debug:  
2023-09-22T11:33:31.694Z - debug:  
2023-09-22T11:33:31.694Z - debug:  
2023-09-22T11:35:27.522Z - debug:  
2023-09-22T11:35:40.952Z - debug:  
2023-09-22T11:35:41.045Z - debug:  
2023-09-22T11:35:52.538Z - info: Pages built
2023-09-22T11:35:53.439Z - info: Site data built
2023-09-22T11:35:53.440Z - info: Website generation complete! Total build time: 182.333s
2023-09-22T11:35:53.440Z - info: Build success!
2023-09-22T11:38:47.988Z - info: The website has been deployed at: https://nus-cs2103-ay2324s1.github.io/website
