2023-09-01T16:00:06.432Z - info: [12:00:06 am] Reload for file change: C:\repos\nus-cs2103\cs2103-website-base\admin\appendixD-help.md
2023-09-01T16:00:06.445Z - info: Synchronizing opened pages list before reload
2023-09-01T16:00:06.446Z - info: Current opened pages, from most-to-least recent:
2023-09-01T16:00:06.446Z - info: 1. admin/appendixD-help
2023-09-01T16:00:07.458Z - info: Rebuilding 1 pages
2023-09-01T16:00:07.731Z - info: Site data built
2023-09-01T16:00:07.731Z - info: Pages rebuilt
2023-09-01T16:00:07.731Z - info: Website regeneration complete! Total build time: 0.274s
2023-09-01T16:00:32.475Z - info: [12:00:32 am] Reload for file change: C:\repos\nus-cs2103\cs2103-website-base\admin\appendixD-help.md
2023-09-01T16:00:32.475Z - info: Synchronizing opened pages list before reload
2023-09-01T16:00:32.476Z - info: Current opened pages, from most-to-least recent:
2023-09-01T16:00:32.476Z - info: 1. admin/appendixD-help
2023-09-01T16:00:33.482Z - info: Rebuilding 1 pages
2023-09-01T16:00:33.771Z - info: Site data built
2023-09-01T16:00:33.771Z - info: Pages rebuilt
2023-09-01T16:00:33.771Z - info: Website regeneration complete! Total build time: 0.29s
2023-09-01T16:02:02.660Z - info: [12:02:02 am] Reload for file change: C:\repos\nus-cs2103\cs2103-website-base\admin\appendixD-help.md
2023-09-01T16:02:02.660Z - info: Synchronizing opened pages list before reload
2023-09-01T16:02:02.660Z - info: Current opened pages, from most-to-least recent:
2023-09-01T16:02:02.660Z - info: 1. admin/appendixD-help
2023-09-01T16:02:03.675Z - info: Rebuilding 1 pages
2023-09-01T16:02:04.005Z - info: Site data built
2023-09-01T16:02:04.005Z - info: Pages rebuilt
2023-09-01T16:02:04.005Z - info: Website regeneration complete! Total build time: 0.331s
2023-09-01T16:02:40.521Z - info: [12:02:40 am] Reload for file change: C:\repos\nus-cs2103\cs2103-website-base\admin\appendixD-help.md
2023-09-01T16:02:40.522Z - info: Synchronizing opened pages list before reload
2023-09-01T16:02:40.522Z - info: Current opened pages, from most-to-least recent:
2023-09-01T16:02:40.522Z - info: 1. admin/appendixD-help
2023-09-01T16:02:41.538Z - info: Rebuilding 1 pages
2023-09-01T16:02:41.771Z - info: Site data built
2023-09-01T16:02:41.771Z - info: Pages rebuilt
2023-09-01T16:02:41.771Z - info: Website regeneration complete! Total build time: 0.234s
2023-09-01T16:02:50.721Z - info: [12:02:50 am] Reload for file change: C:\repos\nus-cs2103\cs2103-website-base\admin\appendixD-help.md
2023-09-01T16:02:50.721Z - info: Synchronizing opened pages list before reload
2023-09-01T16:02:50.721Z - info: Current opened pages, from most-to-least recent:
2023-09-01T16:02:50.721Z - info: 1. admin/appendixD-help
2023-09-01T16:02:51.731Z - info: Rebuilding 1 pages
2023-09-01T16:02:52.004Z - info: Site data built
2023-09-01T16:02:52.004Z - info: Pages rebuilt
2023-09-01T16:02:52.005Z - info: Website regeneration complete! Total build time: 0.275s
2023-09-01T16:03:55.241Z - info: [12:03:55 am] Reload for file change: C:\repos\nus-cs2103\cs2103-website-base\admin\appendixD-help.md
2023-09-01T16:03:55.241Z - info: Synchronizing opened pages list before reload
2023-09-01T16:03:55.241Z - info: Current opened pages, from most-to-least recent:
2023-09-01T16:03:55.241Z - info: 1. admin/appendixD-help
2023-09-01T16:03:56.251Z - info: Rebuilding 1 pages
2023-09-01T16:03:56.473Z - info: Site data built
2023-09-01T16:03:56.474Z - info: Pages rebuilt
2023-09-01T16:03:56.474Z - info: Website regeneration complete! Total build time: 0.225s
2023-09-01T16:05:01.873Z - info: [12:05:01 am] Reload for file change: C:\repos\nus-cs2103\cs2103-website-base\admin\appendixD-help.md
2023-09-01T16:05:01.873Z - info: Synchronizing opened pages list before reload
2023-09-01T16:05:01.873Z - info: Current opened pages, from most-to-least recent:
2023-09-01T16:05:01.874Z - info: 1. admin/appendixD-help
2023-09-01T16:05:02.876Z - info: Rebuilding 1 pages
2023-09-01T16:05:03.058Z - info: Site data built
2023-09-01T16:05:03.058Z - info: Pages rebuilt
2023-09-01T16:05:03.058Z - info: Website regeneration complete! Total build time: 0.182s
2023-09-01T16:05:42.854Z - info: [12:05:42 am] Reload for file change: C:\repos\nus-cs2103\cs2103-website-base\admin\appendixD-help.md
2023-09-01T16:05:42.854Z - info: Synchronizing opened pages list before reload
2023-09-01T16:05:42.854Z - info: Current opened pages, from most-to-least recent:
2023-09-01T16:05:42.854Z - info: 1. admin/appendixD-help
2023-09-01T16:05:43.857Z - info: Rebuilding 1 pages
2023-09-01T16:05:44.066Z - info: Site data built
2023-09-01T16:05:44.066Z - info: Pages rebuilt
2023-09-01T16:05:44.066Z - info: Website regeneration complete! Total build time: 0.21s
2023-09-01T16:05:50.622Z - info: [12:05:50 am] Reload for file change: C:\repos\nus-cs2103\cs2103-website-base\admin\appendixD-help.md
2023-09-01T16:05:50.622Z - info: Synchronizing opened pages list before reload
2023-09-01T16:05:50.622Z - info: Current opened pages, from most-to-least recent:
2023-09-01T16:05:50.622Z - info: 1. admin/appendixD-help
2023-09-01T16:05:51.639Z - info: Rebuilding 1 pages
2023-09-01T16:05:51.835Z - info: Site data built
2023-09-01T16:05:51.835Z - info: Pages rebuilt
2023-09-01T16:05:51.835Z - info: Website regeneration complete! Total build time: 0.198s
2023-09-01T16:05:58.344Z - info: [12:05:58 am] Reload for file change: C:\repos\nus-cs2103\cs2103-website-base\admin\appendixD-help.md
2023-09-01T16:05:58.344Z - info: Synchronizing opened pages list before reload
2023-09-01T16:05:58.344Z - info: Current opened pages, from most-to-least recent:
2023-09-01T16:05:58.344Z - info: 1. admin/appendixD-help
2023-09-01T16:05:59.350Z - info: Rebuilding 1 pages
2023-09-01T16:05:59.600Z - info: Site data built
2023-09-01T16:05:59.601Z - info: Pages rebuilt
2023-09-01T16:05:59.601Z - info: Website regeneration complete! Total build time: 0.252s
2023-09-01T16:06:05.826Z - info: [12:06:05 am] Reload for file change: C:\repos\nus-cs2103\cs2103-website-base\admin\appendixD-help.md
2023-09-01T16:06:05.826Z - info: Synchronizing opened pages list before reload
2023-09-01T16:06:05.827Z - info: Current opened pages, from most-to-least recent:
2023-09-01T16:06:05.827Z - info: 1. admin/appendixD-help
2023-09-01T16:06:06.831Z - info: Rebuilding 1 pages
2023-09-01T16:06:06.990Z - info: Site data built
2023-09-01T16:06:06.991Z - info: Pages rebuilt
2023-09-01T16:06:06.991Z - info: Website regeneration complete! Total build time: 0.161s
2023-09-01T16:06:17.719Z - info: [12:06:17 am] Reload for file change: C:\repos\nus-cs2103\cs2103-website-base\admin\appendixD-help.md
2023-09-01T16:06:17.719Z - info: Synchronizing opened pages list before reload
2023-09-01T16:06:17.720Z - info: Current opened pages, from most-to-least recent:
2023-09-01T16:06:17.720Z - info: 1. admin/appendixD-help
2023-09-01T16:06:18.730Z - info: Rebuilding 1 pages
2023-09-01T16:06:19.016Z - info: Site data built
2023-09-01T16:06:19.016Z - info: Pages rebuilt
2023-09-01T16:06:19.016Z - info: Website regeneration complete! Total build time: 0.287s
2023-09-01T16:07:03.470Z - info: [12:07:03 am] Reload for file change: C:\repos\nus-cs2103\cs2103-website-base\admin\appendixD-help.md
2023-09-01T16:07:03.470Z - info: Synchronizing opened pages list before reload
2023-09-01T16:07:03.470Z - info: Current opened pages, from most-to-least recent:
2023-09-01T16:07:03.470Z - info: 1. admin/appendixD-help
2023-09-01T16:07:04.489Z - info: Rebuilding 1 pages
2023-09-01T16:07:04.789Z - info: Site data built
2023-09-01T16:07:04.789Z - info: Pages rebuilt
2023-09-01T16:07:04.789Z - info: Website regeneration complete! Total build time: 0.301s
2023-09-01T16:09:55.660Z - info: Website generation started at 12:09:52 am
2023-09-01T16:10:11.656Z - info: Building assets...
2023-09-01T16:10:19.765Z - info: Assets built
2023-09-01T16:10:19.766Z - info: Generating pages...
2023-09-01T16:10:39.895Z - debug:  
2023-09-01T16:10:39.904Z - debug:  
2023-09-01T16:10:39.952Z - debug:  
2023-09-01T16:10:43.057Z - debug:  
2023-09-01T16:10:43.057Z - debug:  
2023-09-01T16:10:43.058Z - debug:  
2023-09-01T16:10:43.059Z - debug:  
2023-09-01T16:10:43.059Z - debug:  
2023-09-01T16:10:43.059Z - debug:  
2023-09-01T16:10:43.060Z - debug:  
2023-09-01T16:10:43.060Z - debug:  
2023-09-01T16:10:43.061Z - debug:  
2023-09-01T16:10:43.062Z - debug:  
2023-09-01T16:10:43.062Z - debug:  
2023-09-01T16:10:43.062Z - debug:  
2023-09-01T16:10:43.063Z - debug:  
2023-09-01T16:12:53.212Z - debug:  
2023-09-01T16:13:08.839Z - debug:  
2023-09-01T16:13:08.880Z - debug:  
2023-09-01T16:13:17.149Z - info: Pages built
2023-09-01T16:13:18.170Z - info: Site data built
2023-09-01T16:13:18.170Z - info: Website generation complete! Total build time: 205.533s
2023-09-01T16:13:18.170Z - info: Build success!
2023-09-01T16:16:07.735Z - info: The website has been deployed at: https://nus-cs2103-ay2324s1.github.io/website
2023-09-02T06:09:39.439Z - info: Website generation started at 2:09:31 pm
2023-09-02T06:09:53.748Z - info: Building assets...
2023-09-02T06:10:03.004Z - info: Assets built
2023-09-02T06:10:03.005Z - info: Generating pages...
2023-09-02T06:10:23.225Z - debug:  
2023-09-02T06:10:23.641Z - debug:  
2023-09-02T06:10:23.679Z - debug:  
2023-09-02T06:10:23.722Z - debug:  
2023-09-02T06:10:23.789Z - debug:  
2023-09-02T06:10:23.849Z - debug:  
2023-09-02T06:10:23.988Z - debug:  
2023-09-02T06:10:24.083Z - debug:  
2023-09-02T06:10:28.657Z - debug:  
2023-09-02T06:10:28.658Z - debug:  
2023-09-02T06:10:28.658Z - debug:  
2023-09-02T06:10:28.659Z - debug:  
2023-09-02T06:10:28.671Z - debug:  
2023-09-02T06:10:28.671Z - debug:  
2023-09-02T06:10:28.671Z - debug:  
2023-09-02T06:10:28.858Z - debug:  
2023-09-02T06:12:30.414Z - debug:  
2023-09-02T06:12:43.871Z - debug:  
2023-09-02T06:12:43.889Z - debug:  
2023-09-02T06:12:52.482Z - info: Pages built
2023-09-02T06:12:53.406Z - info: Site data built
2023-09-02T06:12:53.406Z - info: Website generation complete! Total build time: 201.727s
2023-09-02T06:12:53.406Z - info: Build success!
2023-09-02T06:15:12.597Z - info: The website has been deployed at: https://nus-cs2103-ay2324s1.github.io/website
