2023-09-24T17:33:29.723Z - info: Website generation (lazy) started at 1:33:23 am
2023-09-24T17:33:42.000Z - info: Building assets...
2023-09-24T17:33:51.578Z - info: Assets built
2023-09-24T17:33:51.579Z - info: Generating landing page...
2023-09-24T17:33:53.211Z - info: Landing page built, other pages will be built as you navigate to them!
2023-09-24T17:33:54.233Z - info: Site data built
2023-09-24T17:33:54.233Z - info: Website generation (lazy) complete! Total build time: 30.241s
2023-09-24T17:33:55.215Z - info: Serving "C:\repos\nus-cs2103\cs2103-website-base\_site" at http://127.0.0.1:8080
2023-09-24T17:33:55.216Z - info: Press CTRL+C to stop ...
2023-09-24T17:34:11.484Z - info: [1:34:11 am] Reload for file deletion: C:\repos\nus-cs2103\cs2103-website-base\_module-CS2103\mid-semester-survey-results.md
2023-09-24T17:34:11.484Z - info: Synchronizing opened pages list before reload
2023-09-24T17:34:11.485Z - info: Current opened pages, from most-to-least recent:
2023-09-24T17:34:11.485Z - info: 1. index
2023-09-24T17:34:18.347Z - debug: Assets removed
2023-09-24T17:34:55.927Z - info: Building C:\repos\nus-cs2103\cs2103-website-base\admin\mid-semester-survey-results as some of its dependencies were changed since the last visit
2023-09-24T17:34:56.511Z - info: Site data built
2023-09-24T17:34:56.511Z - info: Lazy website regeneration complete! Total build time: 0.585s
2023-09-24T17:38:38.620Z - info: Building C:\repos\nus-cs2103\cs2103-website-base\admin\courseExpectations as some of its dependencies were changed since the last visit
2023-09-24T17:38:39.002Z - info: Site data built
2023-09-24T17:38:39.002Z - info: Lazy website regeneration complete! Total build time: 0.383s
2023-09-24T17:39:35.572Z - info: [1:39:35 am] Reload for file change: C:\repos\nus-cs2103\cs2103-website-base\_course-CS2103\mid-semester-survey-results.md
2023-09-24T17:39:35.572Z - info: Synchronizing opened pages list before reload
2023-09-24T17:39:35.572Z - info: No pages are currently opened
2023-09-24T17:39:36.577Z - info: No pages needed to be rebuilt
2023-09-24T17:39:39.756Z - info: Building C:\repos\nus-cs2103\cs2103-website-base\admin\mid-semester-survey-results as some of its dependencies were changed since the last visit
2023-09-24T17:39:40.007Z - info: Site data built
2023-09-24T17:39:40.007Z - info: Lazy website regeneration complete! Total build time: 0.251s
2023-09-24T17:46:02.291Z - info: [1:46:02 am] Reload for file change: C:\repos\nus-cs2103\cs2103-website-base\_course-CS2103\mid-semester-survey-results.md
2023-09-24T17:46:02.291Z - info: Synchronizing opened pages list before reload
2023-09-24T17:46:02.291Z - info: Current opened pages, from most-to-least recent:
2023-09-24T17:46:02.292Z - info: 1. admin/mid-semester-survey-results
2023-09-24T17:46:03.298Z - info: Rebuilding 1 pages
2023-09-24T17:46:03.484Z - info: Site data built
2023-09-24T17:46:03.484Z - info: Pages rebuilt
2023-09-24T17:46:03.484Z - info: Website regeneration complete! Total build time: 0.188s
2023-09-24T17:46:34.342Z - info: [1:46:34 am] Reload for file change: C:\repos\nus-cs2103\cs2103-website-base\_course-CS2103\mid-semester-survey-results.md
2023-09-24T17:46:34.342Z - info: Synchronizing opened pages list before reload
2023-09-24T17:46:34.342Z - info: Current opened pages, from most-to-least recent:
2023-09-24T17:46:34.342Z - info: 1. admin/mid-semester-survey-results
2023-09-24T17:46:35.357Z - info: Rebuilding 1 pages
2023-09-24T17:46:35.540Z - info: Site data built
2023-09-24T17:46:35.540Z - info: Pages rebuilt
2023-09-24T17:46:35.540Z - info: Website regeneration complete! Total build time: 0.184s
2023-09-24T17:49:12.539Z - info: [1:49:12 am] Reload for file change: C:\repos\nus-cs2103\cs2103-website-base\_course-CS2103\mid-semester-survey-results.md
2023-09-24T17:49:12.540Z - info: Synchronizing opened pages list before reload
2023-09-24T17:49:12.540Z - info: Current opened pages, from most-to-least recent:
2023-09-24T17:49:12.540Z - info: 1. admin/mid-semester-survey-results
2023-09-24T17:49:13.543Z - info: Rebuilding 1 pages
2023-09-24T17:49:13.701Z - info: Site data built
2023-09-24T17:49:13.701Z - info: Pages rebuilt
2023-09-24T17:49:13.701Z - info: Website regeneration complete! Total build time: 0.16s
2023-09-24T17:55:30.668Z - info: [1:55:30 am] Reload for file change: C:\repos\nus-cs2103\cs2103-website-base\_course-CS2103\mid-semester-survey-results.md
2023-09-24T17:55:30.668Z - info: Synchronizing opened pages list before reload
2023-09-24T17:55:30.668Z - info: Current opened pages, from most-to-least recent:
2023-09-24T17:55:30.668Z - info: 1. admin/mid-semester-survey-results
2023-09-24T17:55:31.679Z - info: Rebuilding 1 pages
2023-09-24T17:55:31.855Z - info: Site data built
2023-09-24T17:55:31.855Z - info: Pages rebuilt
2023-09-24T17:55:31.855Z - info: Website regeneration complete! Total build time: 0.177s
2023-09-24T18:02:20.126Z - info: [2:02:20 am] Reload for file change: C:\repos\nus-cs2103\cs2103-website-base\_course-CS2103\mid-semester-survey-results.md
2023-09-24T18:02:20.126Z - info: Synchronizing opened pages list before reload
2023-09-24T18:02:20.126Z - info: Current opened pages, from most-to-least recent:
2023-09-24T18:02:20.127Z - info: 1. admin/mid-semester-survey-results
2023-09-24T18:02:21.131Z - info: Rebuilding 1 pages
2023-09-24T18:02:21.469Z - info: Site data built
2023-09-24T18:02:21.469Z - info: Pages rebuilt
2023-09-24T18:02:21.469Z - info: Website regeneration complete! Total build time: 0.339s
2023-09-24T18:08:29.400Z - info: [2:08:29 am] Reload for file change: C:\repos\nus-cs2103\cs2103-website-base\_course-CS2103\mid-semester-survey-results.md
2023-09-24T18:08:29.400Z - info: Synchronizing opened pages list before reload
2023-09-24T18:08:29.400Z - info: Current opened pages, from most-to-least recent:
2023-09-24T18:08:29.400Z - info: 1. admin/mid-semester-survey-results
2023-09-24T18:08:30.411Z - info: Rebuilding 1 pages
2023-09-24T18:08:30.589Z - info: Site data built
2023-09-24T18:08:30.590Z - info: Pages rebuilt
2023-09-24T18:08:30.590Z - info: Website regeneration complete! Total build time: 0.181s
2023-09-24T18:09:01.004Z - info: [2:09:01 am] Reload for file change: C:\repos\nus-cs2103\cs2103-website-base\_course-CS2103\mid-semester-survey-results.md
2023-09-24T18:09:01.004Z - info: Synchronizing opened pages list before reload
2023-09-24T18:09:01.004Z - info: Current opened pages, from most-to-least recent:
2023-09-24T18:09:01.004Z - info: 1. admin/mid-semester-survey-results
2023-09-24T18:09:02.014Z - info: Rebuilding 1 pages
2023-09-24T18:09:02.249Z - info: Site data built
2023-09-24T18:09:02.249Z - info: Pages rebuilt
2023-09-24T18:09:02.250Z - info: Website regeneration complete! Total build time: 0.237s
2023-09-24T18:16:00.838Z - info: [2:16:00 am] Reload for file change: C:\repos\nus-cs2103\cs2103-website-base\_course-CS2103\mid-semester-survey-results.md
2023-09-24T18:16:00.838Z - info: Synchronizing opened pages list before reload
2023-09-24T18:16:00.838Z - info: Current opened pages, from most-to-least recent:
2023-09-24T18:16:00.839Z - info: 1. admin/mid-semester-survey-results
2023-09-24T18:16:01.840Z - info: Rebuilding 1 pages
2023-09-24T18:16:02.045Z - info: Site data built
2023-09-24T18:16:02.045Z - info: Pages rebuilt
2023-09-24T18:16:02.045Z - info: Website regeneration complete! Total build time: 0.206s
2023-09-24T18:21:30.294Z - info: [2:21:30 am] Reload for file change: C:\repos\nus-cs2103\cs2103-website-base\_course-CS2103\mid-semester-survey-results.md
2023-09-24T18:21:30.294Z - info: Synchronizing opened pages list before reload
2023-09-24T18:21:30.294Z - info: Current opened pages, from most-to-least recent:
2023-09-24T18:21:30.294Z - info: 1. admin/mid-semester-survey-results
2023-09-24T18:21:31.305Z - info: Rebuilding 1 pages
2023-09-24T18:21:31.499Z - info: Site data built
2023-09-24T18:21:31.500Z - info: Pages rebuilt
2023-09-24T18:21:31.500Z - info: Website regeneration complete! Total build time: 0.196s
2023-09-24T18:22:59.115Z - info: [2:22:59 am] Reload for file change: C:\repos\nus-cs2103\cs2103-website-base\_course-CS2103\mid-semester-survey-results.md
2023-09-24T18:22:59.115Z - info: Synchronizing opened pages list before reload
2023-09-24T18:22:59.115Z - info: Current opened pages, from most-to-least recent:
2023-09-24T18:22:59.115Z - info: 1. admin/mid-semester-survey-results
2023-09-24T18:23:00.130Z - info: Rebuilding 1 pages
2023-09-24T18:23:00.420Z - info: Site data built
2023-09-24T18:23:00.421Z - info: Pages rebuilt
2023-09-24T18:23:00.421Z - info: Website regeneration complete! Total build time: 0.292s
2023-09-25T13:23:22.199Z - info: Website generation (lazy) started at 9:23:18 pm
2023-09-25T13:23:36.522Z - info: Building assets...
2023-09-25T13:23:45.671Z - info: Assets built
2023-09-25T13:23:45.672Z - info: Generating landing page...
2023-09-25T13:23:47.990Z - info: Landing page built, other pages will be built as you navigate to them!
2023-09-25T13:23:49.866Z - info: Site data built
2023-09-25T13:23:49.867Z - info: Website generation (lazy) complete! Total build time: 31.294s
2023-09-25T13:23:51.202Z - info: Serving "C:\repos\nus-cs2103\cs2103-website-base\_site" at http://127.0.0.1:8080
2023-09-25T13:23:51.202Z - info: Press CTRL+C to stop ...
2023-09-25T13:24:10.886Z - info: Building C:\repos\nus-cs2103\cs2103-website-base\schedule\week6\index as some of its dependencies were changed since the last visit
2023-09-25T13:24:11.883Z - info: Site data built
2023-09-25T13:24:11.883Z - info: Lazy website regeneration complete! Total build time: 0.998s
2023-09-25T13:24:20.127Z - info: Building C:\repos\nus-cs2103\cs2103-website-base\schedule\week6\project as some of its dependencies were changed since the last visit
2023-09-25T13:24:23.827Z - info: Site data built
2023-09-25T13:24:23.827Z - info: Lazy website regeneration complete! Total build time: 3.7s
2023-09-25T13:27:15.105Z - info: [9:27:15 pm] Reload for file change: C:\repos\nus-cs2103\cs2103-website-base\admin\tp-tasks-fragment.md
2023-09-25T13:27:15.105Z - info: Synchronizing opened pages list before reload
2023-09-25T13:27:15.106Z - info: Current opened pages, from most-to-least recent:
2023-09-25T13:27:15.106Z - info: 1. schedule/week6/project
2023-09-25T13:27:16.126Z - info: Rebuilding 1 pages
2023-09-25T13:27:19.035Z - info: Site data built
2023-09-25T13:27:19.036Z - info: Pages rebuilt
2023-09-25T13:27:19.036Z - info: Website regeneration complete! Total build time: 2.912s
2023-09-25T13:30:34.756Z - info: [9:30:34 pm] Reload for file change: C:\repos\nus-cs2103\cs2103-website-base\admin\tp-tasks-fragment.md
2023-09-25T13:30:34.756Z - info: Synchronizing opened pages list before reload
2023-09-25T13:30:34.757Z - info: Current opened pages, from most-to-least recent:
2023-09-25T13:30:34.758Z - info: 1. schedule/week6/project
2023-09-25T13:30:35.778Z - info: Rebuilding 1 pages
2023-09-25T13:30:38.717Z - info: Site data built
2023-09-25T13:30:38.718Z - info: Pages rebuilt
2023-09-25T13:30:38.718Z - info: Website regeneration complete! Total build time: 2.943s
2023-09-25T13:32:53.106Z - info: [9:32:53 pm] Reload for file change: C:\repos\nus-cs2103\cs2103-website-base\admin\tp-tasks-fragment.md
2023-09-25T13:32:53.106Z - info: Synchronizing opened pages list before reload
2023-09-25T13:32:53.107Z - info: Current opened pages, from most-to-least recent:
2023-09-25T13:32:53.107Z - info: 1. schedule/week6/project
2023-09-25T13:32:54.128Z - info: Rebuilding 1 pages
2023-09-25T13:32:57.437Z - info: Site data built
2023-09-25T13:32:57.438Z - info: Pages rebuilt
2023-09-25T13:32:57.439Z - info: Website regeneration complete! Total build time: 3.312s
2023-09-25T13:33:10.592Z - info: [9:33:10 pm] Reload for file change: C:\repos\nus-cs2103\cs2103-website-base\admin\tp-tasks-fragment.md
2023-09-25T13:33:10.592Z - info: Synchronizing opened pages list before reload
2023-09-25T13:33:10.592Z - info: Current opened pages, from most-to-least recent:
2023-09-25T13:33:10.592Z - info: 1. schedule/week6/project
2023-09-25T13:33:11.601Z - info: Rebuilding 1 pages
2023-09-25T13:33:13.870Z - info: Site data built
2023-09-25T13:33:13.870Z - info: Pages rebuilt
2023-09-25T13:33:13.870Z - info: Website regeneration complete! Total build time: 2.27s
2023-09-25T13:33:41.697Z - info: [9:33:41 pm] Reload for file change: C:\repos\nus-cs2103\cs2103-website-base\admin\tp-tasks-fragment.md
2023-09-25T13:33:41.697Z - info: Synchronizing opened pages list before reload
2023-09-25T13:33:41.698Z - info: Current opened pages, from most-to-least recent:
2023-09-25T13:33:41.698Z - info: 1. schedule/week6/project
2023-09-25T13:33:42.710Z - info: Rebuilding 1 pages
2023-09-25T13:33:45.457Z - info: Site data built
2023-09-25T13:33:45.457Z - info: Pages rebuilt
2023-09-25T13:33:45.458Z - info: Website regeneration complete! Total build time: 2.749s
2023-09-25T15:03:39.318Z - info: Building C:\repos\nus-cs2103\cs2103-website-base\admin\mid-semester-survey-results as some of its dependencies were changed since the last visit
2023-09-25T15:03:39.973Z - info: Site data built
2023-09-25T15:03:39.973Z - info: Lazy website regeneration complete! Total build time: 0.658s
2023-09-25T15:29:06.621Z - info: [11:29:06 pm] Reload for file change: C:\repos\nus-cs2103\cs2103-website-base\_course-CS2103\mid-semester-survey-results.md
2023-09-25T15:29:06.621Z - info: Synchronizing opened pages list before reload
2023-09-25T15:29:06.622Z - info: Current opened pages, from most-to-least recent:
2023-09-25T15:29:06.622Z - info: 1. admin/mid-semester-survey-results
2023-09-25T15:29:07.644Z - info: Rebuilding 1 pages
2023-09-25T15:29:07.838Z - info: Site data built
2023-09-25T15:29:07.839Z - info: Pages rebuilt
2023-09-25T15:29:07.839Z - info: Website regeneration complete! Total build time: 0.212s
2023-09-25T15:30:57.775Z - info: [11:30:57 pm] Reload for file change: C:\repos\nus-cs2103\cs2103-website-base\_course-CS2103\mid-semester-survey-results.md
2023-09-25T15:30:57.776Z - info: Synchronizing opened pages list before reload
2023-09-25T15:30:57.776Z - info: Current opened pages, from most-to-least recent:
2023-09-25T15:30:57.776Z - info: 1. admin/mid-semester-survey-results
2023-09-25T15:30:58.780Z - info: Rebuilding 1 pages
2023-09-25T15:30:59.004Z - info: Site data built
2023-09-25T15:30:59.004Z - info: Pages rebuilt
2023-09-25T15:30:59.004Z - info: Website regeneration complete! Total build time: 0.227s
2023-09-25T15:33:18.822Z - info: [11:33:18 pm] Reload for file change: C:\repos\nus-cs2103\cs2103-website-base\_course-CS2103\mid-semester-survey-results.md
2023-09-25T15:33:18.822Z - info: Synchronizing opened pages list before reload
2023-09-25T15:33:18.822Z - info: Current opened pages, from most-to-least recent:
2023-09-25T15:33:18.822Z - info: 1. admin/mid-semester-survey-results
2023-09-25T15:33:19.827Z - info: Rebuilding 1 pages
2023-09-25T15:33:20.007Z - info: Site data built
2023-09-25T15:33:20.008Z - info: Pages rebuilt
2023-09-25T15:33:20.008Z - info: Website regeneration complete! Total build time: 0.183s
