2023-08-08T16:13:50.919Z - info: Website generation (lazy) started at 12:13:44 am
2023-08-08T16:14:03.115Z - info: Building assets...
2023-08-08T16:14:12.092Z - info: Assets built
2023-08-08T16:14:12.094Z - info: Generating landing page...
2023-08-08T16:14:13.310Z - info: Landing page built, other pages will be built as you navigate to them!
2023-08-08T16:14:14.695Z - info: Site data built
2023-08-08T16:14:14.695Z - info: Website generation (lazy) complete! Total build time: 29.721s
2023-08-08T16:14:15.737Z - info: Serving "C:\repos\nus-cs2103\cs2103-website-base\_site" at http://127.0.0.1:8080
2023-08-08T16:14:15.737Z - info: Press CTRL+C to stop ...
2023-08-08T16:23:47.531Z - info: [12:23:47 am] Reload for file change: C:\repos\nus-cs2103\cs2103-website-base\book\testing\testAutomation\testingTextUis\text.md
2023-08-08T16:23:47.532Z - info: Synchronizing opened pages list before reload
2023-08-08T16:23:47.532Z - info: Current opened pages, from most-to-least recent:
2023-08-08T16:23:47.532Z - info: 1. index
2023-08-08T16:23:48.543Z - info: Assets built
2023-08-08T16:24:03.571Z - info: Building C:\repos\nus-cs2103\cs2103-website-base\se-book-adapted\index as some of its dependencies were changed since the last visit
2023-08-08T16:24:03.977Z - info: Site data built
2023-08-08T16:24:03.978Z - info: Lazy website regeneration complete! Total build time: 0.406s
2023-08-08T16:24:07.674Z - info: Building C:\repos\nus-cs2103\cs2103-website-base\se-book-adapted\print as some of its dependencies were changed since the last visit
2023-08-08T16:24:25.604Z - debug:  
2023-08-08T16:24:25.630Z - debug:  
2023-08-08T16:24:25.909Z - debug:  
2023-08-08T16:24:25.934Z - debug:  
2023-08-08T16:24:25.975Z - debug:  
2023-08-08T16:24:26.034Z - debug:  
2023-08-08T16:24:29.459Z - debug:  
2023-08-08T16:24:29.460Z - debug:  
2023-08-08T16:24:29.460Z - debug:  
2023-08-08T16:24:29.460Z - debug:  
2023-08-08T16:24:29.460Z - debug:  
2023-08-08T16:24:29.460Z - debug:  
2023-08-08T16:24:29.461Z - debug:  
2023-08-08T16:24:29.461Z - debug:  
2023-08-08T16:24:29.461Z - debug:  
2023-08-08T16:24:29.986Z - debug:  
2023-08-08T16:24:30.063Z - info: Site data built
2023-08-08T16:24:30.063Z - info: Lazy website regeneration complete! Total build time: 22.389s
2023-08-08T16:24:37.334Z - info: Building C:\repos\nus-cs2103\cs2103-website-base\se-book-adapted\chapters\testing as some of its dependencies were changed since the last visit
2023-08-08T16:24:38.979Z - info: Site data built
2023-08-08T16:24:38.980Z - info: Lazy website regeneration complete! Total build time: 1.647s
2023-08-08T16:28:45.253Z - info: [12:28:45 am] Reload for file add: C:\repos\nus-cs2103\cs2103-website-base\book\gitAndGithub\createPRs\resources.md
2023-08-08T16:28:45.254Z - info: Synchronizing opened pages list before reload
2023-08-08T16:28:45.254Z - info: Current opened pages, from most-to-least recent:
2023-08-08T16:28:45.254Z - info: 1. se-book-adapted/chapters/testing
2023-08-08T16:28:45.254Z - info: 2. se-book-adapted/print
2023-08-08T16:28:50.418Z - info: Assets built
2023-08-08T16:29:29.758Z - info: [12:29:29 am] Reload for file change: C:\repos\nus-cs2103\cs2103-website-base\book\gitAndGithub\createPRs\text.md
2023-08-08T16:29:29.758Z - info: Synchronizing opened pages list before reload
2023-08-08T16:29:29.758Z - info: Current opened pages, from most-to-least recent:
2023-08-08T16:29:29.759Z - info: 1. se-book-adapted/chapters/testing
2023-08-08T16:29:29.759Z - info: 2. se-book-adapted/print
2023-08-08T16:29:29.777Z - info: [12:29:29 am] Reload for file change: C:\repos\nus-cs2103\cs2103-website-base\book\gitAndGithub\createPRs\resources.md
2023-08-08T16:29:29.778Z - info: Synchronizing opened pages list before reload
2023-08-08T16:29:29.778Z - info: Current opened pages, from most-to-least recent:
2023-08-08T16:29:29.778Z - info: 1. se-book-adapted/chapters/testing
2023-08-08T16:29:29.779Z - info: 2. se-book-adapted/print
2023-08-08T16:29:30.772Z - info: Rebuilding 1 pages
2023-08-08T16:29:40.247Z - info: Assets built
2023-08-08T16:29:47.615Z - debug:  
2023-08-08T16:29:47.615Z - debug:  
2023-08-08T16:29:47.615Z - debug:  
2023-08-08T16:29:47.616Z - debug:  
2023-08-08T16:29:47.616Z - debug:  
2023-08-08T16:29:47.619Z - debug:  
2023-08-08T16:29:47.619Z - debug:  
2023-08-08T16:29:47.622Z - debug:  
2023-08-08T16:29:47.624Z - debug:  
2023-08-08T16:29:47.624Z - debug:  
2023-08-08T16:29:47.624Z - debug:  
2023-08-08T16:29:47.624Z - debug:  
2023-08-08T16:29:47.624Z - debug:  
2023-08-08T16:29:47.625Z - debug:  
2023-08-08T16:29:47.625Z - debug:  
2023-08-08T16:29:48.080Z - debug:  
2023-08-08T16:29:48.166Z - info: Site data built
2023-08-08T16:29:48.166Z - info: Pages rebuilt
2023-08-08T16:29:48.166Z - info: Website regeneration complete! Total build time: 17.395s
2023-08-08T16:32:09.327Z - info: Building C:\repos\nus-cs2103\cs2103-website-base\se-book-adapted\chapters\codeQuality as some of its dependencies were changed since the last visit
2023-08-08T16:32:10.927Z - info: Site data built
2023-08-08T16:32:10.927Z - info: Lazy website regeneration complete! Total build time: 1.6s
2023-08-08T16:34:12.963Z - info: [12:34:12 am] Reload for file change: C:\repos\nus-cs2103\cs2103-website-base\book\codeQuality\avoidShortcuts\basic\useDefaultBranch\text.md
2023-08-08T16:34:12.963Z - info: Synchronizing opened pages list before reload
2023-08-08T16:34:12.964Z - info: Current opened pages, from most-to-least recent:
2023-08-08T16:34:12.964Z - info: 1. se-book-adapted/chapters/codeQuality
2023-08-08T16:34:12.965Z - info: 2. se-book-adapted/print
2023-08-08T16:34:13.980Z - info: Rebuilding 2 pages
2023-08-08T16:34:14.311Z - error:  Error: No such segment '#extras' in file: C:\repos\nus-cs2103\cs2103-website-base\book\codeQuality\avoidShortcuts\basic\useDefaultBranch\text.md
Missing reference in C:\repos\nus-cs2103\cs2103-website-base\se-book-adapted\chapters\codeQuality.md
    at processInclude (C:\Users\dcsdcr\AppData\Roaming\npm\node_modules\markbind-cli\node_modules\@markbind\core\src\html\includePanelProcessor.js:204:27)
    at NodeProcessor.processNode (C:\Users\dcsdcr\AppData\Roaming\npm\node_modules\markbind-cli\node_modules\@markbind\core\src\html\NodeProcessor.js:171:71)
    at NodeProcessor.traverse (C:\Users\dcsdcr\AppData\Roaming\npm\node_modules\markbind-cli\node_modules\@markbind\core\src\html\NodeProcessor.js:322:24)
    at C:\Users\dcsdcr\AppData\Roaming\npm\node_modules\markbind-cli\node_modules\@markbind\core\src\html\NodeProcessor.js:326:22
    at Array.forEach (<anonymous>)
    at NodeProcessor.traverse (C:\Users\dcsdcr\AppData\Roaming\npm\node_modules\markbind-cli\node_modules\@markbind\core\src\html\NodeProcessor.js:325:27)
    at C:\Users\dcsdcr\AppData\Roaming\npm\node_modules\markbind-cli\node_modules\@markbind\core\src\html\NodeProcessor.js:326:22
    at Array.forEach (<anonymous>)
    at NodeProcessor.traverse (C:\Users\dcsdcr\AppData\Roaming\npm\node_modules\markbind-cli\node_modules\@markbind\core\src\html\NodeProcessor.js:325:27)
    at C:\Users\dcsdcr\AppData\Roaming\npm\node_modules\markbind-cli\node_modules\@markbind\core\src\html\NodeProcessor.js:326:22
    at Array.forEach (<anonymous>)
    at NodeProcessor.traverse (C:\Users\dcsdcr\AppData\Roaming\npm\node_modules\markbind-cli\node_modules\@markbind\core\src\html\NodeProcessor.js:325:27)
    at C:\Users\dcsdcr\AppData\Roaming\npm\node_modules\markbind-cli\node_modules\@markbind\core\src\html\NodeProcessor.js:326:22
    at Array.forEach (<anonymous>)
    at NodeProcessor.traverse (C:\Users\dcsdcr\AppData\Roaming\npm\node_modules\markbind-cli\node_modules\@markbind\core\src\html\NodeProcessor.js:325:27)
    at C:\Users\dcsdcr\AppData\Roaming\npm\node_modules\markbind-cli\node_modules\@markbind\core\src\html\NodeProcessor.js:326:22
2023-08-08T16:34:25.729Z - debug:  
2023-08-08T16:34:25.730Z - debug:  
2023-08-08T16:34:26.186Z - debug:  
2023-08-08T16:34:33.625Z - debug:  
2023-08-08T16:34:33.625Z - debug:  
2023-08-08T16:34:33.630Z - debug:  
2023-08-08T16:34:33.634Z - debug:  
2023-08-08T16:34:33.634Z - debug:  
2023-08-08T16:34:33.638Z - debug:  
2023-08-08T16:34:33.638Z - debug:  
2023-08-08T16:34:33.639Z - debug:  
2023-08-08T16:34:33.639Z - debug:  
2023-08-08T16:34:33.639Z - debug:  
2023-08-08T16:34:33.719Z - debug:  
2023-08-08T16:34:33.742Z - debug:  
2023-08-08T16:34:34.970Z - info: Site data built
2023-08-08T16:34:34.970Z - info: Pages rebuilt
2023-08-08T16:34:34.971Z - info: Website regeneration complete! Total build time: 20.992s
2023-08-08T16:34:35.063Z - debug:  
2023-08-08T16:35:08.074Z - info: [12:35:08 am] Reload for file change: C:\repos\nus-cs2103\cs2103-website-base\book\codeQuality\avoidShortcuts\basic\useDefaultBranch\text.md
2023-08-08T16:35:08.074Z - info: Synchronizing opened pages list before reload
2023-08-08T16:35:08.074Z - info: Current opened pages, from most-to-least recent:
2023-08-08T16:35:08.074Z - info: 1. se-book-adapted/chapters/codeQuality
2023-08-08T16:35:08.075Z - info: 2. se-book-adapted/print
2023-08-08T16:35:09.082Z - info: Rebuilding 2 pages
2023-08-08T16:35:09.368Z - error:  Error: No such segment '#extras' in file: C:\repos\nus-cs2103\cs2103-website-base\book\codeQuality\avoidShortcuts\basic\useDefaultBranch\text.md
Missing reference in C:\repos\nus-cs2103\cs2103-website-base\se-book-adapted\chapters\codeQuality.md
    at processInclude (C:\Users\dcsdcr\AppData\Roaming\npm\node_modules\markbind-cli\node_modules\@markbind\core\src\html\includePanelProcessor.js:204:27)
    at NodeProcessor.processNode (C:\Users\dcsdcr\AppData\Roaming\npm\node_modules\markbind-cli\node_modules\@markbind\core\src\html\NodeProcessor.js:171:71)
    at NodeProcessor.traverse (C:\Users\dcsdcr\AppData\Roaming\npm\node_modules\markbind-cli\node_modules\@markbind\core\src\html\NodeProcessor.js:322:24)
    at C:\Users\dcsdcr\AppData\Roaming\npm\node_modules\markbind-cli\node_modules\@markbind\core\src\html\NodeProcessor.js:326:22
    at Array.forEach (<anonymous>)
    at NodeProcessor.traverse (C:\Users\dcsdcr\AppData\Roaming\npm\node_modules\markbind-cli\node_modules\@markbind\core\src\html\NodeProcessor.js:325:27)
    at C:\Users\dcsdcr\AppData\Roaming\npm\node_modules\markbind-cli\node_modules\@markbind\core\src\html\NodeProcessor.js:326:22
    at Array.forEach (<anonymous>)
    at NodeProcessor.traverse (C:\Users\dcsdcr\AppData\Roaming\npm\node_modules\markbind-cli\node_modules\@markbind\core\src\html\NodeProcessor.js:325:27)
    at C:\Users\dcsdcr\AppData\Roaming\npm\node_modules\markbind-cli\node_modules\@markbind\core\src\html\NodeProcessor.js:326:22
    at Array.forEach (<anonymous>)
    at NodeProcessor.traverse (C:\Users\dcsdcr\AppData\Roaming\npm\node_modules\markbind-cli\node_modules\@markbind\core\src\html\NodeProcessor.js:325:27)
    at C:\Users\dcsdcr\AppData\Roaming\npm\node_modules\markbind-cli\node_modules\@markbind\core\src\html\NodeProcessor.js:326:22
    at Array.forEach (<anonymous>)
    at NodeProcessor.traverse (C:\Users\dcsdcr\AppData\Roaming\npm\node_modules\markbind-cli\node_modules\@markbind\core\src\html\NodeProcessor.js:325:27)
    at C:\Users\dcsdcr\AppData\Roaming\npm\node_modules\markbind-cli\node_modules\@markbind\core\src\html\NodeProcessor.js:326:22
2023-08-08T16:35:19.990Z - debug:  
2023-08-08T16:35:19.990Z - debug:  
2023-08-08T16:35:20.621Z - debug:  
2023-08-08T16:35:28.454Z - debug:  
2023-08-08T16:35:28.454Z - debug:  
2023-08-08T16:35:28.460Z - debug:  
2023-08-08T16:35:28.504Z - debug:  
2023-08-08T16:35:28.528Z - debug:  
2023-08-08T16:35:28.836Z - debug:  
2023-08-08T16:35:29.598Z - debug:  
2023-08-08T16:35:29.599Z - debug:  
2023-08-08T16:35:29.615Z - debug:  
2023-08-08T16:35:29.616Z - debug:  
2023-08-08T16:35:29.620Z - debug:  
2023-08-08T16:35:29.620Z - debug:  
2023-08-08T16:35:29.622Z - debug:  
2023-08-08T16:35:29.814Z - info: Site data built
2023-08-08T16:35:29.814Z - info: Pages rebuilt
2023-08-08T16:35:29.814Z - info: Website regeneration complete! Total build time: 20.734s
2023-08-08T16:35:50.289Z - info: [12:35:50 am] Reload for file change: C:\repos\nus-cs2103\cs2103-website-base\book\codeQuality\avoidShortcuts\basic\useDefaultBranch\text.md
2023-08-08T16:35:50.289Z - info: Synchronizing opened pages list before reload
2023-08-08T16:35:50.289Z - info: Current opened pages, from most-to-least recent:
2023-08-08T16:35:50.289Z - info: 1. se-book-adapted/chapters/codeQuality
2023-08-08T16:35:50.289Z - info: 2. se-book-adapted/print
2023-08-08T16:35:51.303Z - info: Rebuilding 2 pages
2023-08-08T16:35:59.663Z - debug:  
2023-08-08T16:36:00.035Z - debug:  
2023-08-08T16:36:00.300Z - debug:  
2023-08-08T16:36:06.334Z - debug:  
2023-08-08T16:36:06.335Z - debug:  
2023-08-08T16:36:06.340Z - debug:  
2023-08-08T16:36:06.344Z - debug:  
2023-08-08T16:36:06.344Z - debug:  
2023-08-08T16:36:06.345Z - debug:  
2023-08-08T16:36:06.348Z - debug:  
2023-08-08T16:36:06.348Z - debug:  
2023-08-08T16:36:06.430Z - debug:  
2023-08-08T16:36:06.455Z - debug:  
2023-08-08T16:36:06.467Z - debug:  
2023-08-08T16:36:06.535Z - debug:  
2023-08-08T16:36:07.052Z - debug:  
2023-08-08T16:36:07.176Z - info: Site data built
2023-08-08T16:36:07.176Z - info: Pages rebuilt
2023-08-08T16:36:07.177Z - info: Website regeneration complete! Total build time: 15.877s
2023-08-08T16:36:54.214Z - info: [12:36:54 am] Reload for file change: C:\repos\nus-cs2103\cs2103-website-base\book\codeQuality\avoidShortcuts\basic\dontRecycleVarsOrParams\text.md
2023-08-08T16:36:54.215Z - info: Synchronizing opened pages list before reload
2023-08-08T16:36:54.215Z - info: Current opened pages, from most-to-least recent:
2023-08-08T16:36:54.215Z - info: 1. se-book-adapted/chapters/codeQuality
2023-08-08T16:36:54.216Z - info: 2. se-book-adapted/print
2023-08-08T16:36:55.226Z - info: Rebuilding 2 pages
2023-08-08T16:37:04.525Z - debug:  
2023-08-08T16:37:04.755Z - debug:  
2023-08-08T16:37:04.866Z - debug:  
2023-08-08T16:37:11.545Z - debug:  
2023-08-08T16:37:11.551Z - debug:  
2023-08-08T16:37:11.551Z - debug:  
2023-08-08T16:37:11.557Z - debug:  
2023-08-08T16:37:11.558Z - debug:  
2023-08-08T16:37:11.562Z - debug:  
2023-08-08T16:37:11.562Z - debug:  
2023-08-08T16:37:11.563Z - debug:  
2023-08-08T16:37:11.563Z - debug:  
2023-08-08T16:37:11.563Z - debug:  
2023-08-08T16:37:11.564Z - debug:  
2023-08-08T16:37:11.564Z - debug:  
2023-08-08T16:37:11.753Z - debug:  
2023-08-08T16:37:12.687Z - info: Site data built
2023-08-08T16:37:12.688Z - info: Pages rebuilt
2023-08-08T16:37:12.688Z - info: Website regeneration complete! Total build time: 17.465s
2023-08-08T16:37:18.269Z - info: [12:37:18 am] Reload for file change: C:\repos\nus-cs2103\cs2103-website-base\book\codeQuality\avoidShortcuts\basic\dontRecycleVarsOrParams\text.md
2023-08-08T16:37:18.270Z - info: Synchronizing opened pages list before reload
2023-08-08T16:37:18.271Z - info: Current opened pages, from most-to-least recent:
2023-08-08T16:37:18.271Z - info: 1. se-book-adapted/chapters/codeQuality
2023-08-08T16:37:18.271Z - info: 2. se-book-adapted/print
2023-08-08T16:37:19.277Z - info: Rebuilding 2 pages
2023-08-08T16:37:30.533Z - debug:  
2023-08-08T16:37:30.704Z - debug:  
2023-08-08T16:37:30.709Z - debug:  
2023-08-08T16:37:37.285Z - debug:  
2023-08-08T16:37:37.288Z - debug:  
2023-08-08T16:37:37.365Z - debug:  
2023-08-08T16:37:37.440Z - debug:  
2023-08-08T16:37:37.553Z - debug:  
2023-08-08T16:37:38.237Z - debug:  
2023-08-08T16:37:38.241Z - debug:  
2023-08-08T16:37:38.264Z - debug:  
2023-08-08T16:37:38.267Z - debug:  
2023-08-08T16:37:38.269Z - debug:  
2023-08-08T16:37:38.424Z - info: Site data built
2023-08-08T16:37:38.425Z - info: Pages rebuilt
2023-08-08T16:37:38.425Z - info: Website regeneration complete! Total build time: 19.15s
2023-08-08T16:37:38.494Z - debug:  
2023-08-08T16:37:38.648Z - debug:  
2023-08-08T16:37:38.733Z - debug:  
2023-08-08T16:38:30.092Z - info: Building C:\repos\nus-cs2103\cs2103-website-base\schedule\week6\index as some of its dependencies were changed since the last visit
2023-08-08T16:38:31.153Z - info: Site data built
2023-08-08T16:38:31.154Z - info: Lazy website regeneration complete! Total build time: 1.062s
2023-08-08T16:38:36.596Z - info: Building C:\repos\nus-cs2103\cs2103-website-base\schedule\week6\topics as some of its dependencies were changed since the last visit
2023-08-08T16:38:54.319Z - info: Site data built
2023-08-08T16:38:54.325Z - info: Lazy website regeneration complete! Total build time: 17.73s
2023-08-08T16:38:54.358Z - info: Building C:\repos\nus-cs2103\cs2103-website-base\schedule\week6\topics as some of its dependencies were changed since the last visit
2023-08-08T16:39:02.214Z - debug: The process cannot access the file because it is being used by another process.

2023-08-08T16:39:02.215Z - debug: The process cannot access the file because it is being used by another process.

2023-08-08T16:39:03.949Z - debug:  
2023-08-08T16:39:03.952Z - debug:  
2023-08-08T16:39:04.733Z - info: Site data built
2023-08-08T16:39:04.735Z - info: Lazy website regeneration complete! Total build time: 10.376s
2023-08-08T16:42:55.921Z - info: [12:42:55 am] Reload for file add: C:\repos\nus-cs2103\cs2103-website-base\book\diagrams\uml\sequenceDiagrams\loops\~$playerText.pptx
2023-08-08T16:42:55.922Z - info: Synchronizing opened pages list before reload
2023-08-08T16:42:55.922Z - info: Current opened pages, from most-to-least recent:
2023-08-08T16:42:55.922Z - info: 1. schedule/week6/topics
2023-08-08T16:42:55.922Z - info: 2. se-book-adapted/print
2023-08-08T16:43:01.750Z - info: Assets built
2023-08-08T16:43:09.154Z - info: [12:43:09 am] Reload for file add: C:\repos\nus-cs2103\cs2103-website-base\book\diagrams\uml\sequenceDiagrams\loops\ppt4E40.tmp
2023-08-08T16:43:09.154Z - info: Synchronizing opened pages list before reload
2023-08-08T16:43:09.154Z - info: Current opened pages, from most-to-least recent:
2023-08-08T16:43:09.154Z - info: 1. schedule/week6/topics
2023-08-08T16:43:09.154Z - info: 2. se-book-adapted/print
2023-08-08T16:43:13.671Z - info: [12:43:13 am] Reload for file change: C:\repos\nus-cs2103\cs2103-website-base\book\diagrams\uml\sequenceDiagrams\loops\playerText.pptx
2023-08-08T16:43:13.671Z - info: Synchronizing opened pages list before reload
2023-08-08T16:43:13.671Z - info: Current opened pages, from most-to-least recent:
2023-08-08T16:43:13.671Z - info: 1. schedule/week6/topics
2023-08-08T16:43:13.671Z - info: 2. se-book-adapted/print
2023-08-08T16:43:13.777Z - info: [12:43:13 am] Reload for file deletion: C:\repos\nus-cs2103\cs2103-website-base\book\diagrams\uml\sequenceDiagrams\loops\ppt4E40.tmp
2023-08-08T16:43:13.777Z - info: Synchronizing opened pages list before reload
2023-08-08T16:43:13.777Z - info: Current opened pages, from most-to-least recent:
2023-08-08T16:43:13.777Z - info: 1. schedule/week6/topics
2023-08-08T16:43:13.778Z - info: 2. se-book-adapted/print
2023-08-08T16:43:18.300Z - info: Assets built
2023-08-08T16:43:19.301Z - debug: Assets removed
2023-08-08T16:44:12.026Z - info: [12:44:12 am] Reload for file change: C:\repos\nus-cs2103\cs2103-website-base\book\uml\sequenceDiagrams\loops\images\playerText.png
2023-08-08T16:44:12.026Z - info: Synchronizing opened pages list before reload
2023-08-08T16:44:12.026Z - info: Current opened pages, from most-to-least recent:
2023-08-08T16:44:12.027Z - info: 1. schedule/week6/topics
2023-08-08T16:44:12.027Z - info: 2. se-book-adapted/print
2023-08-08T16:44:13.052Z - info: Assets built
2023-08-08T16:47:36.255Z - info: [12:47:36 am] Reload for file change: C:\repos\nus-cs2103\cs2103-website-base\book\errorHandling\logging\how\text.md
2023-08-08T16:47:36.255Z - info: Synchronizing opened pages list before reload
2023-08-08T16:47:36.255Z - info: Current opened pages, from most-to-least recent:
2023-08-08T16:47:36.256Z - info: 1. schedule/week6/topics
2023-08-08T16:47:36.256Z - info: 2. se-book-adapted/print
2023-08-08T16:47:37.268Z - info: Rebuilding 2 pages
2023-08-08T16:47:45.600Z - debug:  
2023-08-08T16:47:45.657Z - debug:  
2023-08-08T16:47:55.865Z - debug:  
2023-08-08T16:47:55.888Z - debug:  
2023-08-08T16:47:56.005Z - debug:  
2023-08-08T16:47:56.140Z - debug:  
2023-08-08T16:47:57.195Z - debug:  
2023-08-08T16:47:57.201Z - debug:  
2023-08-08T16:47:57.205Z - debug:  
2023-08-08T16:47:57.205Z - debug:  
2023-08-08T16:47:57.206Z - debug:  
2023-08-08T16:47:57.206Z - debug:  
2023-08-08T16:47:57.363Z - debug:  
2023-08-08T16:47:57.510Z - debug:  
2023-08-08T16:47:57.520Z - info: Site data built
2023-08-08T16:47:57.520Z - info: Pages rebuilt
2023-08-08T16:47:57.521Z - info: Website regeneration complete! Total build time: 20.255s
2023-08-08T16:47:57.566Z - debug:  
2023-08-08T16:47:57.783Z - debug:  
2023-08-08T16:50:01.293Z - info: [12:50:01 am] Reload for file deletion: C:\repos\nus-cs2103\cs2103-website-base\book\diagrams\uml\sequenceDiagrams\loops\~$playerText.pptx
2023-08-08T16:50:01.294Z - info: Synchronizing opened pages list before reload
2023-08-08T16:50:01.294Z - info: Current opened pages, from most-to-least recent:
2023-08-08T16:50:01.294Z - info: 1. schedule/week6/topics
2023-08-08T16:50:08.048Z - debug: Assets removed
2023-08-08T16:57:24.690Z - info: Website generation (lazy) started at 12:57:22 am
2023-08-08T16:57:35.655Z - info: Building assets...
2023-08-08T16:57:42.642Z - info: Assets built
2023-08-08T16:57:42.642Z - info: Generating landing page...
2023-08-08T16:57:43.360Z - info: Landing page built, other pages will be built as you navigate to them!
2023-08-08T16:57:44.356Z - info: Site data built
2023-08-08T16:57:44.357Z - info: Website generation (lazy) complete! Total build time: 21.629s
2023-08-08T16:57:45.188Z - info: Serving "C:\repos\nus-cs2103\cs2103-website-base\_site" at http://127.0.0.1:8080
2023-08-08T16:57:45.189Z - info: Press CTRL+C to stop ...
2023-08-08T16:59:12.025Z - info: Website generation started at 12:59:10 am
2023-08-08T16:59:24.959Z - info: Building assets...
2023-08-08T16:59:34.371Z - info: Assets built
2023-08-08T16:59:34.372Z - info: Generating pages...
2023-08-08T16:59:53.955Z - debug:  
2023-08-08T16:59:53.976Z - debug:  
2023-08-08T16:59:53.977Z - debug:  
2023-08-08T16:59:54.016Z - debug:  
2023-08-08T16:59:54.018Z - debug:  
2023-08-08T16:59:56.707Z - debug:  
2023-08-08T16:59:56.708Z - debug:  
2023-08-08T16:59:56.708Z - debug:  
2023-08-08T16:59:56.708Z - debug:  
2023-08-08T16:59:56.708Z - debug:  
2023-08-08T16:59:56.708Z - debug:  
2023-08-08T16:59:56.709Z - debug:  
2023-08-08T16:59:56.709Z - debug:  
2023-08-08T16:59:56.709Z - debug:  
2023-08-08T16:59:56.709Z - debug:  
2023-08-08T17:00:01.062Z - debug:  
2023-08-08T17:01:37.549Z - debug:  
2023-08-08T17:01:46.995Z - debug:  
2023-08-08T17:01:47.126Z - debug:  
2023-08-08T17:01:51.373Z - info: Pages built
2023-08-08T17:01:52.163Z - info: Site data built
2023-08-08T17:01:52.163Z - info: Website generation complete! Total build time: 162.115s
2023-08-08T17:01:52.163Z - info: Build success!
2023-08-08T17:03:56.993Z - info: The website has been deployed at: https://nus-cs2113-ay2324s1.github.io/website
2023-08-08T18:31:39.117Z - info: Website generation started at 2:31:33 am
2023-08-08T18:31:53.244Z - info: Building assets...
2023-08-08T18:32:00.459Z - info: Assets built
2023-08-08T18:32:00.460Z - info: Generating pages...
2023-08-08T18:32:21.657Z - debug:  
2023-08-08T18:32:21.657Z - debug:  
2023-08-08T18:32:21.657Z - debug:  
2023-08-08T18:32:21.658Z - debug:  
2023-08-08T18:32:21.658Z - debug:  
2023-08-08T18:32:21.658Z - debug:  
2023-08-08T18:32:21.658Z - debug:  
2023-08-08T18:32:21.659Z - debug:  
2023-08-08T18:32:21.659Z - debug:  
2023-08-08T18:32:21.659Z - debug:  
2023-08-08T18:32:21.659Z - debug:  
2023-08-08T18:32:21.659Z - debug:  
2023-08-08T18:32:21.660Z - debug:  
2023-08-08T18:32:21.660Z - debug:  
2023-08-08T18:32:25.408Z - debug:  
2023-08-08T18:32:56.457Z - debug:  
2023-08-08T18:33:53.673Z - info: Pages built
2023-08-08T18:33:54.616Z - info: Site data built
2023-08-08T18:33:54.616Z - info: Website generation complete! Total build time: 141.088s
2023-08-08T18:33:54.616Z - info: Build success!
2023-08-08T18:36:02.590Z - info: The website has been deployed at: https://nus-tic2002-ay2324s1.github.io/website
