2023-11-10T16:45:21.022Z - info: Website generation (lazy) started at 12:45:19 am
2023-11-10T16:45:34.836Z - info: Building assets...
2023-11-10T16:45:44.103Z - info: Assets built
2023-11-10T16:45:44.105Z - info: Generating landing page...
2023-11-10T16:45:45.552Z - info: Landing page built, other pages will be built as you navigate to them!
2023-11-10T16:45:47.016Z - info: Site data built
2023-11-10T16:45:47.016Z - info: Website generation (lazy) complete! Total build time: 27.833s
2023-11-10T16:45:48.176Z - info: Serving "C:\repos\nus-cs2103\cs2103-website-base\_site" at http://127.0.0.1:8080
2023-11-10T16:45:48.177Z - info: Press CTRL+C to stop ...
2023-11-10T16:45:50.855Z - info: [12:45:50 am] Reload for file change: C:\repos\nus-cs2103\cs2103-website-base\admin\tp-tasks-fragment.md
2023-11-10T16:45:50.856Z - info: Synchronizing opened pages list before reload
2023-11-10T16:45:50.856Z - info: No pages are currently opened
2023-11-10T16:45:52.534Z - info: No pages needed to be rebuilt
2023-11-10T16:47:23.176Z - info: [12:47:23 am] Reload for file change: C:\repos\nus-cs2103\cs2103-website-base\admin\tp-tasks-fragment.md
2023-11-10T16:47:23.177Z - info: Synchronizing opened pages list before reload
2023-11-10T16:47:23.178Z - info: Current opened pages, from most-to-least recent:
2023-11-10T16:47:23.178Z - info: 1. index
2023-11-10T16:47:24.198Z - info: Rebuilding 1 pages
2023-11-10T16:47:25.267Z - info: Building C:\repos\nus-cs2103\cs2103-website-base\schedule\week12\index as some of its dependencies were changed since the last visit
2023-11-10T16:47:25.763Z - info: Site data built
2023-11-10T16:47:25.764Z - info: Lazy website regeneration complete! Total build time: 0.497s
2023-11-10T16:47:25.765Z - info: Site data built
2023-11-10T16:47:25.765Z - info: Pages rebuilt
2023-11-10T16:47:25.766Z - info: Website regeneration complete! Total build time: 1.568s
2023-11-10T16:48:17.222Z - info: Building C:\repos\nus-cs2103\cs2103-website-base\schedule\week12\project as some of its dependencies were changed since the last visit
2023-11-10T16:48:21.365Z - info: Site data built
2023-11-10T16:48:21.366Z - info: Lazy website regeneration complete! Total build time: 4.144s
2023-11-10T16:50:05.573Z - info: [12:50:05 am] Reload for file change: C:\repos\nus-cs2103\cs2103-website-base\admin\tp-tasks-fragment.md
2023-11-10T16:50:05.574Z - info: Synchronizing opened pages list before reload
2023-11-10T16:50:05.574Z - info: Current opened pages, from most-to-least recent:
2023-11-10T16:50:05.575Z - info: 1. schedule/week12/project
2023-11-10T16:50:06.586Z - info: Rebuilding 1 pages
2023-11-10T16:50:09.832Z - info: Site data built
2023-11-10T16:50:09.833Z - info: Pages rebuilt
2023-11-10T16:50:09.833Z - info: Website regeneration complete! Total build time: 3.248s
2023-11-10T16:51:54.444Z - info: [12:51:54 am] Reload for file change: C:\repos\nus-cs2103\cs2103-website-base\admin\tp-tasks-fragment.md
2023-11-10T16:51:54.445Z - info: Synchronizing opened pages list before reload
2023-11-10T16:51:54.445Z - info: Current opened pages, from most-to-least recent:
2023-11-10T16:51:54.445Z - info: 1. schedule/week12/project
2023-11-10T16:51:55.466Z - info: Rebuilding 1 pages
2023-11-10T16:51:59.047Z - info: Site data built
2023-11-10T16:51:59.048Z - info: Pages rebuilt
2023-11-10T16:51:59.048Z - info: Website regeneration complete! Total build time: 3.585s
2023-11-10T16:52:29.660Z - info: [12:52:29 am] Reload for file change: C:\repos\nus-cs2103\cs2103-website-base\admin\tp-tasks-fragment.md
2023-11-10T16:52:29.661Z - info: Synchronizing opened pages list before reload
2023-11-10T16:52:29.662Z - info: Current opened pages, from most-to-least recent:
2023-11-10T16:52:29.662Z - info: 1. schedule/week12/project
2023-11-10T16:52:30.670Z - info: Rebuilding 1 pages
2023-11-10T16:52:34.309Z - info: Site data built
2023-11-10T16:52:34.310Z - info: Pages rebuilt
2023-11-10T16:52:34.310Z - info: Website regeneration complete! Total build time: 3.642s
2023-11-10T16:52:57.107Z - info: [12:52:57 am] Reload for file change: C:\repos\nus-cs2103\cs2103-website-base\admin\tp-tasks-fragment.md
2023-11-10T16:52:57.108Z - info: Synchronizing opened pages list before reload
2023-11-10T16:52:57.108Z - info: Current opened pages, from most-to-least recent:
2023-11-10T16:52:57.108Z - info: 1. schedule/week12/project
2023-11-10T16:52:58.114Z - info: Rebuilding 1 pages
2023-11-10T16:53:01.330Z - info: Site data built
2023-11-10T16:53:01.330Z - info: Pages rebuilt
2023-11-10T16:53:01.330Z - info: Website regeneration complete! Total build time: 3.217s
2023-11-10T16:57:31.185Z - info: Website generation started at 12:57:27 am
2023-11-10T16:57:45.763Z - info: Building assets...
2023-11-10T16:57:54.363Z - info: Assets built
2023-11-10T16:57:54.365Z - info: Generating pages...
2023-11-10T16:58:13.589Z - debug:  
2023-11-10T16:58:13.785Z - debug:  
2023-11-10T16:58:13.798Z - debug:  
2023-11-10T16:58:13.808Z - debug:  
2023-11-10T16:58:17.090Z - debug:  
2023-11-10T16:58:17.091Z - debug:  
2023-11-10T16:58:17.091Z - debug:  
2023-11-10T16:58:17.091Z - debug:  
2023-11-10T16:58:17.091Z - debug:  
2023-11-10T16:58:17.092Z - debug:  
2023-11-10T16:58:17.092Z - debug:  
2023-11-10T16:58:17.092Z - debug:  
2023-11-10T16:58:17.093Z - debug:  
2023-11-10T16:58:17.093Z - debug:  
2023-11-10T16:58:17.093Z - debug:  
2023-11-10T16:58:17.093Z - debug:  
2023-11-10T17:02:21.539Z - debug:  
2023-11-10T17:02:38.665Z - debug:  
2023-11-10T17:02:38.674Z - debug:  
2023-11-10T17:02:51.629Z - info: Pages built
2023-11-10T17:02:52.670Z - info: Site data built
2023-11-10T17:02:52.670Z - info: Website generation complete! Total build time: 324.702s
2023-11-10T17:02:52.671Z - info: Build success!
2023-11-10T17:06:54.942Z - info: The website has been deployed at: https://nus-cs2103-ay2324s1.github.io/website
2023-11-11T06:45:30.252Z - info: Website generation (lazy) started at 2:45:21 pm
2023-11-11T06:45:44.985Z - info: Building assets...
2023-11-11T06:45:54.754Z - info: Assets built
2023-11-11T06:45:54.755Z - info: Generating landing page...
2023-11-11T06:45:56.276Z - info: Landing page built, other pages will be built as you navigate to them!
2023-11-11T06:45:57.620Z - info: Site data built
2023-11-11T06:45:57.620Z - info: Website generation (lazy) complete! Total build time: 36.366s
2023-11-11T06:45:59.920Z - info: Serving "C:\repos\nus-cs2103\cs2103-website-base\_site" at http://127.0.0.1:8080
2023-11-11T06:45:59.921Z - info: Press CTRL+C to stop ...
2023-11-11T06:47:33.912Z - info: Building C:\repos\nus-cs2103\cs2103-website-base\schedule\week12\index as some of its dependencies were changed since the last visit
2023-11-11T06:47:35.011Z - info: Site data built
2023-11-11T06:47:35.012Z - info: Lazy website regeneration complete! Total build time: 1.1s
2023-11-11T06:49:00.026Z - info: [2:49:00 pm] Reload for file change: C:\repos\nus-cs2103\cs2103-website-base\admin\tp-tasks-fragment.md
2023-11-11T06:49:00.026Z - info: Synchronizing opened pages list before reload
2023-11-11T06:49:00.027Z - info: Current opened pages, from most-to-least recent:
2023-11-11T06:49:00.027Z - info: 1. schedule/week12/index
2023-11-11T06:49:01.040Z - info: Rebuilding 1 pages
2023-11-11T06:49:01.804Z - info: Site data built
2023-11-11T06:49:01.804Z - info: Pages rebuilt
2023-11-11T06:49:01.805Z - info: Website regeneration complete! Total build time: 0.766s
2023-11-11T06:49:02.751Z - info: Building C:\repos\nus-cs2103\cs2103-website-base\schedule\week12\project as some of its dependencies were changed since the last visit
2023-11-11T06:49:06.704Z - info: Site data built
2023-11-11T06:49:06.706Z - info: Lazy website regeneration complete! Total build time: 3.955s
2023-11-11T06:51:46.636Z - info: [2:51:46 pm] Reload for file change: C:\repos\nus-cs2103\cs2103-website-base\admin\tp-tasks-fragment.md
2023-11-11T06:51:46.637Z - info: Synchronizing opened pages list before reload
2023-11-11T06:51:46.638Z - info: Current opened pages, from most-to-least recent:
2023-11-11T06:51:46.638Z - info: 1. schedule/week12/project
2023-11-11T06:51:47.661Z - info: Rebuilding 1 pages
2023-11-11T06:51:51.915Z - info: Site data built
2023-11-11T06:51:51.916Z - info: Pages rebuilt
2023-11-11T06:51:51.916Z - info: Website regeneration complete! Total build time: 4.256s
2023-11-11T06:52:25.775Z - info: Website generation started at 2:52:23 pm
2023-11-11T06:52:38.983Z - info: Building assets...
2023-11-11T06:52:48.108Z - info: Assets built
2023-11-11T06:52:48.109Z - info: Generating pages...
2023-11-11T06:53:08.437Z - debug:  
2023-11-11T06:53:08.562Z - debug:  
2023-11-11T06:53:08.600Z - debug:  
2023-11-11T06:53:08.652Z - debug:  
2023-11-11T06:53:11.964Z - debug:  
2023-11-11T06:53:11.965Z - debug:  
2023-11-11T06:53:11.965Z - debug:  
2023-11-11T06:53:11.965Z - debug:  
2023-11-11T06:53:11.965Z - debug:  
2023-11-11T06:53:11.966Z - debug:  
2023-11-11T06:53:11.966Z - debug:  
2023-11-11T06:53:11.966Z - debug:  
2023-11-11T06:53:11.967Z - debug:  
2023-11-11T06:53:11.967Z - debug:  
2023-11-11T06:53:11.967Z - debug:  
2023-11-11T06:53:11.967Z - debug:  
2023-11-11T06:55:23.992Z - debug:  
2023-11-11T06:55:39.419Z - debug:  
2023-11-11T06:55:39.471Z - debug:  
2023-11-11T06:55:52.393Z - info: Pages built
2023-11-11T06:55:53.439Z - info: Site data built
2023-11-11T06:55:53.440Z - info: Website generation complete! Total build time: 210.128s
2023-11-11T06:55:53.440Z - info: Build success!
2023-11-11T06:57:37.947Z - info: The website has been deployed at: https://nus-cs2103-ay2324s1.github.io/website
2023-11-11T07:56:26.437Z - info: Website generation (lazy) started at 3:56:18 pm
2023-11-11T07:56:41.577Z - info: Building assets...
2023-11-11T07:56:49.923Z - info: Assets built
2023-11-11T07:56:49.923Z - info: Generating landing page...
2023-11-11T07:56:51.217Z - info: Landing page built, other pages will be built as you navigate to them!
2023-11-11T07:56:52.202Z - info: Site data built
2023-11-11T07:56:52.202Z - info: Website generation (lazy) complete! Total build time: 33.706s
2023-11-11T07:56:53.266Z - info: Serving "C:\repos\nus-cs2103\cs2103-website-base\_site" at http://127.0.0.1:8080
2023-11-11T07:56:53.267Z - info: Press CTRL+C to stop ...
2023-11-11T08:01:58.273Z - info: Building C:\repos\nus-cs2103\cs2103-website-base\schedule\week12\project as some of its dependencies were changed since the last visit
2023-11-11T08:02:02.817Z - info: Site data built
2023-11-11T08:02:02.818Z - info: Lazy website regeneration complete! Total build time: 4.545s
2023-11-11T08:02:53.044Z - info: Website generation started at 4:02:51 pm
2023-11-11T08:03:03.230Z - info: Building assets...
