2023-08-07T05:44:35.197Z - info: Website generation (lazy) started at 1:44:29 pm
2023-08-07T05:44:45.843Z - info: Building assets...
2023-08-07T05:44:53.289Z - info: Assets built
2023-08-07T05:44:53.289Z - info: Generating landing page...
2023-08-07T05:44:54.012Z - info: Landing page built, other pages will be built as you navigate to them!
2023-08-07T05:44:55.263Z - info: Site data built
2023-08-07T05:44:55.263Z - info: Website generation (lazy) complete! Total build time: 25.45s
2023-08-07T05:44:56.158Z - info: Serving "C:\repos\nus-cs2103\cs2103-website-base\_site" at http://127.0.0.1:8080
2023-08-07T05:44:56.158Z - info: Press CTRL+C to stop ...
2023-08-07T05:45:29.198Z - info: Building C:\repos\nus-cs2103\cs2103-website-base\git-trail\index as some of its dependencies were changed since the last visit
2023-08-07T05:45:31.993Z - info: Site data built
2023-08-07T05:45:31.993Z - info: Lazy website regeneration complete! Total build time: 2.796s
2023-08-07T05:49:02.437Z - info: [1:49:02 pm] Reload for file change: C:\repos\nus-cs2103\cs2103-website-base\book\gitAndGithub\commit\sourcetree_2.md
2023-08-07T05:49:02.438Z - info: Synchronizing opened pages list before reload
2023-08-07T05:49:02.439Z - info: Current opened pages, from most-to-least recent:
2023-08-07T05:49:02.439Z - info: 1. git-trail/index
2023-08-07T05:49:03.458Z - info: Rebuilding 1 pages
2023-08-07T05:49:05.232Z - info: Site data built
2023-08-07T05:49:05.232Z - info: Pages rebuilt
2023-08-07T05:49:05.232Z - info: Website regeneration complete! Total build time: 1.776s
2023-08-07T05:51:50.518Z - info: Building C:\repos\nus-cs2103\cs2103-website-base\schedule\week1\index as some of its dependencies were changed since the last visit
2023-08-07T05:51:52.273Z - info: Site data built
2023-08-07T05:51:52.274Z - info: Lazy website regeneration complete! Total build time: 1.756s
2023-08-07T05:51:52.840Z - info: Building C:\repos\nus-cs2103\cs2103-website-base\schedule\week1\index as some of its dependencies were changed since the last visit
2023-08-07T05:51:53.466Z - info: Site data built
2023-08-07T05:51:53.467Z - info: Lazy website regeneration complete! Total build time: 0.627s
2023-08-07T05:52:07.444Z - info: Building C:\repos\nus-cs2103\cs2103-website-base\schedule\week1\admin as some of its dependencies were changed since the last visit
2023-08-07T05:52:11.405Z - info: Site data built
2023-08-07T05:52:11.406Z - info: Lazy website regeneration complete! Total build time: 3.961s
2023-08-07T05:52:11.976Z - info: Building C:\repos\nus-cs2103\cs2103-website-base\schedule\week1\admin as some of its dependencies were changed since the last visit
2023-08-07T05:52:13.717Z - debug: The process cannot access the file because it is being used by another process.

2023-08-07T05:52:14.268Z - info: Site data built
2023-08-07T05:52:14.268Z - info: Lazy website regeneration complete! Total build time: 2.292s
2023-08-07T05:52:14.759Z - debug:  
2023-08-07T05:58:25.209Z - info: [1:58:25 pm] Reload for file change: C:\repos\nus-cs2103\cs2103-website-base\admin\admin-tasks-fragment.md
2023-08-07T05:58:25.210Z - info: Synchronizing opened pages list before reload
2023-08-07T05:58:25.210Z - info: Current opened pages, from most-to-least recent:
2023-08-07T05:58:25.211Z - info: 1. schedule/week1/admin
2023-08-07T05:58:26.223Z - info: Rebuilding 1 pages
2023-08-07T05:58:26.615Z - error:  Error: No such file: C:\repos\nus-cs2103\cs2103-website-base\admin\{{ baseUrl }}\admin\participation.md
Missing reference in C:\repos\nus-cs2103\cs2103-website-base\admin\admin-tasks-fragment.md
    at _checkAndWarnFileExists (C:\Users\dcsdcr\AppData\Roaming\npm\node_modules\markbind-cli\node_modules\@markbind\core\src\html\includePanelProcessor.js:57:23)
    at processInclude (C:\Users\dcsdcr\AppData\Roaming\npm\node_modules\markbind-cli\node_modules\@markbind\core\src\html\includePanelProcessor.js:178:24)
    at NodeProcessor.processNode (C:\Users\dcsdcr\AppData\Roaming\npm\node_modules\markbind-cli\node_modules\@markbind\core\src\html\NodeProcessor.js:171:71)
    at NodeProcessor.traverse (C:\Users\dcsdcr\AppData\Roaming\npm\node_modules\markbind-cli\node_modules\@markbind\core\src\html\NodeProcessor.js:322:24)
    at C:\Users\dcsdcr\AppData\Roaming\npm\node_modules\markbind-cli\node_modules\@markbind\core\src\html\NodeProcessor.js:326:22
    at Array.forEach (<anonymous>)
    at NodeProcessor.traverse (C:\Users\dcsdcr\AppData\Roaming\npm\node_modules\markbind-cli\node_modules\@markbind\core\src\html\NodeProcessor.js:325:27)
    at C:\Users\dcsdcr\AppData\Roaming\npm\node_modules\markbind-cli\node_modules\@markbind\core\src\html\NodeProcessor.js:326:22
    at Array.forEach (<anonymous>)
    at NodeProcessor.traverse (C:\Users\dcsdcr\AppData\Roaming\npm\node_modules\markbind-cli\node_modules\@markbind\core\src\html\NodeProcessor.js:325:27)
    at C:\Users\dcsdcr\AppData\Roaming\npm\node_modules\markbind-cli\node_modules\@markbind\core\src\html\NodeProcessor.js:326:22
    at Array.forEach (<anonymous>)
    at NodeProcessor.traverse (C:\Users\dcsdcr\AppData\Roaming\npm\node_modules\markbind-cli\node_modules\@markbind\core\src\html\NodeProcessor.js:325:27)
    at C:\Users\dcsdcr\AppData\Roaming\npm\node_modules\markbind-cli\node_modules\@markbind\core\src\html\NodeProcessor.js:326:22
    at Array.forEach (<anonymous>)
    at NodeProcessor.traverse (C:\Users\dcsdcr\AppData\Roaming\npm\node_modules\markbind-cli\node_modules\@markbind\core\src\html\NodeProcessor.js:325:27)
2023-08-07T05:58:28.404Z - info: Site data built
2023-08-07T05:58:28.405Z - info: Pages rebuilt
2023-08-07T05:58:28.405Z - info: Website regeneration complete! Total build time: 2.184s
2023-08-07T05:58:29.439Z - debug:  
2023-08-07T05:59:18.829Z - info: [1:59:18 pm] Reload for file change: C:\repos\nus-cs2103\cs2103-website-base\admin\admin-tasks-fragment.md
2023-08-07T05:59:18.829Z - info: Synchronizing opened pages list before reload
2023-08-07T05:59:18.830Z - info: Current opened pages, from most-to-least recent:
2023-08-07T05:59:18.830Z - info: 1. schedule/week1/admin
2023-08-07T05:59:19.846Z - info: Rebuilding 1 pages
2023-08-07T05:59:21.923Z - info: Site data built
2023-08-07T05:59:21.924Z - info: Pages rebuilt
2023-08-07T05:59:21.924Z - info: Website regeneration complete! Total build time: 2.079s
2023-08-07T05:59:22.886Z - debug:  
2023-08-07T05:59:26.522Z - info: Building C:\repos\nus-cs2103\cs2103-website-base\admin\participation as some of its dependencies were changed since the last visit
2023-08-07T05:59:26.752Z - info: Site data built
2023-08-07T05:59:26.753Z - info: Lazy website regeneration complete! Total build time: 0.23s
2023-08-07T06:04:53.439Z - info: [2:04:53 pm] Reload for file change: C:\repos\nus-cs2103\cs2103-website-base\common\macros.njk
2023-08-07T06:04:53.439Z - info: Synchronizing opened pages list before reload
2023-08-07T06:04:53.440Z - info: Current opened pages, from most-to-least recent:
2023-08-07T06:04:53.440Z - info: 1. schedule/week1/admin
2023-08-07T06:04:54.777Z - info: Rebuilding 1 pages
2023-08-07T06:04:56.713Z - info: Site data built
2023-08-07T06:04:56.714Z - info: Pages rebuilt
2023-08-07T06:04:56.714Z - info: Website regeneration complete! Total build time: 1.938s
2023-08-07T06:04:57.747Z - debug:  
2023-08-07T06:04:59.795Z - info: Building C:\repos\nus-cs2103\cs2103-website-base\admin\tp-teams as some of its dependencies were changed since the last visit
2023-08-07T06:05:00.068Z - info: Site data built
2023-08-07T06:05:00.068Z - info: Lazy website regeneration complete! Total build time: 0.273s
2023-08-07T06:15:01.960Z - info: [2:15:01 pm] Reload for file change: C:\repos\nus-cs2103\cs2103-website-base\admin\tutorials.md
2023-08-07T06:15:01.960Z - info: Synchronizing opened pages list before reload
2023-08-07T06:15:01.961Z - info: Current opened pages, from most-to-least recent:
2023-08-07T06:15:01.961Z - info: 1. ../admin/tp-teams
2023-08-07T06:15:01.961Z - info: 2. schedule/week1/admin
2023-08-07T06:15:01.967Z - info: [2:15:01 pm] Reload for file change: C:\repos\nus-cs2103\cs2103-website-base\schedule\week4\notices-cs2103-fragment.md
2023-08-07T06:15:01.968Z - info: Synchronizing opened pages list before reload
2023-08-07T06:15:01.968Z - info: Current opened pages, from most-to-least recent:
2023-08-07T06:15:01.968Z - info: 1. ../admin/tp-teams
2023-08-07T06:15:01.968Z - info: 2. schedule/week1/admin
2023-08-07T06:15:02.002Z - info: [2:15:02 pm] Reload for file change: C:\repos\nus-cs2103\cs2103-website-base\admin\weeklySchedule.md
2023-08-07T06:15:02.003Z - info: Synchronizing opened pages list before reload
2023-08-07T06:15:02.003Z - info: Current opened pages, from most-to-least recent:
2023-08-07T06:15:02.003Z - info: 1. ../admin/tp-teams
2023-08-07T06:15:02.003Z - info: 2. schedule/week1/admin
2023-08-07T06:15:02.020Z - info: [2:15:02 pm] Reload for file change: C:\repos\nus-cs2103\cs2103-website-base\admin\ip-tasks-fragment.md
2023-08-07T06:15:02.020Z - info: Synchronizing opened pages list before reload
2023-08-07T06:15:02.020Z - info: Current opened pages, from most-to-least recent:
2023-08-07T06:15:02.020Z - info: 1. ../admin/tp-teams
2023-08-07T06:15:02.020Z - info: 2. schedule/week1/admin
2023-08-07T06:15:02.041Z - info: [2:15:02 pm] Reload for file change: C:\repos\nus-cs2103\cs2103-website-base\admin\admin-tasks-fragment.md
2023-08-07T06:15:02.041Z - info: Synchronizing opened pages list before reload
2023-08-07T06:15:02.041Z - info: Current opened pages, from most-to-least recent:
2023-08-07T06:15:02.041Z - info: 1. ../admin/tp-teams
2023-08-07T06:15:02.041Z - info: 2. schedule/week1/admin
2023-08-07T06:15:02.048Z - info: [2:15:02 pm] Reload for file change: C:\repos\nus-cs2103\cs2103-website-base\admin\policies-fragment.md
2023-08-07T06:15:02.049Z - info: Synchronizing opened pages list before reload
2023-08-07T06:15:02.049Z - info: Current opened pages, from most-to-least recent:
2023-08-07T06:15:02.049Z - info: 1. ../admin/tp-teams
2023-08-07T06:15:02.049Z - info: 2. schedule/week1/admin
2023-08-07T06:15:02.061Z - info: [2:15:02 pm] Reload for file change: C:\repos\nus-cs2103\cs2103-website-base\admin\gradeBreakdown.md
2023-08-07T06:15:02.061Z - info: Synchronizing opened pages list before reload
2023-08-07T06:15:02.061Z - info: Current opened pages, from most-to-least recent:
2023-08-07T06:15:02.061Z - info: 1. ../admin/tp-teams
2023-08-07T06:15:02.061Z - info: 2. schedule/week1/admin
2023-08-07T06:15:02.072Z - info: [2:15:02 pm] Reload for file change: C:\repos\nus-cs2103\cs2103-website-base\admin\common-tutorials-fragment.md
2023-08-07T06:15:02.072Z - info: Synchronizing opened pages list before reload
2023-08-07T06:15:02.073Z - info: Current opened pages, from most-to-least recent:
2023-08-07T06:15:02.073Z - info: 1. ../admin/tp-teams
2023-08-07T06:15:02.073Z - info: 2. schedule/week1/admin
2023-08-07T06:15:02.095Z - info: [2:15:02 pm] Reload for file change: C:\repos\nus-cs2103\cs2103-website-base\admin\tp-tasks-fragment.md
2023-08-07T06:15:02.096Z - info: Synchronizing opened pages list before reload
2023-08-07T06:15:02.096Z - info: Current opened pages, from most-to-least recent:
2023-08-07T06:15:02.096Z - info: 1. ../admin/tp-teams
2023-08-07T06:15:02.096Z - info: 2. schedule/week1/admin
2023-08-07T06:15:02.976Z - info: Rebuilding 1 pages
2023-08-07T06:15:04.232Z - info: Assets built
2023-08-07T06:15:05.020Z - info: Site data built
2023-08-07T06:15:05.020Z - info: Pages rebuilt
2023-08-07T06:15:05.020Z - info: Website regeneration complete! Total build time: 2.045s
2023-08-07T06:15:05.982Z - debug:  
2023-08-07T06:15:06.129Z - info: Building C:\repos\nus-cs2103\cs2103-website-base\admin\tp-teams as some of its dependencies were changed since the last visit
2023-08-07T06:15:06.295Z - info: Site data built
2023-08-07T06:15:06.295Z - info: Lazy website regeneration complete! Total build time: 0.167s
2023-08-07T06:15:08.137Z - info: Building C:\repos\nus-cs2103\cs2103-website-base\admin\weeklySchedule as some of its dependencies were changed since the last visit
2023-08-07T06:15:08.516Z - info: Site data built
2023-08-07T06:15:08.516Z - info: Lazy website regeneration complete! Total build time: 0.379s
2023-08-07T06:15:13.795Z - info: Building C:\repos\nus-cs2103\cs2103-website-base\admin\courseOverview as some of its dependencies were changed since the last visit
2023-08-07T06:15:14.068Z - info: Site data built
2023-08-07T06:15:14.068Z - info: Lazy website regeneration complete! Total build time: 0.273s
2023-08-07T06:15:25.001Z - info: Building C:\repos\nus-cs2103\cs2103-website-base\schedule\week4\index as some of its dependencies were changed since the last visit
2023-08-07T06:15:25.955Z - info: Site data built
2023-08-07T06:15:25.955Z - info: Lazy website regeneration complete! Total build time: 0.954s
2023-08-07T06:16:16.757Z - info: Building C:\repos\nus-cs2103\cs2103-website-base\admin\appendixD-help as some of its dependencies were changed since the last visit
2023-08-07T06:16:17.045Z - info: Site data built
2023-08-07T06:16:17.045Z - info: Lazy website regeneration complete! Total build time: 0.288s
2023-08-07T06:16:27.851Z - info: Building C:\repos\nus-cs2103\cs2103-website-base\schedule\week4\admin as some of its dependencies were changed since the last visit
2023-08-07T06:16:28.361Z - info: Site data built
2023-08-07T06:16:28.361Z - info: Lazy website regeneration complete! Total build time: 0.51s
2023-08-07T06:16:32.657Z - info: Building C:\repos\nus-cs2103\cs2103-website-base\schedule\week4\topics as some of its dependencies were changed since the last visit
2023-08-07T06:16:41.562Z - info: Site data built
2023-08-07T06:16:41.562Z - info: Lazy website regeneration complete! Total build time: 8.905s
2023-08-07T06:16:43.472Z - debug:  
2023-08-07T06:16:43.865Z - debug:  
2023-08-07T06:16:43.915Z - debug:  
2023-08-07T06:16:44.076Z - debug:  
2023-08-07T06:16:44.110Z - debug:  
2023-08-07T06:16:44.148Z - debug:  
2023-08-07T06:16:44.254Z - debug:  
2023-08-07T06:16:44.517Z - debug:  
2023-08-07T06:16:44.564Z - debug:  
2023-08-07T06:16:44.718Z - debug:  
2023-08-07T06:16:44.803Z - debug:  
2023-08-07T06:16:45.956Z - info: Building C:\repos\nus-cs2103\cs2103-website-base\schedule\week4\project as some of its dependencies were changed since the last visit
2023-08-07T06:16:47.650Z - info: Site data built
2023-08-07T06:16:47.651Z - info: Lazy website regeneration complete! Total build time: 1.695s
2023-08-07T06:16:57.922Z - info: Building C:\repos\nus-cs2103\cs2103-website-base\admin\tp-expectations as some of its dependencies were changed since the last visit
2023-08-07T06:16:58.245Z - info: Site data built
2023-08-07T06:16:58.246Z - info: Lazy website regeneration complete! Total build time: 0.323s
2023-08-07T06:17:03.101Z - info: Building C:\repos\nus-cs2103\cs2103-website-base\admin\tp-constraints as some of its dependencies were changed since the last visit
2023-08-07T06:17:03.434Z - info: Site data built
2023-08-07T06:17:03.434Z - info: Lazy website regeneration complete! Total build time: 0.334s
2023-08-07T06:18:03.609Z - info: Building C:\repos\nus-cs2103\cs2103-website-base\schedule\week3\admin as some of its dependencies were changed since the last visit
2023-08-07T06:18:04.623Z - info: Site data built
2023-08-07T06:18:04.623Z - info: Lazy website regeneration complete! Total build time: 1.014s
2023-08-07T06:18:07.804Z - info: Building C:\repos\nus-cs2103\cs2103-website-base\admin\standardsAndConventions as some of its dependencies were changed since the last visit
2023-08-07T06:18:07.995Z - info: Site data built
2023-08-07T06:18:07.995Z - info: Lazy website regeneration complete! Total build time: 0.191s
2023-08-07T06:19:00.908Z - info: Website generation started at 2:18:58 pm
2023-08-07T06:19:12.233Z - info: Building assets...
