2023-10-24T12:27:02.036Z - info: Website generation started at 8:26:57 pm
2023-10-24T12:27:13.531Z - info: Building assets...
2023-10-24T12:27:20.826Z - info: Assets built
2023-10-24T12:27:20.827Z - info: Generating pages...
2023-10-24T12:27:43.081Z - debug:  
2023-10-24T12:27:43.082Z - debug:  
2023-10-24T12:27:43.082Z - debug:  
2023-10-24T12:27:43.083Z - debug:  
2023-10-24T12:27:43.084Z - debug:  
2023-10-24T12:27:43.183Z - debug:  
2023-10-24T12:27:43.474Z - debug:  
2023-10-24T12:27:43.502Z - debug:  
2023-10-24T12:27:43.531Z - debug:  
2023-10-24T12:27:43.573Z - debug:  
2023-10-24T12:27:43.597Z - debug:  
2023-10-24T12:27:43.623Z - debug:  
2023-10-24T12:27:43.650Z - debug:  
2023-10-24T12:27:43.692Z - debug:  
2023-10-24T12:27:48.637Z - debug:  
2023-10-24T12:28:23.170Z - debug:  
2023-10-24T12:29:27.703Z - info: Pages built
2023-10-24T12:29:29.151Z - info: Site data built
2023-10-24T12:29:29.152Z - info: Website generation complete! Total build time: 151.928s
2023-10-24T12:29:29.152Z - info: Build success!
2023-10-24T12:31:42.809Z - info: The website has been deployed at: https://nus-tic2002-ay2324s1.github.io/website
