2023-10-15T06:22:04.706Z - info: Website generation (lazy) started at 2:21:58 pm
2023-10-15T06:22:17.795Z - info: Building assets...
2023-10-15T06:22:26.434Z - info: Assets built
2023-10-15T06:22:26.436Z - info: Generating landing page...
2023-10-15T06:22:28.262Z - info: Landing page built, other pages will be built as you navigate to them!
2023-10-15T06:22:29.624Z - info: Site data built
2023-10-15T06:22:29.625Z - info: Website generation (lazy) complete! Total build time: 31.18s
2023-10-15T06:22:30.730Z - info: Serving "C:\repos\nus-cs2103\cs2103-website-base\_site" at http://127.0.0.1:8080
2023-10-15T06:22:30.731Z - info: Press CTRL+C to stop ...
2023-10-15T06:22:32.329Z - info: [2:22:32 pm] Reload for file change: C:\repos\nus-cs2103\cs2103-website-base\admin\tp-tasks-fragment.md
2023-10-15T06:22:32.333Z - info: Synchronizing opened pages list before reload
2023-10-15T06:22:32.334Z - info: No pages are currently opened
2023-10-15T06:22:35.153Z - info: No pages needed to be rebuilt
2023-10-15T06:24:34.773Z - info: [2:24:34 pm] Reload for file change: C:\repos\nus-cs2103\cs2103-website-base\admin\tp-tasks-fragment.md
2023-10-15T06:24:34.774Z - info: Synchronizing opened pages list before reload
2023-10-15T06:24:34.775Z - info: Current opened pages, from most-to-least recent:
2023-10-15T06:24:34.776Z - info: 1. index
2023-10-15T06:24:35.793Z - info: Rebuilding 1 pages
2023-10-15T06:24:36.936Z - info: Site data built
2023-10-15T06:24:36.937Z - info: Pages rebuilt
2023-10-15T06:24:36.937Z - info: Website regeneration complete! Total build time: 1.145s
2023-10-15T06:24:37.873Z - info: Building C:\repos\nus-cs2103\cs2103-website-base\schedule\week9\project as some of its dependencies were changed since the last visit
2023-10-15T06:24:38.948Z - info: Site data built
2023-10-15T06:24:38.949Z - info: Lazy website regeneration complete! Total build time: 1.076s
2023-10-15T06:24:44.360Z - info: Building C:\repos\nus-cs2103\cs2103-website-base\schedule\week8\project as some of its dependencies were changed since the last visit
2023-10-15T06:24:46.405Z - info: Site data built
2023-10-15T06:24:46.406Z - info: Lazy website regeneration complete! Total build time: 2.046s
2023-10-15T06:26:19.054Z - info: [2:26:19 pm] Reload for file change: C:\repos\nus-cs2103\cs2103-website-base\admin\tp-tasks-fragment.md
2023-10-15T06:26:19.055Z - info: Synchronizing opened pages list before reload
2023-10-15T06:26:19.056Z - info: Current opened pages, from most-to-least recent:
2023-10-15T06:26:19.056Z - info: 1. schedule/week8/project
2023-10-15T06:26:20.073Z - info: Rebuilding 1 pages
2023-10-15T06:26:22.167Z - info: Site data built
2023-10-15T06:26:22.167Z - info: Pages rebuilt
2023-10-15T06:26:22.168Z - info: Website regeneration complete! Total build time: 2.096s
2023-10-15T06:26:32.883Z - info: Building C:\repos\nus-cs2103\cs2103-website-base\schedule\week7\project as some of its dependencies were changed since the last visit
2023-10-15T06:26:35.447Z - info: Site data built
2023-10-15T06:26:35.448Z - info: Lazy website regeneration complete! Total build time: 2.564s
2023-10-15T06:31:54.726Z - info: [2:31:54 pm] Reload for file change: C:\repos\nus-cs2103\cs2103-website-base\admin\tp-tasks-fragment.md
2023-10-15T06:31:54.726Z - info: Synchronizing opened pages list before reload
2023-10-15T06:31:54.726Z - info: Current opened pages, from most-to-least recent:
2023-10-15T06:31:54.727Z - info: 1. schedule/week7/project
2023-10-15T06:31:55.739Z - info: Rebuilding 1 pages
2023-10-15T06:31:58.302Z - info: Site data built
2023-10-15T06:31:58.302Z - info: Pages rebuilt
2023-10-15T06:31:58.303Z - info: Website regeneration complete! Total build time: 2.565s
2023-10-15T06:32:15.354Z - info: [2:32:15 pm] Reload for file change: C:\repos\nus-cs2103\cs2103-website-base\admin\tp-tasks-fragment.md
2023-10-15T06:32:15.355Z - info: Synchronizing opened pages list before reload
2023-10-15T06:32:15.355Z - info: Current opened pages, from most-to-least recent:
2023-10-15T06:32:15.355Z - info: 1. schedule/week7/project
2023-10-15T06:32:16.372Z - info: Rebuilding 1 pages
2023-10-15T06:32:18.849Z - info: Site data built
2023-10-15T06:32:18.850Z - info: Pages rebuilt
2023-10-15T06:32:18.850Z - info: Website regeneration complete! Total build time: 2.479s
2023-10-15T06:32:51.107Z - info: [2:32:51 pm] Reload for file change: C:\repos\nus-cs2103\cs2103-website-base\admin\tp-tasks-fragment.md
2023-10-15T06:32:51.108Z - info: Synchronizing opened pages list before reload
2023-10-15T06:32:51.108Z - info: Current opened pages, from most-to-least recent:
2023-10-15T06:32:51.108Z - info: 1. schedule/week7/project
2023-10-15T06:32:52.115Z - info: Rebuilding 1 pages
2023-10-15T06:32:54.495Z - info: Site data built
2023-10-15T06:32:54.495Z - info: Pages rebuilt
2023-10-15T06:32:54.496Z - info: Website regeneration complete! Total build time: 2.381s
2023-10-15T06:35:33.066Z - info: [2:35:33 pm] Reload for file change: C:\repos\nus-cs2103\cs2103-website-base\admin\tp-tasks-fragment.md
2023-10-15T06:35:33.066Z - info: Synchronizing opened pages list before reload
2023-10-15T06:35:33.067Z - info: Current opened pages, from most-to-least recent:
2023-10-15T06:35:33.068Z - info: 1. schedule/week7/project
2023-10-15T06:35:34.082Z - info: Rebuilding 1 pages
2023-10-15T06:35:36.920Z - info: Site data built
2023-10-15T06:35:36.921Z - info: Pages rebuilt
2023-10-15T06:35:36.921Z - info: Website regeneration complete! Total build time: 2.84s
2023-10-15T06:36:11.593Z - info: [2:36:11 pm] Reload for file change: C:\repos\nus-cs2103\cs2103-website-base\admin\tp-tasks-fragment.md
2023-10-15T06:36:11.594Z - info: Synchronizing opened pages list before reload
2023-10-15T06:36:11.594Z - info: Current opened pages, from most-to-least recent:
2023-10-15T06:36:11.594Z - info: 1. schedule/week7/project
2023-10-15T06:36:12.606Z - info: Rebuilding 1 pages
2023-10-15T06:36:15.113Z - info: Site data built
2023-10-15T06:36:15.114Z - info: Pages rebuilt
2023-10-15T06:36:15.114Z - info: Website regeneration complete! Total build time: 2.509s
2023-10-15T06:36:46.277Z - info: [2:36:46 pm] Reload for file change: C:\repos\nus-cs2103\cs2103-website-base\admin\tp-tasks-fragment.md
2023-10-15T06:36:46.278Z - info: Synchronizing opened pages list before reload
2023-10-15T06:36:46.279Z - info: Current opened pages, from most-to-least recent:
2023-10-15T06:36:46.279Z - info: 1. schedule/week7/project
2023-10-15T06:36:47.289Z - info: Rebuilding 1 pages
2023-10-15T06:36:49.693Z - info: Site data built
2023-10-15T06:36:49.694Z - info: Pages rebuilt
2023-10-15T06:36:49.694Z - info: Website regeneration complete! Total build time: 2.406s
2023-10-15T06:41:21.129Z - info: [2:41:21 pm] Reload for file change: C:\repos\nus-cs2103\cs2103-website-base\admin\tp-tasks-fragment.md
2023-10-15T06:41:21.130Z - info: Synchronizing opened pages list before reload
2023-10-15T06:41:21.130Z - info: Current opened pages, from most-to-least recent:
2023-10-15T06:41:21.130Z - info: 1. schedule/week7/project
2023-10-15T06:41:22.139Z - info: Rebuilding 1 pages
2023-10-15T06:41:24.868Z - info: Site data built
2023-10-15T06:41:24.868Z - info: Pages rebuilt
2023-10-15T06:41:24.869Z - info: Website regeneration complete! Total build time: 2.732s
2023-10-15T06:41:58.312Z - info: [2:41:58 pm] Reload for file change: C:\repos\nus-cs2103\cs2103-website-base\admin\tp-tasks-fragment.md
2023-10-15T06:41:58.313Z - info: Synchronizing opened pages list before reload
2023-10-15T06:41:58.313Z - info: Current opened pages, from most-to-least recent:
2023-10-15T06:41:58.313Z - info: 1. schedule/week7/project
2023-10-15T06:41:59.317Z - info: Rebuilding 1 pages
2023-10-15T06:42:01.782Z - info: Site data built
2023-10-15T06:42:01.783Z - info: Pages rebuilt
2023-10-15T06:42:01.783Z - info: Website regeneration complete! Total build time: 2.467s
2023-10-15T06:45:40.872Z - info: [2:45:40 pm] Reload for file change: C:\repos\nus-cs2103\cs2103-website-base\admin\tp-tasks-fragment.md
2023-10-15T06:45:40.872Z - info: Synchronizing opened pages list before reload
2023-10-15T06:45:40.872Z - info: Current opened pages, from most-to-least recent:
2023-10-15T06:45:40.872Z - info: 1. schedule/week7/project
2023-10-15T06:45:41.895Z - info: Rebuilding 1 pages
2023-10-15T06:45:44.249Z - info: Site data built
2023-10-15T06:45:44.249Z - info: Pages rebuilt
2023-10-15T06:45:44.249Z - info: Website regeneration complete! Total build time: 2.355s
2023-10-15T06:45:55.163Z - info: [2:45:55 pm] Reload for file change: C:\repos\nus-cs2103\cs2103-website-base\admin\tp-tasks-fragment.md
2023-10-15T06:45:55.163Z - info: Synchronizing opened pages list before reload
2023-10-15T06:45:55.163Z - info: Current opened pages, from most-to-least recent:
2023-10-15T06:45:55.164Z - info: 1. schedule/week7/project
2023-10-15T06:45:56.171Z - info: Rebuilding 1 pages
2023-10-15T06:45:58.083Z - info: Site data built
2023-10-15T06:45:58.083Z - info: Pages rebuilt
2023-10-15T06:45:58.084Z - info: Website regeneration complete! Total build time: 1.913s
2023-10-15T06:46:32.330Z - info: [2:46:32 pm] Reload for file change: C:\repos\nus-cs2103\cs2103-website-base\admin\tp-tasks-fragment.md
2023-10-15T06:46:32.331Z - info: Synchronizing opened pages list before reload
2023-10-15T06:46:32.331Z - info: Current opened pages, from most-to-least recent:
2023-10-15T06:46:32.331Z - info: 1. schedule/week7/project
2023-10-15T06:46:33.343Z - info: Rebuilding 1 pages
2023-10-15T06:46:35.773Z - info: Site data built
2023-10-15T06:46:35.774Z - info: Pages rebuilt
2023-10-15T06:46:35.774Z - info: Website regeneration complete! Total build time: 2.432s
2023-10-15T06:46:39.193Z - info: [2:46:39 pm] Reload for file change: C:\repos\nus-cs2103\cs2103-website-base\admin\tp-tasks-fragment.md
2023-10-15T06:46:39.193Z - info: Synchronizing opened pages list before reload
2023-10-15T06:46:39.193Z - info: Current opened pages, from most-to-least recent:
2023-10-15T06:46:39.193Z - info: 1. schedule/week7/project
2023-10-15T06:46:40.198Z - info: Rebuilding 1 pages
2023-10-15T06:46:42.142Z - info: Site data built
2023-10-15T06:46:42.142Z - info: Pages rebuilt
2023-10-15T06:46:42.142Z - info: Website regeneration complete! Total build time: 1.945s
2023-10-15T06:47:44.995Z - info: [2:47:44 pm] Reload for file change: C:\repos\nus-cs2103\cs2103-website-base\admin\tp-tasks-fragment.md
2023-10-15T06:47:44.996Z - info: Synchronizing opened pages list before reload
2023-10-15T06:47:44.996Z - info: Current opened pages, from most-to-least recent:
2023-10-15T06:47:44.996Z - info: 1. schedule/week7/project
2023-10-15T06:47:46.012Z - info: Rebuilding 1 pages
2023-10-15T06:47:48.457Z - info: Site data built
2023-10-15T06:47:48.458Z - info: Pages rebuilt
2023-10-15T06:47:48.458Z - info: Website regeneration complete! Total build time: 2.447s
2023-10-15T06:48:04.589Z - info: [2:48:04 pm] Reload for file change: C:\repos\nus-cs2103\cs2103-website-base\admin\tp-tasks-fragment.md
2023-10-15T06:48:04.589Z - info: Synchronizing opened pages list before reload
2023-10-15T06:48:04.589Z - info: Current opened pages, from most-to-least recent:
2023-10-15T06:48:04.590Z - info: 1. schedule/week7/project
2023-10-15T06:48:05.607Z - info: Rebuilding 1 pages
2023-10-15T06:48:08.064Z - info: Site data built
2023-10-15T06:48:08.065Z - info: Pages rebuilt
2023-10-15T06:48:08.065Z - info: Website regeneration complete! Total build time: 2.459s
2023-10-15T06:48:51.319Z - info: [2:48:51 pm] Reload for file change: C:\repos\nus-cs2103\cs2103-website-base\admin\tp-tasks-fragment.md
2023-10-15T06:48:51.319Z - info: Synchronizing opened pages list before reload
2023-10-15T06:48:51.320Z - info: Current opened pages, from most-to-least recent:
2023-10-15T06:48:51.320Z - info: 1. schedule/week7/project
2023-10-15T06:48:52.334Z - info: Rebuilding 1 pages
2023-10-15T06:48:54.780Z - info: Site data built
2023-10-15T06:48:54.780Z - info: Pages rebuilt
2023-10-15T06:48:54.780Z - info: Website regeneration complete! Total build time: 2.448s
2023-10-15T06:50:22.065Z - info: [2:50:22 pm] Reload for file change: C:\repos\nus-cs2103\cs2103-website-base\admin\tp-tasks-fragment.md
2023-10-15T06:50:22.065Z - info: Synchronizing opened pages list before reload
2023-10-15T06:50:22.066Z - info: Current opened pages, from most-to-least recent:
2023-10-15T06:50:22.066Z - info: 1. schedule/week7/project
2023-10-15T06:50:23.085Z - info: Rebuilding 1 pages
2023-10-15T06:50:25.584Z - info: Site data built
2023-10-15T06:50:25.585Z - info: Pages rebuilt
2023-10-15T06:50:25.585Z - info: Website regeneration complete! Total build time: 2.502s
2023-10-15T06:50:45.453Z - info: [2:50:45 pm] Reload for file change: C:\repos\nus-cs2103\cs2103-website-base\admin\tp-tasks-fragment.md
2023-10-15T06:50:45.454Z - info: Synchronizing opened pages list before reload
2023-10-15T06:50:45.454Z - info: Current opened pages, from most-to-least recent:
2023-10-15T06:50:45.454Z - info: 1. schedule/week7/project
2023-10-15T06:50:46.475Z - info: Rebuilding 1 pages
2023-10-15T06:50:49.319Z - info: Site data built
2023-10-15T06:50:49.320Z - info: Pages rebuilt
2023-10-15T06:50:49.320Z - info: Website regeneration complete! Total build time: 2.847s
2023-10-15T06:51:36.729Z - info: [2:51:36 pm] Reload for file change: C:\repos\nus-cs2103\cs2103-website-base\admin\tp-tasks-fragment.md
2023-10-15T06:51:36.730Z - info: Synchronizing opened pages list before reload
2023-10-15T06:51:36.730Z - info: Current opened pages, from most-to-least recent:
2023-10-15T06:51:36.731Z - info: 1. schedule/week7/project
2023-10-15T06:51:37.742Z - info: Rebuilding 1 pages
2023-10-15T06:51:40.500Z - info: Site data built
2023-10-15T06:51:40.500Z - info: Pages rebuilt
2023-10-15T06:51:40.500Z - info: Website regeneration complete! Total build time: 2.76s
2023-10-15T06:52:57.781Z - info: [2:52:57 pm] Reload for file change: C:\repos\nus-cs2103\cs2103-website-base\admin\tp-tasks-fragment.md
2023-10-15T06:52:57.782Z - info: Synchronizing opened pages list before reload
2023-10-15T06:52:57.783Z - info: Current opened pages, from most-to-least recent:
2023-10-15T06:52:57.783Z - info: 1. schedule/week7/project
2023-10-15T06:52:58.791Z - info: Rebuilding 1 pages
2023-10-15T06:53:01.281Z - info: Site data built
2023-10-15T06:53:01.282Z - info: Pages rebuilt
2023-10-15T06:53:01.282Z - info: Website regeneration complete! Total build time: 2.492s
2023-10-15T06:53:30.168Z - info: [2:53:30 pm] Reload for file change: C:\repos\nus-cs2103\cs2103-website-base\admin\tp-tasks-fragment.md
2023-10-15T06:53:30.168Z - info: Synchronizing opened pages list before reload
2023-10-15T06:53:30.169Z - info: Current opened pages, from most-to-least recent:
2023-10-15T06:53:30.169Z - info: 1. schedule/week7/project
2023-10-15T06:53:31.188Z - info: Rebuilding 1 pages
2023-10-15T06:53:33.706Z - info: Site data built
2023-10-15T06:53:33.707Z - info: Pages rebuilt
2023-10-15T06:53:33.707Z - info: Website regeneration complete! Total build time: 2.52s
2023-10-15T06:53:49.413Z - info: Building C:\repos\nus-cs2103\cs2103-website-base\schedule\week8\project as some of its dependencies were changed since the last visit
2023-10-15T06:53:50.704Z - info: Site data built
2023-10-15T06:53:50.704Z - info: Lazy website regeneration complete! Total build time: 1.291s
2023-10-15T06:54:44.021Z - info: [2:54:44 pm] Reload for file change: C:\repos\nus-cs2103\cs2103-website-base\admin\tp-tasks-fragment.md
2023-10-15T06:54:44.021Z - info: Synchronizing opened pages list before reload
2023-10-15T06:54:44.022Z - info: Current opened pages, from most-to-least recent:
2023-10-15T06:54:44.022Z - info: 1. schedule/week8/project
2023-10-15T06:54:45.036Z - info: Rebuilding 1 pages
2023-10-15T06:54:46.700Z - info: Site data built
2023-10-15T06:54:46.700Z - info: Pages rebuilt
2023-10-15T06:54:46.700Z - info: Website regeneration complete! Total build time: 1.666s
2023-10-15T06:55:01.059Z - info: [2:55:01 pm] Reload for file change: C:\repos\nus-cs2103\cs2103-website-base\admin\tp-tasks-fragment.md
2023-10-15T06:55:01.059Z - info: Synchronizing opened pages list before reload
2023-10-15T06:55:01.059Z - info: Current opened pages, from most-to-least recent:
2023-10-15T06:55:01.059Z - info: 1. schedule/week7/project
2023-10-15T06:55:02.070Z - info: Rebuilding 1 pages
2023-10-15T06:55:04.693Z - info: Site data built
2023-10-15T06:55:04.693Z - info: Pages rebuilt
2023-10-15T06:55:04.693Z - info: Website regeneration complete! Total build time: 2.624s
2023-10-15T06:56:57.908Z - info: [2:56:57 pm] Reload for file change: C:\repos\nus-cs2103\cs2103-website-base\admin\tp-tasks-fragment.md
2023-10-15T06:56:57.909Z - info: Synchronizing opened pages list before reload
2023-10-15T06:56:57.909Z - info: Current opened pages, from most-to-least recent:
2023-10-15T06:56:57.909Z - info: 1. schedule/week7/project
2023-10-15T06:56:58.921Z - info: Rebuilding 1 pages
2023-10-15T06:57:01.770Z - info: Site data built
2023-10-15T06:57:01.770Z - info: Pages rebuilt
2023-10-15T06:57:01.770Z - info: Website regeneration complete! Total build time: 2.85s
2023-10-15T06:57:54.766Z - info: [2:57:54 pm] Reload for file change: C:\repos\nus-cs2103\cs2103-website-base\admin\tp-tasks-fragment.md
2023-10-15T06:57:54.767Z - info: Synchronizing opened pages list before reload
2023-10-15T06:57:54.768Z - info: Current opened pages, from most-to-least recent:
2023-10-15T06:57:54.768Z - info: 1. schedule/week7/project
2023-10-15T06:57:55.774Z - info: Rebuilding 1 pages
2023-10-15T06:57:58.181Z - info: Site data built
2023-10-15T06:57:58.181Z - info: Pages rebuilt
2023-10-15T06:57:58.181Z - info: Website regeneration complete! Total build time: 2.408s
2023-10-15T06:58:05.478Z - info: Building C:\repos\nus-cs2103\cs2103-website-base\schedule\week8\project as some of its dependencies were changed since the last visit
2023-10-15T06:58:06.684Z - info: Site data built
2023-10-15T06:58:06.685Z - info: Lazy website regeneration complete! Total build time: 1.207s
2023-10-15T07:02:07.780Z - info: [3:02:07 pm] Reload for file change: C:\repos\nus-cs2103\cs2103-website-base\admin\tp-tasks-fragment.md
2023-10-15T07:02:07.780Z - info: Synchronizing opened pages list before reload
2023-10-15T07:02:07.780Z - info: Current opened pages, from most-to-least recent:
2023-10-15T07:02:07.781Z - info: 1. schedule/week8/project
2023-10-15T07:02:08.790Z - info: Rebuilding 1 pages
2023-10-15T07:02:10.341Z - info: Site data built
2023-10-15T07:02:10.341Z - info: Pages rebuilt
2023-10-15T07:02:10.341Z - info: Website regeneration complete! Total build time: 1.551s
2023-10-15T07:02:32.615Z - info: [3:02:32 pm] Reload for file change: C:\repos\nus-cs2103\cs2103-website-base\admin\tp-tasks-fragment.md
2023-10-15T07:02:32.616Z - info: Synchronizing opened pages list before reload
2023-10-15T07:02:32.616Z - info: Current opened pages, from most-to-least recent:
2023-10-15T07:02:32.616Z - info: 1. schedule/week8/project
2023-10-15T07:02:33.637Z - info: Rebuilding 1 pages
2023-10-15T07:02:35.248Z - info: Site data built
2023-10-15T07:02:35.248Z - info: Pages rebuilt
2023-10-15T07:02:35.248Z - info: Website regeneration complete! Total build time: 1.611s
2023-10-15T07:02:51.985Z - info: [3:02:51 pm] Reload for file change: C:\repos\nus-cs2103\cs2103-website-base\admin\tp-tasks-fragment.md
2023-10-15T07:02:51.985Z - info: Synchronizing opened pages list before reload
2023-10-15T07:02:51.985Z - info: Current opened pages, from most-to-least recent:
2023-10-15T07:02:51.985Z - info: 1. schedule/week8/project
2023-10-15T07:02:52.989Z - info: Rebuilding 1 pages
2023-10-15T07:02:54.520Z - info: Site data built
2023-10-15T07:02:54.521Z - info: Pages rebuilt
2023-10-15T07:02:54.521Z - info: Website regeneration complete! Total build time: 1.533s
2023-10-15T07:04:47.446Z - info: [3:04:47 pm] Reload for file change: C:\repos\nus-cs2103\cs2103-website-base\admin\tp-tasks-fragment.md
2023-10-15T07:04:47.446Z - info: Synchronizing opened pages list before reload
2023-10-15T07:04:47.447Z - info: Current opened pages, from most-to-least recent:
2023-10-15T07:04:47.447Z - info: 1. schedule/week8/project
2023-10-15T07:04:48.459Z - info: Rebuilding 1 pages
2023-10-15T07:04:50.110Z - info: Site data built
2023-10-15T07:04:50.111Z - info: Pages rebuilt
2023-10-15T07:04:50.111Z - info: Website regeneration complete! Total build time: 1.653s
2023-10-15T07:06:00.354Z - info: [3:06:00 pm] Reload for file change: C:\repos\nus-cs2103\cs2103-website-base\admin\tp-tasks-fragment.md
2023-10-15T07:06:00.354Z - info: Synchronizing opened pages list before reload
2023-10-15T07:06:00.355Z - info: Current opened pages, from most-to-least recent:
2023-10-15T07:06:00.355Z - info: 1. schedule/week8/project
2023-10-15T07:06:01.375Z - info: Rebuilding 1 pages
2023-10-15T07:06:03.046Z - info: Site data built
2023-10-15T07:06:03.046Z - info: Pages rebuilt
2023-10-15T07:06:03.047Z - info: Website regeneration complete! Total build time: 1.673s
2023-10-15T07:06:13.247Z - info: [3:06:13 pm] Reload for file change: C:\repos\nus-cs2103\cs2103-website-base\admin\tp-tasks-fragment.md
2023-10-15T07:06:13.247Z - info: Synchronizing opened pages list before reload
2023-10-15T07:06:13.247Z - info: Current opened pages, from most-to-least recent:
2023-10-15T07:06:13.248Z - info: 1. schedule/week8/project
2023-10-15T07:06:14.260Z - info: Rebuilding 1 pages
2023-10-15T07:06:15.487Z - info: Site data built
2023-10-15T07:06:15.487Z - info: Pages rebuilt
2023-10-15T07:06:15.487Z - info: Website regeneration complete! Total build time: 1.229s
2023-10-15T07:06:53.585Z - info: [3:06:53 pm] Reload for file change: C:\repos\nus-cs2103\cs2103-website-base\admin\tp-tasks-fragment.md
2023-10-15T07:06:53.586Z - info: Synchronizing opened pages list before reload
2023-10-15T07:06:53.586Z - info: Current opened pages, from most-to-least recent:
2023-10-15T07:06:53.586Z - info: 1. schedule/week8/project
2023-10-15T07:06:54.599Z - info: Rebuilding 1 pages
2023-10-15T07:06:56.191Z - info: Site data built
2023-10-15T07:06:56.191Z - info: Pages rebuilt
2023-10-15T07:06:56.191Z - info: Website regeneration complete! Total build time: 1.593s
2023-10-15T07:07:28.310Z - info: Building C:\repos\nus-cs2103\cs2103-website-base\schedule\week7\project as some of its dependencies were changed since the last visit
2023-10-15T07:07:31.125Z - info: Site data built
2023-10-15T07:07:31.126Z - info: Lazy website regeneration complete! Total build time: 2.817s
2023-10-15T07:07:34.031Z - info: [3:07:34 pm] Reload for file change: C:\repos\nus-cs2103\cs2103-website-base\admin\tp-tasks-fragment.md
2023-10-15T07:07:34.032Z - info: Synchronizing opened pages list before reload
2023-10-15T07:07:34.032Z - info: Current opened pages, from most-to-least recent:
2023-10-15T07:07:34.033Z - info: 1. schedule/week7/project
2023-10-15T07:07:35.051Z - info: Rebuilding 1 pages
2023-10-15T07:07:36.928Z - info: Site data built
2023-10-15T07:07:36.928Z - info: Pages rebuilt
2023-10-15T07:07:36.928Z - info: Website regeneration complete! Total build time: 1.878s
2023-10-15T07:09:22.572Z - info: [3:09:22 pm] Reload for file change: C:\repos\nus-cs2103\cs2103-website-base\admin\tp-tasks-fragment.md
2023-10-15T07:09:22.572Z - info: Synchronizing opened pages list before reload
2023-10-15T07:09:22.572Z - info: Current opened pages, from most-to-least recent:
2023-10-15T07:09:22.572Z - info: 1. schedule/week7/project
2023-10-15T07:09:23.587Z - info: Rebuilding 1 pages
2023-10-15T07:09:25.938Z - info: Site data built
2023-10-15T07:09:25.939Z - info: Pages rebuilt
2023-10-15T07:09:25.939Z - info: Website regeneration complete! Total build time: 2.354s
2023-10-15T07:09:36.457Z - info: [3:09:36 pm] Reload for file change: C:\repos\nus-cs2103\cs2103-website-base\admin\tp-tasks-fragment.md
2023-10-15T07:09:36.457Z - info: Synchronizing opened pages list before reload
2023-10-15T07:09:36.457Z - info: Current opened pages, from most-to-least recent:
2023-10-15T07:09:36.458Z - info: 1. schedule/week7/project
2023-10-15T07:09:37.464Z - info: Rebuilding 1 pages
2023-10-15T07:09:39.849Z - info: Site data built
2023-10-15T07:09:39.850Z - info: Pages rebuilt
2023-10-15T07:09:39.850Z - info: Website regeneration complete! Total build time: 2.388s
2023-10-15T07:09:46.772Z - info: [3:09:46 pm] Reload for file change: C:\repos\nus-cs2103\cs2103-website-base\admin\tp-tasks-fragment.md
2023-10-15T07:09:46.773Z - info: Synchronizing opened pages list before reload
2023-10-15T07:09:46.773Z - info: Current opened pages, from most-to-least recent:
2023-10-15T07:09:46.773Z - info: 1. schedule/week7/project
2023-10-15T07:09:47.781Z - info: Rebuilding 1 pages
2023-10-15T07:09:49.689Z - info: Site data built
2023-10-15T07:09:49.689Z - info: Pages rebuilt
2023-10-15T07:09:49.690Z - info: Website regeneration complete! Total build time: 1.909s
2023-10-15T07:10:09.692Z - info: [3:10:09 pm] Reload for file change: C:\repos\nus-cs2103\cs2103-website-base\admin\tp-tasks-fragment.md
2023-10-15T07:10:09.693Z - info: Synchronizing opened pages list before reload
2023-10-15T07:10:09.693Z - info: Current opened pages, from most-to-least recent:
2023-10-15T07:10:09.693Z - info: 1. schedule/week7/project
2023-10-15T07:10:10.707Z - info: Rebuilding 1 pages
2023-10-15T07:10:13.185Z - info: Site data built
2023-10-15T07:10:13.186Z - info: Pages rebuilt
2023-10-15T07:10:13.186Z - info: Website regeneration complete! Total build time: 2.48s
2023-10-15T07:10:45.942Z - info: Building C:\repos\nus-cs2103\cs2103-website-base\schedule\week8\project as some of its dependencies were changed since the last visit
2023-10-15T07:10:47.880Z - info: Site data built
2023-10-15T07:10:47.881Z - info: Lazy website regeneration complete! Total build time: 1.939s
2023-10-15T07:11:53.879Z - info: [3:11:53 pm] Reload for file change: C:\repos\nus-cs2103\cs2103-website-base\admin\tp-tasks-fragment.md
2023-10-15T07:11:53.879Z - info: Synchronizing opened pages list before reload
2023-10-15T07:11:53.880Z - info: Current opened pages, from most-to-least recent:
2023-10-15T07:11:53.880Z - info: 1. schedule/week8/project
2023-10-15T07:11:54.896Z - info: Rebuilding 1 pages
2023-10-15T07:11:56.488Z - info: Site data built
2023-10-15T07:11:56.488Z - info: Pages rebuilt
2023-10-15T07:11:56.489Z - info: Website regeneration complete! Total build time: 1.593s
2023-10-15T07:12:44.154Z - info: [3:12:44 pm] Reload for file change: C:\repos\nus-cs2103\cs2103-website-base\admin\tp-tasks-fragment.md
2023-10-15T07:12:44.154Z - info: Synchronizing opened pages list before reload
2023-10-15T07:12:44.155Z - info: Current opened pages, from most-to-least recent:
2023-10-15T07:12:44.155Z - info: 1. schedule/week8/project
2023-10-15T07:12:45.165Z - info: Rebuilding 1 pages
2023-10-15T07:12:45.436Z - error:  Template render error: (C:\repos\nus-cs2103\cs2103-website-base\admin\tp-w8.md)
  Template render error: (C:\repos\nus-cs2103\cs2103-website-base\admin\tp-w8.md) [Line 965, Column 160]
  parseSignature: expected comma after expression
    at Object._prettifyError (C:\Users\dcsdcr\AppData\Roaming\npm\node_modules\markbind-cli\node_modules\nunjucks\src\lib.js:36:11)
    at C:\Users\dcsdcr\AppData\Roaming\npm\node_modules\markbind-cli\node_modules\@markbind\core\src\patches\nunjucks\context-overrides-frame.js:383:17
    at Template.root [as rootRenderFunc] (eval at _compile (C:\Users\dcsdcr\AppData\Roaming\npm\node_modules\markbind-cli\node_modules\nunjucks\src\environment.js:631:18), <anonymous>:29:3)
    at Template.render (C:\Users\dcsdcr\AppData\Roaming\npm\node_modules\markbind-cli\node_modules\@markbind\core\src\patches\nunjucks\context-overrides-frame.js:372:8)
    at C:\Users\dcsdcr\AppData\Roaming\npm\node_modules\markbind-cli\node_modules\@markbind\core\src\patches\nunjucks\context-overrides-frame.js:54:25
    at createTemplate (C:\Users\dcsdcr\AppData\Roaming\npm\node_modules\markbind-cli\node_modules\@markbind\core\src\patches\nunjucks\load-event.js:121:7)
    at handle (C:\Users\dcsdcr\AppData\Roaming\npm\node_modules\markbind-cli\node_modules\@markbind\core\src\patches\nunjucks\load-event.js:133:9)
    at C:\Users\dcsdcr\AppData\Roaming\npm\node_modules\markbind-cli\node_modules\@markbind\core\src\patches\nunjucks\load-event.js:145:7
    at next (C:\Users\dcsdcr\AppData\Roaming\npm\node_modules\markbind-cli\node_modules\nunjucks\src\lib.js:326:7)
    at Object.asyncIter (C:\Users\dcsdcr\AppData\Roaming\npm\node_modules\markbind-cli\node_modules\nunjucks\src\lib.js:332:3)
    at Environment.getTemplate (C:\Users\dcsdcr\AppData\Roaming\npm\node_modules\markbind-cli\node_modules\@markbind\core\src\patches\nunjucks\load-event.js:127:7)
    at Environment.render (C:\Users\dcsdcr\AppData\Roaming\npm\node_modules\markbind-cli\node_modules\@markbind\core\src\patches\nunjucks\context-overrides-frame.js:48:8)
    at VariableRenderer.renderFile (C:\Users\dcsdcr\AppData\Roaming\npm\node_modules\markbind-cli\node_modules\@markbind\core\src\variables\VariableRenderer.js:73:24)
    at VariableProcessor.renderWithSiteVariables (C:\Users\dcsdcr\AppData\Roaming\npm\node_modules\markbind-cli\node_modules\@markbind\core\src\variables\VariableProcessor.js:154:57)
    at VariableProcessor.renderIncludeFile (C:\Users\dcsdcr\AppData\Roaming\npm\node_modules\markbind-cli\node_modules\@markbind\core\src\variables\VariableProcessor.js:231:38)
    at processInclude (C:\Users\dcsdcr\AppData\Roaming\npm\node_modules\markbind-cli\node_modules\@markbind\core\src\html\includePanelProcessor.js:190:68)
2023-10-15T07:12:45.552Z - error:  Template render error: (C:\repos\nus-cs2103\cs2103-website-base\admin\tp-w8.md)
  Template render error: (C:\repos\nus-cs2103\cs2103-website-base\admin\tp-w8.md) [Line 965, Column 160]
  parseSignature: expected comma after expression
    at Object._prettifyError (C:\Users\dcsdcr\AppData\Roaming\npm\node_modules\markbind-cli\node_modules\nunjucks\src\lib.js:36:11)
    at C:\Users\dcsdcr\AppData\Roaming\npm\node_modules\markbind-cli\node_modules\@markbind\core\src\patches\nunjucks\context-overrides-frame.js:383:17
    at Template.root [as rootRenderFunc] (eval at _compile (C:\Users\dcsdcr\AppData\Roaming\npm\node_modules\markbind-cli\node_modules\nunjucks\src\environment.js:631:18), <anonymous>:29:3)
    at Template.render (C:\Users\dcsdcr\AppData\Roaming\npm\node_modules\markbind-cli\node_modules\@markbind\core\src\patches\nunjucks\context-overrides-frame.js:372:8)
    at C:\Users\dcsdcr\AppData\Roaming\npm\node_modules\markbind-cli\node_modules\@markbind\core\src\patches\nunjucks\context-overrides-frame.js:54:25
    at Environment.getTemplate (C:\Users\dcsdcr\AppData\Roaming\npm\node_modules\markbind-cli\node_modules\@markbind\core\src\patches\nunjucks\load-event.js:85:7)
    at Environment.render (C:\Users\dcsdcr\AppData\Roaming\npm\node_modules\markbind-cli\node_modules\@markbind\core\src\patches\nunjucks\context-overrides-frame.js:48:8)
    at VariableRenderer.renderFile (C:\Users\dcsdcr\AppData\Roaming\npm\node_modules\markbind-cli\node_modules\@markbind\core\src\variables\VariableRenderer.js:73:24)
    at VariableProcessor.renderWithSiteVariables (C:\Users\dcsdcr\AppData\Roaming\npm\node_modules\markbind-cli\node_modules\@markbind\core\src\variables\VariableProcessor.js:154:57)
    at VariableProcessor.renderIncludeFile (C:\Users\dcsdcr\AppData\Roaming\npm\node_modules\markbind-cli\node_modules\@markbind\core\src\variables\VariableProcessor.js:231:38)
    at processInclude (C:\Users\dcsdcr\AppData\Roaming\npm\node_modules\markbind-cli\node_modules\@markbind\core\src\html\includePanelProcessor.js:190:68)
    at NodeProcessor.processNode (C:\Users\dcsdcr\AppData\Roaming\npm\node_modules\markbind-cli\node_modules\@markbind\core\src\html\NodeProcessor.js:172:71)
    at NodeProcessor.traverse (C:\Users\dcsdcr\AppData\Roaming\npm\node_modules\markbind-cli\node_modules\@markbind\core\src\html\NodeProcessor.js:326:24)
    at C:\Users\dcsdcr\AppData\Roaming\npm\node_modules\markbind-cli\node_modules\@markbind\core\src\html\NodeProcessor.js:330:22
    at Array.forEach (<anonymous>)
    at NodeProcessor.traverse (C:\Users\dcsdcr\AppData\Roaming\npm\node_modules\markbind-cli\node_modules\@markbind\core\src\html\NodeProcessor.js:329:27)
2023-10-15T07:12:45.636Z - info: Site data built
2023-10-15T07:12:45.636Z - info: Pages rebuilt
2023-10-15T07:12:45.636Z - info: Website regeneration complete! Total build time: 0.473s
2023-10-15T07:12:53.447Z - info: [3:12:53 pm] Reload for file change: C:\repos\nus-cs2103\cs2103-website-base\admin\tp-tasks-fragment.md
2023-10-15T07:12:53.447Z - info: Synchronizing opened pages list before reload
2023-10-15T07:12:53.448Z - info: Current opened pages, from most-to-least recent:
2023-10-15T07:12:53.448Z - info: 1. schedule/week8/project
2023-10-15T07:12:54.458Z - info: Rebuilding 1 pages
2023-10-15T07:12:55.781Z - info: Site data built
2023-10-15T07:12:55.782Z - info: Pages rebuilt
2023-10-15T07:12:55.782Z - info: Website regeneration complete! Total build time: 1.324s
2023-10-15T07:13:46.928Z - info: Building C:\repos\nus-cs2103\cs2103-website-base\schedule\week9\project as some of its dependencies were changed since the last visit
2023-10-15T07:13:48.045Z - info: Site data built
2023-10-15T07:13:48.046Z - info: Lazy website regeneration complete! Total build time: 1.117s
2023-10-15T07:16:00.574Z - info: [3:16:00 pm] Reload for file change: C:\repos\nus-cs2103\cs2103-website-base\admin\tp-tasks-fragment.md
2023-10-15T07:16:00.575Z - info: Synchronizing opened pages list before reload
2023-10-15T07:16:00.576Z - info: Current opened pages, from most-to-least recent:
2023-10-15T07:16:00.576Z - info: 1. schedule/week9/project
2023-10-15T07:16:01.594Z - info: Rebuilding 1 pages
2023-10-15T07:16:02.402Z - info: Site data built
2023-10-15T07:16:02.403Z - info: Pages rebuilt
2023-10-15T07:16:02.403Z - info: Website regeneration complete! Total build time: 0.81s
2023-10-15T07:16:06.107Z - info: Building C:\repos\nus-cs2103\cs2103-website-base\schedule\week7\project as some of its dependencies were changed since the last visit
2023-10-15T07:16:08.388Z - info: Site data built
2023-10-15T07:16:08.388Z - info: Lazy website regeneration complete! Total build time: 2.281s
2023-10-15T07:16:19.862Z - info: Building C:\repos\nus-cs2103\cs2103-website-base\schedule\week8\project as some of its dependencies were changed since the last visit
2023-10-15T07:16:21.415Z - info: Site data built
2023-10-15T07:16:21.415Z - info: Lazy website regeneration complete! Total build time: 1.553s
2023-10-15T07:18:23.616Z - info: [3:18:23 pm] Reload for file change: C:\repos\nus-cs2103\cs2103-website-base\admin\tp-tasks-fragment.md
2023-10-15T07:18:23.617Z - info: Synchronizing opened pages list before reload
2023-10-15T07:18:23.618Z - info: Current opened pages, from most-to-least recent:
2023-10-15T07:18:23.618Z - info: 1. schedule/week8/project
2023-10-15T07:18:24.634Z - info: Rebuilding 1 pages
2023-10-15T07:18:26.182Z - info: Site data built
2023-10-15T07:18:26.183Z - info: Pages rebuilt
2023-10-15T07:18:26.183Z - info: Website regeneration complete! Total build time: 1.55s
2023-10-15T07:19:09.182Z - info: [3:19:09 pm] Reload for file change: C:\repos\nus-cs2103\cs2103-website-base\admin\tp-tasks-fragment.md
2023-10-15T07:19:09.182Z - info: Synchronizing opened pages list before reload
2023-10-15T07:19:09.182Z - info: Current opened pages, from most-to-least recent:
2023-10-15T07:19:09.183Z - info: 1. schedule/week8/project
2023-10-15T07:19:10.202Z - info: Rebuilding 1 pages
2023-10-15T07:19:11.843Z - info: Site data built
2023-10-15T07:19:11.843Z - info: Pages rebuilt
2023-10-15T07:19:11.843Z - info: Website regeneration complete! Total build time: 1.642s
2023-10-15T07:22:07.712Z - info: [3:22:07 pm] Reload for file change: C:\repos\nus-cs2103\cs2103-website-base\admin\tp-tasks-fragment.md
2023-10-15T07:22:07.713Z - info: Synchronizing opened pages list before reload
2023-10-15T07:22:07.713Z - info: Current opened pages, from most-to-least recent:
2023-10-15T07:22:07.713Z - info: 1. schedule/week8/project
2023-10-15T07:22:08.728Z - info: Rebuilding 1 pages
2023-10-15T07:22:10.258Z - info: Site data built
2023-10-15T07:22:10.258Z - info: Pages rebuilt
2023-10-15T07:22:10.258Z - info: Website regeneration complete! Total build time: 1.531s
2023-10-15T07:22:42.674Z - info: [3:22:42 pm] Reload for file change: C:\repos\nus-cs2103\cs2103-website-base\admin\tp-tasks-fragment.md
2023-10-15T07:22:42.675Z - info: Synchronizing opened pages list before reload
2023-10-15T07:22:42.675Z - info: Current opened pages, from most-to-least recent:
2023-10-15T07:22:42.675Z - info: 1. schedule/week8/project
2023-10-15T07:22:43.695Z - info: Rebuilding 1 pages
2023-10-15T07:22:45.250Z - info: Site data built
2023-10-15T07:22:45.250Z - info: Pages rebuilt
2023-10-15T07:22:45.250Z - info: Website regeneration complete! Total build time: 1.557s
2023-10-15T07:25:37.164Z - info: [3:25:37 pm] Reload for file change: C:\repos\nus-cs2103\cs2103-website-base\admin\tp-tasks-fragment.md
2023-10-15T07:25:37.165Z - info: Synchronizing opened pages list before reload
2023-10-15T07:25:37.165Z - info: Current opened pages, from most-to-least recent:
2023-10-15T07:25:37.165Z - info: 1. schedule/week8/project
2023-10-15T07:25:38.174Z - info: Rebuilding 1 pages
2023-10-15T07:25:39.737Z - info: Site data built
2023-10-15T07:25:39.738Z - info: Pages rebuilt
2023-10-15T07:25:39.738Z - info: Website regeneration complete! Total build time: 1.565s
2023-10-15T07:26:11.444Z - info: [3:26:11 pm] Reload for file change: C:\repos\nus-cs2103\cs2103-website-base\admin\tp-tasks-fragment.md
2023-10-15T07:26:11.444Z - info: Synchronizing opened pages list before reload
2023-10-15T07:26:11.445Z - info: Current opened pages, from most-to-least recent:
2023-10-15T07:26:11.445Z - info: 1. schedule/week8/project
2023-10-15T07:26:12.457Z - info: Rebuilding 1 pages
2023-10-15T07:26:13.994Z - info: Site data built
2023-10-15T07:26:13.995Z - info: Pages rebuilt
2023-10-15T07:26:13.995Z - info: Website regeneration complete! Total build time: 1.539s
2023-10-15T07:26:24.784Z - info: [3:26:24 pm] Reload for file change: C:\repos\nus-cs2103\cs2103-website-base\admin\tp-tasks-fragment.md
2023-10-15T07:26:24.785Z - info: Synchronizing opened pages list before reload
2023-10-15T07:26:24.785Z - info: Current opened pages, from most-to-least recent:
2023-10-15T07:26:24.785Z - info: 1. schedule/week8/project
2023-10-15T07:26:25.800Z - info: Rebuilding 1 pages
2023-10-15T07:26:27.422Z - info: Site data built
2023-10-15T07:26:27.423Z - info: Pages rebuilt
2023-10-15T07:26:27.423Z - info: Website regeneration complete! Total build time: 1.624s
2023-10-15T07:27:32.310Z - info: [3:27:32 pm] Reload for file change: C:\repos\nus-cs2103\cs2103-website-base\admin\tp-tasks-fragment.md
2023-10-15T07:27:32.310Z - info: Synchronizing opened pages list before reload
2023-10-15T07:27:32.311Z - info: Current opened pages, from most-to-least recent:
2023-10-15T07:27:32.311Z - info: 1. schedule/week8/project
2023-10-15T07:27:33.330Z - info: Rebuilding 1 pages
2023-10-15T07:27:34.941Z - info: Site data built
2023-10-15T07:27:34.942Z - info: Pages rebuilt
2023-10-15T07:27:34.942Z - info: Website regeneration complete! Total build time: 1.613s
2023-10-15T07:28:20.085Z - info: Website generation started at 3:28:17 pm
2023-10-15T07:28:32.194Z - info: Building assets...
2023-10-15T07:28:39.912Z - info: Assets built
2023-10-15T07:28:39.913Z - info: Generating pages...
2023-10-15T07:28:55.371Z - debug:  
2023-10-15T07:28:55.519Z - debug:  
2023-10-15T07:28:55.538Z - debug:  
2023-10-15T07:28:55.543Z - debug:  
2023-10-15T07:28:57.892Z - debug:  
2023-10-15T07:28:57.892Z - debug:  
2023-10-15T07:28:57.892Z - debug:  
2023-10-15T07:28:57.893Z - debug:  
2023-10-15T07:28:57.893Z - debug:  
2023-10-15T07:28:57.895Z - debug:  
2023-10-15T07:28:57.895Z - debug:  
2023-10-15T07:28:57.895Z - debug:  
2023-10-15T07:28:57.895Z - debug:  
2023-10-15T07:28:57.895Z - debug:  
2023-10-15T07:28:57.895Z - debug:  
2023-10-15T07:28:57.896Z - debug:  
2023-10-15T07:31:03.030Z - debug:  
2023-10-15T07:31:17.771Z - debug:  
2023-10-15T07:31:17.792Z - debug:  
2023-10-15T07:31:30.368Z - info: Pages built
2023-10-15T07:31:31.327Z - info: Site data built
2023-10-15T07:31:31.327Z - info: Website generation complete! Total build time: 193.357s
2023-10-15T07:31:31.327Z - info: Build success!
2023-10-15T07:35:36.762Z - info: The website has been deployed at: https://nus-cs2103-ay2324s1.github.io/website
2023-10-15T09:35:58.294Z - info: Website generation (lazy) started at 5:35:52 pm
2023-10-15T09:36:10.806Z - info: Building assets...
2023-10-15T09:36:19.419Z - info: Assets built
2023-10-15T09:36:19.420Z - info: Generating landing page...
2023-10-15T09:36:21.147Z - info: Landing page built, other pages will be built as you navigate to them!
2023-10-15T09:36:22.308Z - info: Site data built
2023-10-15T09:36:22.308Z - info: Website generation (lazy) complete! Total build time: 29.514s
2023-10-15T09:36:23.287Z - info: Serving "C:\repos\nus-cs2103\cs2103-website-base\_site" at http://127.0.0.1:8080
2023-10-15T09:36:23.287Z - info: Press CTRL+C to stop ...
2023-10-15T09:37:29.112Z - info: [5:37:29 pm] Reload for file change: C:\repos\nus-cs2103\cs2103-website-base\schedule\week9\tutorial-cs2103-fragment.md
2023-10-15T09:37:29.113Z - info: Synchronizing opened pages list before reload
2023-10-15T09:37:29.113Z - info: Current opened pages, from most-to-least recent:
2023-10-15T09:37:29.113Z - info: 1. index
2023-10-15T09:37:30.134Z - info: Assets built
2023-10-15T09:37:31.513Z - info: Building C:\repos\nus-cs2103\cs2103-website-base\schedule\week9\tutorial as some of its dependencies were changed since the last visit
2023-10-15T09:37:32.888Z - info: Site data built
2023-10-15T09:37:32.889Z - info: Lazy website regeneration complete! Total build time: 1.375s
2023-10-15T09:37:44.985Z - info: [5:37:44 pm] Reload for file change: C:\repos\nus-cs2103\cs2103-website-base\schedule\week9\tutorial-cs2103-fragment.md
2023-10-15T09:37:44.986Z - info: Synchronizing opened pages list before reload
2023-10-15T09:37:44.986Z - info: Current opened pages, from most-to-least recent:
2023-10-15T09:37:44.986Z - info: 1. schedule/week9/tutorial
2023-10-15T09:37:46.000Z - info: Rebuilding 1 pages
2023-10-15T09:37:46.735Z - info: Site data built
2023-10-15T09:37:46.735Z - info: Pages rebuilt
2023-10-15T09:37:46.736Z - info: Website regeneration complete! Total build time: 0.737s
2023-10-15T09:38:57.614Z - info: [5:38:57 pm] Reload for file change: C:\repos\nus-cs2103\cs2103-website-base\schedule\week9\tutorial-cs2103-fragment.md
2023-10-15T09:38:57.615Z - info: Synchronizing opened pages list before reload
2023-10-15T09:38:57.616Z - info: Current opened pages, from most-to-least recent:
2023-10-15T09:38:57.617Z - info: 1. schedule/week9/tutorial
2023-10-15T09:38:58.638Z - info: Rebuilding 1 pages
2023-10-15T09:38:59.577Z - info: Site data built
2023-10-15T09:38:59.578Z - info: Pages rebuilt
2023-10-15T09:38:59.578Z - info: Website regeneration complete! Total build time: 0.941s
2023-10-15T09:39:59.604Z - info: [5:39:59 pm] Reload for file change: C:\repos\nus-cs2103\cs2103-website-base\schedule\week9\tutorial-cs2103-fragment.md
2023-10-15T09:39:59.604Z - info: Synchronizing opened pages list before reload
2023-10-15T09:39:59.605Z - info: Current opened pages, from most-to-least recent:
2023-10-15T09:39:59.605Z - info: 1. schedule/week9/tutorial
2023-10-15T09:40:00.612Z - info: Rebuilding 1 pages
2023-10-15T09:40:01.302Z - info: Site data built
2023-10-15T09:40:01.302Z - info: Pages rebuilt
2023-10-15T09:40:01.302Z - info: Website regeneration complete! Total build time: 0.691s
2023-10-15T09:41:26.503Z - info: [5:41:26 pm] Reload for file change: C:\repos\nus-cs2103\cs2103-website-base\schedule\week9\tutorial-cs2103-fragment.md
2023-10-15T09:41:26.504Z - info: Synchronizing opened pages list before reload
2023-10-15T09:41:26.504Z - info: Current opened pages, from most-to-least recent:
2023-10-15T09:41:26.504Z - info: 1. schedule/week9/tutorial
2023-10-15T09:41:27.523Z - info: Rebuilding 1 pages
2023-10-15T09:41:28.532Z - info: Site data built
2023-10-15T09:41:28.532Z - info: Pages rebuilt
2023-10-15T09:41:28.532Z - info: Website regeneration complete! Total build time: 1.01s
2023-10-15T09:42:13.230Z - info: [5:42:13 pm] Reload for file change: C:\repos\nus-cs2103\cs2103-website-base\schedule\week9\tutorial-cs2103-fragment.md
2023-10-15T09:42:13.230Z - info: Synchronizing opened pages list before reload
2023-10-15T09:42:13.230Z - info: Current opened pages, from most-to-least recent:
2023-10-15T09:42:13.230Z - info: 1. schedule/week9/tutorial
2023-10-15T09:42:14.238Z - info: Rebuilding 1 pages
2023-10-15T09:42:14.886Z - info: Site data built
2023-10-15T09:42:14.887Z - info: Pages rebuilt
2023-10-15T09:42:14.887Z - info: Website regeneration complete! Total build time: 0.65s
2023-10-15T09:42:44.502Z - info: [5:42:44 pm] Reload for file change: C:\repos\nus-cs2103\cs2103-website-base\schedule\week9\tutorial-cs2103-fragment.md
2023-10-15T09:42:44.503Z - info: Synchronizing opened pages list before reload
2023-10-15T09:42:44.504Z - info: Current opened pages, from most-to-least recent:
2023-10-15T09:42:44.504Z - info: 1. schedule/week9/tutorial
2023-10-15T09:42:45.519Z - info: Rebuilding 1 pages
2023-10-15T09:42:46.446Z - info: Site data built
2023-10-15T09:42:46.446Z - info: Pages rebuilt
2023-10-15T09:42:46.446Z - info: Website regeneration complete! Total build time: 0.928s
2023-10-15T09:43:34.610Z - info: [5:43:34 pm] Reload for file change: C:\repos\nus-cs2103\cs2103-website-base\schedule\week9\tutorial-cs2103-fragment.md
2023-10-15T09:43:34.611Z - info: Synchronizing opened pages list before reload
2023-10-15T09:43:34.611Z - info: Current opened pages, from most-to-least recent:
2023-10-15T09:43:34.612Z - info: 1. schedule/week9/tutorial
2023-10-15T09:43:35.630Z - info: Rebuilding 1 pages
2023-10-15T09:43:36.391Z - info: Site data built
2023-10-15T09:43:36.391Z - info: Pages rebuilt
2023-10-15T09:43:36.391Z - info: Website regeneration complete! Total build time: 0.762s
2023-10-15T09:44:16.136Z - info: Website generation started at 5:44:14 pm
2023-10-15T09:44:27.733Z - info: Building assets...
2023-10-15T09:44:39.104Z - info: Assets built
2023-10-15T09:44:39.105Z - info: Generating pages...
2023-10-15T09:45:04.702Z - debug:  
2023-10-15T09:45:04.786Z - debug:  
2023-10-15T09:45:10.200Z - debug:  
2023-10-15T09:45:10.200Z - debug:  
2023-10-15T09:45:10.204Z - debug:  
2023-10-15T09:45:10.205Z - debug:  
2023-10-15T09:45:10.205Z - debug:  
2023-10-15T09:45:10.206Z - debug:  
2023-10-15T09:45:10.206Z - debug:  
2023-10-15T09:45:10.207Z - debug:  
2023-10-15T09:45:10.207Z - debug:  
2023-10-15T09:45:10.207Z - debug:  
2023-10-15T09:45:10.219Z - debug:  
2023-10-15T09:45:10.220Z - debug:  
2023-10-15T09:45:10.221Z - debug:  
2023-10-15T09:45:10.221Z - debug:  
2023-10-15T09:47:54.229Z - debug:  
2023-10-15T09:48:14.814Z - debug:  
2023-10-15T09:48:14.883Z - debug:  
2023-10-15T09:48:28.612Z - info: Pages built
2023-10-15T09:48:29.636Z - info: Site data built
2023-10-15T09:48:29.636Z - info: Website generation complete! Total build time: 255.613s
2023-10-15T09:48:29.636Z - info: Build success!
2023-10-15T09:50:20.624Z - info: The website has been deployed at: https://nus-cs2103-ay2324s1.github.io/website
