2023-08-19T16:10:09.416Z - info: Website generation (lazy) started at 12:10:03 am
2023-08-19T16:10:21.772Z - info: Building assets...
2023-08-19T16:10:29.570Z - info: Assets built
2023-08-19T16:10:29.571Z - info: Generating landing page...
2023-08-19T16:10:30.781Z - info: Landing page built, other pages will be built as you navigate to them!
2023-08-19T16:10:32.331Z - info: Site data built
2023-08-19T16:10:32.332Z - info: Website generation (lazy) complete! Total build time: 28.661s
2023-08-19T16:10:33.236Z - info: Serving "C:\repos\nus-cs2103\cs2103-website-base\_site" at http://127.0.0.1:8080
2023-08-19T16:10:33.236Z - info: Press CTRL+C to stop ...
2023-08-19T16:12:11.179Z - info: Building C:\repos\nus-cs2103\cs2103-website-base\schedule\week2\index as some of its dependencies were changed since the last visit
2023-08-19T16:12:12.765Z - info: Site data built
2023-08-19T16:12:12.766Z - info: Lazy website regeneration complete! Total build time: 1.588s
2023-08-19T16:18:19.265Z - info: [12:18:19 am] Reload for file change: C:\repos\nus-cs2103\cs2103-website-base\admin\weeklySchedule.md
2023-08-19T16:18:19.265Z - info: Synchronizing opened pages list before reload
2023-08-19T16:18:19.266Z - info: Current opened pages, from most-to-least recent:
2023-08-19T16:18:19.266Z - info: 1. schedule/week2/index
2023-08-19T16:18:20.278Z - info: Rebuilding 1 pages
2023-08-19T16:18:21.794Z - info: Site data built
2023-08-19T16:18:21.794Z - info: Pages rebuilt
2023-08-19T16:18:21.794Z - info: Website regeneration complete! Total build time: 1.517s
2023-08-19T16:19:10.877Z - info: Building C:\repos\nus-cs2103\cs2103-website-base\schedule\week2\admin as some of its dependencies were changed since the last visit
2023-08-19T16:19:11.863Z - info: Site data built
2023-08-19T16:19:11.864Z - info: Lazy website regeneration complete! Total build time: 0.986s
2023-08-19T16:22:27.890Z - info: [12:22:27 am] Reload for file change: C:\repos\nus-cs2103\cs2103-website-base\_course-CS2103\weeklyAdminTasks-fragment.md
2023-08-19T16:22:27.891Z - info: Synchronizing opened pages list before reload
2023-08-19T16:22:27.891Z - info: Current opened pages, from most-to-least recent:
2023-08-19T16:22:27.892Z - info: 1. schedule/week2/admin
2023-08-19T16:22:28.906Z - info: Rebuilding 1 pages
2023-08-19T16:22:29.855Z - info: Site data built
2023-08-19T16:22:29.855Z - info: Pages rebuilt
2023-08-19T16:22:29.856Z - info: Website regeneration complete! Total build time: 0.951s
2023-08-19T16:24:24.596Z - info: Building C:\repos\nus-cs2103\cs2103-website-base\schedule\week1\admin as some of its dependencies were changed since the last visit
2023-08-19T16:24:28.122Z - info: Site data built
2023-08-19T16:24:28.123Z - info: Lazy website regeneration complete! Total build time: 3.528s
2023-08-19T16:24:30.842Z - debug:  
2023-08-19T16:25:51.329Z - info: [12:25:51 am] Reload for file change: C:\repos\nus-cs2103\cs2103-website-base\admin\admin-tasks-fragment.md
2023-08-19T16:25:51.329Z - info: Synchronizing opened pages list before reload
2023-08-19T16:25:51.330Z - info: Current opened pages, from most-to-least recent:
2023-08-19T16:25:51.330Z - info: 1. schedule/week1/admin
2023-08-19T16:25:52.339Z - info: Rebuilding 1 pages
2023-08-19T16:25:54.176Z - info: Site data built
2023-08-19T16:25:54.177Z - info: Pages rebuilt
2023-08-19T16:25:54.177Z - info: Website regeneration complete! Total build time: 1.839s
2023-08-19T16:25:55.685Z - debug:  
2023-08-19T16:26:03.065Z - info: Building C:\repos\nus-cs2103\cs2103-website-base\schedule\week2\admin as some of its dependencies were changed since the last visit
2023-08-19T16:26:03.809Z - info: Site data built
2023-08-19T16:26:03.809Z - info: Lazy website regeneration complete! Total build time: 0.744s
2023-08-19T16:26:37.416Z - info: [12:26:37 am] Reload for file change: C:\repos\nus-cs2103\cs2103-website-base\admin\admin-tasks-fragment.md
2023-08-19T16:26:37.416Z - info: Synchronizing opened pages list before reload
2023-08-19T16:26:37.416Z - info: Current opened pages, from most-to-least recent:
2023-08-19T16:26:37.416Z - info: 1. schedule/week2/admin
2023-08-19T16:26:38.437Z - info: Rebuilding 1 pages
2023-08-19T16:26:39.411Z - info: Site data built
2023-08-19T16:26:39.411Z - info: Pages rebuilt
2023-08-19T16:26:39.411Z - info: Website regeneration complete! Total build time: 0.978s
2023-08-19T16:26:42.600Z - info: Building C:\repos\nus-cs2103\cs2103-website-base\admin\participation as some of its dependencies were changed since the last visit
2023-08-19T16:26:42.907Z - info: Site data built
2023-08-19T16:26:42.907Z - info: Lazy website regeneration complete! Total build time: 0.308s
2023-08-19T16:27:56.316Z - info: [12:27:56 am] Reload for file change: C:\repos\nus-cs2103\cs2103-website-base\admin\policies-fragment.md
2023-08-19T16:27:56.316Z - info: Synchronizing opened pages list before reload
2023-08-19T16:27:56.316Z - info: Current opened pages, from most-to-least recent:
2023-08-19T16:27:56.317Z - info: 1. schedule/week2/admin
2023-08-19T16:27:57.330Z - info: Rebuilding 1 pages
2023-08-19T16:27:58.096Z - info: Site data built
2023-08-19T16:27:58.096Z - info: Pages rebuilt
2023-08-19T16:27:58.096Z - info: Website regeneration complete! Total build time: 0.768s
2023-08-19T16:28:41.074Z - info: [12:28:41 am] Reload for file change: C:\repos\nus-cs2103\cs2103-website-base\admin\policies-fragment.md
2023-08-19T16:28:41.074Z - info: Synchronizing opened pages list before reload
2023-08-19T16:28:41.074Z - info: Current opened pages, from most-to-least recent:
2023-08-19T16:28:41.074Z - info: 1. schedule/week2/admin
2023-08-19T16:28:42.084Z - info: Rebuilding 1 pages
2023-08-19T16:28:43.347Z - info: Site data built
2023-08-19T16:28:43.347Z - info: Pages rebuilt
2023-08-19T16:28:43.347Z - info: Website regeneration complete! Total build time: 1.266s
2023-08-19T16:32:17.193Z - info: Building C:\repos\nus-cs2103\cs2103-website-base\schedule\week2\topics as some of its dependencies were changed since the last visit
2023-08-19T16:32:21.222Z - info: Site data built
2023-08-19T16:32:21.222Z - info: Lazy website regeneration complete! Total build time: 4.029s
2023-08-19T16:34:05.023Z - info: Building C:\repos\nus-cs2103\cs2103-website-base\schedule\week2\project as some of its dependencies were changed since the last visit
2023-08-19T16:34:08.010Z - info: Site data built
2023-08-19T16:34:08.011Z - info: Lazy website regeneration complete! Total build time: 2.989s
2023-08-19T16:34:08.566Z - info: Building C:\repos\nus-cs2103\cs2103-website-base\schedule\week2\project as some of its dependencies were changed since the last visit
2023-08-19T16:34:10.605Z - info: Site data built
2023-08-19T16:34:10.605Z - info: Lazy website regeneration complete! Total build time: 2.039s
2023-08-19T16:36:47.697Z - info: Building C:\repos\nus-cs2103\cs2103-website-base\schedule\week2\tutorial as some of its dependencies were changed since the last visit
2023-08-19T16:36:48.011Z - info: Site data built
2023-08-19T16:36:48.011Z - info: Lazy website regeneration complete! Total build time: 0.315s
2023-08-19T16:40:55.129Z - info: [12:40:55 am] Reload for file change: C:\repos\nus-cs2103\cs2103-website-base\admin\tp-deliverables-website-fragment.md
2023-08-19T16:40:55.129Z - info: Synchronizing opened pages list before reload
2023-08-19T16:40:55.130Z - info: Current opened pages, from most-to-least recent:
2023-08-19T16:40:55.130Z - info: 1. schedule/week2/tutorial
2023-08-19T16:40:55.154Z - info: [12:40:55 am] Reload for file change: C:\repos\nus-cs2103\cs2103-website-base\admin\reposenseAuthorAnnotation.md
2023-08-19T16:40:55.154Z - info: Synchronizing opened pages list before reload
2023-08-19T16:40:55.154Z - info: Current opened pages, from most-to-least recent:
2023-08-19T16:40:55.154Z - info: 1. schedule/week2/tutorial
2023-08-19T16:40:55.170Z - info: [12:40:55 am] Reload for file change: C:\repos\nus-cs2103\cs2103-website-base\admin\appendixG-CS2103R.md
2023-08-19T16:40:55.170Z - info: Synchronizing opened pages list before reload
2023-08-19T16:40:55.170Z - info: Current opened pages, from most-to-least recent:
2023-08-19T16:40:55.170Z - info: 1. schedule/week2/tutorial
2023-08-19T16:40:55.188Z - info: [12:40:55 am] Reload for file change: C:\repos\nus-cs2103\cs2103-website-base\admin\ip-grading.md
2023-08-19T16:40:55.188Z - info: Synchronizing opened pages list before reload
2023-08-19T16:40:55.188Z - info: Current opened pages, from most-to-least recent:
2023-08-19T16:40:55.188Z - info: 1. schedule/week2/tutorial
2023-08-19T16:40:55.198Z - info: [12:40:55 am] Reload for file change: C:\repos\nus-cs2103\cs2103-website-base\admin\policies-fragment.md
2023-08-19T16:40:55.198Z - info: Synchronizing opened pages list before reload
2023-08-19T16:40:55.198Z - info: Current opened pages, from most-to-least recent:
2023-08-19T16:40:55.198Z - info: 1. schedule/week2/tutorial
2023-08-19T16:40:56.138Z - info: No pages needed to be rebuilt
2023-08-19T16:45:56.987Z - info: [12:45:56 am] Reload for file change: C:\repos\nus-cs2103\cs2103-website-base\book\documentation\tools\javaDoc\what\text.md
2023-08-19T16:45:56.987Z - info: Synchronizing opened pages list before reload
2023-08-19T16:45:56.987Z - info: Current opened pages, from most-to-least recent:
2023-08-19T16:45:56.987Z - info: 1. schedule/week2/tutorial
2023-08-19T16:45:56.992Z - info: [12:45:56 am] Reload for file change: C:\repos\nus-cs2103\cs2103-website-base\book\intellij\productivityShortcuts\text.md
2023-08-19T16:45:56.992Z - info: Synchronizing opened pages list before reload
2023-08-19T16:45:56.992Z - info: Current opened pages, from most-to-least recent:
2023-08-19T16:45:56.992Z - info: 1. schedule/week2/tutorial
2023-08-19T16:45:57.014Z - info: [12:45:57 am] Reload for file change: C:\repos\nus-cs2103\cs2103-website-base\admin\ip-tasks-fragment.md
2023-08-19T16:45:57.014Z - info: Synchronizing opened pages list before reload
2023-08-19T16:45:57.014Z - info: Current opened pages, from most-to-least recent:
2023-08-19T16:45:57.014Z - info: 1. schedule/week2/tutorial
2023-08-19T16:45:57.026Z - info: [12:45:57 am] Reload for file change: C:\repos\nus-cs2103\cs2103-website-base\book\intellij\projectSetup\index.md
2023-08-19T16:45:57.026Z - info: Synchronizing opened pages list before reload
2023-08-19T16:45:57.026Z - info: Current opened pages, from most-to-least recent:
2023-08-19T16:45:57.026Z - info: 1. schedule/week2/tutorial
2023-08-19T16:45:57.041Z - info: [12:45:57 am] Reload for file change: C:\repos\nus-cs2103\cs2103-website-base\schedule\week3\admin-tic2002-fragment.md
2023-08-19T16:45:57.041Z - info: Synchronizing opened pages list before reload
2023-08-19T16:45:57.041Z - info: Current opened pages, from most-to-least recent:
2023-08-19T16:45:57.041Z - info: 1. schedule/week2/tutorial
2023-08-19T16:45:57.046Z - info: [12:45:57 am] Reload for file change: C:\repos\nus-cs2103\cs2103-website-base\book\cppToJava\gettingStarted\running\text.md
2023-08-19T16:45:57.046Z - info: Synchronizing opened pages list before reload
2023-08-19T16:45:57.046Z - info: Current opened pages, from most-to-least recent:
2023-08-19T16:45:57.046Z - info: 1. schedule/week2/tutorial
2023-08-19T16:45:57.065Z - info: [12:45:57 am] Reload for file change: C:\repos\nus-cs2103\cs2103-website-base\_course-TIC4002\textbookTopics-fragment.md
2023-08-19T16:45:57.065Z - info: Synchronizing opened pages list before reload
2023-08-19T16:45:57.065Z - info: Current opened pages, from most-to-least recent:
2023-08-19T16:45:57.066Z - info: 1. schedule/week2/tutorial
2023-08-19T16:45:57.108Z - info: [12:45:57 am] Reload for file change: C:\repos\nus-cs2103\cs2103-website-base\admin\tp-expectations.md
2023-08-19T16:45:57.109Z - info: Synchronizing opened pages list before reload
2023-08-19T16:45:57.110Z - info: Current opened pages, from most-to-least recent:
2023-08-19T16:45:57.111Z - info: 1. schedule/week2/tutorial
2023-08-19T16:45:57.139Z - info: [12:45:57 am] Reload for file change: C:\repos\nus-cs2103\cs2103-website-base\_course-CS2113\textbookTopics-fragment.md
2023-08-19T16:45:57.139Z - info: Synchronizing opened pages list before reload
2023-08-19T16:45:57.139Z - info: Current opened pages, from most-to-least recent:
2023-08-19T16:45:57.139Z - info: 1. schedule/week2/tutorial
2023-08-19T16:45:57.165Z - info: [12:45:57 am] Reload for file change: C:\repos\nus-cs2103\cs2103-website-base\_course-CS2103\textbookTopics-fragment.md
2023-08-19T16:45:57.166Z - info: Synchronizing opened pages list before reload
2023-08-19T16:45:57.166Z - info: Current opened pages, from most-to-least recent:
2023-08-19T16:45:57.166Z - info: 1. schedule/week2/tutorial
2023-08-19T16:45:57.191Z - info: [12:45:57 am] Reload for file change: C:\repos\nus-cs2103\cs2103-website-base\_course-TIC4001\textbookTopics-fragment.md
2023-08-19T16:45:57.191Z - info: Synchronizing opened pages list before reload
2023-08-19T16:45:57.191Z - info: Current opened pages, from most-to-least recent:
2023-08-19T16:45:57.191Z - info: 1. schedule/week2/tutorial
2023-08-19T16:45:57.216Z - info: [12:45:57 am] Reload for file change: C:\repos\nus-cs2103\cs2103-website-base\_course-TIC2002\textbookTopics-fragment.md
2023-08-19T16:45:57.217Z - info: Synchronizing opened pages list before reload
2023-08-19T16:45:57.217Z - info: Current opened pages, from most-to-least recent:
2023-08-19T16:45:57.217Z - info: 1. schedule/week2/tutorial
2023-08-19T16:45:57.242Z - info: [12:45:57 am] Reload for file change: C:\repos\nus-cs2103\cs2103-website-base\book\common\outcomes.md
2023-08-19T16:45:57.243Z - info: Synchronizing opened pages list before reload
2023-08-19T16:45:57.243Z - info: Current opened pages, from most-to-least recent:
2023-08-19T16:45:57.243Z - info: 1. schedule/week2/tutorial
2023-08-19T16:45:57.265Z - info: [12:45:57 am] Reload for file change: C:\repos\nus-cs2103\cs2103-website-base\admin\tp-tasks-fragment.md
2023-08-19T16:45:57.265Z - info: Synchronizing opened pages list before reload
2023-08-19T16:45:57.265Z - info: Current opened pages, from most-to-least recent:
2023-08-19T16:45:57.265Z - info: 1. schedule/week2/tutorial
2023-08-19T16:45:57.282Z - info: [12:45:57 am] Reload for file change: C:\repos\nus-cs2103\cs2103-website-base\book\testing\testCoverage\how\text.md
2023-08-19T16:45:57.282Z - info: Synchronizing opened pages list before reload
2023-08-19T16:45:57.282Z - info: Current opened pages, from most-to-least recent:
2023-08-19T16:45:57.282Z - info: 1. schedule/week2/tutorial
2023-08-19T16:45:57.293Z - info: [12:45:57 am] Reload for file change: C:\repos\nus-cs2103\cs2103-website-base\book\intellij\refactoring\index.md
2023-08-19T16:45:57.293Z - info: Synchronizing opened pages list before reload
2023-08-19T16:45:57.293Z - info: Current opened pages, from most-to-least recent:
2023-08-19T16:45:57.293Z - info: 1. schedule/week2/tutorial
2023-08-19T16:45:57.308Z - info: [12:45:57 am] Reload for file change: C:\repos\nus-cs2103\cs2103-website-base\book\intellij\print.md
2023-08-19T16:45:57.308Z - info: Synchronizing opened pages list before reload
2023-08-19T16:45:57.308Z - info: Current opened pages, from most-to-least recent:
2023-08-19T16:45:57.308Z - info: 1. schedule/week2/tutorial
2023-08-19T16:45:57.321Z - info: [12:45:57 am] Reload for file change: C:\repos\nus-cs2103\cs2103-website-base\book\ides\introduction\what\text.md
2023-08-19T16:45:57.321Z - info: Synchronizing opened pages list before reload
2023-08-19T16:45:57.321Z - info: Current opened pages, from most-to-least recent:
2023-08-19T16:45:57.321Z - info: 1. schedule/week2/tutorial
2023-08-19T16:45:57.335Z - info: [12:45:57 am] Reload for file change: C:\repos\nus-cs2103\cs2103-website-base\admin\tools.md
2023-08-19T16:45:57.335Z - info: Synchronizing opened pages list before reload
2023-08-19T16:45:57.335Z - info: Current opened pages, from most-to-least recent:
2023-08-19T16:45:57.335Z - info: 1. schedule/week2/tutorial
2023-08-19T16:45:57.359Z - info: [12:45:57 am] Reload for file change: C:\repos\nus-cs2103\cs2103-website-base\schedule\week10\tutorial-cs2103-fragment.md
2023-08-19T16:45:57.359Z - info: Synchronizing opened pages list before reload
2023-08-19T16:45:57.359Z - info: Current opened pages, from most-to-least recent:
2023-08-19T16:45:57.359Z - info: 1. schedule/week2/tutorial
2023-08-19T16:45:57.374Z - info: [12:45:57 am] Reload for file change: C:\repos\nus-cs2103\cs2103-website-base\_course-TEE3201\textbookTopics-fragment.md
2023-08-19T16:45:57.374Z - info: Synchronizing opened pages list before reload
2023-08-19T16:45:57.375Z - info: Current opened pages, from most-to-least recent:
2023-08-19T16:45:57.375Z - info: 1. schedule/week2/tutorial
2023-08-19T16:45:57.414Z - info: [12:45:57 am] Reload for file change: C:\repos\nus-cs2103\cs2103-website-base\book\intellij\codeNavigation\index.md
2023-08-19T16:45:57.414Z - info: Synchronizing opened pages list before reload
2023-08-19T16:45:57.414Z - info: Current opened pages, from most-to-least recent:
2023-08-19T16:45:57.414Z - info: 1. schedule/week2/tutorial
2023-08-19T16:45:57.440Z - info: [12:45:57 am] Reload for file change: C:\repos\nus-cs2103\cs2103-website-base\admin\index-tic2002-fragment.md
2023-08-19T16:45:57.440Z - info: Synchronizing opened pages list before reload
2023-08-19T16:45:57.440Z - info: Current opened pages, from most-to-least recent:
2023-08-19T16:45:57.440Z - info: 1. schedule/week2/tutorial
2023-08-19T16:45:57.459Z - info: [12:45:57 am] Reload for file change: C:\repos\nus-cs2103\cs2103-website-base\book\intellij\productivityShortcuts\index.md
2023-08-19T16:45:57.459Z - info: Synchronizing opened pages list before reload
2023-08-19T16:45:57.459Z - info: Current opened pages, from most-to-least recent:
2023-08-19T16:45:57.459Z - info: 1. schedule/week2/tutorial
2023-08-19T16:45:58.008Z - info: Assets built
2023-08-19T16:45:58.230Z - info: Rebuilding 1 pages
2023-08-19T16:45:58.490Z - info: Site data built
2023-08-19T16:45:58.490Z - info: Pages rebuilt
2023-08-19T16:45:58.490Z - info: Website regeneration complete! Total build time: 0.261s
2023-08-19T16:52:13.204Z - info: Website generation started at 12:52:09 am
2023-08-19T16:52:25.980Z - info: Building assets...
