2023-08-21T17:55:41.863Z - info: Website generation started at 1:55:35 am
2023-08-21T17:55:53.139Z - info: Building assets...
2023-08-21T17:56:02.023Z - info: Assets built
2023-08-21T17:56:02.024Z - info: Generating pages...
2023-08-21T17:56:21.479Z - debug:  
2023-08-21T17:56:21.480Z - debug:  
2023-08-21T17:56:21.561Z - debug:  
2023-08-21T17:56:21.590Z - debug:  
2023-08-21T17:56:22.177Z - debug:  
2023-08-21T17:56:22.178Z - debug:  
2023-08-21T17:56:22.178Z - debug:  
2023-08-21T17:56:22.179Z - debug:  
2023-08-21T17:56:22.179Z - debug:  
2023-08-21T17:56:22.180Z - debug:  
2023-08-21T17:56:22.181Z - debug:  
2023-08-21T17:56:22.181Z - debug:  
2023-08-21T17:56:22.181Z - debug:  
2023-08-21T17:56:22.181Z - debug:  
2023-08-21T17:56:26.206Z - debug:  
2023-08-21T17:56:26.207Z - debug:  
2023-08-21T17:58:39.701Z - debug:  
2023-08-21T17:58:55.905Z - debug:  
2023-08-21T17:58:55.906Z - debug:  
2023-08-21T17:59:03.069Z - info: Pages built
2023-08-21T17:59:04.320Z - info: Site data built
2023-08-21T17:59:04.320Z - info: Website generation complete! Total build time: 208.506s
2023-08-21T17:59:04.320Z - info: Build success!
2023-08-21T18:01:36.485Z - info: The website has been deployed at: https://nus-cs2103-ay2324s1.github.io/website
2023-08-22T14:54:41.668Z - info: Website generation started at 10:54:36 pm
2023-08-22T14:54:55.488Z - info: Building assets...
2023-08-22T14:55:04.166Z - info: Assets built
2023-08-22T14:55:04.167Z - info: Generating pages...
2023-08-22T14:55:27.549Z - debug:  
2023-08-22T14:55:27.549Z - debug:  
2023-08-22T14:55:27.550Z - debug:  
2023-08-22T14:55:27.550Z - debug:  
2023-08-22T14:55:27.550Z - debug:  
2023-08-22T14:55:27.550Z - debug:  
2023-08-22T14:55:27.551Z - debug:  
2023-08-22T14:55:27.551Z - debug:  
2023-08-22T14:55:27.551Z - debug:  
2023-08-22T14:55:27.551Z - debug:  
2023-08-22T14:55:27.552Z - debug:  
2023-08-22T14:55:27.552Z - debug:  
2023-08-22T14:55:27.560Z - debug:  
2023-08-22T14:55:27.561Z - debug:  
2023-08-22T14:55:31.925Z - debug:  
2023-08-22T14:56:10.640Z - debug:  
2023-08-22T14:57:10.847Z - info: Pages built
2023-08-22T14:57:12.629Z - info: Site data built
2023-08-22T14:57:12.629Z - info: Website generation complete! Total build time: 156.297s
2023-08-22T14:57:12.629Z - info: Build success!
2023-08-22T14:59:21.925Z - info: The website has been deployed at: https://nus-tic2002-ay2324s1.github.io/website
