2023-07-07T16:27:20.843Z - info: Website generation started at 12:27:19 am
2023-07-07T16:27:30.996Z - info: Building assets...
2023-07-07T16:27:36.946Z - info: Assets built
2023-07-07T16:27:36.947Z - info: Generating pages...
2023-07-07T16:27:51.655Z - debug:  
2023-07-07T16:27:51.657Z - debug:  
2023-07-07T16:27:51.658Z - debug:  
2023-07-07T16:27:51.659Z - debug:  
2023-07-07T16:27:51.659Z - debug:  
2023-07-07T16:27:51.660Z - debug:  
2023-07-07T16:27:51.661Z - debug:  
2023-07-07T16:27:51.662Z - debug:  
2023-07-07T16:27:51.662Z - debug:  
2023-07-07T16:27:51.663Z - debug:  
2023-07-07T16:27:51.663Z - debug:  
2023-07-07T16:27:51.669Z - debug:  
2023-07-07T16:27:51.669Z - debug:  
2023-07-07T16:27:51.670Z - debug:  
2023-07-07T16:27:53.536Z - debug:  
2023-07-07T16:27:53.537Z - debug:  
2023-07-07T16:29:57.830Z - debug:  
2023-07-07T16:30:12.187Z - debug:  
2023-07-07T16:30:12.408Z - debug:  
2023-07-07T16:30:18.767Z - info: Pages built
2023-07-07T16:30:19.992Z - info: Site data built
2023-07-07T16:30:19.992Z - info: Website generation complete! Total build time: 180.851s
2023-07-07T16:30:19.992Z - info: Build success!
2023-07-07T16:33:11.280Z - info: The website has been deployed at: https://nus-cs2103-ay2324s1.github.io/website
2023-07-07T16:44:07.641Z - info: The website has been deployed at: https://nus-cs2113-ay2324s1.github.io/website
2023-07-07T16:47:13.272Z - info: Website generation started at 12:47:07 am
2023-07-07T16:47:24.148Z - info: Building assets...
2023-07-07T16:47:31.096Z - info: Assets built
2023-07-07T16:47:31.097Z - info: Generating pages...
2023-07-07T16:47:47.557Z - debug:  
2023-07-07T16:47:47.560Z - debug:  
2023-07-07T16:47:47.571Z - debug:  
2023-07-07T16:47:47.572Z - debug:  
2023-07-07T16:47:50.039Z - debug:  
2023-07-07T16:47:50.039Z - debug:  
2023-07-07T16:47:50.040Z - debug:  
2023-07-07T16:47:50.040Z - debug:  
2023-07-07T16:47:50.040Z - debug:  
2023-07-07T16:47:50.040Z - debug:  
2023-07-07T16:47:50.040Z - debug:  
2023-07-07T16:47:50.040Z - debug:  
2023-07-07T16:47:50.041Z - debug:  
2023-07-07T16:47:50.041Z - debug:  
2023-07-07T16:47:50.041Z - debug:  
2023-07-07T16:47:54.106Z - debug:  
2023-07-07T16:49:41.552Z - debug:  
2023-07-07T16:49:51.357Z - debug:  
2023-07-07T16:49:51.357Z - debug:  
2023-07-07T16:49:56.437Z - info: Pages built
2023-07-07T16:49:58.044Z - info: Site data built
2023-07-07T16:49:58.045Z - info: Website generation complete! Total build time: 170.086s
2023-07-07T16:49:59.208Z - info: Serving "C:\repos\nus-cs2103\cs2103-website-base\_site" at http://127.0.0.1:8080
2023-07-07T16:49:59.208Z - info: Press CTRL+C to stop ...
2023-07-07T16:51:06.349Z - info: Website generation started at 12:51:01 am
2023-07-07T16:51:15.907Z - info: Building assets...
2023-07-07T16:51:22.955Z - info: Assets built
2023-07-07T16:51:22.957Z - info: Generating pages...
2023-07-07T16:51:37.921Z - debug:  
2023-07-07T16:51:37.922Z - debug:  
2023-07-07T16:51:37.923Z - debug:  
2023-07-07T16:51:37.923Z - debug:  
2023-07-07T16:51:37.924Z - debug:  
2023-07-07T16:51:37.925Z - debug:  
2023-07-07T16:51:37.925Z - debug:  
2023-07-07T16:51:40.607Z - debug:  
2023-07-07T16:51:40.607Z - debug:  
2023-07-07T16:51:40.608Z - debug:  
2023-07-07T16:51:40.608Z - debug:  
2023-07-07T16:51:40.608Z - debug:  
2023-07-07T16:51:40.608Z - debug:  
2023-07-07T16:51:40.608Z - debug:  
2023-07-07T16:51:40.609Z - debug:  
2023-07-07T16:51:45.149Z - debug:  
2023-07-07T16:53:26.745Z - debug:  
2023-07-07T16:53:36.649Z - debug:  
2023-07-07T16:53:36.649Z - debug:  
2023-07-07T16:53:41.408Z - info: Pages built
2023-07-07T16:53:42.378Z - info: Site data built
2023-07-07T16:53:42.378Z - info: Website generation complete! Total build time: 160.742s
2023-07-07T16:53:42.378Z - info: Build success!
2023-07-07T16:56:11.215Z - info: The website has been deployed at: https://nus-cs2113-ay2324s1.github.io/website
2023-07-07T16:58:12.141Z - info: Website generation started at 12:58:07 am
2023-07-07T16:58:23.347Z - info: Building assets...
2023-07-07T16:58:31.678Z - info: Assets built
2023-07-07T16:58:31.679Z - info: Generating pages...
2023-07-07T16:58:52.368Z - debug:  
2023-07-07T16:58:52.368Z - debug:  
2023-07-07T16:58:52.368Z - debug:  
2023-07-07T16:58:52.369Z - debug:  
2023-07-07T16:58:52.369Z - debug:  
2023-07-07T16:58:52.369Z - debug:  
2023-07-07T16:58:52.369Z - debug:  
2023-07-07T16:58:52.370Z - debug:  
2023-07-07T16:58:52.370Z - debug:  
2023-07-07T16:58:52.370Z - debug:  
2023-07-07T16:58:52.370Z - debug:  
2023-07-07T16:58:52.370Z - debug:  
2023-07-07T16:58:52.370Z - debug:  
2023-07-07T16:58:52.371Z - debug:  
2023-07-07T16:58:56.501Z - debug:  
2023-07-07T16:59:28.669Z - debug:  
2023-07-07T17:00:24.421Z - info: Pages built
2023-07-07T17:00:25.445Z - info: Site data built
2023-07-07T17:00:25.445Z - info: Website generation complete! Total build time: 138.183s
2023-07-07T17:00:25.445Z - info: Build success!
2023-07-07T17:02:48.091Z - info: The website has been deployed at: https://nus-tic2002-ay2324s1.github.io/website
2023-07-07T17:28:27.221Z - info: Website generation (lazy) started at 1:28:20 am
2023-07-07T17:28:39.899Z - info: Building assets...
2023-07-07T17:28:47.409Z - info: Assets built
2023-07-07T17:28:47.409Z - info: Generating landing page...
2023-07-07T17:28:48.125Z - info: Landing page built, other pages will be built as you navigate to them!
2023-07-07T17:28:49.165Z - info: Site data built
2023-07-07T17:28:49.165Z - info: Website generation (lazy) complete! Total build time: 28.941s
2023-07-07T17:28:50.083Z - info: Serving "C:\repos\nus-cs2103\cs2103-website-base\_site" at http://127.0.0.1:8080
2023-07-07T17:28:50.084Z - info: Press CTRL+C to stop ...
2023-07-07T17:40:35.530Z - info: Building C:\repos\nus-cs2103\cs2103-website-base\schedule\week2\index as some of its dependencies were changed since the last visit
2023-07-07T17:40:36.613Z - info: Site data built
2023-07-07T17:40:36.614Z - info: Lazy website regeneration complete! Total build time: 1.087s
2023-07-07T17:40:41.437Z - info: Building C:\repos\nus-cs2103\cs2103-website-base\schedule\week2\topics as some of its dependencies were changed since the last visit
2023-07-07T17:40:44.149Z - info: Site data built
2023-07-07T17:40:44.149Z - info: Lazy website regeneration complete! Total build time: 2.712s
2023-07-07T17:48:55.678Z - info: [1:48:55 am] Reload for file change: C:\repos\nus-cs2103\cs2103-website-base\admin\common-commentary-fragment.md
2023-07-07T17:48:55.678Z - info: Synchronizing opened pages list before reload
2023-07-07T17:48:55.679Z - info: Current opened pages, from most-to-least recent:
2023-07-07T17:48:55.679Z - info: 1. schedule/week2/topics
2023-07-07T17:48:56.688Z - info: Rebuilding 1 pages
2023-07-07T17:48:58.833Z - info: Site data built
2023-07-07T17:48:58.834Z - info: Pages rebuilt
2023-07-07T17:48:58.834Z - info: Website regeneration complete! Total build time: 2.148s
2023-07-07T17:50:13.655Z - info: [1:50:13 am] Reload for file change: C:\repos\nus-cs2103\cs2103-website-base\admin\common-commentary-fragment.md
2023-07-07T17:50:13.655Z - info: Synchronizing opened pages list before reload
2023-07-07T17:50:13.656Z - info: Current opened pages, from most-to-least recent:
2023-07-07T17:50:13.656Z - info: 1. schedule/week2/topics
2023-07-07T17:50:14.664Z - info: Rebuilding 1 pages
2023-07-07T17:50:16.595Z - info: Site data built
2023-07-07T17:50:16.595Z - info: Pages rebuilt
2023-07-07T17:50:16.596Z - info: Website regeneration complete! Total build time: 1.932s
2023-07-07T17:52:08.830Z - info: [1:52:08 am] Reload for file change: C:\repos\nus-cs2103\cs2103-website-base\book\softwareEngineering\introduction\prosAndCons\q-essay-softwareVsBridges.md
2023-07-07T17:52:08.831Z - info: Synchronizing opened pages list before reload
2023-07-07T17:52:08.832Z - info: Current opened pages, from most-to-least recent:
2023-07-07T17:52:08.833Z - info: 1. schedule/week2/topics
2023-07-07T17:52:09.838Z - info: Rebuilding 1 pages
2023-07-07T17:52:11.838Z - info: Site data built
2023-07-07T17:52:11.838Z - info: Pages rebuilt
2023-07-07T17:52:11.839Z - info: Website regeneration complete! Total build time: 2.001s
2023-07-07T17:54:28.849Z - info: [1:54:28 am] Reload for file change: C:\repos\nus-cs2103\cs2103-website-base\book\softwareEngineering\introduction\prosAndCons\q-essay-codingAsManufacturing.md
2023-07-07T17:54:28.850Z - info: Synchronizing opened pages list before reload
2023-07-07T17:54:28.851Z - info: Current opened pages, from most-to-least recent:
2023-07-07T17:54:28.851Z - info: 1. schedule/week2/topics
2023-07-07T17:54:29.870Z - info: Rebuilding 1 pages
2023-07-07T17:54:31.927Z - info: Site data built
2023-07-07T17:54:31.928Z - info: Pages rebuilt
2023-07-07T17:54:31.928Z - info: Website regeneration complete! Total build time: 2.059s
2023-07-07T17:58:28.433Z - info: [1:58:28 am] Reload for file change: C:\repos\nus-cs2103\cs2103-website-base\book\processModels\introduction\what\text.md
2023-07-07T17:58:28.434Z - info: Synchronizing opened pages list before reload
2023-07-07T17:58:28.435Z - info: Current opened pages, from most-to-least recent:
2023-07-07T17:58:28.435Z - info: 1. schedule/week2/topics
2023-07-07T17:58:29.449Z - info: Rebuilding 1 pages
2023-07-07T17:58:31.400Z - info: Site data built
2023-07-07T17:58:31.400Z - info: Pages rebuilt
2023-07-07T17:58:31.400Z - info: Website regeneration complete! Total build time: 1.952s
2023-07-07T17:58:57.365Z - info: [1:58:57 am] Reload for file change: C:\repos\nus-cs2103\cs2103-website-base\book\processModels\introduction\what\text.md
2023-07-07T17:58:57.366Z - info: Synchronizing opened pages list before reload
2023-07-07T17:58:57.367Z - info: Current opened pages, from most-to-least recent:
2023-07-07T17:58:57.367Z - info: 1. schedule/week2/topics
2023-07-07T17:58:58.385Z - info: Rebuilding 1 pages
2023-07-07T17:59:00.376Z - info: Site data built
2023-07-07T17:59:00.376Z - info: Pages rebuilt
2023-07-07T17:59:00.377Z - info: Website regeneration complete! Total build time: 1.992s
2023-07-07T18:01:26.408Z - info: [2:01:26 am] Reload for file change: C:\repos\nus-cs2103\cs2103-website-base\book\processModels\introduction\what\text.md
2023-07-07T18:01:26.409Z - info: Synchronizing opened pages list before reload
2023-07-07T18:01:26.409Z - info: Current opened pages, from most-to-least recent:
2023-07-07T18:01:26.409Z - info: 1. schedule/week2/topics
2023-07-07T18:01:27.423Z - info: Rebuilding 1 pages
2023-07-07T18:01:29.383Z - info: Site data built
2023-07-07T18:01:29.384Z - info: Pages rebuilt
2023-07-07T18:01:29.384Z - info: Website regeneration complete! Total build time: 1.962s
2023-07-07T18:02:13.748Z - info: [2:02:13 am] Reload for file change: C:\repos\nus-cs2103\cs2103-website-base\book\processModels\introduction\sequentialModels\text.md
2023-07-07T18:02:13.749Z - info: Synchronizing opened pages list before reload
2023-07-07T18:02:13.749Z - info: Current opened pages, from most-to-least recent:
2023-07-07T18:02:13.750Z - info: 1. schedule/week2/topics
2023-07-07T18:02:14.764Z - info: Rebuilding 1 pages
2023-07-07T18:02:16.697Z - info: Site data built
2023-07-07T18:02:16.697Z - info: Pages rebuilt
2023-07-07T18:02:16.698Z - info: Website regeneration complete! Total build time: 1.937s
2023-07-07T18:04:13.850Z - info: [2:04:13 am] Reload for file change: C:\repos\nus-cs2103\cs2103-website-base\book\processModels\introduction\sequentialModels\text.md
2023-07-07T18:04:13.851Z - info: Synchronizing opened pages list before reload
2023-07-07T18:04:13.851Z - info: Current opened pages, from most-to-least recent:
2023-07-07T18:04:13.851Z - info: 1. schedule/week2/topics
2023-07-07T18:04:14.866Z - info: Rebuilding 1 pages
2023-07-07T18:04:16.815Z - info: Site data built
2023-07-07T18:04:16.815Z - info: Pages rebuilt
2023-07-07T18:04:16.815Z - info: Website regeneration complete! Total build time: 1.952s
2023-07-07T18:05:10.256Z - info: [2:05:10 am] Reload for file change: C:\repos\nus-cs2103\cs2103-website-base\book\processModels\introduction\sequentialModels\text.md
2023-07-07T18:05:10.256Z - info: Synchronizing opened pages list before reload
2023-07-07T18:05:10.256Z - info: Current opened pages, from most-to-least recent:
2023-07-07T18:05:10.256Z - info: 1. schedule/week2/topics
2023-07-07T18:05:11.269Z - info: Rebuilding 1 pages
2023-07-07T18:05:13.230Z - info: Site data built
2023-07-07T18:05:13.230Z - info: Pages rebuilt
2023-07-07T18:05:13.230Z - info: Website regeneration complete! Total build time: 1.964s
2023-07-07T18:12:48.489Z - info: [2:12:48 am] Reload for file change: C:\repos\nus-cs2103\cs2103-website-base\book\processModels\introduction\iterativeModels\text.md
2023-07-07T18:12:48.489Z - info: Synchronizing opened pages list before reload
2023-07-07T18:12:48.490Z - info: Current opened pages, from most-to-least recent:
2023-07-07T18:12:48.490Z - info: 1. schedule/week2/topics
2023-07-07T18:12:49.505Z - info: Rebuilding 1 pages
2023-07-07T18:12:51.439Z - info: Site data built
2023-07-07T18:12:51.439Z - info: Pages rebuilt
2023-07-07T18:12:51.440Z - info: Website regeneration complete! Total build time: 1.936s
2023-07-07T18:15:05.953Z - info: [2:15:05 am] Reload for file change: C:\repos\nus-cs2103\cs2103-website-base\book\processModels\introduction\iterativeModels\text.md
2023-07-07T18:15:05.954Z - info: Synchronizing opened pages list before reload
2023-07-07T18:15:05.954Z - info: Current opened pages, from most-to-least recent:
2023-07-07T18:15:05.954Z - info: 1. schedule/week2/topics
2023-07-07T18:15:06.963Z - info: Rebuilding 1 pages
2023-07-07T18:15:08.897Z - info: Site data built
2023-07-07T18:15:08.897Z - info: Pages rebuilt
2023-07-07T18:15:08.897Z - info: Website regeneration complete! Total build time: 1.935s
2023-07-07T18:15:39.228Z - info: [2:15:39 am] Reload for file change: C:\repos\nus-cs2103\cs2103-website-base\book\processModels\introduction\iterativeModels\text.md
2023-07-07T18:15:39.228Z - info: Synchronizing opened pages list before reload
2023-07-07T18:15:39.229Z - info: Current opened pages, from most-to-least recent:
2023-07-07T18:15:39.229Z - info: 1. schedule/week2/topics
2023-07-07T18:15:40.244Z - info: Rebuilding 1 pages
2023-07-07T18:15:42.182Z - info: Site data built
2023-07-07T18:15:42.182Z - info: Pages rebuilt
2023-07-07T18:15:42.183Z - info: Website regeneration complete! Total build time: 1.939s
2023-07-07T18:16:35.670Z - info: [2:16:35 am] Reload for file change: C:\repos\nus-cs2103\cs2103-website-base\book\processModels\introduction\iterativeModels\text.md
2023-07-07T18:16:35.671Z - info: Synchronizing opened pages list before reload
2023-07-07T18:16:35.671Z - info: Current opened pages, from most-to-least recent:
2023-07-07T18:16:35.671Z - info: 1. schedule/week2/topics
2023-07-07T18:16:36.681Z - info: Rebuilding 1 pages
2023-07-07T18:16:38.681Z - info: Site data built
2023-07-07T18:16:38.682Z - info: Pages rebuilt
2023-07-07T18:16:38.682Z - info: Website regeneration complete! Total build time: 2.002s
2023-07-07T18:22:33.442Z - info: [2:22:33 am] Reload for file change: C:\repos\nus-cs2103\cs2103-website-base\book\processModels\introduction\iterativeModels\text.md
2023-07-07T18:22:33.442Z - info: Synchronizing opened pages list before reload
2023-07-07T18:22:33.443Z - info: Current opened pages, from most-to-least recent:
2023-07-07T18:22:33.443Z - info: 1. schedule/week2/topics
2023-07-07T18:22:34.456Z - info: Rebuilding 1 pages
2023-07-07T18:22:36.383Z - info: Site data built
2023-07-07T18:22:36.383Z - info: Pages rebuilt
2023-07-07T18:22:36.384Z - info: Website regeneration complete! Total build time: 1.929s
2023-07-07T18:24:18.431Z - info: [2:24:18 am] Reload for file change: C:\repos\nus-cs2103\cs2103-website-base\book\processModels\introduction\iterativeModels\text.md
2023-07-07T18:24:18.431Z - info: Synchronizing opened pages list before reload
2023-07-07T18:24:18.431Z - info: Current opened pages, from most-to-least recent:
2023-07-07T18:24:18.432Z - info: 1. schedule/week2/topics
2023-07-07T18:24:19.449Z - info: Rebuilding 1 pages
2023-07-07T18:24:21.386Z - info: Site data built
2023-07-07T18:24:21.386Z - info: Pages rebuilt
2023-07-07T18:24:21.386Z - info: Website regeneration complete! Total build time: 1.941s
2023-07-07T18:24:49.127Z - info: [2:24:49 am] Reload for file change: C:\repos\nus-cs2103\cs2103-website-base\book\processModels\introduction\iterativeModels\text.md
2023-07-07T18:24:49.128Z - info: Synchronizing opened pages list before reload
2023-07-07T18:24:49.128Z - info: Current opened pages, from most-to-least recent:
2023-07-07T18:24:49.128Z - info: 1. schedule/week2/topics
2023-07-07T18:24:50.145Z - info: Rebuilding 1 pages
2023-07-07T18:24:52.098Z - info: Site data built
2023-07-07T18:24:52.098Z - info: Pages rebuilt
2023-07-07T18:24:52.098Z - info: Website regeneration complete! Total build time: 1.956s
2023-07-07T18:30:59.462Z - info: [2:30:59 am] Reload for file change: C:\repos\nus-cs2103\cs2103-website-base\book\processModels\introduction\iterativeModels\text.md
2023-07-07T18:30:59.463Z - info: Synchronizing opened pages list before reload
2023-07-07T18:30:59.463Z - info: Current opened pages, from most-to-least recent:
2023-07-07T18:30:59.464Z - info: 1. schedule/week2/topics
2023-07-07T18:31:00.474Z - info: Rebuilding 1 pages
2023-07-07T18:31:02.626Z - info: Site data built
2023-07-07T18:31:02.626Z - info: Pages rebuilt
2023-07-07T18:31:02.627Z - info: Website regeneration complete! Total build time: 2.153s
2023-07-07T18:35:15.439Z - info: [2:35:15 am] Reload for file change: C:\repos\nus-cs2103\cs2103-website-base\book\processModels\introduction\iterativeModels\text.md
2023-07-07T18:35:15.440Z - info: Synchronizing opened pages list before reload
2023-07-07T18:35:15.440Z - info: Current opened pages, from most-to-least recent:
2023-07-07T18:35:15.440Z - info: 1. schedule/week2/topics
2023-07-07T18:35:16.455Z - info: Rebuilding 1 pages
2023-07-07T18:35:18.379Z - info: Site data built
2023-07-07T18:35:18.379Z - info: Pages rebuilt
2023-07-07T18:35:18.379Z - info: Website regeneration complete! Total build time: 1.925s
2023-07-07T18:35:31.004Z - info: [2:35:31 am] Reload for file change: C:\repos\nus-cs2103\cs2103-website-base\book\processModels\introduction\iterativeModels\text.md
2023-07-07T18:35:31.005Z - info: Synchronizing opened pages list before reload
2023-07-07T18:35:31.005Z - info: Current opened pages, from most-to-least recent:
2023-07-07T18:35:31.005Z - info: 1. schedule/week2/topics
2023-07-07T18:35:32.022Z - info: Rebuilding 1 pages
2023-07-07T18:35:33.590Z - info: Site data built
2023-07-07T18:35:33.590Z - info: Pages rebuilt
2023-07-07T18:35:33.591Z - info: Website regeneration complete! Total build time: 1.569s
2023-07-07T18:35:43.149Z - info: [2:35:43 am] Reload for file change: C:\repos\nus-cs2103\cs2103-website-base\book\processModels\introduction\iterativeModels\text.md
2023-07-07T18:35:43.149Z - info: Synchronizing opened pages list before reload
2023-07-07T18:35:43.149Z - info: Current opened pages, from most-to-least recent:
2023-07-07T18:35:43.150Z - info: 1. schedule/week2/topics
2023-07-07T18:35:44.164Z - info: Rebuilding 1 pages
2023-07-07T18:35:45.604Z - info: Site data built
2023-07-07T18:35:45.604Z - info: Pages rebuilt
2023-07-07T18:35:45.605Z - info: Website regeneration complete! Total build time: 1.441s
2023-07-07T18:36:08.902Z - info: [2:36:08 am] Reload for file change: C:\repos\nus-cs2103\cs2103-website-base\book\processModels\introduction\iterativeModels\text.md
2023-07-07T18:36:08.902Z - info: Synchronizing opened pages list before reload
2023-07-07T18:36:08.902Z - info: Current opened pages, from most-to-least recent:
2023-07-07T18:36:08.903Z - info: 1. schedule/week2/topics
2023-07-07T18:36:09.912Z - info: Rebuilding 1 pages
2023-07-07T18:36:11.893Z - info: Site data built
2023-07-07T18:36:11.893Z - info: Pages rebuilt
2023-07-07T18:36:11.893Z - info: Website regeneration complete! Total build time: 1.983s
2023-07-07T18:36:30.815Z - info: [2:36:30 am] Reload for file change: C:\repos\nus-cs2103\cs2103-website-base\book\processModels\introduction\iterativeModels\text.md
2023-07-07T18:36:30.815Z - info: Synchronizing opened pages list before reload
2023-07-07T18:36:30.816Z - info: Current opened pages, from most-to-least recent:
2023-07-07T18:36:30.816Z - info: 1. schedule/week2/topics
2023-07-07T18:36:31.826Z - info: Rebuilding 1 pages
2023-07-07T18:36:33.870Z - info: Site data built
2023-07-07T18:36:33.870Z - info: Pages rebuilt
2023-07-07T18:36:33.870Z - info: Website regeneration complete! Total build time: 2.046s
2023-07-07T18:38:15.065Z - info: [2:38:15 am] Reload for file change: C:\repos\nus-cs2103\cs2103-website-base\book\processModels\introduction\iterativeModels\text.md
2023-07-07T18:38:15.065Z - info: Synchronizing opened pages list before reload
2023-07-07T18:38:15.066Z - info: Current opened pages, from most-to-least recent:
2023-07-07T18:38:15.066Z - info: 1. schedule/week2/topics
2023-07-07T18:38:16.082Z - info: Rebuilding 1 pages
2023-07-07T18:38:18.039Z - info: Site data built
2023-07-07T18:38:18.040Z - info: Pages rebuilt
2023-07-07T18:38:18.040Z - info: Website regeneration complete! Total build time: 1.961s
2023-07-07T18:42:12.786Z - info: [2:42:12 am] Reload for file change: C:\repos\nus-cs2103\cs2103-website-base\book\processModels\introduction\iterativeModels\text.md
2023-07-07T18:42:12.787Z - info: Synchronizing opened pages list before reload
2023-07-07T18:42:12.787Z - info: Current opened pages, from most-to-least recent:
2023-07-07T18:42:12.787Z - info: 1. schedule/week2/topics
2023-07-07T18:42:13.797Z - info: Rebuilding 1 pages
2023-07-07T18:42:15.913Z - info: Site data built
2023-07-07T18:42:15.913Z - info: Pages rebuilt
2023-07-07T18:42:15.913Z - info: Website regeneration complete! Total build time: 2.119s
2023-07-07T18:42:18.982Z - info: [2:42:18 am] Reload for file change: C:\repos\nus-cs2103\cs2103-website-base\book\processModels\introduction\iterativeModels\text.md
2023-07-07T18:42:18.982Z - info: Synchronizing opened pages list before reload
2023-07-07T18:42:18.982Z - info: Current opened pages, from most-to-least recent:
2023-07-07T18:42:18.982Z - info: 1. schedule/week2/topics
2023-07-07T18:42:19.993Z - info: Rebuilding 1 pages
2023-07-07T18:42:21.457Z - info: Site data built
2023-07-07T18:42:21.457Z - info: Pages rebuilt
2023-07-07T18:42:21.457Z - info: Website regeneration complete! Total build time: 1.465s
2023-07-07T18:43:00.914Z - info: [2:43:00 am] Reload for file change: C:\repos\nus-cs2103\cs2103-website-base\book\processModels\introduction\iterativeModels\text.md
2023-07-07T18:43:00.914Z - info: Synchronizing opened pages list before reload
2023-07-07T18:43:00.915Z - info: Current opened pages, from most-to-least recent:
2023-07-07T18:43:00.915Z - info: 1. schedule/week2/topics
2023-07-07T18:43:01.919Z - info: Rebuilding 1 pages
2023-07-07T18:43:03.895Z - info: Site data built
2023-07-07T18:43:03.896Z - info: Pages rebuilt
2023-07-07T18:43:03.896Z - info: Website regeneration complete! Total build time: 1.98s
2023-07-07T18:44:44.711Z - info: [2:44:44 am] Reload for file change: C:\repos\nus-cs2103\cs2103-website-base\book\processModels\introduction\iterativeModels\text.md
2023-07-07T18:44:44.712Z - info: Synchronizing opened pages list before reload
2023-07-07T18:44:44.712Z - info: Current opened pages, from most-to-least recent:
2023-07-07T18:44:44.712Z - info: 1. schedule/week2/topics
2023-07-07T18:44:45.723Z - info: Rebuilding 1 pages
2023-07-07T18:44:47.645Z - info: Site data built
2023-07-07T18:44:47.645Z - info: Pages rebuilt
2023-07-07T18:44:47.645Z - info: Website regeneration complete! Total build time: 1.924s
2023-07-07T18:47:06.885Z - info: [2:47:06 am] Reload for file add: C:\repos\nus-cs2103\cs2103-website-base\book\diagrams\processModels\introduction\iterativeModels\~$diagram.pptx
2023-07-07T18:47:06.885Z - info: Synchronizing opened pages list before reload
2023-07-07T18:47:06.885Z - info: Current opened pages, from most-to-least recent:
2023-07-07T18:47:06.886Z - info: 1. schedule/week2/topics
2023-07-07T18:47:12.807Z - info: Assets built
2023-07-07T18:47:14.730Z - info: [2:47:14 am] Reload for file add: C:\repos\nus-cs2103\cs2103-website-base\book\diagrams\processModels\introduction\iterativeModels\ppt6442.tmp
2023-07-07T18:47:14.730Z - info: Synchronizing opened pages list before reload
2023-07-07T18:47:14.730Z - info: Current opened pages, from most-to-least recent:
2023-07-07T18:47:14.731Z - info: 1. schedule/week2/topics
2023-07-07T18:47:18.967Z - info: [2:47:18 am] Reload for file change: C:\repos\nus-cs2103\cs2103-website-base\book\diagrams\processModels\introduction\iterativeModels\diagram.pptx
2023-07-07T18:47:18.967Z - info: Synchronizing opened pages list before reload
2023-07-07T18:47:18.967Z - info: Current opened pages, from most-to-least recent:
2023-07-07T18:47:18.967Z - info: 1. schedule/week2/topics
2023-07-07T18:47:19.066Z - info: [2:47:19 am] Reload for file deletion: C:\repos\nus-cs2103\cs2103-website-base\book\diagrams\processModels\introduction\iterativeModels\ppt6442.tmp
2023-07-07T18:47:19.066Z - info: Synchronizing opened pages list before reload
2023-07-07T18:47:19.066Z - info: Current opened pages, from most-to-least recent:
2023-07-07T18:47:19.067Z - info: 1. schedule/week2/topics
2023-07-07T18:47:23.326Z - info: Assets built
2023-07-07T18:47:24.335Z - debug: Assets removed
2023-07-07T18:48:08.475Z - info: [2:48:08 am] Reload for file change: C:\repos\nus-cs2103\cs2103-website-base\book\processModels\introduction\iterativeModels\images\diagram.png
2023-07-07T18:48:08.476Z - info: Synchronizing opened pages list before reload
2023-07-07T18:48:08.476Z - info: Current opened pages, from most-to-least recent:
2023-07-07T18:48:08.476Z - info: 1. schedule/week2/topics
2023-07-07T18:48:09.503Z - info: Assets built
2023-07-07T18:48:17.437Z - info: [2:48:17 am] Reload for file deletion: C:\repos\nus-cs2103\cs2103-website-base\book\diagrams\processModels\introduction\iterativeModels\~$diagram.pptx
2023-07-07T18:48:17.437Z - info: Synchronizing opened pages list before reload
2023-07-07T18:48:17.437Z - info: Current opened pages, from most-to-least recent:
2023-07-07T18:48:17.437Z - info: 1. schedule/week2/topics
2023-07-07T18:48:22.746Z - debug: Assets removed
2023-07-07T18:48:45.185Z - info: [2:48:45 am] Reload for file change: C:\repos\nus-cs2103\cs2103-website-base\book\processModels\introduction\iterativeModels\text.md
2023-07-07T18:48:45.185Z - info: Synchronizing opened pages list before reload
2023-07-07T18:48:45.185Z - info: Current opened pages, from most-to-least recent:
2023-07-07T18:48:45.185Z - info: 1. schedule/week2/topics
2023-07-07T18:48:46.196Z - info: Rebuilding 1 pages
2023-07-07T18:48:48.150Z - info: Site data built
2023-07-07T18:48:48.150Z - info: Pages rebuilt
2023-07-07T18:48:48.151Z - info: Website regeneration complete! Total build time: 1.957s
2023-07-07T18:49:10.173Z - info: [2:49:10 am] Reload for file change: C:\repos\nus-cs2103\cs2103-website-base\book\processModels\introduction\iterativeModels\text.md
2023-07-07T18:49:10.174Z - info: Synchronizing opened pages list before reload
2023-07-07T18:49:10.174Z - info: Current opened pages, from most-to-least recent:
2023-07-07T18:49:10.174Z - info: 1. schedule/week2/topics
2023-07-07T18:49:11.191Z - info: Rebuilding 1 pages
2023-07-07T18:49:13.177Z - info: Site data built
2023-07-07T18:49:13.178Z - info: Pages rebuilt
2023-07-07T18:49:13.178Z - info: Website regeneration complete! Total build time: 1.989s
2023-07-07T18:49:29.481Z - info: [2:49:29 am] Reload for file change: C:\repos\nus-cs2103\cs2103-website-base\book\processModels\introduction\iterativeModels\text.md
2023-07-07T18:49:29.481Z - info: Synchronizing opened pages list before reload
2023-07-07T18:49:29.482Z - info: Current opened pages, from most-to-least recent:
2023-07-07T18:49:29.482Z - info: 1. schedule/week2/topics
2023-07-07T18:49:30.499Z - info: Rebuilding 1 pages
2023-07-07T18:49:32.515Z - info: Site data built
2023-07-07T18:49:32.516Z - info: Pages rebuilt
2023-07-07T18:49:32.516Z - info: Website regeneration complete! Total build time: 2.021s
2023-07-07T18:49:39.530Z - info: [2:49:39 am] Reload for file change: C:\repos\nus-cs2103\cs2103-website-base\book\processModels\introduction\iterativeModels\text.md
2023-07-07T18:49:39.530Z - info: Synchronizing opened pages list before reload
2023-07-07T18:49:39.531Z - info: Current opened pages, from most-to-least recent:
2023-07-07T18:49:39.531Z - info: 1. schedule/week2/topics
2023-07-07T18:49:40.539Z - info: Rebuilding 1 pages
2023-07-07T18:49:42.435Z - info: Site data built
2023-07-07T18:49:42.436Z - info: Pages rebuilt
2023-07-07T18:49:42.436Z - info: Website regeneration complete! Total build time: 1.898s
2023-07-07T18:49:48.528Z - info: [2:49:48 am] Reload for file change: C:\repos\nus-cs2103\cs2103-website-base\book\processModels\introduction\iterativeModels\text.md
2023-07-07T18:49:48.528Z - info: Synchronizing opened pages list before reload
2023-07-07T18:49:48.528Z - info: Current opened pages, from most-to-least recent:
2023-07-07T18:49:48.528Z - info: 1. schedule/week2/topics
2023-07-07T18:49:49.538Z - info: Rebuilding 1 pages
2023-07-07T18:49:51.073Z - info: Site data built
2023-07-07T18:49:51.073Z - info: Pages rebuilt
2023-07-07T18:49:51.073Z - info: Website regeneration complete! Total build time: 1.537s
2023-07-07T18:52:10.383Z - info: Building C:\repos\nus-cs2103\cs2103-website-base\schedule\week2\project as some of its dependencies were changed since the last visit
2023-07-07T18:52:12.476Z - info: Site data built
2023-07-07T18:52:12.476Z - info: Lazy website regeneration complete! Total build time: 2.094s
2023-07-08T04:42:32.814Z - info: Website generation (lazy) started at 12:42:29 pm
2023-07-08T04:42:44.081Z - info: Building assets...
2023-07-08T04:42:51.640Z - info: Assets built
2023-07-08T04:42:51.641Z - info: Generating landing page...
2023-07-08T04:42:52.445Z - info: Landing page built, other pages will be built as you navigate to them!
2023-07-08T04:42:54.096Z - info: Site data built
2023-07-08T04:42:54.097Z - info: Website generation (lazy) complete! Total build time: 24.408s
2023-07-08T04:42:54.982Z - info: Serving "C:\repos\nus-cs2103\cs2103-website-base\_site" at http://127.0.0.1:8080
2023-07-08T04:42:54.983Z - info: Press CTRL+C to stop ...
2023-07-08T04:44:51.324Z - info: Building C:\repos\nus-cs2103\cs2103-website-base\schedule\week2\index as some of its dependencies were changed since the last visit
2023-07-08T04:44:53.738Z - info: Site data built
2023-07-08T04:44:53.738Z - info: Lazy website regeneration complete! Total build time: 2.416s
2023-07-08T04:46:28.414Z - info: Building C:\repos\nus-cs2103\cs2103-website-base\schedule\week2\topics as some of its dependencies were changed since the last visit
2023-07-08T04:46:31.885Z - info: Site data built
2023-07-08T04:46:31.886Z - info: Lazy website regeneration complete! Total build time: 3.472s
2023-07-08T04:47:43.809Z - info: [12:47:43 pm] Reload for file change: C:\repos\nus-cs2103\cs2103-website-base\book\processModels\introduction\sequentialModels\text.md
2023-07-08T04:47:43.809Z - info: Synchronizing opened pages list before reload
2023-07-08T04:47:43.809Z - info: Current opened pages, from most-to-least recent:
2023-07-08T04:47:43.810Z - info: 1. schedule/week2/topics
2023-07-08T04:47:44.822Z - info: Rebuilding 1 pages
2023-07-08T04:47:46.922Z - info: Site data built
2023-07-08T04:47:46.923Z - info: Pages rebuilt
2023-07-08T04:47:46.923Z - info: Website regeneration complete! Total build time: 2.102s
2023-07-08T04:51:27.590Z - info: [12:51:27 pm] Reload for file change: C:\repos\nus-cs2103\cs2103-website-base\book\processModels\introduction\sequentialModels\text.md
2023-07-08T04:51:27.590Z - info: Synchronizing opened pages list before reload
2023-07-08T04:51:27.591Z - info: Current opened pages, from most-to-least recent:
2023-07-08T04:51:27.591Z - info: 1. schedule/week2/topics
2023-07-08T04:51:28.595Z - info: Rebuilding 1 pages
2023-07-08T04:51:30.520Z - info: Site data built
2023-07-08T04:51:30.521Z - info: Pages rebuilt
2023-07-08T04:51:30.521Z - info: Website regeneration complete! Total build time: 1.928s
2023-07-08T04:56:44.295Z - info: [12:56:44 pm] Reload for file change: C:\repos\nus-cs2103\cs2103-website-base\book\processModels\introduction\sequentialModels\text.md
2023-07-08T04:56:44.296Z - info: Synchronizing opened pages list before reload
2023-07-08T04:56:44.296Z - info: Current opened pages, from most-to-least recent:
2023-07-08T04:56:44.296Z - info: 1. schedule/week2/topics
2023-07-08T04:56:45.314Z - info: Rebuilding 1 pages
2023-07-08T04:56:47.283Z - info: Site data built
2023-07-08T04:56:47.283Z - info: Pages rebuilt
2023-07-08T04:56:47.283Z - info: Website regeneration complete! Total build time: 1.972s
2023-07-08T05:00:15.832Z - info: [1:00:15 pm] Reload for file change: C:\repos\nus-cs2103\cs2103-website-base\book\processModels\introduction\sequentialModels\text.md
2023-07-08T05:00:15.833Z - info: Synchronizing opened pages list before reload
2023-07-08T05:00:15.834Z - info: Current opened pages, from most-to-least recent:
2023-07-08T05:00:15.834Z - info: 1. schedule/week2/topics
2023-07-08T05:00:16.845Z - info: Rebuilding 1 pages
2023-07-08T05:00:18.756Z - info: Site data built
2023-07-08T05:00:18.756Z - info: Pages rebuilt
2023-07-08T05:00:18.757Z - info: Website regeneration complete! Total build time: 1.912s
2023-07-08T05:02:33.594Z - info: [1:02:33 pm] Reload for file change: C:\repos\nus-cs2103\cs2103-website-base\book\processModels\introduction\sequentialModels\text.md
2023-07-08T05:02:33.594Z - info: Synchronizing opened pages list before reload
2023-07-08T05:02:33.595Z - info: Current opened pages, from most-to-least recent:
2023-07-08T05:02:33.595Z - info: 1. schedule/week2/topics
2023-07-08T05:02:34.609Z - info: Rebuilding 1 pages
2023-07-08T05:02:36.579Z - info: Site data built
2023-07-08T05:02:36.579Z - info: Pages rebuilt
2023-07-08T05:02:36.579Z - info: Website regeneration complete! Total build time: 1.972s
2023-07-08T05:03:05.251Z - info: [1:03:05 pm] Reload for file change: C:\repos\nus-cs2103\cs2103-website-base\book\processModels\introduction\sequentialModels\text.md
2023-07-08T05:03:05.252Z - info: Synchronizing opened pages list before reload
2023-07-08T05:03:05.253Z - info: Current opened pages, from most-to-least recent:
2023-07-08T05:03:05.254Z - info: 1. schedule/week2/topics
2023-07-08T05:03:06.261Z - info: Rebuilding 1 pages
2023-07-08T05:03:08.208Z - info: Site data built
2023-07-08T05:03:08.209Z - info: Pages rebuilt
2023-07-08T05:03:08.209Z - info: Website regeneration complete! Total build time: 1.948s
2023-07-08T05:05:00.068Z - info: [1:05:00 pm] Reload for file change: C:\repos\nus-cs2103\cs2103-website-base\book\processModels\introduction\sequentialModels\text.md
2023-07-08T05:05:00.069Z - info: Synchronizing opened pages list before reload
2023-07-08T05:05:00.070Z - info: Current opened pages, from most-to-least recent:
2023-07-08T05:05:00.070Z - info: 1. schedule/week2/topics
2023-07-08T05:05:01.082Z - info: Rebuilding 1 pages
2023-07-08T05:05:03.327Z - info: Site data built
2023-07-08T05:05:03.328Z - info: Pages rebuilt
2023-07-08T05:05:03.328Z - info: Website regeneration complete! Total build time: 2.247s
2023-07-08T05:17:34.490Z - info: [1:17:34 pm] Reload for file change: C:\repos\nus-cs2103\cs2103-website-base\book\processModels\introduction\sequentialModels\text.md
2023-07-08T05:17:34.490Z - info: Synchronizing opened pages list before reload
2023-07-08T05:17:34.491Z - info: Current opened pages, from most-to-least recent:
2023-07-08T05:17:34.491Z - info: 1. schedule/week2/topics
2023-07-08T05:17:35.503Z - info: Rebuilding 1 pages
2023-07-08T05:17:37.461Z - info: Site data built
2023-07-08T05:17:37.461Z - info: Pages rebuilt
2023-07-08T05:17:37.462Z - info: Website regeneration complete! Total build time: 1.959s
2023-07-08T05:17:46.807Z - info: [1:17:46 pm] Reload for file change: C:\repos\nus-cs2103\cs2103-website-base\book\processModels\introduction\sequentialModels\text.md
2023-07-08T05:17:46.807Z - info: Synchronizing opened pages list before reload
2023-07-08T05:17:46.808Z - info: Current opened pages, from most-to-least recent:
2023-07-08T05:17:46.808Z - info: 1. schedule/week2/topics
2023-07-08T05:17:47.816Z - info: Rebuilding 1 pages
2023-07-08T05:17:49.405Z - info: Site data built
2023-07-08T05:17:49.405Z - info: Pages rebuilt
2023-07-08T05:17:49.405Z - info: Website regeneration complete! Total build time: 1.589s
2023-07-08T05:27:42.391Z - info: [1:27:42 pm] Reload for file change: C:\repos\nus-cs2103\cs2103-website-base\book\processModels\introduction\sequentialModels\text.md
2023-07-08T05:27:42.392Z - info: Synchronizing opened pages list before reload
2023-07-08T05:27:42.392Z - info: Current opened pages, from most-to-least recent:
2023-07-08T05:27:42.393Z - info: 1. schedule/week2/topics
2023-07-08T05:27:43.395Z - info: Rebuilding 1 pages
2023-07-08T05:27:45.453Z - info: Site data built
2023-07-08T05:27:45.453Z - info: Pages rebuilt
2023-07-08T05:27:45.453Z - info: Website regeneration complete! Total build time: 2.058s
2023-07-08T05:28:43.839Z - info: [1:28:43 pm] Reload for file change: C:\repos\nus-cs2103\cs2103-website-base\book\processModels\introduction\sequentialModels\text.md
2023-07-08T05:28:43.840Z - info: Synchronizing opened pages list before reload
2023-07-08T05:28:43.840Z - info: Current opened pages, from most-to-least recent:
2023-07-08T05:28:43.841Z - info: 1. schedule/week2/topics
2023-07-08T05:28:44.853Z - info: Rebuilding 1 pages
2023-07-08T05:28:46.887Z - info: Site data built
2023-07-08T05:28:46.887Z - info: Pages rebuilt
2023-07-08T05:28:46.887Z - info: Website regeneration complete! Total build time: 2.035s
2023-07-08T05:46:24.916Z - info: [1:46:24 pm] Reload for file change: C:\repos\nus-cs2103\cs2103-website-base\book\processModels\introduction\iterativeModels\text.md
2023-07-08T05:46:24.917Z - info: Synchronizing opened pages list before reload
2023-07-08T05:46:24.917Z - info: Current opened pages, from most-to-least recent:
2023-07-08T05:46:24.917Z - info: 1. schedule/week2/topics
2023-07-08T05:46:25.932Z - info: Rebuilding 1 pages
2023-07-08T05:46:27.964Z - info: Site data built
2023-07-08T05:46:27.964Z - info: Pages rebuilt
2023-07-08T05:46:27.964Z - info: Website regeneration complete! Total build time: 2.037s
2023-07-08T05:50:57.178Z - info: [1:50:57 pm] Reload for file change: C:\repos\nus-cs2103\cs2103-website-base\book\processModels\introduction\iterativeModels\text.md
2023-07-08T05:50:57.178Z - info: Synchronizing opened pages list before reload
2023-07-08T05:50:57.179Z - info: Current opened pages, from most-to-least recent:
2023-07-08T05:50:57.179Z - info: 1. schedule/week2/topics
2023-07-08T05:50:58.190Z - info: Rebuilding 1 pages
2023-07-08T05:51:00.245Z - info: Site data built
2023-07-08T05:51:00.245Z - info: Pages rebuilt
2023-07-08T05:51:00.245Z - info: Website regeneration complete! Total build time: 2.057s
2023-07-08T05:55:50.946Z - info: [1:55:50 pm] Reload for file change: C:\repos\nus-cs2103\cs2103-website-base\book\processModels\introduction\iterativeModels\text.md
2023-07-08T05:55:50.947Z - info: Synchronizing opened pages list before reload
2023-07-08T05:55:50.947Z - info: Current opened pages, from most-to-least recent:
2023-07-08T05:55:50.948Z - info: 1. schedule/week2/topics
2023-07-08T05:55:51.961Z - info: Rebuilding 1 pages
2023-07-08T05:55:53.904Z - info: Site data built
2023-07-08T05:55:53.904Z - info: Pages rebuilt
2023-07-08T05:55:53.905Z - info: Website regeneration complete! Total build time: 1.946s
2023-07-08T05:57:12.089Z - info: [1:57:12 pm] Reload for file change: C:\repos\nus-cs2103\cs2103-website-base\book\processModels\introduction\iterativeModels\text.md
2023-07-08T05:57:12.089Z - info: Synchronizing opened pages list before reload
2023-07-08T05:57:12.090Z - info: Current opened pages, from most-to-least recent:
2023-07-08T05:57:12.090Z - info: 1. schedule/week2/topics
2023-07-08T05:57:13.098Z - info: Rebuilding 1 pages
2023-07-08T05:57:15.029Z - info: Site data built
2023-07-08T05:57:15.029Z - info: Pages rebuilt
2023-07-08T05:57:15.030Z - info: Website regeneration complete! Total build time: 1.932s
2023-07-08T05:58:06.086Z - info: [1:58:06 pm] Reload for file change: C:\repos\nus-cs2103\cs2103-website-base\book\processModels\introduction\iterativeModels\text.md
2023-07-08T05:58:06.087Z - info: Synchronizing opened pages list before reload
2023-07-08T05:58:06.087Z - info: Current opened pages, from most-to-least recent:
2023-07-08T05:58:06.088Z - info: 1. schedule/week2/topics
2023-07-08T05:58:07.103Z - info: Rebuilding 1 pages
2023-07-08T05:58:09.001Z - info: Site data built
2023-07-08T05:58:09.001Z - info: Pages rebuilt
2023-07-08T05:58:09.001Z - info: Website regeneration complete! Total build time: 1.899s
2023-07-08T05:59:56.080Z - info: [1:59:56 pm] Reload for file change: C:\repos\nus-cs2103\cs2103-website-base\book\processModels\introduction\iterativeModels\text.md
2023-07-08T05:59:56.081Z - info: Synchronizing opened pages list before reload
2023-07-08T05:59:56.081Z - info: Current opened pages, from most-to-least recent:
2023-07-08T05:59:56.081Z - info: 1. schedule/week2/topics
2023-07-08T05:59:57.094Z - info: Rebuilding 1 pages
2023-07-08T05:59:59.031Z - info: Site data built
2023-07-08T05:59:59.031Z - info: Pages rebuilt
2023-07-08T05:59:59.031Z - info: Website regeneration complete! Total build time: 1.939s
2023-07-08T06:01:05.562Z - info: [2:01:05 pm] Reload for file change: C:\repos\nus-cs2103\cs2103-website-base\book\processModels\introduction\iterativeModels\text.md
2023-07-08T06:01:05.562Z - info: Synchronizing opened pages list before reload
2023-07-08T06:01:05.563Z - info: Current opened pages, from most-to-least recent:
2023-07-08T06:01:05.563Z - info: 1. schedule/week2/topics
2023-07-08T06:01:06.570Z - info: Rebuilding 1 pages
2023-07-08T06:01:08.518Z - info: Site data built
2023-07-08T06:01:08.518Z - info: Pages rebuilt
2023-07-08T06:01:08.519Z - info: Website regeneration complete! Total build time: 1.951s
2023-07-08T06:08:19.579Z - info: [2:08:19 pm] Reload for file add: C:\repos\nus-cs2103\cs2103-website-base\book\diagrams\processModels\introduction\iterativeModels\~$diagram.pptx
2023-07-08T06:08:19.579Z - info: Synchronizing opened pages list before reload
2023-07-08T06:08:19.579Z - info: Current opened pages, from most-to-least recent:
2023-07-08T06:08:19.579Z - info: 1. schedule/week2/topics
2023-07-08T06:08:25.427Z - info: Assets built
2023-07-08T06:22:18.439Z - info: [2:22:18 pm] Reload for file change: C:\repos\nus-cs2103\cs2103-website-base\book\processModels\introduction\iterativeModels\images\diagram.png
2023-07-08T06:22:18.439Z - info: Synchronizing opened pages list before reload
2023-07-08T06:22:18.439Z - info: Current opened pages, from most-to-least recent:
2023-07-08T06:22:18.440Z - info: 1. schedule/week2/topics
2023-07-08T06:22:19.461Z - info: Assets built
2023-07-08T06:22:36.956Z - info: [2:22:36 pm] Reload for file change: C:\repos\nus-cs2103\cs2103-website-base\book\processModels\introduction\iterativeModels\text.md
2023-07-08T06:22:36.956Z - info: Synchronizing opened pages list before reload
2023-07-08T06:22:36.956Z - info: Current opened pages, from most-to-least recent:
2023-07-08T06:22:36.956Z - info: 1. schedule/week2/topics
2023-07-08T06:22:37.969Z - info: Rebuilding 1 pages
2023-07-08T06:22:39.781Z - info: Site data built
2023-07-08T06:22:39.781Z - info: Pages rebuilt
2023-07-08T06:22:39.781Z - info: Website regeneration complete! Total build time: 1.815s
2023-07-08T06:26:14.880Z - info: [2:26:14 pm] Reload for file add: C:\repos\nus-cs2103\cs2103-website-base\book\diagrams\processModels\introduction\iterativeModels\ppt5D7.tmp
2023-07-08T06:26:14.880Z - info: Synchronizing opened pages list before reload
2023-07-08T06:26:14.881Z - info: Current opened pages, from most-to-least recent:
2023-07-08T06:26:14.881Z - info: 1. schedule/week2/topics
2023-07-08T06:26:18.330Z - info: [2:26:18 pm] Reload for file change: C:\repos\nus-cs2103\cs2103-website-base\book\diagrams\processModels\introduction\iterativeModels\diagram.pptx
2023-07-08T06:26:18.330Z - info: Synchronizing opened pages list before reload
2023-07-08T06:26:18.330Z - info: Current opened pages, from most-to-least recent:
2023-07-08T06:26:18.330Z - info: 1. schedule/week2/topics
2023-07-08T06:26:18.431Z - info: [2:26:18 pm] Reload for file deletion: C:\repos\nus-cs2103\cs2103-website-base\book\diagrams\processModels\introduction\iterativeModels\ppt5D7.tmp
2023-07-08T06:26:18.431Z - info: Synchronizing opened pages list before reload
2023-07-08T06:26:18.431Z - info: Current opened pages, from most-to-least recent:
2023-07-08T06:26:18.432Z - info: 1. schedule/week2/topics
2023-07-08T06:26:21.764Z - info: Assets built
2023-07-08T06:26:22.779Z - debug: Assets removed
2023-07-08T06:28:42.563Z - info: [2:28:42 pm] Reload for file change: C:\repos\nus-cs2103\cs2103-website-base\book\processModels\introduction\iterativeModels\text.md
2023-07-08T06:28:42.564Z - info: Synchronizing opened pages list before reload
2023-07-08T06:28:42.564Z - info: Current opened pages, from most-to-least recent:
2023-07-08T06:28:42.565Z - info: 1. schedule/week2/topics
2023-07-08T06:28:43.568Z - info: Rebuilding 1 pages
2023-07-08T06:28:45.628Z - info: Site data built
2023-07-08T06:28:45.628Z - info: Pages rebuilt
2023-07-08T06:28:45.628Z - info: Website regeneration complete! Total build time: 2.061s
2023-07-08T06:28:57.708Z - info: [2:28:57 pm] Reload for file add: C:\repos\nus-cs2103\cs2103-website-base\book\diagrams\processModels\introduction\iterativeModels\ppt81E5.tmp
2023-07-08T06:28:57.709Z - info: Synchronizing opened pages list before reload
2023-07-08T06:28:57.709Z - info: Current opened pages, from most-to-least recent:
2023-07-08T06:28:57.709Z - info: 1. schedule/week2/topics
2023-07-08T06:29:02.392Z - info: [2:29:02 pm] Reload for file change: C:\repos\nus-cs2103\cs2103-website-base\book\diagrams\processModels\introduction\iterativeModels\diagram.pptx
2023-07-08T06:29:02.392Z - info: Synchronizing opened pages list before reload
2023-07-08T06:29:02.392Z - info: Current opened pages, from most-to-least recent:
2023-07-08T06:29:02.392Z - info: 1. schedule/week2/topics
2023-07-08T06:29:02.486Z - info: [2:29:02 pm] Reload for file deletion: C:\repos\nus-cs2103\cs2103-website-base\book\diagrams\processModels\introduction\iterativeModels\ppt81E5.tmp
2023-07-08T06:29:02.486Z - info: Synchronizing opened pages list before reload
2023-07-08T06:29:02.486Z - info: Current opened pages, from most-to-least recent:
2023-07-08T06:29:02.486Z - info: 1. schedule/week2/topics
2023-07-08T06:29:07.617Z - info: Assets built
2023-07-08T06:29:08.618Z - debug: Assets removed
2023-07-08T06:29:27.755Z - info: [2:29:27 pm] Reload for file add: C:\repos\nus-cs2103\cs2103-website-base\book\diagrams\processModels\introduction\sequentialModels\~$diagram.pptx
2023-07-08T06:29:27.755Z - info: Synchronizing opened pages list before reload
2023-07-08T06:29:27.756Z - info: Current opened pages, from most-to-least recent:
2023-07-08T06:29:27.756Z - info: 1. schedule/week2/topics
2023-07-08T06:29:33.258Z - info: Assets built
2023-07-08T06:33:39.725Z - info: [2:33:39 pm] Reload for file change: C:\repos\nus-cs2103\cs2103-website-base\book\processModels\introduction\sequentialModels\images\diagram.png
2023-07-08T06:33:39.725Z - info: Synchronizing opened pages list before reload
2023-07-08T06:33:39.725Z - info: Current opened pages, from most-to-least recent:
2023-07-08T06:33:39.725Z - info: 1. schedule/week2/topics
2023-07-08T06:33:39.777Z - info: [2:33:39 pm] Reload for file change: C:\repos\nus-cs2103\cs2103-website-base\book\processModels\introduction\sequentialModels\images\diagram.png
2023-07-08T06:33:39.777Z - info: Synchronizing opened pages list before reload
2023-07-08T06:33:39.777Z - info: Current opened pages, from most-to-least recent:
2023-07-08T06:33:39.777Z - info: 1. schedule/week2/topics
2023-07-08T06:33:40.752Z - info: Assets built
2023-07-08T06:34:00.640Z - info: [2:34:00 pm] Reload for file change: C:\repos\nus-cs2103\cs2103-website-base\book\processModels\introduction\sequentialModels\text.md
2023-07-08T06:34:00.641Z - info: Synchronizing opened pages list before reload
2023-07-08T06:34:00.641Z - info: Current opened pages, from most-to-least recent:
2023-07-08T06:34:00.641Z - info: 1. schedule/week2/topics
2023-07-08T06:34:01.646Z - info: Rebuilding 1 pages
2023-07-08T06:34:03.314Z - info: Site data built
2023-07-08T06:34:03.315Z - info: Pages rebuilt
2023-07-08T06:34:03.315Z - info: Website regeneration complete! Total build time: 1.67s
2023-07-08T06:34:16.076Z - info: [2:34:16 pm] Reload for file change: C:\repos\nus-cs2103\cs2103-website-base\book\processModels\introduction\sequentialModels\text.md
2023-07-08T06:34:16.076Z - info: Synchronizing opened pages list before reload
2023-07-08T06:34:16.076Z - info: Current opened pages, from most-to-least recent:
2023-07-08T06:34:16.076Z - info: 1. schedule/week2/topics
2023-07-08T06:34:17.079Z - info: Rebuilding 1 pages
2023-07-08T06:34:18.353Z - info: Site data built
2023-07-08T06:34:18.353Z - info: Pages rebuilt
2023-07-08T06:34:18.354Z - info: Website regeneration complete! Total build time: 1.276s
2023-07-08T08:14:08.151Z - info: [4:14:08 pm] Reload for file change: C:\repos\nus-cs2103\cs2103-website-base\admin\common-commentary-fragment.md
2023-07-08T08:14:08.155Z - info: Synchronizing opened pages list before reload
2023-07-08T08:14:08.158Z - info: Current opened pages, from most-to-least recent:
2023-07-08T08:14:08.158Z - info: 1. schedule/week2/topics
2023-07-08T08:14:08.183Z - info: [4:14:08 pm] Reload for file change: C:\repos\nus-cs2103\cs2103-website-base\schedule\week2\commentary-cs2103-fragment.md
2023-07-08T08:14:08.183Z - info: Synchronizing opened pages list before reload
2023-07-08T08:14:08.183Z - info: Current opened pages, from most-to-least recent:
2023-07-08T08:14:08.183Z - info: 1. schedule/week2/topics
2023-07-08T08:14:09.197Z - info: Rebuilding 1 pages
2023-07-08T08:14:11.556Z - info: Site data built
2023-07-08T08:14:11.556Z - info: Pages rebuilt
2023-07-08T08:14:11.556Z - info: Website regeneration complete! Total build time: 2.371s
2023-07-08T08:16:51.604Z - info: [4:16:51 pm] Reload for file change: C:\repos\nus-cs2103\cs2103-website-base\schedule\week2\commentary-cs2103-fragment.md
2023-07-08T08:16:51.605Z - info: Synchronizing opened pages list before reload
2023-07-08T08:16:51.605Z - info: Current opened pages, from most-to-least recent:
2023-07-08T08:16:51.605Z - info: 1. schedule/week2/topics
2023-07-08T08:16:52.625Z - info: Rebuilding 1 pages
2023-07-08T08:16:54.623Z - info: Site data built
2023-07-08T08:16:54.624Z - info: Pages rebuilt
2023-07-08T08:16:54.624Z - info: Website regeneration complete! Total build time: 2.004s
2023-07-08T08:18:27.310Z - info: [4:18:27 pm] Reload for file change: C:\repos\nus-cs2103\cs2103-website-base\admin\common-commentary-fragment.md
2023-07-08T08:18:27.310Z - info: Synchronizing opened pages list before reload
2023-07-08T08:18:27.310Z - info: Current opened pages, from most-to-least recent:
2023-07-08T08:18:27.310Z - info: 1. schedule/week2/topics
2023-07-08T08:18:27.325Z - info: [4:18:27 pm] Reload for file change: C:\repos\nus-cs2103\cs2103-website-base\schedule\week2\commentary-cs2103-fragment.md
2023-07-08T08:18:27.325Z - info: Synchronizing opened pages list before reload
2023-07-08T08:18:27.325Z - info: Current opened pages, from most-to-least recent:
2023-07-08T08:18:27.325Z - info: 1. schedule/week2/topics
2023-07-08T08:18:28.326Z - info: Rebuilding 1 pages
2023-07-08T08:18:30.403Z - info: Site data built
2023-07-08T08:18:30.403Z - info: Pages rebuilt
2023-07-08T08:18:30.404Z - info: Website regeneration complete! Total build time: 2.078s
2023-07-08T08:23:20.573Z - info: Building C:\repos\nus-cs2103\cs2103-website-base\admin\index as some of its dependencies were changed since the last visit
2023-07-08T08:23:21.014Z - info: Site data built
2023-07-08T08:23:21.014Z - info: Lazy website regeneration complete! Total build time: 0.442s
2023-07-08T08:23:38.098Z - info: Building C:\repos\nus-cs2103\cs2103-website-base\admin\usingThisWebsite as some of its dependencies were changed since the last visit
2023-07-08T08:23:39.401Z - info: Site data built
2023-07-08T08:23:39.401Z - info: Lazy website regeneration complete! Total build time: 1.303s
2023-07-08T08:27:26.750Z - info: [4:27:26 pm] Reload for file change: C:\repos\nus-cs2103\cs2103-website-base\schedule\week2\commentary-cs2103-fragment.md
2023-07-08T08:27:26.751Z - info: Synchronizing opened pages list before reload
2023-07-08T08:27:26.751Z - info: Current opened pages, from most-to-least recent:
2023-07-08T08:27:26.751Z - info: 1. admin/usingThisWebsite
2023-07-08T08:27:26.751Z - info: 2. schedule/week2/topics
2023-07-08T08:27:27.756Z - info: Rebuilding 1 pages
2023-07-08T08:27:29.471Z - info: Site data built
2023-07-08T08:27:29.471Z - info: Pages rebuilt
2023-07-08T08:27:29.471Z - info: Website regeneration complete! Total build time: 1.716s
2023-07-08T08:27:38.950Z - info: [4:27:38 pm] Reload for file change: C:\repos\nus-cs2103\cs2103-website-base\schedule\week2\commentary-cs2103-fragment.md
2023-07-08T08:27:38.951Z - info: Synchronizing opened pages list before reload
2023-07-08T08:27:38.951Z - info: Current opened pages, from most-to-least recent:
2023-07-08T08:27:38.951Z - info: 1. admin/usingThisWebsite
2023-07-08T08:27:38.952Z - info: 2. schedule/week2/topics
2023-07-08T08:27:39.969Z - info: Rebuilding 1 pages
2023-07-08T08:27:41.616Z - info: Site data built
2023-07-08T08:27:41.617Z - info: Pages rebuilt
2023-07-08T08:27:41.617Z - info: Website regeneration complete! Total build time: 1.649s
2023-07-08T08:27:44.970Z - info: [4:27:44 pm] Reload for file change: C:\repos\nus-cs2103\cs2103-website-base\schedule\week2\commentary-cs2103-fragment.md
2023-07-08T08:27:44.971Z - info: Synchronizing opened pages list before reload
2023-07-08T08:27:44.971Z - info: Current opened pages, from most-to-least recent:
2023-07-08T08:27:44.971Z - info: 1. admin/usingThisWebsite
2023-07-08T08:27:44.971Z - info: 2. schedule/week2/topics
2023-07-08T08:27:45.980Z - info: Rebuilding 1 pages
2023-07-08T08:27:47.405Z - info: Site data built
2023-07-08T08:27:47.406Z - info: Pages rebuilt
2023-07-08T08:27:47.406Z - info: Website regeneration complete! Total build time: 1.427s
2023-07-08T08:28:05.500Z - info: [4:28:05 pm] Reload for file change: C:\repos\nus-cs2103\cs2103-website-base\schedule\week2\commentary-cs2103-fragment.md
2023-07-08T08:28:05.500Z - info: Synchronizing opened pages list before reload
2023-07-08T08:28:05.500Z - info: Current opened pages, from most-to-least recent:
2023-07-08T08:28:05.500Z - info: 1. admin/usingThisWebsite
2023-07-08T08:28:05.500Z - info: 2. schedule/week2/topics
2023-07-08T08:28:06.504Z - info: Rebuilding 1 pages
2023-07-08T08:28:08.446Z - info: Site data built
2023-07-08T08:28:08.447Z - info: Pages rebuilt
2023-07-08T08:28:08.447Z - info: Website regeneration complete! Total build time: 1.945s
2023-07-08T08:29:03.088Z - info: [4:29:03 pm] Reload for file change: C:\repos\nus-cs2103\cs2103-website-base\schedule\week2\commentary-cs2103-fragment.md
2023-07-08T08:29:03.088Z - info: Synchronizing opened pages list before reload
2023-07-08T08:29:03.088Z - info: Current opened pages, from most-to-least recent:
2023-07-08T08:29:03.088Z - info: 1. admin/usingThisWebsite
2023-07-08T08:29:03.088Z - info: 2. schedule/week2/topics
2023-07-08T08:29:04.103Z - info: Rebuilding 1 pages
2023-07-08T08:29:05.899Z - info: Site data built
2023-07-08T08:29:05.899Z - info: Pages rebuilt
2023-07-08T08:29:05.899Z - info: Website regeneration complete! Total build time: 1.797s
2023-07-08T08:42:28.082Z - info: [4:42:28 pm] Reload for file change: C:\repos\nus-cs2103\cs2103-website-base\schedule\week2\commentary-cs2103-fragment.md
2023-07-08T08:42:28.082Z - info: Synchronizing opened pages list before reload
2023-07-08T08:42:28.082Z - info: Current opened pages, from most-to-least recent:
2023-07-08T08:42:28.082Z - info: 1. schedule/week2/topics
2023-07-08T08:42:29.104Z - info: Rebuilding 1 pages
2023-07-08T08:42:31.332Z - info: Site data built
2023-07-08T08:42:31.332Z - info: Pages rebuilt
2023-07-08T08:42:31.332Z - info: Website regeneration complete! Total build time: 2.23s
2023-07-08T08:42:57.607Z - info: [4:42:57 pm] Reload for file change: C:\repos\nus-cs2103\cs2103-website-base\schedule\week2\commentary-cs2103-fragment.md
2023-07-08T08:42:57.608Z - info: Synchronizing opened pages list before reload
2023-07-08T08:42:57.608Z - info: Current opened pages, from most-to-least recent:
2023-07-08T08:42:57.608Z - info: 1. schedule/week2/topics
2023-07-08T08:42:58.617Z - info: Rebuilding 1 pages
2023-07-08T08:43:00.560Z - info: Site data built
2023-07-08T08:43:00.561Z - info: Pages rebuilt
2023-07-08T08:43:00.561Z - info: Website regeneration complete! Total build time: 1.947s
2023-07-08T08:44:17.461Z - info: [4:44:17 pm] Reload for file change: C:\repos\nus-cs2103\cs2103-website-base\book\softwareEngineering\introduction\prosAndCons\text.md
2023-07-08T08:44:17.462Z - info: Synchronizing opened pages list before reload
2023-07-08T08:44:17.462Z - info: Current opened pages, from most-to-least recent:
2023-07-08T08:44:17.462Z - info: 1. schedule/week2/topics
2023-07-08T08:44:18.479Z - info: Rebuilding 1 pages
2023-07-08T08:44:20.401Z - info: Site data built
2023-07-08T08:44:20.401Z - info: Pages rebuilt
2023-07-08T08:44:20.401Z - info: Website regeneration complete! Total build time: 1.924s
2023-07-08T08:46:46.399Z - info: [4:46:46 pm] Reload for file change: C:\repos\nus-cs2103\cs2103-website-base\book\softwareEngineering\introduction\prosAndCons\text.md
2023-07-08T08:46:46.400Z - info: Synchronizing opened pages list before reload
2023-07-08T08:46:46.400Z - info: Current opened pages, from most-to-least recent:
2023-07-08T08:46:46.400Z - info: 1. schedule/week2/topics
2023-07-08T08:46:47.419Z - info: Rebuilding 1 pages
2023-07-08T08:46:49.394Z - info: Site data built
2023-07-08T08:46:49.394Z - info: Pages rebuilt
2023-07-08T08:46:49.395Z - info: Website regeneration complete! Total build time: 1.979s
2023-07-08T08:49:02.494Z - info: Building C:\repos\nus-cs2103\cs2103-website-base\schedule\week1\topics as some of its dependencies were changed since the last visit
2023-07-08T08:49:06.300Z - info: Site data built
2023-07-08T08:49:06.300Z - info: Lazy website regeneration complete! Total build time: 3.806s
2023-07-08T08:49:08.950Z - debug:  
2023-07-08T09:09:58.380Z - info: [5:09:58 pm] Reload for file change: C:\repos\nus-cs2103\cs2103-website-base\book\testing\introduction\what\text.md
2023-07-08T09:09:58.380Z - info: Synchronizing opened pages list before reload
2023-07-08T09:09:58.380Z - info: Current opened pages, from most-to-least recent:
2023-07-08T09:09:58.381Z - info: 1. schedule/week2/topics
2023-07-08T09:09:59.398Z - info: Rebuilding 1 pages
2023-07-08T09:10:01.982Z - info: Site data built
2023-07-08T09:10:01.982Z - info: Pages rebuilt
2023-07-08T09:10:01.982Z - info: Website regeneration complete! Total build time: 2.587s
2023-07-08T09:11:56.897Z - info: [5:11:56 pm] Reload for file deletion: C:\repos\nus-cs2103\cs2103-website-base\book\testing\introduction\what\q-essay-relateConcepts.md
2023-07-08T09:11:56.898Z - info: Synchronizing opened pages list before reload
2023-07-08T09:11:56.898Z - info: Current opened pages, from most-to-least recent:
2023-07-08T09:11:56.898Z - info: 1. schedule/week2/topics
2023-07-08T09:11:56.899Z - info: [5:11:56 pm] Reload for file deletion: C:\repos\nus-cs2103\cs2103-website-base\book\testing\introduction\what\exercises.md
2023-07-08T09:11:56.899Z - info: Synchronizing opened pages list before reload
2023-07-08T09:11:56.899Z - info: Current opened pages, from most-to-least recent:
2023-07-08T09:11:56.900Z - info: 1. schedule/week2/topics
2023-07-08T09:12:05.936Z - info: Pages or site config modified, updating pages...
2023-07-08T09:12:11.342Z - info: Building C:\repos\nus-cs2103\cs2103-website-base\schedule\week2\topics as some of its dependencies were changed since the last visit
2023-07-08T09:12:14.296Z - info: [5:12:14 pm] Reload for file change: C:\repos\nus-cs2103\cs2103-website-base\book\testing\introduction\what\text.md
2023-07-08T09:12:14.296Z - info: Synchronizing opened pages list before reload
2023-07-08T09:12:14.297Z - info: Current opened pages, from most-to-least recent:
2023-07-08T09:12:14.297Z - info: 1. schedule/week2/topics
2023-07-08T09:12:14.751Z - info: Site data built
2023-07-08T09:12:14.751Z - info: Lazy website regeneration complete! Total build time: 3.41s
2023-07-08T09:12:15.324Z - info: Rebuilding 1 pages
2023-07-08T09:12:17.371Z - info: Site data built
2023-07-08T09:12:17.371Z - info: Pages rebuilt
2023-07-08T09:12:17.371Z - info: Website regeneration complete! Total build time: 2.051s
2023-07-08T09:15:59.104Z - info: [5:15:59 pm] Reload for file change: C:\repos\nus-cs2103\cs2103-website-base\book\testing\testingTypes\regressionTesting\what\text.md
2023-07-08T09:15:59.104Z - info: Synchronizing opened pages list before reload
2023-07-08T09:15:59.105Z - info: Current opened pages, from most-to-least recent:
2023-07-08T09:15:59.106Z - info: 1. schedule/week2/topics
2023-07-08T09:16:00.121Z - info: Rebuilding 1 pages
2023-07-08T09:16:02.379Z - info: Site data built
2023-07-08T09:16:02.380Z - info: Pages rebuilt
2023-07-08T09:16:02.381Z - info: Website regeneration complete! Total build time: 2.261s
2023-07-08T09:17:03.542Z - info: [5:17:03 pm] Reload for file deletion: C:\repos\nus-cs2103\cs2103-website-base\book\testing\testingTypes\regressionTesting\what\q-essay-explain.md
2023-07-08T09:17:03.542Z - info: Synchronizing opened pages list before reload
2023-07-08T09:17:03.543Z - info: Current opened pages, from most-to-least recent:
2023-07-08T09:17:03.543Z - info: 1. schedule/week2/topics
2023-07-08T09:17:09.134Z - info: Pages or site config modified, updating pages...
2023-07-08T09:17:13.493Z - info: [5:17:13 pm] Reload for file change: C:\repos\nus-cs2103\cs2103-website-base\book\testing\testingTypes\regressionTesting\what\exercises.md
2023-07-08T09:17:13.494Z - info: Synchronizing opened pages list before reload
2023-07-08T09:17:13.494Z - info: Current opened pages, from most-to-least recent:
2023-07-08T09:17:13.494Z - info: 1. schedule/week2/topics
2023-07-08T09:17:14.502Z - info: Rebuilding 1 pages
2023-07-08T09:17:16.059Z - info: Building C:\repos\nus-cs2103\cs2103-website-base\schedule\week2\topics as some of its dependencies were changed since the last visit
2023-07-08T09:17:18.034Z - info: Site data built
2023-07-08T09:17:18.034Z - info: Lazy website regeneration complete! Total build time: 1.975s
2023-07-08T09:17:18.034Z - info: Site data built
2023-07-08T09:17:18.034Z - info: Pages rebuilt
2023-07-08T09:17:18.035Z - info: Website regeneration complete! Total build time: 3.534s
2023-07-08T09:25:20.284Z - info: [5:25:20 pm] Reload for file change: C:\repos\nus-cs2103\cs2103-website-base\book\testing\testAutomation\testingTextUis\text.md
2023-07-08T09:25:20.285Z - info: Synchronizing opened pages list before reload
2023-07-08T09:25:20.285Z - info: Current opened pages, from most-to-least recent:
2023-07-08T09:25:20.285Z - info: 1. schedule/week2/topics
2023-07-08T09:25:21.301Z - info: Rebuilding 1 pages
2023-07-08T09:25:23.353Z - info: Site data built
2023-07-08T09:25:23.353Z - info: Pages rebuilt
2023-07-08T09:25:23.353Z - info: Website regeneration complete! Total build time: 2.054s
2023-07-08T09:27:15.388Z - info: [5:27:15 pm] Reload for file change: C:\repos\nus-cs2103\cs2103-website-base\book\testing\testAutomation\testingTextUis\text.md
2023-07-08T09:27:15.388Z - info: Synchronizing opened pages list before reload
2023-07-08T09:27:15.388Z - info: Current opened pages, from most-to-least recent:
2023-07-08T09:27:15.388Z - info: 1. schedule/week2/topics
2023-07-08T09:27:16.398Z - info: Rebuilding 1 pages
2023-07-08T09:27:17.998Z - info: Site data built
2023-07-08T09:27:17.998Z - info: Pages rebuilt
2023-07-08T09:27:17.998Z - info: Website regeneration complete! Total build time: 1.602s
2023-07-08T09:27:33.372Z - info: [5:27:33 pm] Reload for file change: C:\repos\nus-cs2103\cs2103-website-base\book\testing\testAutomation\testingTextUis\text.md
2023-07-08T09:27:33.372Z - info: Synchronizing opened pages list before reload
2023-07-08T09:27:33.372Z - info: Current opened pages, from most-to-least recent:
2023-07-08T09:27:33.372Z - info: 1. schedule/week2/topics
2023-07-08T09:27:34.384Z - info: Rebuilding 1 pages
2023-07-08T09:27:36.262Z - info: Site data built
2023-07-08T09:27:36.263Z - info: Pages rebuilt
2023-07-08T09:27:36.263Z - info: Website regeneration complete! Total build time: 1.881s
2023-07-08T09:30:03.204Z - info: [5:30:03 pm] Reload for file change: C:\repos\nus-cs2103\cs2103-website-base\book\testing\testAutomation\testingTextUis\text.md
2023-07-08T09:30:03.204Z - info: Synchronizing opened pages list before reload
2023-07-08T09:30:03.205Z - info: Current opened pages, from most-to-least recent:
2023-07-08T09:30:03.205Z - info: 1. schedule/week2/topics
2023-07-08T09:30:04.216Z - info: Rebuilding 1 pages
2023-07-08T09:30:06.140Z - info: Site data built
2023-07-08T09:30:06.140Z - info: Pages rebuilt
2023-07-08T09:30:06.140Z - info: Website regeneration complete! Total build time: 1.925s
2023-07-08T09:31:01.357Z - info: [5:31:01 pm] Reload for file change: C:\repos\nus-cs2103\cs2103-website-base\book\testing\testAutomation\testingTextUis\text.md
2023-07-08T09:31:01.358Z - info: Synchronizing opened pages list before reload
2023-07-08T09:31:01.358Z - info: Current opened pages, from most-to-least recent:
2023-07-08T09:31:01.358Z - info: 1. schedule/week2/topics
2023-07-08T09:31:02.377Z - info: Rebuilding 1 pages
2023-07-08T09:31:04.424Z - info: Site data built
2023-07-08T09:31:04.424Z - info: Pages rebuilt
2023-07-08T09:31:04.424Z - info: Website regeneration complete! Total build time: 2.048s
2023-07-08T09:31:23.267Z - info: [5:31:23 pm] Reload for file change: C:\repos\nus-cs2103\cs2103-website-base\book\testing\testAutomation\testingTextUis\text.md
2023-07-08T09:31:23.267Z - info: Synchronizing opened pages list before reload
2023-07-08T09:31:23.268Z - info: Current opened pages, from most-to-least recent:
2023-07-08T09:31:23.268Z - info: 1. schedule/week2/topics
2023-07-08T09:31:24.281Z - info: Rebuilding 1 pages
2023-07-08T09:31:25.732Z - info: Site data built
2023-07-08T09:31:25.732Z - info: Pages rebuilt
2023-07-08T09:31:25.732Z - info: Website regeneration complete! Total build time: 1.451s
2023-07-08T09:32:16.000Z - info: [5:32:16 pm] Reload for file change: C:\repos\nus-cs2103\cs2103-website-base\book\testing\testAutomation\testingTextUis\text.md
2023-07-08T09:32:16.000Z - info: Synchronizing opened pages list before reload
2023-07-08T09:32:16.000Z - info: Current opened pages, from most-to-least recent:
2023-07-08T09:32:16.001Z - info: 1. schedule/week2/topics
2023-07-08T09:32:17.013Z - info: Rebuilding 1 pages
2023-07-08T09:32:18.890Z - info: Site data built
2023-07-08T09:32:18.890Z - info: Pages rebuilt
2023-07-08T09:32:18.890Z - info: Website regeneration complete! Total build time: 1.878s
2023-07-08T09:33:23.620Z - info: Building C:\repos\nus-cs2103\cs2103-website-base\schedule\week2\project as some of its dependencies were changed since the last visit
2023-07-08T09:33:25.384Z - info: Site data built
2023-07-08T09:33:25.385Z - info: Lazy website regeneration complete! Total build time: 1.764s
2023-07-08T09:38:45.229Z - info: [5:38:45 pm] Reload for file change: C:\repos\nus-cs2103\cs2103-website-base\admin\ip-overview.md
2023-07-08T09:38:45.229Z - info: Synchronizing opened pages list before reload
2023-07-08T09:38:45.230Z - info: Current opened pages, from most-to-least recent:
2023-07-08T09:38:45.230Z - info: 1. schedule/week2/project
2023-07-08T09:38:46.241Z - info: Rebuilding 1 pages
2023-07-08T09:38:47.841Z - info: Site data built
2023-07-08T09:38:47.841Z - info: Pages rebuilt
2023-07-08T09:38:47.841Z - info: Website regeneration complete! Total build time: 1.603s
2023-07-08T09:41:56.191Z - info: [5:41:56 pm] Reload for file change: C:\repos\nus-cs2103\cs2103-website-base\admin\programmingLanguages.md
2023-07-08T09:41:56.192Z - info: Synchronizing opened pages list before reload
2023-07-08T09:41:56.192Z - info: Current opened pages, from most-to-least recent:
2023-07-08T09:41:56.192Z - info: 1. schedule/week2/project
2023-07-08T09:41:57.210Z - info: Rebuilding 1 pages
2023-07-08T09:41:58.431Z - info: Site data built
2023-07-08T09:41:58.431Z - info: Pages rebuilt
2023-07-08T09:41:58.431Z - info: Website regeneration complete! Total build time: 1.223s
2023-07-08T09:44:36.835Z - info: [5:44:36 pm] Reload for file change: C:\repos\nus-cs2103\cs2103-website-base\admin\tools.md
2023-07-08T09:44:36.836Z - info: Synchronizing opened pages list before reload
2023-07-08T09:44:36.836Z - info: Current opened pages, from most-to-least recent:
2023-07-08T09:44:36.836Z - info: 1. schedule/week2/project
2023-07-08T09:44:37.858Z - info: Rebuilding 1 pages
2023-07-08T09:44:39.260Z - info: Site data built
2023-07-08T09:44:39.261Z - info: Pages rebuilt
2023-07-08T09:44:39.261Z - info: Website regeneration complete! Total build time: 1.408s
2023-07-08T09:45:27.290Z - info: [5:45:27 pm] Reload for file change: C:\repos\nus-cs2103\cs2103-website-base\admin\tools.md
2023-07-08T09:45:27.290Z - info: Synchronizing opened pages list before reload
2023-07-08T09:45:27.290Z - info: Current opened pages, from most-to-least recent:
2023-07-08T09:45:27.290Z - info: 1. schedule/week2/project
2023-07-08T09:45:28.297Z - info: Rebuilding 1 pages
2023-07-08T09:45:29.715Z - info: Site data built
2023-07-08T09:45:29.716Z - info: Pages rebuilt
2023-07-08T09:45:29.716Z - info: Website regeneration complete! Total build time: 1.42s
2023-07-08T09:46:26.669Z - info: [5:46:26 pm] Reload for file change: C:\repos\nus-cs2103\cs2103-website-base\admin\tools.md
2023-07-08T09:46:26.669Z - info: Synchronizing opened pages list before reload
2023-07-08T09:46:26.670Z - info: Current opened pages, from most-to-least recent:
2023-07-08T09:46:26.670Z - info: 1. schedule/week2/project
2023-07-08T09:46:27.679Z - info: Rebuilding 1 pages
2023-07-08T09:46:29.251Z - info: Site data built
2023-07-08T09:46:29.252Z - info: Pages rebuilt
2023-07-08T09:46:29.252Z - info: Website regeneration complete! Total build time: 1.574s
2023-07-08T09:47:13.240Z - info: [5:47:13 pm] Reload for file change: C:\repos\nus-cs2103\cs2103-website-base\admin\tools.md
2023-07-08T09:47:13.240Z - info: Synchronizing opened pages list before reload
2023-07-08T09:47:13.241Z - info: Current opened pages, from most-to-least recent:
2023-07-08T09:47:13.241Z - info: 1. schedule/week2/project
2023-07-08T09:47:14.252Z - info: Rebuilding 1 pages
2023-07-08T09:47:15.431Z - info: Site data built
2023-07-08T09:47:15.431Z - info: Pages rebuilt
2023-07-08T09:47:15.431Z - info: Website regeneration complete! Total build time: 1.179s
2023-07-08T09:47:51.544Z - info: [5:47:51 pm] Reload for file change: C:\repos\nus-cs2103\cs2103-website-base\admin\tools.md
2023-07-08T09:47:51.544Z - info: Synchronizing opened pages list before reload
2023-07-08T09:47:51.545Z - info: Current opened pages, from most-to-least recent:
2023-07-08T09:47:51.545Z - info: 1. schedule/week2/project
2023-07-08T09:47:52.553Z - info: Rebuilding 1 pages
2023-07-08T09:47:54.075Z - info: Site data built
2023-07-08T09:47:54.075Z - info: Pages rebuilt
2023-07-08T09:47:54.075Z - info: Website regeneration complete! Total build time: 1.522s
2023-07-08T09:48:38.329Z - info: [5:48:38 pm] Reload for file change: C:\repos\nus-cs2103\cs2103-website-base\admin\appendixE-gitHub.md
2023-07-08T09:48:38.329Z - info: Synchronizing opened pages list before reload
2023-07-08T09:48:38.330Z - info: Current opened pages, from most-to-least recent:
2023-07-08T09:48:38.330Z - info: 1. schedule/week2/project
2023-07-08T09:48:39.348Z - info: Rebuilding 1 pages
2023-07-08T09:48:40.587Z - info: Site data built
2023-07-08T09:48:40.587Z - info: Pages rebuilt
2023-07-08T09:48:40.587Z - info: Website regeneration complete! Total build time: 1.241s
2023-07-08T09:51:31.894Z - info: [5:51:31 pm] Reload for file change: C:\repos\nus-cs2103\cs2103-website-base\admin\appendixE-gitHub.md
2023-07-08T09:51:31.894Z - info: Synchronizing opened pages list before reload
2023-07-08T09:51:31.894Z - info: Current opened pages, from most-to-least recent:
2023-07-08T09:51:31.894Z - info: 1. schedule/week2/project
2023-07-08T09:51:32.906Z - info: Rebuilding 1 pages
2023-07-08T09:51:34.509Z - info: Site data built
2023-07-08T09:51:34.509Z - info: Pages rebuilt
2023-07-08T09:51:34.509Z - info: Website regeneration complete! Total build time: 1.604s
2023-07-08T09:52:29.523Z - info: [5:52:29 pm] Reload for file change: C:\repos\nus-cs2103\cs2103-website-base\admin\tools.md
2023-07-08T09:52:29.524Z - info: Synchronizing opened pages list before reload
2023-07-08T09:52:29.524Z - info: Current opened pages, from most-to-least recent:
2023-07-08T09:52:29.524Z - info: 1. schedule/week2/project
2023-07-08T09:52:30.528Z - info: Rebuilding 1 pages
2023-07-08T09:52:32.092Z - info: Site data built
2023-07-08T09:52:32.093Z - info: Pages rebuilt
2023-07-08T09:52:32.093Z - info: Website regeneration complete! Total build time: 1.566s
