2023-11-12T10:00:47.080Z - info: Website generation (lazy) started at 6:00:41 pm
2023-11-12T10:01:00.969Z - info: Building assets...
2023-11-12T10:01:11.391Z - info: Assets built
2023-11-12T10:01:11.392Z - info: Generating landing page...
2023-11-12T10:01:13.369Z - info: Landing page built, other pages will be built as you navigate to them!
2023-11-12T10:01:14.624Z - info: Site data built
2023-11-12T10:01:14.625Z - info: Website generation (lazy) complete! Total build time: 33.017s
2023-11-12T10:01:16.023Z - info: Serving "C:\repos\nus-cs2103\cs2103-website-base\_site" at http://127.0.0.1:8080
2023-11-12T10:01:16.024Z - info: Press CTRL+C to stop ...
2023-11-12T10:02:09.993Z - info: [6:02:09 pm] Reload for file change: C:\repos\nus-cs2103\cs2103-website-base\admin\tp-tasks-fragment.md
2023-11-12T10:02:09.994Z - info: Synchronizing opened pages list before reload
2023-11-12T10:02:09.994Z - info: Current opened pages, from most-to-least recent:
2023-11-12T10:02:09.995Z - info: 1. index
2023-11-12T10:02:11.017Z - info: Rebuilding 1 pages
2023-11-12T10:02:12.544Z - info: Site data built
2023-11-12T10:02:12.544Z - info: Pages rebuilt
2023-11-12T10:02:12.545Z - info: Website regeneration complete! Total build time: 1.529s
2023-11-12T10:02:16.808Z - info: Building C:\repos\nus-cs2103\cs2103-website-base\schedule\week12\index as some of its dependencies were changed since the last visit
2023-11-12T10:02:17.504Z - info: Site data built
2023-11-12T10:02:17.505Z - info: Lazy website regeneration complete! Total build time: 0.698s
2023-11-12T10:02:20.415Z - info: Building C:\repos\nus-cs2103\cs2103-website-base\schedule\week12\project as some of its dependencies were changed since the last visit
2023-11-12T10:02:24.207Z - info: Site data built
2023-11-12T10:02:24.208Z - info: Lazy website regeneration complete! Total build time: 3.793s
2023-11-12T10:03:08.083Z - info: Website generation started at 6:03:05 pm
2023-11-12T10:03:20.005Z - info: Building assets...
2023-11-12T10:03:27.385Z - info: Assets built
2023-11-12T10:03:27.386Z - info: Generating pages...
2023-11-12T10:03:45.254Z - debug:  
2023-11-12T10:03:45.308Z - debug:  
2023-11-12T10:03:45.377Z - debug:  
2023-11-12T10:03:48.721Z - debug:  
2023-11-12T10:03:48.721Z - debug:  
2023-11-12T10:03:48.722Z - debug:  
2023-11-12T10:03:48.722Z - debug:  
2023-11-12T10:03:48.722Z - debug:  
2023-11-12T10:03:48.722Z - debug:  
2023-11-12T10:03:48.723Z - debug:  
2023-11-12T10:03:48.723Z - debug:  
2023-11-12T10:03:48.723Z - debug:  
2023-11-12T10:03:48.734Z - debug:  
2023-11-12T10:03:48.734Z - debug:  
2023-11-12T10:03:48.734Z - debug:  
2023-11-12T10:03:48.734Z - debug:  
2023-11-12T10:05:58.995Z - debug:  
2023-11-12T10:06:15.004Z - debug:  
2023-11-12T10:06:15.083Z - debug:  
2023-11-12T10:06:28.732Z - info: Pages built
2023-11-12T10:06:29.666Z - info: Site data built
2023-11-12T10:06:29.666Z - info: Website generation complete! Total build time: 203.909s
2023-11-12T10:06:29.667Z - info: Build success!
2023-11-12T10:12:43.505Z - info: The website has been deployed at: https://nus-cs2103-ay2324s1.github.io/website
