2023-09-14T04:50:53.549Z - info: Website generation (lazy) started at 12:50:48 pm
2023-09-14T04:51:05.080Z - info: Building assets...
2023-09-14T04:51:12.170Z - info: Assets built
2023-09-14T04:51:12.171Z - info: Generating landing page...
2023-09-14T04:51:13.633Z - info: Landing page built, other pages will be built as you navigate to them!
2023-09-14T04:51:14.592Z - info: Site data built
2023-09-14T04:51:14.592Z - info: Website generation (lazy) complete! Total build time: 26.407s
2023-09-14T04:51:15.502Z - info: Serving "C:\repos\nus-cs2103\cs2103-website-base\_site" at http://127.0.0.1:8080
2023-09-14T04:51:15.502Z - info: Press CTRL+C to stop ...
2023-09-14T04:52:42.544Z - info: Building C:\repos\nus-cs2103\cs2103-website-base\schedule\week5\project as some of its dependencies were changed since the last visit
2023-09-14T04:52:44.706Z - info: Site data built
2023-09-14T04:52:44.706Z - info: Lazy website regeneration complete! Total build time: 2.163s
2023-09-14T08:13:00.237Z - info: Building C:\repos\nus-cs2103\cs2103-website-base\schedule\week6\index as some of its dependencies were changed since the last visit
2023-09-14T08:13:01.972Z - info: Site data built
2023-09-14T08:13:01.972Z - info: Lazy website regeneration complete! Total build time: 1.739s
2023-09-14T08:14:00.037Z - info: Building C:\repos\nus-cs2103\cs2103-website-base\schedule\week5\index as some of its dependencies were changed since the last visit
2023-09-14T08:14:01.501Z - info: Site data built
2023-09-14T08:14:01.501Z - info: Lazy website regeneration complete! Total build time: 1.464s
2023-09-14T08:27:22.749Z - info: Building C:\repos\nus-cs2103\cs2103-website-base\schedule\week6\project as some of its dependencies were changed since the last visit
2023-09-14T08:27:26.389Z - info: Site data built
2023-09-14T08:27:26.390Z - info: Lazy website regeneration complete! Total build time: 3.641s
2023-09-14T08:38:15.090Z - info: [4:38:15 pm] Reload for file change: C:\repos\nus-cs2103\cs2103-website-base\book\projectDuke\extensions-fragment.md
2023-09-14T08:38:15.090Z - info: Synchronizing opened pages list before reload
2023-09-14T08:38:15.091Z - info: Current opened pages, from most-to-least recent:
2023-09-14T08:38:15.092Z - info: 1. schedule/week6/project
2023-09-14T08:38:16.104Z - info: Rebuilding 1 pages
2023-09-14T08:38:19.086Z - info: Site data built
2023-09-14T08:38:19.087Z - info: Pages rebuilt
2023-09-14T08:38:19.087Z - info: Website regeneration complete! Total build time: 2.984s
2023-09-14T08:46:20.527Z - info: [4:46:20 pm] Reload for file change: C:\repos\nus-cs2103\cs2103-website-base\book\projectDuke\extensions-fragment.md
2023-09-14T08:46:20.527Z - info: Synchronizing opened pages list before reload
2023-09-14T08:46:20.527Z - info: Current opened pages, from most-to-least recent:
2023-09-14T08:46:20.527Z - info: 1. schedule/week6/project
2023-09-14T08:46:21.539Z - info: Rebuilding 1 pages
2023-09-14T08:46:24.482Z - info: Site data built
2023-09-14T08:46:24.483Z - info: Pages rebuilt
2023-09-14T08:46:24.483Z - info: Website regeneration complete! Total build time: 2.947s
2023-09-14T08:47:26.085Z - info: Website generation started at 4:47:23 pm
2023-09-14T08:47:40.655Z - info: Building assets...
2023-09-14T08:47:51.377Z - info: Assets built
2023-09-14T08:47:51.378Z - info: Generating pages...
2023-09-14T08:48:11.115Z - debug:  
2023-09-14T08:48:11.126Z - debug:  
2023-09-14T08:48:11.131Z - debug:  
2023-09-14T08:48:14.010Z - debug:  
2023-09-14T08:48:14.010Z - debug:  
2023-09-14T08:48:14.011Z - debug:  
2023-09-14T08:48:14.011Z - debug:  
2023-09-14T08:48:14.011Z - debug:  
2023-09-14T08:48:14.011Z - debug:  
2023-09-14T08:48:14.011Z - debug:  
2023-09-14T08:48:14.011Z - debug:  
2023-09-14T08:48:14.012Z - debug:  
2023-09-14T08:48:14.012Z - debug:  
2023-09-14T08:48:14.012Z - debug:  
2023-09-14T08:48:14.014Z - debug:  
2023-09-14T08:48:14.014Z - debug:  
2023-09-14T08:50:38.997Z - debug:  
2023-09-14T08:50:54.862Z - debug:  
2023-09-14T08:50:54.870Z - debug:  
2023-09-14T08:51:07.773Z - info: Pages built
2023-09-14T08:51:09.186Z - info: Site data built
2023-09-14T08:51:09.186Z - info: Website generation complete! Total build time: 226.088s
2023-09-14T08:51:09.186Z - info: Build success!
2023-09-14T08:58:25.616Z - info: The website has been deployed at: https://nus-cs2103-ay2324s1.github.io/website
