2023-08-15T12:33:27.399Z - info: Website generation started at 8:33:20 pm
2023-08-15T12:33:39.210Z - info: Building assets...
2023-08-15T12:33:47.903Z - info: Assets built
2023-08-15T12:33:47.904Z - info: Generating pages...
2023-08-15T12:34:06.339Z - debug:  
2023-08-15T12:34:06.339Z - debug:  
2023-08-15T12:34:06.339Z - debug:  
2023-08-15T12:34:06.448Z - debug:  
2023-08-15T12:34:06.448Z - debug:  
2023-08-15T12:34:06.448Z - debug:  
2023-08-15T12:34:06.448Z - debug:  
2023-08-15T12:34:06.449Z - debug:  
2023-08-15T12:34:06.449Z - debug:  
2023-08-15T12:34:06.449Z - debug:  
2023-08-15T12:34:06.449Z - debug:  
2023-08-15T12:34:06.449Z - debug:  
2023-08-15T12:34:06.450Z - debug:  
2023-08-15T12:34:06.450Z - debug:  
2023-08-15T12:34:11.205Z - debug:  
2023-08-15T12:34:43.813Z - debug:  
2023-08-15T12:35:40.400Z - info: Pages built
2023-08-15T12:35:41.425Z - info: Site data built
2023-08-15T12:35:41.425Z - info: Website generation complete! Total build time: 140.55s
2023-08-15T12:35:41.426Z - info: Build success!
2023-08-15T12:40:28.141Z - info: The website has been deployed at: https://nus-tic2002-ay2324s1.github.io/website
