2023-09-09T18:04:33.956Z - info: Website generation (lazy) started at 2:04:27 am
2023-09-09T18:04:47.942Z - info: Building assets...
2023-09-09T18:04:55.691Z - info: Assets built
2023-09-09T18:04:55.693Z - info: Generating landing page...
2023-09-09T18:04:57.747Z - info: Landing page built, other pages will be built as you navigate to them!
2023-09-09T18:04:58.942Z - info: Site data built
2023-09-09T18:04:58.943Z - info: Website generation (lazy) complete! Total build time: 31.596s
2023-09-09T18:05:00.156Z - info: Serving "C:\repos\nus-cs2103\cs2103-website-base\_site" at http://127.0.0.1:8080
2023-09-09T18:05:00.157Z - info: Press CTRL+C to stop ...
2023-09-09T18:06:28.892Z - info: Building C:\repos\nus-cs2103\cs2103-website-base\admin\teamList as some of its dependencies were changed since the last visit
2023-09-09T18:06:29.353Z - info: Site data built
2023-09-09T18:06:29.353Z - info: Lazy website regeneration complete! Total build time: 0.463s
2023-09-09T18:09:03.086Z - info: [2:09:03 am] Reload for file change: C:\repos\nus-cs2103\cs2103-website-base\_course-CS2103\studentData-fragment.md
2023-09-09T18:09:03.086Z - info: Synchronizing opened pages list before reload
2023-09-09T18:09:03.087Z - info: Current opened pages, from most-to-least recent:
2023-09-09T18:09:03.087Z - info: 1. admin/teamList
2023-09-09T18:09:04.101Z - info: Rebuilding 1 pages
2023-09-09T18:09:04.315Z - info: Site data built
2023-09-09T18:09:04.316Z - info: Pages rebuilt
2023-09-09T18:09:04.317Z - info: Website regeneration complete! Total build time: 0.216s
2023-09-09T18:10:54.073Z - info: [2:10:54 am] Reload for file change: C:\repos\nus-cs2103\cs2103-website-base\_course-CS2103\studentData-fragment.md
2023-09-09T18:10:54.074Z - info: Synchronizing opened pages list before reload
2023-09-09T18:10:54.074Z - info: Current opened pages, from most-to-least recent:
2023-09-09T18:10:54.075Z - info: 1. admin/teamList
2023-09-09T18:10:55.090Z - info: Rebuilding 1 pages
2023-09-09T18:10:56.993Z - info: Site data built
2023-09-09T18:10:56.993Z - info: Pages rebuilt
2023-09-09T18:10:56.993Z - info: Website regeneration complete! Total build time: 1.905s
2023-09-09T18:13:48.810Z - info: Website generation (lazy) started at 2:13:46 am
2023-09-09T18:14:02.976Z - info: Building assets...
2023-09-09T18:14:10.487Z - info: Assets built
2023-09-09T18:14:10.488Z - info: Generating landing page...
2023-09-09T18:14:12.306Z - info: Landing page built, other pages will be built as you navigate to them!
2023-09-09T18:14:13.459Z - info: Site data built
2023-09-09T18:14:13.460Z - info: Website generation (lazy) complete! Total build time: 26.868s
2023-09-09T18:14:14.417Z - info: Serving "C:\repos\nus-cs2103\cs2103-website-base\_site" at http://127.0.0.1:8080
2023-09-09T18:14:14.418Z - info: Press CTRL+C to stop ...
2023-09-09T18:14:24.565Z - info: Building C:\repos\nus-cs2103\cs2103-website-base\admin\teamList as some of its dependencies were changed since the last visit
2023-09-09T18:14:34.331Z - info: Site data built
2023-09-09T18:14:34.331Z - info: Lazy website regeneration complete! Total build time: 9.766s
2023-09-09T18:15:34.236Z - info: [2:15:34 am] Reload for file change: C:\repos\nus-cs2103\cs2103-website-base\admin\teamList.md
2023-09-09T18:15:34.237Z - info: Synchronizing opened pages list before reload
2023-09-09T18:15:34.238Z - info: Current opened pages, from most-to-least recent:
2023-09-09T18:15:34.238Z - info: 1. admin/teamList
2023-09-09T18:15:35.243Z - info: Rebuilding 1 pages
2023-09-09T18:15:37.214Z - info: Site data built
2023-09-09T18:15:37.215Z - info: Pages rebuilt
2023-09-09T18:15:37.215Z - info: Website regeneration complete! Total build time: 1.973s
2023-09-09T18:16:02.420Z - info: [2:16:02 am] Reload for file change: C:\repos\nus-cs2103\cs2103-website-base\admin\teamList.md
2023-09-09T18:16:02.421Z - info: Synchronizing opened pages list before reload
2023-09-09T18:16:02.422Z - info: Current opened pages, from most-to-least recent:
2023-09-09T18:16:02.422Z - info: 1. admin/teamList
2023-09-09T18:16:03.438Z - info: Rebuilding 1 pages
2023-09-09T18:16:05.464Z - info: Site data built
2023-09-09T18:16:05.464Z - info: Pages rebuilt
2023-09-09T18:16:05.464Z - info: Website regeneration complete! Total build time: 2.027s
2023-09-09T18:16:37.617Z - info: [2:16:37 am] Reload for file change: C:\repos\nus-cs2103\cs2103-website-base\admin\teamList.md
2023-09-09T18:16:37.618Z - info: Synchronizing opened pages list before reload
2023-09-09T18:16:37.619Z - info: Current opened pages, from most-to-least recent:
2023-09-09T18:16:37.619Z - info: 1. admin/teamList
2023-09-09T18:16:38.633Z - info: Rebuilding 1 pages
2023-09-09T18:16:40.600Z - info: Site data built
2023-09-09T18:16:40.600Z - info: Pages rebuilt
2023-09-09T18:16:40.601Z - info: Website regeneration complete! Total build time: 1.968s
2023-09-09T18:17:39.002Z - info: Building C:\repos\nus-cs2103\cs2103-website-base\admin\tutorials as some of its dependencies were changed since the last visit
2023-09-09T18:17:39.754Z - info: Site data built
2023-09-09T18:17:39.754Z - info: Lazy website regeneration complete! Total build time: 0.764s
2023-09-09T18:20:29.697Z - info: Building C:\repos\nus-cs2103\cs2103-website-base\admin\instructors as some of its dependencies were changed since the last visit
2023-09-09T18:20:30.067Z - info: Site data built
2023-09-09T18:20:30.067Z - info: Lazy website regeneration complete! Total build time: 0.371s
2023-09-09T18:24:39.558Z - info: Website generation started at 2:24:37 am
2023-09-09T18:24:50.144Z - info: Building assets...
2023-09-09T18:24:57.100Z - info: Assets built
2023-09-09T18:24:57.101Z - info: Generating pages...
2023-09-09T18:25:12.653Z - debug:  
2023-09-09T18:25:12.658Z - debug:  
2023-09-09T18:25:12.672Z - debug:  
2023-09-09T18:25:15.265Z - debug:  
2023-09-09T18:25:15.266Z - debug:  
2023-09-09T18:25:15.266Z - debug:  
2023-09-09T18:25:15.266Z - debug:  
2023-09-09T18:25:15.266Z - debug:  
2023-09-09T18:25:15.266Z - debug:  
2023-09-09T18:25:15.267Z - debug:  
2023-09-09T18:25:15.267Z - debug:  
2023-09-09T18:25:15.268Z - debug:  
2023-09-09T18:25:15.268Z - debug:  
2023-09-09T18:25:15.268Z - debug:  
2023-09-09T18:25:15.268Z - debug:  
2023-09-09T18:25:15.268Z - debug:  
2023-09-09T18:27:25.993Z - debug:  
2023-09-09T18:27:42.190Z - debug:  
2023-09-09T18:27:42.215Z - debug:  
2023-09-09T18:27:55.471Z - info: Pages built
2023-09-09T18:27:56.653Z - info: Site data built
2023-09-09T18:27:56.653Z - info: Website generation complete! Total build time: 198.969s
2023-09-09T18:27:56.653Z - info: Build success!
2023-09-09T18:30:35.180Z - info: The website has been deployed at: https://nus-cs2103-ay2324s1.github.io/website
