2023-07-17T18:44:52.400Z - info: Website generation (lazy) started at 2:44:47 am
2023-07-17T18:45:02.396Z - warn: You have a variable with no name! This variable will be ignored.
2023-07-17T18:45:02.399Z - warn: You have a variable with no name! This variable will be ignored.
2023-07-17T18:45:02.402Z - warn: You have a variable with no name! This variable will be ignored.
2023-07-17T18:45:02.408Z - warn: You have a variable with no name! This variable will be ignored.
2023-07-17T18:45:02.409Z - warn: You have a variable with no name! This variable will be ignored.
2023-07-17T18:45:02.410Z - warn: You have a variable with no name! This variable will be ignored.
2023-07-17T18:45:02.412Z - warn: You have a variable with no name! This variable will be ignored.
2023-07-17T18:45:02.413Z - warn: You have a variable with no name! This variable will be ignored.
2023-07-17T18:45:02.414Z - warn: You have a variable with no name! This variable will be ignored.
2023-07-17T18:45:02.414Z - warn: You have a variable with no name! This variable will be ignored.
2023-07-17T18:45:02.415Z - warn: You have a variable with no name! This variable will be ignored.
2023-07-17T18:45:02.415Z - warn: You have a variable with no name! This variable will be ignored.
2023-07-17T18:45:02.415Z - warn: You have a variable with no name! This variable will be ignored.
2023-07-17T18:45:02.416Z - warn: You have a variable with no name! This variable will be ignored.
2023-07-17T18:45:02.416Z - warn: You have a variable with no name! This variable will be ignored.
2023-07-17T18:45:02.518Z - info: Building assets...
2023-07-17T18:45:09.296Z - info: Assets built
2023-07-17T18:45:09.297Z - info: Generating landing page...
2023-07-17T18:45:10.038Z - info: Landing page built, other pages will be built as you navigate to them!
2023-07-17T18:45:10.954Z - info: Site data built
2023-07-17T18:45:10.954Z - info: Website generation (lazy) complete! Total build time: 23.139s
2023-07-17T18:45:11.876Z - info: Serving "C:\repos\nus-cs2103\cs2103-website-base\_site" at http://127.0.0.1:8080
2023-07-17T18:45:11.876Z - info: Press CTRL+C to stop ...
2023-07-17T18:46:02.093Z - info: Building C:\repos\nus-cs2103\cs2103-website-base\se-book-adapted\index as some of its dependencies were changed since the last visit
2023-07-17T18:46:02.654Z - info: Site data built
2023-07-17T18:46:02.654Z - info: Lazy website regeneration complete! Total build time: 0.562s
2023-07-17T18:46:03.591Z - info: Building C:\repos\nus-cs2103\cs2103-website-base\se-book-adapted\index as some of its dependencies were changed since the last visit
2023-07-17T18:46:03.733Z - info: Site data built
2023-07-17T18:46:03.733Z - info: Lazy website regeneration complete! Total build time: 0.142s
2023-07-17T18:46:11.615Z - info: Building C:\repos\nus-cs2103\cs2103-website-base\se-book-adapted\chapters\uml as some of its dependencies were changed since the last visit
2023-07-17T18:46:18.775Z - info: Site data built
2023-07-17T18:46:18.776Z - info: Lazy website regeneration complete! Total build time: 7.16s
2023-07-17T18:46:19.205Z - info: Building C:\repos\nus-cs2103\cs2103-website-base\se-book-adapted\chapters\uml as some of its dependencies were changed since the last visit
2023-07-17T18:46:24.114Z - debug: The process cannot access the file because it is being used by another process.

2023-07-17T18:46:24.116Z - debug: The process cannot access the file because it is being used by another process.

2023-07-17T18:46:24.118Z - debug: The process cannot access the file because it is being used by another process.

2023-07-17T18:46:24.119Z - debug: The process cannot access the file because it is being used by another process.

2023-07-17T18:46:24.119Z - debug: The process cannot access the file because it is being used by another process.

2023-07-17T18:46:24.121Z - debug: The process cannot access the file because it is being used by another process.

2023-07-17T18:46:24.122Z - debug: The process cannot access the file because it is being used by another process.

2023-07-17T18:46:24.122Z - debug: The process cannot access the file because it is being used by another process.

2023-07-17T18:46:24.123Z - debug: The process cannot access the file because it is being used by another process.

2023-07-17T18:46:24.137Z - debug: The process cannot access the file because it is being used by another process.

2023-07-17T18:46:24.138Z - debug: The process cannot access the file because it is being used by another process.

2023-07-17T18:46:24.139Z - debug: The process cannot access the file because it is being used by another process.

2023-07-17T18:46:24.140Z - debug: The process cannot access the file because it is being used by another process.

2023-07-17T18:46:24.140Z - debug: The process cannot access the file because it is being used by another process.

2023-07-17T18:46:25.250Z - info: Site data built
2023-07-17T18:46:25.252Z - info: Lazy website regeneration complete! Total build time: 6.048s
2023-07-17T18:46:26.739Z - debug:  
2023-07-17T18:46:26.753Z - debug:  
2023-07-17T18:46:27.110Z - debug:  
2023-07-17T18:46:27.459Z - debug:  
2023-07-17T18:46:27.731Z - debug:  
2023-07-17T18:46:27.836Z - debug:  
2023-07-17T18:46:27.885Z - debug:  
2023-07-17T18:46:28.093Z - debug:  
2023-07-17T18:46:28.209Z - debug:  
2023-07-17T18:46:28.312Z - debug:  
2023-07-17T18:46:28.413Z - debug:  
2023-07-17T18:46:28.418Z - debug:  
2023-07-17T18:46:28.484Z - debug:  
2023-07-17T18:46:28.503Z - debug:  
2023-07-17T18:49:03.448Z - info: Building C:\repos\nus-cs2103\cs2103-website-base\schedule\week2\index as some of its dependencies were changed since the last visit
2023-07-17T18:49:05.883Z - info: Site data built
2023-07-17T18:49:05.883Z - info: Lazy website regeneration complete! Total build time: 2.435s
2023-07-17T18:49:06.409Z - info: Building C:\repos\nus-cs2103\cs2103-website-base\schedule\week2\index as some of its dependencies were changed since the last visit
2023-07-17T18:49:07.003Z - info: Site data built
2023-07-17T18:49:07.003Z - info: Lazy website regeneration complete! Total build time: 0.595s
2023-07-17T18:49:14.900Z - info: Building C:\repos\nus-cs2103\cs2103-website-base\schedule\week2\topics as some of its dependencies were changed since the last visit
2023-07-17T18:49:17.170Z - info: Site data built
2023-07-17T18:49:17.170Z - info: Lazy website regeneration complete! Total build time: 2.27s
2023-07-17T19:02:52.505Z - info: Building C:\repos\nus-cs2103\cs2103-website-base\se-book-adapted\chapters\specifyingRequirements as some of its dependencies were changed since the last visit
2023-07-17T19:02:53.852Z - info: Site data built
2023-07-17T19:02:53.852Z - info: Lazy website regeneration complete! Total build time: 1.348s
2023-07-17T19:03:01.917Z - info: Building C:\repos\nus-cs2103\cs2103-website-base\admin\index as some of its dependencies were changed since the last visit
2023-07-17T19:03:02.222Z - info: Site data built
2023-07-17T19:03:02.223Z - info: Lazy website regeneration complete! Total build time: 0.306s
2023-07-17T19:03:07.565Z - info: Building C:\repos\nus-cs2103\cs2103-website-base\admin\lectures as some of its dependencies were changed since the last visit
2023-07-17T19:03:07.746Z - info: Site data built
2023-07-17T19:03:07.746Z - info: Lazy website regeneration complete! Total build time: 0.181s
2023-07-17T19:03:15.365Z - info: Building C:\repos\nus-cs2103\cs2103-website-base\admin\tools as some of its dependencies were changed since the last visit
2023-07-17T19:03:16.190Z - info: Site data built
2023-07-17T19:03:16.190Z - info: Lazy website regeneration complete! Total build time: 0.825s
2023-07-17T19:03:16.753Z - info: Building C:\repos\nus-cs2103\cs2103-website-base\admin\tools as some of its dependencies were changed since the last visit
2023-07-17T19:03:17.007Z - info: Site data built
2023-07-17T19:03:17.008Z - info: Lazy website regeneration complete! Total build time: 0.255s
2023-07-17T19:04:54.221Z - info: Building C:\repos\nus-cs2103\cs2103-website-base\admin\tp-w3 as some of its dependencies were changed since the last visit
2023-07-17T19:04:55.258Z - info: Site data built
2023-07-17T19:04:55.258Z - info: Lazy website regeneration complete! Total build time: 1.037s
2023-07-17T19:08:49.422Z - info: [3:08:49 am] Reload for file change: C:\repos\nus-cs2103\cs2103-website-base\book\softwareEngineering\introduction\prosAndCons\q-essay-seVsCivilEngineering.md
2023-07-17T19:08:49.423Z - info: Synchronizing opened pages list before reload
2023-07-17T19:08:49.423Z - info: Current opened pages, from most-to-least recent:
2023-07-17T19:08:49.424Z - info: 1. schedule/week2/topics
2023-07-17T19:08:50.441Z - info: Rebuilding 1 pages
2023-07-17T19:08:52.144Z - info: Site data built
2023-07-17T19:08:52.144Z - info: Pages rebuilt
2023-07-17T19:08:52.144Z - info: Website regeneration complete! Total build time: 1.706s
2023-07-17T19:10:41.615Z - info: [3:10:41 am] Reload for file change: C:\repos\nus-cs2103\cs2103-website-base\book\softwareEngineering\introduction\prosAndCons\q-essay-seVsCivilEngineering.md
2023-07-17T19:10:41.615Z - info: Synchronizing opened pages list before reload
2023-07-17T19:10:41.616Z - info: Current opened pages, from most-to-least recent:
2023-07-17T19:10:41.616Z - info: 1. schedule/week2/topics
2023-07-17T19:10:42.632Z - info: Rebuilding 1 pages
2023-07-17T19:10:44.280Z - info: Site data built
2023-07-17T19:10:44.280Z - info: Pages rebuilt
2023-07-17T19:10:44.280Z - info: Website regeneration complete! Total build time: 1.65s
2023-07-18T04:29:32.367Z - info: Website generation (lazy) started at 12:29:30 pm
2023-07-18T04:29:42.134Z - info: Building assets...
2023-07-18T04:29:48.146Z - info: Assets built
2023-07-18T04:29:48.146Z - info: Generating landing page...
2023-07-18T04:29:48.872Z - info: Landing page built, other pages will be built as you navigate to them!
2023-07-18T04:29:49.789Z - info: Site data built
2023-07-18T04:29:49.790Z - info: Website generation (lazy) complete! Total build time: 19.432s
2023-07-18T04:29:50.669Z - info: Serving "C:\repos\nus-cs2103\cs2103-website-base\_site" at http://127.0.0.1:8080
2023-07-18T04:29:50.669Z - info: Press CTRL+C to stop ...
2023-07-18T04:31:49.089Z - info: Website generation started at 12:31:47 pm
2023-07-18T04:31:58.337Z - info: Building assets...
2023-07-18T04:32:05.761Z - info: Assets built
2023-07-18T04:32:05.762Z - info: Generating pages...
2023-07-18T04:32:18.373Z - debug:  
2023-07-18T04:32:18.374Z - debug:  
2023-07-18T04:32:18.375Z - debug:  
2023-07-18T04:32:18.375Z - debug:  
2023-07-18T04:32:18.376Z - debug:  
2023-07-18T04:32:18.380Z - debug:  
2023-07-18T04:32:18.380Z - debug:  
2023-07-18T04:32:18.381Z - debug:  
2023-07-18T04:32:18.381Z - debug:  
2023-07-18T04:32:18.383Z - debug:  
2023-07-18T04:32:18.384Z - debug:  
2023-07-18T04:32:18.389Z - debug:  
2023-07-18T04:32:18.389Z - debug:  
2023-07-18T04:32:18.389Z - debug:  
2023-07-18T04:32:20.174Z - debug:  
2023-07-18T04:32:20.174Z - debug:  
2023-07-18T04:34:08.005Z - debug:  
2023-07-18T04:34:21.269Z - debug:  
2023-07-18T04:34:21.327Z - debug:  
2023-07-18T04:34:27.305Z - info: Pages built
2023-07-18T04:34:28.153Z - info: Site data built
2023-07-18T04:34:28.153Z - info: Website generation complete! Total build time: 160.794s
2023-07-18T04:34:28.954Z - info: Serving "C:\repos\nus-cs2103\cs2103-website-base\_site" at http://127.0.0.1:8080
2023-07-18T04:34:28.954Z - info: Press CTRL+C to stop ...
2023-07-18T05:24:19.274Z - info: Website generation (lazy) started at 1:24:14 pm
2023-07-18T05:24:29.732Z - info: Building assets...
2023-07-18T05:24:36.076Z - info: Assets built
2023-07-18T05:24:36.077Z - info: Generating landing page...
2023-07-18T05:24:36.752Z - info: Landing page built, other pages will be built as you navigate to them!
2023-07-18T05:24:37.598Z - info: Site data built
2023-07-18T05:24:37.598Z - info: Website generation (lazy) complete! Total build time: 23.299s
2023-07-18T05:24:38.415Z - info: Serving "C:\repos\nus-cs2103\cs2103-website-base\_site" at http://127.0.0.1:8080
2023-07-18T05:24:38.415Z - info: Press CTRL+C to stop ...
2023-07-18T05:27:20.180Z - info: Building C:\repos\nus-cs2103\cs2103-website-base\schedule\week2\index as some of its dependencies were changed since the last visit
2023-07-18T05:27:21.179Z - info: Site data built
2023-07-18T05:27:21.180Z - info: Lazy website regeneration complete! Total build time: 1.001s
2023-07-18T05:28:09.245Z - info: Building C:\repos\nus-cs2103\cs2103-website-base\schedule\week2\topics as some of its dependencies were changed since the last visit
2023-07-18T05:28:11.513Z - info: Site data built
2023-07-18T05:28:11.513Z - info: Lazy website regeneration complete! Total build time: 2.268s
2023-07-18T05:30:40.733Z - info: Building C:\repos\nus-cs2103\cs2103-website-base\se-book-adapted\index as some of its dependencies were changed since the last visit
2023-07-18T05:30:41.120Z - info: Site data built
2023-07-18T05:30:41.121Z - info: Lazy website regeneration complete! Total build time: 0.388s
2023-07-18T05:30:51.318Z - info: Building C:\repos\nus-cs2103\cs2103-website-base\se-book-adapted\chapters\uml as some of its dependencies were changed since the last visit
2023-07-18T05:30:58.170Z - info: Site data built
2023-07-18T05:30:58.171Z - info: Lazy website regeneration complete! Total build time: 6.853s
2023-07-18T05:31:03.374Z - debug:  
2023-07-18T05:31:03.446Z - debug:  
2023-07-18T05:31:03.462Z - debug:  
2023-07-18T05:31:03.530Z - debug:  
2023-07-18T05:31:03.626Z - debug:  
2023-07-18T05:31:03.646Z - debug:  
2023-07-18T05:31:03.734Z - debug:  
2023-07-18T05:31:03.804Z - debug:  
2023-07-18T05:31:03.937Z - debug:  
2023-07-18T05:31:04.051Z - debug:  
2023-07-18T05:31:04.269Z - debug:  
2023-07-18T05:31:04.289Z - debug:  
2023-07-18T05:31:04.353Z - debug:  
2023-07-18T05:31:04.461Z - debug:  
2023-07-18T05:34:30.099Z - info: [1:34:30 pm] Reload for file change: C:\repos\nus-cs2103\cs2103-website-base\book\uml\miscellaneous\objectVsClassDiagrams\images\od-ChildOnly.puml
2023-07-18T05:34:30.100Z - info: Synchronizing opened pages list before reload
2023-07-18T05:34:30.100Z - info: Current opened pages, from most-to-least recent:
2023-07-18T05:34:30.100Z - info: 1. se-book-adapted/chapters/uml
2023-07-18T05:34:31.112Z - info: Rebuilding 1 pages
2023-07-18T05:34:34.978Z - info: Site data built
2023-07-18T05:34:34.978Z - info: Pages rebuilt
2023-07-18T05:34:34.979Z - info: Website regeneration complete! Total build time: 3.868s
2023-07-18T05:34:42.455Z - debug:  
2023-07-18T05:34:42.613Z - debug:  
2023-07-18T05:34:43.114Z - debug:  
2023-07-18T05:34:43.269Z - debug:  
2023-07-18T05:34:43.297Z - debug:  
2023-07-18T05:34:44.040Z - debug:  
2023-07-18T05:34:44.049Z - debug:  
2023-07-18T05:34:44.158Z - debug:  
2023-07-18T05:34:44.270Z - debug:  
2023-07-18T05:34:44.384Z - debug:  
2023-07-18T05:34:44.470Z - debug:  
2023-07-18T05:34:44.488Z - debug:  
2023-07-18T05:34:44.499Z - debug:  
2023-07-18T05:34:44.592Z - debug:  
2023-07-18T05:34:56.432Z - info: [1:34:56 pm] Reload for file change: C:\repos\nus-cs2103\cs2103-website-base\book\uml\miscellaneous\objectVsClassDiagrams\images\od-ParentAndChild.puml
2023-07-18T05:34:56.432Z - info: Synchronizing opened pages list before reload
2023-07-18T05:34:56.432Z - info: Current opened pages, from most-to-least recent:
2023-07-18T05:34:56.432Z - info: 1. se-book-adapted/chapters/uml
2023-07-18T05:34:57.433Z - info: Rebuilding 1 pages
2023-07-18T05:35:00.089Z - info: Site data built
2023-07-18T05:35:00.089Z - info: Pages rebuilt
2023-07-18T05:35:00.089Z - info: Website regeneration complete! Total build time: 2.656s
2023-07-18T05:35:09.443Z - debug:  
2023-07-18T05:35:09.653Z - info: [1:35:09 pm] Reload for file change: C:\repos\nus-cs2103\cs2103-website-base\book\uml\miscellaneous\objectVsClassDiagrams\images\od-ParentOnly.puml
2023-07-18T05:35:09.654Z - info: Synchronizing opened pages list before reload
2023-07-18T05:35:09.654Z - info: Current opened pages, from most-to-least recent:
2023-07-18T05:35:09.655Z - info: 1. se-book-adapted/chapters/uml
2023-07-18T05:35:09.775Z - debug:  
2023-07-18T05:35:09.971Z - debug:  
2023-07-18T05:35:10.532Z - debug:  
2023-07-18T05:35:10.547Z - debug:  
2023-07-18T05:35:10.650Z - debug:  
2023-07-18T05:35:10.659Z - info: Rebuilding 1 pages
2023-07-18T05:35:12.521Z - debug:  
2023-07-18T05:35:12.532Z - debug:  
2023-07-18T05:35:12.532Z - debug:  
2023-07-18T05:35:12.536Z - debug:  
2023-07-18T05:35:12.566Z - debug:  
2023-07-18T05:35:12.566Z - debug:  
2023-07-18T05:35:12.566Z - debug:  
2023-07-18T05:35:12.571Z - debug:  
2023-07-18T05:35:13.137Z - info: Site data built
2023-07-18T05:35:13.137Z - info: Pages rebuilt
2023-07-18T05:35:13.138Z - info: Website regeneration complete! Total build time: 2.481s
2023-07-18T05:35:21.967Z - debug:  
2023-07-18T05:35:22.073Z - debug:  
2023-07-18T05:35:22.400Z - debug:  
2023-07-18T05:35:22.502Z - debug:  
2023-07-18T05:35:22.616Z - debug:  
2023-07-18T05:35:22.747Z - debug:  
2023-07-18T05:35:22.963Z - debug:  
2023-07-18T05:35:22.986Z - debug:  
2023-07-18T05:35:23.052Z - debug:  
2023-07-18T05:35:23.127Z - debug:  
2023-07-18T05:35:23.151Z - debug:  
2023-07-18T05:35:23.241Z - debug:  
2023-07-18T05:35:23.254Z - debug:  
2023-07-18T05:35:23.267Z - debug:  
2023-07-18T05:35:31.656Z - info: [1:35:31 pm] Reload for file change: C:\repos\nus-cs2103\cs2103-website-base\book\uml\miscellaneous\objectVsClassDiagrams\images\od-StudentDegree.puml
2023-07-18T05:35:31.657Z - info: Synchronizing opened pages list before reload
2023-07-18T05:35:31.657Z - info: Current opened pages, from most-to-least recent:
2023-07-18T05:35:31.657Z - info: 1. se-book-adapted/chapters/uml
2023-07-18T05:35:32.672Z - info: Rebuilding 1 pages
2023-07-18T05:35:34.912Z - info: Site data built
2023-07-18T05:35:34.913Z - info: Pages rebuilt
2023-07-18T05:35:34.913Z - info: Website regeneration complete! Total build time: 2.243s
2023-07-18T05:35:44.610Z - debug:  
2023-07-18T05:35:44.929Z - debug:  
2023-07-18T05:35:44.945Z - debug:  
2023-07-18T05:35:45.378Z - debug:  
2023-07-18T05:35:45.386Z - debug:  
2023-07-18T05:35:45.579Z - debug:  
2023-07-18T05:35:45.644Z - debug:  
2023-07-18T05:35:45.764Z - debug:  
2023-07-18T05:35:45.778Z - debug:  
2023-07-18T05:35:45.852Z - debug:  
2023-07-18T05:35:45.986Z - debug:  
2023-07-18T05:35:46.073Z - debug:  
2023-07-18T05:35:46.093Z - debug:  
2023-07-18T05:35:46.103Z - debug:  
2023-07-18T05:39:38.814Z - info: [1:39:38 pm] Reload for file change: C:\repos\nus-cs2103\cs2103-website-base\book\uml\miscellaneous\objectVsClassDiagrams\images\od-StudentDegree.puml
2023-07-18T05:39:38.814Z - info: Synchronizing opened pages list before reload
2023-07-18T05:39:38.815Z - info: Current opened pages, from most-to-least recent:
2023-07-18T05:39:38.815Z - info: 1. se-book-adapted/chapters/uml
2023-07-18T05:39:39.830Z - info: Rebuilding 1 pages
2023-07-18T05:39:42.712Z - info: Site data built
2023-07-18T05:39:42.712Z - info: Pages rebuilt
2023-07-18T05:39:42.712Z - info: Website regeneration complete! Total build time: 2.883s
2023-07-18T05:39:50.050Z - debug:  
2023-07-18T05:39:50.078Z - debug:  
2023-07-18T05:39:50.099Z - debug:  
2023-07-18T05:39:50.123Z - info: [1:39:50 pm] Reload for file change: C:\repos\nus-cs2103\cs2103-website-base\book\uml\miscellaneous\objectVsClassDiagrams\images\cd-ParentAndChild.puml
2023-07-18T05:39:50.123Z - info: Synchronizing opened pages list before reload
2023-07-18T05:39:50.125Z - info: Current opened pages, from most-to-least recent:
2023-07-18T05:39:50.125Z - info: 1. se-book-adapted/chapters/uml
2023-07-18T05:39:50.457Z - debug:  
2023-07-18T05:39:50.585Z - debug:  
2023-07-18T05:39:51.105Z - debug:  
2023-07-18T05:39:51.129Z - debug:  
2023-07-18T05:39:51.136Z - info: Rebuilding 1 pages
2023-07-18T05:39:53.306Z - debug:  
2023-07-18T05:39:53.309Z - debug:  
2023-07-18T05:39:53.309Z - debug:  
2023-07-18T05:39:53.313Z - debug:  
2023-07-18T05:39:53.313Z - debug:  
2023-07-18T05:39:53.315Z - debug:  
2023-07-18T05:39:53.315Z - debug:  
2023-07-18T05:39:53.903Z - info: Site data built
2023-07-18T05:39:53.904Z - info: Pages rebuilt
2023-07-18T05:39:53.905Z - info: Website regeneration complete! Total build time: 2.77s
2023-07-18T05:40:01.355Z - debug:  
2023-07-18T05:40:01.918Z - debug:  
2023-07-18T05:40:02.245Z - debug:  
2023-07-18T05:40:02.342Z - debug:  
2023-07-18T05:40:02.361Z - debug:  
2023-07-18T05:40:02.456Z - debug:  
2023-07-18T05:40:02.488Z - debug:  
2023-07-18T05:40:02.498Z - debug:  
2023-07-18T05:40:02.662Z - debug:  
2023-07-18T05:40:02.674Z - debug:  
2023-07-18T05:40:02.773Z - debug:  
2023-07-18T05:40:02.784Z - debug:  
2023-07-18T05:40:02.890Z - debug:  
2023-07-18T05:40:03.008Z - debug:  
2023-07-18T05:40:05.745Z - info: [1:40:05 pm] Reload for file change: C:\repos\nus-cs2103\cs2103-website-base\book\uml\miscellaneous\objectVsClassDiagrams\images\cd-StudentDegree.puml
2023-07-18T05:40:05.746Z - info: Synchronizing opened pages list before reload
2023-07-18T05:40:05.746Z - info: Current opened pages, from most-to-least recent:
2023-07-18T05:40:05.746Z - info: 1. se-book-adapted/chapters/uml
2023-07-18T05:40:06.751Z - info: Rebuilding 1 pages
2023-07-18T05:40:08.717Z - info: Site data built
2023-07-18T05:40:08.718Z - info: Pages rebuilt
2023-07-18T05:40:08.719Z - info: Website regeneration complete! Total build time: 1.967s
2023-07-18T05:40:14.222Z - info: [1:40:14 pm] Reload for file change: C:\repos\nus-cs2103\cs2103-website-base\book\uml\miscellaneous\objectVsClassDiagrams\images\od-ChildOnly.puml
2023-07-18T05:40:14.223Z - info: Synchronizing opened pages list before reload
2023-07-18T05:40:14.223Z - info: Current opened pages, from most-to-least recent:
2023-07-18T05:40:14.223Z - info: 1. se-book-adapted/chapters/uml
2023-07-18T05:40:15.235Z - info: Rebuilding 1 pages
2023-07-18T05:40:18.380Z - debug: The process cannot access the file because it is being used by another process.

2023-07-18T05:40:18.380Z - debug: The process cannot access the file because it is being used by another process.

2023-07-18T05:40:18.382Z - debug: The process cannot access the file because it is being used by another process.

2023-07-18T05:40:18.383Z - debug: The process cannot access the file because it is being used by another process.

2023-07-18T05:40:18.383Z - debug: The process cannot access the file because it is being used by another process.

2023-07-18T05:40:18.384Z - debug: The process cannot access the file because it is being used by another process.

2023-07-18T05:40:18.384Z - debug: The process cannot access the file because it is being used by another process.

2023-07-18T05:40:18.385Z - debug: The process cannot access the file because it is being used by another process.

2023-07-18T05:40:18.385Z - debug: The process cannot access the file because it is being used by another process.

2023-07-18T05:40:18.385Z - debug: The process cannot access the file because it is being used by another process.

2023-07-18T05:40:18.386Z - debug: The process cannot access the file because it is being used by another process.

2023-07-18T05:40:18.393Z - debug: The process cannot access the file because it is being used by another process.

2023-07-18T05:40:18.393Z - debug: The process cannot access the file because it is being used by another process.

2023-07-18T05:40:18.393Z - debug: The process cannot access the file because it is being used by another process.

2023-07-18T05:40:18.396Z - debug:  
2023-07-18T05:40:18.396Z - debug:  
2023-07-18T05:40:18.402Z - debug:  
2023-07-18T05:40:18.443Z - debug:  
2023-07-18T05:40:18.667Z - debug:  
2023-07-18T05:40:18.708Z - debug:  
2023-07-18T05:40:18.736Z - info: Site data built
2023-07-18T05:40:18.736Z - info: Pages rebuilt
2023-07-18T05:40:18.737Z - info: Website regeneration complete! Total build time: 3.504s
2023-07-18T05:40:18.855Z - debug:  
2023-07-18T05:40:18.937Z - debug:  
2023-07-18T05:40:19.052Z - debug:  
2023-07-18T05:40:19.441Z - debug:  
2023-07-18T05:40:19.491Z - debug:  
2023-07-18T05:40:19.612Z - debug:  
2023-07-18T05:40:19.632Z - debug:  
2023-07-18T05:40:19.680Z - debug:  
2023-07-18T05:40:20.348Z - info: [1:40:20 pm] Reload for file change: C:\repos\nus-cs2103\cs2103-website-base\book\uml\miscellaneous\objectVsClassDiagrams\images\od-ParentAndChild.puml
2023-07-18T05:40:20.348Z - info: Synchronizing opened pages list before reload
2023-07-18T05:40:20.349Z - info: Current opened pages, from most-to-least recent:
2023-07-18T05:40:20.349Z - info: 1. se-book-adapted/chapters/uml
2023-07-18T05:40:21.356Z - info: Rebuilding 1 pages
2023-07-18T05:40:23.092Z - info: Site data built
2023-07-18T05:40:23.093Z - info: Pages rebuilt
2023-07-18T05:40:23.093Z - info: Website regeneration complete! Total build time: 1.738s
2023-07-18T05:40:24.558Z - info: [1:40:24 pm] Reload for file change: C:\repos\nus-cs2103\cs2103-website-base\book\uml\miscellaneous\objectVsClassDiagrams\images\od-ParentOnly.puml
2023-07-18T05:40:24.559Z - info: Synchronizing opened pages list before reload
2023-07-18T05:40:24.559Z - info: Current opened pages, from most-to-least recent:
2023-07-18T05:40:24.559Z - info: 1. se-book-adapted/chapters/uml
2023-07-18T05:40:25.567Z - info: Rebuilding 1 pages
2023-07-18T05:40:29.432Z - debug: The process cannot access the file because it is being used by another process.

2023-07-18T05:40:29.433Z - debug: The process cannot access the file because it is being used by another process.

2023-07-18T05:40:29.433Z - debug: The process cannot access the file because it is being used by another process.

2023-07-18T05:40:29.433Z - debug: The process cannot access the file because it is being used by another process.

2023-07-18T05:40:29.434Z - debug: The process cannot access the file because it is being used by another process.

2023-07-18T05:40:29.434Z - debug: The process cannot access the file because it is being used by another process.

2023-07-18T05:40:29.435Z - debug: The process cannot access the file because it is being used by another process.

2023-07-18T05:40:29.439Z - debug: The process cannot access the file because it is being used by another process.

2023-07-18T05:40:29.440Z - debug: The process cannot access the file because it is being used by another process.

2023-07-18T05:40:29.440Z - debug: The process cannot access the file because it is being used by another process.

2023-07-18T05:40:29.441Z - debug: The process cannot access the file because it is being used by another process.

2023-07-18T05:40:29.441Z - debug: The process cannot access the file because it is being used by another process.

2023-07-18T05:40:29.441Z - debug: The process cannot access the file because it is being used by another process.

2023-07-18T05:40:29.441Z - debug: The process cannot access the file because it is being used by another process.

2023-07-18T05:40:30.264Z - info: Site data built
2023-07-18T05:40:30.264Z - info: Pages rebuilt
2023-07-18T05:40:30.264Z - info: Website regeneration complete! Total build time: 4.698s
2023-07-18T05:40:33.800Z - debug:  
2023-07-18T05:40:33.831Z - debug:  
2023-07-18T05:40:33.925Z - debug:  
2023-07-18T05:40:34.120Z - debug:  
2023-07-18T05:40:34.251Z - debug:  
2023-07-18T05:40:34.365Z - debug:  
2023-07-18T05:40:34.546Z - debug:  
2023-07-18T05:40:34.561Z - debug:  
2023-07-18T05:40:34.582Z - debug:  
2023-07-18T05:40:34.672Z - debug:  
2023-07-18T05:40:34.692Z - debug:  
2023-07-18T05:40:34.710Z - debug:  
2023-07-18T05:40:34.775Z - debug:  
2023-07-18T05:40:34.861Z - debug:  
2023-07-18T05:40:59.799Z - info: [1:40:59 pm] Reload for file change: C:\repos\nus-cs2103\cs2103-website-base\book\uml\classDiagrams\classes\what\text.md
2023-07-18T05:40:59.799Z - info: Synchronizing opened pages list before reload
2023-07-18T05:40:59.800Z - info: Current opened pages, from most-to-least recent:
2023-07-18T05:40:59.800Z - info: 1. se-book-adapted/chapters/uml
2023-07-18T05:40:59.822Z - info: [1:40:59 pm] Reload for file change: C:\repos\nus-cs2103\cs2103-website-base\book\oop\inheritance\substitutability\text.md
2023-07-18T05:40:59.822Z - info: Synchronizing opened pages list before reload
2023-07-18T05:40:59.823Z - info: Current opened pages, from most-to-least recent:
2023-07-18T05:40:59.823Z - info: 1. se-book-adapted/chapters/uml
2023-07-18T05:41:00.811Z - info: Rebuilding 1 pages
2023-07-18T05:41:03.069Z - info: Assets built
2023-07-18T05:41:03.945Z - info: Site data built
2023-07-18T05:41:03.945Z - info: Pages rebuilt
2023-07-18T05:41:03.945Z - info: Website regeneration complete! Total build time: 3.136s
2023-07-18T05:41:12.406Z - debug:  
2023-07-18T05:41:12.596Z - debug:  
2023-07-18T05:41:12.716Z - debug:  
2023-07-18T05:41:13.137Z - debug:  
2023-07-18T05:41:13.161Z - debug:  
2023-07-18T05:41:13.234Z - debug:  
2023-07-18T05:41:13.365Z - debug:  
2023-07-18T05:41:13.387Z - debug:  
2023-07-18T05:41:13.458Z - debug:  
2023-07-18T05:41:13.560Z - debug:  
2023-07-18T05:41:13.659Z - debug:  
2023-07-18T05:41:13.777Z - debug:  
2023-07-18T05:41:13.860Z - debug:  
2023-07-18T05:41:13.889Z - debug:  
2023-07-18T05:50:29.881Z - info: [1:50:29 pm] Reload for file change: C:\repos\nus-cs2103\cs2103-website-base\book\testCaseDesign\summary\exercises\q-essay-setWife.md
2023-07-18T05:50:29.881Z - info: Synchronizing opened pages list before reload
2023-07-18T05:50:29.881Z - info: Current opened pages, from most-to-least recent:
2023-07-18T05:50:29.882Z - info: 1. se-book-adapted/chapters/uml
2023-07-18T05:50:29.889Z - info: [1:50:29 pm] Reload for file change: C:\repos\nus-cs2103\cs2103-website-base\book\principles\brooksLaw\q-essay-brooks.md
2023-07-18T05:50:29.889Z - info: Synchronizing opened pages list before reload
2023-07-18T05:50:29.889Z - info: Current opened pages, from most-to-least recent:
2023-07-18T05:50:29.889Z - info: 1. se-book-adapted/chapters/uml
2023-07-18T05:50:29.905Z - info: [1:50:29 pm] Reload for file change: C:\repos\nus-cs2103\cs2103-website-base\book\testCaseDesign\introduction\what\q-essay-minesweeper.md
2023-07-18T05:50:29.905Z - info: Synchronizing opened pages list before reload
2023-07-18T05:50:29.905Z - info: Current opened pages, from most-to-least recent:
2023-07-18T05:50:29.905Z - info: 1. se-book-adapted/chapters/uml
2023-07-18T05:50:29.918Z - info: [1:50:29 pm] Reload for file change: C:\repos\nus-cs2103\cs2103-website-base\book\designPatterns\observer\what\q-essay-polymorphismInObserver.md
2023-07-18T05:50:29.918Z - info: Synchronizing opened pages list before reload
2023-07-18T05:50:29.918Z - info: Current opened pages, from most-to-least recent:
2023-07-18T05:50:29.919Z - info: 1. se-book-adapted/chapters/uml
2023-07-18T05:50:29.931Z - info: [1:50:29 pm] Reload for file change: C:\repos\nus-cs2103\cs2103-website-base\book\oop\objects\what\q-essay-describeObjectInScenario.md
2023-07-18T05:50:29.931Z - info: Synchronizing opened pages list before reload
2023-07-18T05:50:29.931Z - info: Current opened pages, from most-to-least recent:
2023-07-18T05:50:29.931Z - info: 1. se-book-adapted/chapters/uml
2023-07-18T05:50:29.939Z - info: [1:50:29 pm] Reload for file change: C:\repos\nus-cs2103\cs2103-website-base\book\softwareEngineering\introduction\prosAndCons\q-essay-codingAsManufacturing.md
2023-07-18T05:50:29.939Z - info: Synchronizing opened pages list before reload
2023-07-18T05:50:29.939Z - info: Current opened pages, from most-to-least recent:
2023-07-18T05:50:29.939Z - info: 1. se-book-adapted/chapters/uml
2023-07-18T05:50:29.962Z - info: [1:50:29 pm] Reload for file change: C:\repos\nus-cs2103\cs2103-website-base\book\errorHandling\defensiveProgramming\referentialIntegrity\q-essay-minesweeper.md
2023-07-18T05:50:29.962Z - info: Synchronizing opened pages list before reload
2023-07-18T05:50:29.962Z - info: Current opened pages, from most-to-least recent:
2023-07-18T05:50:29.962Z - info: 1. se-book-adapted/chapters/uml
2023-07-18T05:50:29.979Z - info: [1:50:29 pm] Reload for file change: C:\repos\nus-cs2103\cs2103-website-base\book\integration\approaches\topDownVsBottomUp\q-essay-integration.md
2023-07-18T05:50:29.979Z - info: Synchronizing opened pages list before reload
2023-07-18T05:50:29.980Z - info: Current opened pages, from most-to-least recent:
2023-07-18T05:50:29.980Z - info: 1. se-book-adapted/chapters/uml
2023-07-18T05:50:30.010Z - info: [1:50:30 pm] Reload for file change: C:\repos\nus-cs2103\cs2103-website-base\book\specifyingRequirements\useCases\details\q-use-case-learnsys.md
2023-07-18T05:50:30.011Z - info: Synchronizing opened pages list before reload
2023-07-18T05:50:30.011Z - info: Current opened pages, from most-to-least recent:
2023-07-18T05:50:30.011Z - info: 1. se-book-adapted/chapters/uml
2023-07-18T05:50:30.034Z - info: [1:50:30 pm] Reload for file change: C:\repos\nus-cs2103\cs2103-website-base\book\testCaseDesign\summary\exercises\q-essay-matricNumbers.md
2023-07-18T05:50:30.036Z - info: Synchronizing opened pages list before reload
2023-07-18T05:50:30.036Z - info: Current opened pages, from most-to-least recent:
2023-07-18T05:50:30.036Z - info: 1. se-book-adapted/chapters/uml
2023-07-18T05:50:30.054Z - info: [1:50:30 pm] Reload for file change: C:\repos\nus-cs2103\cs2103-website-base\book\specifyingRequirements\userStories\introduction\q-essay-critiqueUserStory.md
2023-07-18T05:50:30.055Z - info: Synchronizing opened pages list before reload
2023-07-18T05:50:30.055Z - info: Current opened pages, from most-to-least recent:
2023-07-18T05:50:30.055Z - info: 1. se-book-adapted/chapters/uml
2023-07-18T05:50:30.072Z - info: [1:50:30 pm] Reload for file change: C:\repos\nus-cs2103\cs2103-website-base\book\testCaseDesign\summary\exercises\q-essay-isValidDate.md
2023-07-18T05:50:30.072Z - info: Synchronizing opened pages list before reload
2023-07-18T05:50:30.072Z - info: Current opened pages, from most-to-least recent:
2023-07-18T05:50:30.072Z - info: 1. se-book-adapted/chapters/uml
2023-07-18T05:50:30.087Z - info: [1:50:30 pm] Reload for file change: C:\repos\nus-cs2103\cs2103-website-base\book\designPatterns\more\otherTypesOfPatterns\q-essay-patterns.md
2023-07-18T05:50:30.087Z - info: Synchronizing opened pages list before reload
2023-07-18T05:50:30.087Z - info: Current opened pages, from most-to-least recent:
2023-07-18T05:50:30.087Z - info: 1. se-book-adapted/chapters/uml
2023-07-18T05:50:30.101Z - info: [1:50:30 pm] Reload for file change: C:\repos\nus-cs2103\cs2103-website-base\book\revisionControl\repositories\q-essay-repo-definition.md
2023-07-18T05:50:30.102Z - info: Synchronizing opened pages list before reload
2023-07-18T05:50:30.102Z - info: Current opened pages, from most-to-least recent:
2023-07-18T05:50:30.103Z - info: 1. se-book-adapted/chapters/uml
2023-07-18T05:50:30.120Z - info: [1:50:30 pm] Reload for file change: C:\repos\nus-cs2103\cs2103-website-base\book\designPatterns\more\combiningDesignPatterns\q-essay-getNotified.md
2023-07-18T05:50:30.120Z - info: Synchronizing opened pages list before reload
2023-07-18T05:50:30.120Z - info: Current opened pages, from most-to-least recent:
2023-07-18T05:50:30.120Z - info: 1. se-book-adapted/chapters/uml
2023-07-18T05:50:30.135Z - info: [1:50:30 pm] Reload for file change: C:\repos\nus-cs2103\cs2103-website-base\book\oop\classes\what\q-essay-classesForCityConnect.md
2023-07-18T05:50:30.135Z - info: Synchronizing opened pages list before reload
2023-07-18T05:50:30.135Z - info: Current opened pages, from most-to-least recent:
2023-07-18T05:50:30.135Z - info: 1. se-book-adapted/chapters/uml
2023-07-18T05:50:30.144Z - info: [1:50:30 pm] Reload for file change: C:\repos\nus-cs2103\cs2103-website-base\book\designFundamentals\coupling\what\q-essay-regression-coupling.md
2023-07-18T05:50:30.144Z - info: Synchronizing opened pages list before reload
2023-07-18T05:50:30.144Z - info: Current opened pages, from most-to-least recent:
2023-07-18T05:50:30.144Z - info: 1. se-book-adapted/chapters/uml
2023-07-18T05:50:30.157Z - info: [1:50:30 pm] Reload for file change: C:\repos\nus-cs2103\cs2103-website-base\book\specifyingRequirements\userStories\introduction\q-essay-hrUserStories.md
2023-07-18T05:50:30.158Z - info: Synchronizing opened pages list before reload
2023-07-18T05:50:30.158Z - info: Current opened pages, from most-to-least recent:
2023-07-18T05:50:30.158Z - info: 1. se-book-adapted/chapters/uml
2023-07-18T05:50:30.171Z - info: [1:50:30 pm] Reload for file change: C:\repos\nus-cs2103\cs2103-website-base\book\errorHandling\defensiveProgramming\referentialIntegrity\q-essay-defensive.md
2023-07-18T05:50:30.171Z - info: Synchronizing opened pages list before reload
2023-07-18T05:50:30.171Z - info: Current opened pages, from most-to-least recent:
2023-07-18T05:50:30.171Z - info: 1. se-book-adapted/chapters/uml
2023-07-18T05:50:30.193Z - info: [1:50:30 pm] Reload for file change: C:\repos\nus-cs2103\cs2103-website-base\book\designFundamentals\coupling\what\q-essay-coupling-levels.md
2023-07-18T05:50:30.193Z - info: Synchronizing opened pages list before reload
2023-07-18T05:50:30.194Z - info: Current opened pages, from most-to-least recent:
2023-07-18T05:50:30.194Z - info: 1. se-book-adapted/chapters/uml
2023-07-18T05:50:30.204Z - info: [1:50:30 pm] Reload for file change: C:\repos\nus-cs2103\cs2103-website-base\book\softwareEngineering\introduction\prosAndCons\q-essay-listProsAndCons.md
2023-07-18T05:50:30.204Z - info: Synchronizing opened pages list before reload
2023-07-18T05:50:30.205Z - info: Current opened pages, from most-to-least recent:
2023-07-18T05:50:30.205Z - info: 1. se-book-adapted/chapters/uml
2023-07-18T05:50:30.222Z - info: [1:50:30 pm] Reload for file change: C:\repos\nus-cs2103\cs2103-website-base\book\errorHandling\defensiveProgramming\referentialIntegrity\q-essay-bank.md
2023-07-18T05:50:30.222Z - info: Synchronizing opened pages list before reload
2023-07-18T05:50:30.222Z - info: Current opened pages, from most-to-least recent:
2023-07-18T05:50:30.222Z - info: 1. se-book-adapted/chapters/uml
2023-07-18T05:50:30.242Z - info: [1:50:30 pm] Reload for file change: C:\repos\nus-cs2103\cs2103-website-base\book\processModels\summary\recap\q-essay-sequentialIterative.md
2023-07-18T05:50:30.242Z - info: Synchronizing opened pages list before reload
2023-07-18T05:50:30.242Z - info: Current opened pages, from most-to-least recent:
2023-07-18T05:50:30.242Z - info: 1. se-book-adapted/chapters/uml
2023-07-18T05:50:30.258Z - info: [1:50:30 pm] Reload for file change: C:\repos\nus-cs2103\cs2103-website-base\book\designPatterns\abstractionOccurrence\what\q-essay-whichPair.md
2023-07-18T05:50:30.258Z - info: Synchronizing opened pages list before reload
2023-07-18T05:50:30.258Z - info: Current opened pages, from most-to-least recent:
2023-07-18T05:50:30.259Z - info: 1. se-book-adapted/chapters/uml
2023-07-18T05:50:30.278Z - info: [1:50:30 pm] Reload for file change: C:\repos\nus-cs2103\cs2103-website-base\book\testCaseDesign\summary\exercises\q-essay-dispatchResources.md
2023-07-18T05:50:30.278Z - info: Synchronizing opened pages list before reload
2023-07-18T05:50:30.278Z - info: Current opened pages, from most-to-least recent:
2023-07-18T05:50:30.278Z - info: 1. se-book-adapted/chapters/uml
2023-07-18T05:50:30.292Z - info: [1:50:30 pm] Reload for file change: C:\repos\nus-cs2103\cs2103-website-base\book\refactoring\what\q-essay-refactoringAndRegressionTesting.md
2023-07-18T05:50:30.292Z - info: Synchronizing opened pages list before reload
2023-07-18T05:50:30.293Z - info: Current opened pages, from most-to-least recent:
2023-07-18T05:50:30.293Z - info: 1. se-book-adapted/chapters/uml
2023-07-18T05:50:30.307Z - info: [1:50:30 pm] Reload for file change: C:\repos\nus-cs2103\cs2103-website-base\book\softwareEngineering\introduction\prosAndCons\q-essay-softwareVsBridges.md
2023-07-18T05:50:30.307Z - info: Synchronizing opened pages list before reload
2023-07-18T05:50:30.307Z - info: Current opened pages, from most-to-least recent:
2023-07-18T05:50:30.307Z - info: 1. se-book-adapted/chapters/uml
2023-07-18T05:50:30.325Z - info: [1:50:30 pm] Reload for file change: C:\repos\nus-cs2103\cs2103-website-base\book\designFundamentals\cohesion\how\q-essay-emailMessage.md
2023-07-18T05:50:30.325Z - info: Synchronizing opened pages list before reload
2023-07-18T05:50:30.325Z - info: Current opened pages, from most-to-least recent:
2023-07-18T05:50:30.325Z - info: 1. se-book-adapted/chapters/uml
2023-07-18T05:50:30.343Z - info: [1:50:30 pm] Reload for file change: C:\repos\nus-cs2103\cs2103-website-base\book\errorHandling\defensiveProgramming\compulsoryAssociations\q-essay-manager.md
2023-07-18T05:50:30.343Z - info: Synchronizing opened pages list before reload
2023-07-18T05:50:30.344Z - info: Current opened pages, from most-to-least recent:
2023-07-18T05:50:30.344Z - info: 1. se-book-adapted/chapters/uml
2023-07-18T05:50:30.364Z - info: [1:50:30 pm] Reload for file change: C:\repos\nus-cs2103\cs2103-website-base\book\principles\lawOfDemeter\q-essay-demeter.md
2023-07-18T05:50:30.364Z - info: Synchronizing opened pages list before reload
2023-07-18T05:50:30.364Z - info: Current opened pages, from most-to-least recent:
2023-07-18T05:50:30.364Z - info: 1. se-book-adapted/chapters/uml
2023-07-18T05:50:30.382Z - info: [1:50:30 pm] Reload for file change: C:\repos\nus-cs2103\cs2103-website-base\book\testCaseDesign\introduction\what\q-essay-triangleDetector.md
2023-07-18T05:50:30.383Z - info: Synchronizing opened pages list before reload
2023-07-18T05:50:30.383Z - info: Current opened pages, from most-to-least recent:
2023-07-18T05:50:30.383Z - info: 1. se-book-adapted/chapters/uml
2023-07-18T05:50:30.400Z - info: [1:50:30 pm] Reload for file change: C:\repos\nus-cs2103\cs2103-website-base\book\integration\approaches\bigBangVsIncremental\q-essay-integration.md
2023-07-18T05:50:30.400Z - info: Synchronizing opened pages list before reload
2023-07-18T05:50:30.400Z - info: Current opened pages, from most-to-least recent:
2023-07-18T05:50:30.401Z - info: 1. se-book-adapted/chapters/uml
2023-07-18T05:50:30.419Z - info: [1:50:30 pm] Reload for file change: C:\repos\nus-cs2103\cs2103-website-base\book\architecture\architecturalStyles\more\usingStyles\q-essay-styleExamples.md
2023-07-18T05:50:30.420Z - info: Synchronizing opened pages list before reload
2023-07-18T05:50:30.420Z - info: Current opened pages, from most-to-least recent:
2023-07-18T05:50:30.420Z - info: 1. se-book-adapted/chapters/uml
2023-07-18T05:50:30.440Z - info: [1:50:30 pm] Reload for file change: C:\repos\nus-cs2103\cs2103-website-base\book\errorHandling\defensiveProgramming\compulsoryAssociations\q-essay-marriage.md
2023-07-18T05:50:30.441Z - info: Synchronizing opened pages list before reload
2023-07-18T05:50:30.441Z - info: Current opened pages, from most-to-least recent:
2023-07-18T05:50:30.442Z - info: 1. se-book-adapted/chapters/uml
2023-07-18T05:50:30.463Z - info: [1:50:30 pm] Reload for file change: C:\repos\nus-cs2103\cs2103-website-base\book\processModels\summary\recap\q-essay-agilePairTDD.md
2023-07-18T05:50:30.464Z - info: Synchronizing opened pages list before reload
2023-07-18T05:50:30.464Z - info: Current opened pages, from most-to-least recent:
2023-07-18T05:50:30.464Z - info: 1. se-book-adapted/chapters/uml
2023-07-18T05:50:30.480Z - info: [1:50:30 pm] Reload for file change: C:\repos\nus-cs2103\cs2103-website-base\book\testCaseDesign\summary\exercises\q-essay-addItem.md
2023-07-18T05:50:30.480Z - info: Synchronizing opened pages list before reload
2023-07-18T05:50:30.480Z - info: Current opened pages, from most-to-least recent:
2023-07-18T05:50:30.481Z - info: 1. se-book-adapted/chapters/uml
2023-07-18T05:50:30.498Z - info: [1:50:30 pm] Reload for file change: C:\repos\nus-cs2103\cs2103-website-base\book\combined\exercises\reviewCliAppCode.md
2023-07-18T05:50:30.498Z - info: Synchronizing opened pages list before reload
2023-07-18T05:50:30.498Z - info: Current opened pages, from most-to-least recent:
2023-07-18T05:50:30.498Z - info: 1. se-book-adapted/chapters/uml
2023-07-18T05:50:30.525Z - info: [1:50:30 pm] Reload for file change: C:\repos\nus-cs2103\cs2103-website-base\book\reuse\introduction\when\q-essay-intro.md
2023-07-18T05:50:30.529Z - info: Synchronizing opened pages list before reload
2023-07-18T05:50:30.530Z - info: Current opened pages, from most-to-least recent:
2023-07-18T05:50:30.530Z - info: 1. se-book-adapted/chapters/uml
2023-07-18T05:50:30.547Z - info: [1:50:30 pm] Reload for file change: C:\repos\nus-cs2103\cs2103-website-base\book\errorHandling\defensiveProgramming\compulsoryAssociations\q-essay-account.md
2023-07-18T05:50:30.548Z - info: Synchronizing opened pages list before reload
2023-07-18T05:50:30.548Z - info: Current opened pages, from most-to-least recent:
2023-07-18T05:50:30.548Z - info: 1. se-book-adapted/chapters/uml
2023-07-18T05:50:30.571Z - info: [1:50:30 pm] Reload for file change: C:\repos\nus-cs2103\cs2103-website-base\book\specifyingRequirements\useCases\details\q-use-case-ez-link.md
2023-07-18T05:50:30.572Z - info: Synchronizing opened pages list before reload
2023-07-18T05:50:30.572Z - info: Current opened pages, from most-to-least recent:
2023-07-18T05:50:30.572Z - info: 1. se-book-adapted/chapters/uml
2023-07-18T05:50:30.587Z - info: [1:50:30 pm] Reload for file change: C:\repos\nus-cs2103\cs2103-website-base\book\uml\classDiagrams\enumerations\what\q-essay-defineWeekDays.md
2023-07-18T05:50:30.588Z - info: Synchronizing opened pages list before reload
2023-07-18T05:50:30.588Z - info: Current opened pages, from most-to-least recent:
2023-07-18T05:50:30.588Z - info: 1. se-book-adapted/chapters/uml
2023-07-18T05:50:30.614Z - info: [1:50:30 pm] Reload for file change: C:\repos\nus-cs2103\cs2103-website-base\book\designFundamentals\coupling\what\q-essay-coupling-testability.md
2023-07-18T05:50:30.614Z - info: Synchronizing opened pages list before reload
2023-07-18T05:50:30.614Z - info: Current opened pages, from most-to-least recent:
2023-07-18T05:50:30.614Z - info: 1. se-book-adapted/chapters/uml
2023-07-18T05:50:30.640Z - info: [1:50:30 pm] Reload for file change: C:\repos\nus-cs2103\cs2103-website-base\book\testing\testingTypes\developerTesting\why\q-essay-developer.md
2023-07-18T05:50:30.640Z - info: Synchronizing opened pages list before reload
2023-07-18T05:50:30.641Z - info: Current opened pages, from most-to-least recent:
2023-07-18T05:50:30.641Z - info: 1. se-book-adapted/chapters/uml
2023-07-18T05:50:30.659Z - info: [1:50:30 pm] Reload for file change: C:\repos\nus-cs2103\cs2103-website-base\book\testing\testingTypes\exploratoryVsScriptedTesting\what\q-essay-exploratory.md
2023-07-18T05:50:30.659Z - info: Synchronizing opened pages list before reload
2023-07-18T05:50:30.659Z - info: Current opened pages, from most-to-least recent:
2023-07-18T05:50:30.659Z - info: 1. se-book-adapted/chapters/uml
2023-07-18T05:50:30.889Z - info: Assets built
2023-07-18T05:50:30.948Z - info: Rebuilding 1 pages
2023-07-18T05:50:33.861Z - info: Site data built
2023-07-18T05:50:33.861Z - info: Pages rebuilt
2023-07-18T05:50:33.862Z - info: Website regeneration complete! Total build time: 2.915s
2023-07-18T05:50:41.377Z - debug:  
2023-07-18T05:50:41.607Z - debug:  
2023-07-18T05:50:41.657Z - debug:  
2023-07-18T05:50:41.758Z - debug:  
2023-07-18T05:50:42.096Z - debug:  
2023-07-18T05:50:42.261Z - debug:  
2023-07-18T05:50:42.287Z - debug:  
2023-07-18T05:50:42.317Z - debug:  
2023-07-18T05:50:42.468Z - debug:  
2023-07-18T05:50:42.481Z - debug:  
2023-07-18T05:50:42.498Z - debug:  
2023-07-18T05:50:42.557Z - debug:  
2023-07-18T05:50:42.584Z - debug:  
2023-07-18T05:50:42.601Z - debug:  
2023-07-18T05:56:35.773Z - info: [1:56:35 pm] Reload for file change: C:\repos\nus-cs2103\cs2103-website-base\book\uml\activityDiagrams\basicNotations\linearPaths\q-tick-correctNotation.md
2023-07-18T05:56:35.774Z - info: Synchronizing opened pages list before reload
2023-07-18T05:56:35.774Z - info: Current opened pages, from most-to-least recent:
2023-07-18T05:56:35.774Z - info: 1. se-book-adapted/chapters/uml
2023-07-18T05:56:36.783Z - info: Rebuilding 1 pages
2023-07-18T05:56:39.611Z - info: Site data built
2023-07-18T05:56:39.611Z - info: Pages rebuilt
2023-07-18T05:56:39.614Z - info: Website regeneration complete! Total build time: 2.833s
2023-07-18T05:56:46.484Z - debug:  
2023-07-18T05:56:46.611Z - debug:  
2023-07-18T05:56:47.123Z - debug:  
2023-07-18T05:56:47.181Z - debug:  
2023-07-18T05:56:47.499Z - debug:  
2023-07-18T05:56:47.514Z - debug:  
2023-07-18T05:56:47.611Z - debug:  
2023-07-18T05:56:47.691Z - debug:  
2023-07-18T05:56:47.713Z - debug:  
2023-07-18T05:56:47.757Z - debug:  
2023-07-18T05:56:47.819Z - debug:  
2023-07-18T05:56:47.901Z - debug:  
2023-07-18T05:56:48.060Z - debug:  
2023-07-18T05:56:48.081Z - debug:  
2023-07-18T05:57:15.558Z - info: [1:57:15 pm] Reload for file change: C:\repos\nus-cs2103\cs2103-website-base\book\uml\activityDiagrams\basicNotations\linearPaths\q-tick-correctNotation.md
2023-07-18T05:57:15.559Z - info: Synchronizing opened pages list before reload
2023-07-18T05:57:15.559Z - info: Current opened pages, from most-to-least recent:
2023-07-18T05:57:15.559Z - info: 1. se-book-adapted/chapters/uml
2023-07-18T05:57:16.572Z - info: Rebuilding 1 pages
2023-07-18T05:57:19.995Z - info: Site data built
2023-07-18T05:57:19.996Z - info: Pages rebuilt
2023-07-18T05:57:19.996Z - info: Website regeneration complete! Total build time: 3.424s
2023-07-18T05:57:27.034Z - debug:  
2023-07-18T05:57:27.170Z - debug:  
2023-07-18T05:57:27.598Z - debug:  
2023-07-18T05:57:27.829Z - debug:  
2023-07-18T05:57:27.929Z - debug:  
2023-07-18T05:57:28.041Z - debug:  
2023-07-18T05:57:28.154Z - debug:  
2023-07-18T05:57:28.180Z - debug:  
2023-07-18T05:57:28.250Z - debug:  
2023-07-18T05:57:28.279Z - debug:  
2023-07-18T05:57:28.422Z - debug:  
2023-07-18T05:57:28.590Z - debug:  
2023-07-18T05:57:28.688Z - debug:  
2023-07-18T05:57:28.827Z - debug:  
2023-07-18T06:00:33.281Z - info: [2:00:33 pm] Reload for file change: C:\repos\nus-cs2103\cs2103-website-base\book\_markbind\variables.md
2023-07-18T06:00:33.282Z - info: Synchronizing opened pages list before reload
2023-07-18T06:00:33.282Z - info: Current opened pages, from most-to-least recent:
2023-07-18T06:00:33.282Z - info: 1. se-book-adapted/chapters/uml
2023-07-18T06:00:33.302Z - info: [2:00:33 pm] Reload for file change: C:\repos\nus-cs2103\cs2103-website-base\book\uml\activityDiagrams\basicNotations\linearPaths\q-tick-correctNotation.md
2023-07-18T06:00:33.302Z - info: Synchronizing opened pages list before reload
2023-07-18T06:00:33.302Z - info: Current opened pages, from most-to-least recent:
2023-07-18T06:00:33.302Z - info: 1. se-book-adapted/chapters/uml
2023-07-18T06:00:34.286Z - info: Rebuilding 1 pages
2023-07-18T06:00:36.501Z - info: Site data built
2023-07-18T06:00:36.502Z - info: Pages rebuilt
2023-07-18T06:00:36.502Z - info: Website regeneration complete! Total build time: 2.219s
2023-07-18T06:00:45.104Z - debug:  
2023-07-18T06:00:45.282Z - debug:  
2023-07-18T06:00:45.401Z - debug:  
2023-07-18T06:00:45.732Z - debug:  
2023-07-18T06:00:45.843Z - debug:  
2023-07-18T06:00:45.897Z - debug:  
2023-07-18T06:00:45.980Z - debug:  
2023-07-18T06:00:46.263Z - debug:  
2023-07-18T06:00:46.282Z - debug:  
2023-07-18T06:00:46.304Z - debug:  
2023-07-18T06:00:46.350Z - debug:  
2023-07-18T06:00:46.467Z - debug:  
2023-07-18T06:00:46.793Z - debug:  
2023-07-18T06:00:47.010Z - debug:  
2023-07-18T06:02:02.635Z - info: Website generation (lazy) started at 2:02:00 pm
2023-07-18T06:02:12.310Z - info: Building assets...
2023-07-18T06:02:18.392Z - info: Assets built
2023-07-18T06:02:18.393Z - info: Generating landing page...
2023-07-18T06:02:19.086Z - info: Landing page built, other pages will be built as you navigate to them!
2023-07-18T06:02:19.960Z - info: Site data built
2023-07-18T06:02:19.960Z - info: Website generation (lazy) complete! Total build time: 19.183s
2023-07-18T06:02:20.848Z - info: Serving "C:\repos\nus-cs2103\cs2103-website-base\_site" at http://127.0.0.1:8080
2023-07-18T06:02:20.849Z - info: Press CTRL+C to stop ...
2023-07-18T06:04:42.133Z - info: Building C:\repos\nus-cs2103\cs2103-website-base\se-book-adapted\chapters\uml as some of its dependencies were changed since the last visit
2023-07-18T06:04:46.999Z - info: Site data built
2023-07-18T06:04:47.000Z - info: Lazy website regeneration complete! Total build time: 4.872s
2023-07-18T06:04:53.629Z - debug:  
2023-07-18T06:04:53.720Z - debug:  
2023-07-18T06:04:53.746Z - debug:  
2023-07-18T06:04:53.845Z - debug:  
2023-07-18T06:04:53.947Z - debug:  
2023-07-18T06:04:54.128Z - debug:  
2023-07-18T06:04:54.213Z - debug:  
2023-07-18T06:04:54.447Z - debug:  
2023-07-18T06:04:54.455Z - debug:  
2023-07-18T06:04:54.525Z - debug:  
2023-07-18T06:04:54.563Z - debug:  
2023-07-18T06:04:54.633Z - debug:  
2023-07-18T06:04:54.654Z - debug:  
2023-07-18T06:04:54.676Z - debug:  
2023-07-18T06:06:37.153Z - info: [2:06:37 pm] Reload for file change: C:\repos\nus-cs2103\cs2103-website-base\book\uml\activityDiagrams\basicNotations\linearPaths\q-tick-correctNotation.md
2023-07-18T06:06:37.154Z - info: Synchronizing opened pages list before reload
2023-07-18T06:06:37.155Z - info: Current opened pages, from most-to-least recent:
2023-07-18T06:06:37.155Z - info: 1. se-book-adapted/chapters/uml
2023-07-18T06:06:38.167Z - info: Rebuilding 1 pages
2023-07-18T06:06:42.196Z - info: Site data built
2023-07-18T06:06:42.208Z - info: Pages rebuilt
2023-07-18T06:06:42.209Z - info: Website regeneration complete! Total build time: 4.042s
2023-07-18T06:06:49.228Z - debug:  
2023-07-18T06:06:49.341Z - debug:  
2023-07-18T06:06:49.389Z - debug:  
2023-07-18T06:06:49.407Z - debug:  
2023-07-18T06:06:49.643Z - debug:  
2023-07-18T06:06:49.747Z - debug:  
2023-07-18T06:06:49.769Z - debug:  
2023-07-18T06:06:49.791Z - debug:  
2023-07-18T06:06:49.877Z - debug:  
2023-07-18T06:06:49.915Z - debug:  
2023-07-18T06:06:49.992Z - debug:  
2023-07-18T06:06:50.026Z - debug:  
2023-07-18T06:06:50.311Z - debug:  
2023-07-18T06:06:50.336Z - debug:  
2023-07-18T06:07:40.732Z - info: [2:07:40 pm] Reload for file change: C:\repos\nus-cs2103\cs2103-website-base\book\uml\activityDiagrams\basicNotations\linearPaths\q-tick-correctNotation.md
2023-07-18T06:07:40.733Z - info: Synchronizing opened pages list before reload
2023-07-18T06:07:40.733Z - info: Current opened pages, from most-to-least recent:
2023-07-18T06:07:40.733Z - info: 1. se-book-adapted/chapters/uml
2023-07-18T06:07:41.750Z - info: Rebuilding 1 pages
2023-07-18T06:07:44.559Z - info: Site data built
2023-07-18T06:07:44.559Z - info: Pages rebuilt
2023-07-18T06:07:44.560Z - info: Website regeneration complete! Total build time: 2.811s
2023-07-18T06:07:52.346Z - debug:  
2023-07-18T06:07:52.737Z - debug:  
2023-07-18T06:07:52.794Z - debug:  
2023-07-18T06:07:52.906Z - debug:  
2023-07-18T06:07:53.206Z - debug:  
2023-07-18T06:07:53.249Z - debug:  
2023-07-18T06:07:53.405Z - debug:  
2023-07-18T06:07:53.528Z - debug:  
2023-07-18T06:07:53.566Z - debug:  
2023-07-18T06:07:53.631Z - debug:  
2023-07-18T06:07:53.834Z - debug:  
2023-07-18T06:07:53.958Z - debug:  
2023-07-18T06:07:54.150Z - debug:  
2023-07-18T06:07:54.259Z - debug:  
2023-07-18T06:11:11.893Z - info: [2:11:11 pm] Reload for file change: C:\repos\nus-cs2103\cs2103-website-base\book\uml\activityDiagrams\basicNotations\linearPaths\exercises.md
2023-07-18T06:11:11.893Z - info: Synchronizing opened pages list before reload
2023-07-18T06:11:11.894Z - info: Current opened pages, from most-to-least recent:
2023-07-18T06:11:11.894Z - info: 1. se-book-adapted/chapters/uml
2023-07-18T06:11:12.913Z - info: Rebuilding 1 pages
2023-07-18T06:11:15.423Z - info: Site data built
2023-07-18T06:11:15.424Z - info: Pages rebuilt
2023-07-18T06:11:15.424Z - info: Website regeneration complete! Total build time: 2.514s
2023-07-18T06:11:22.818Z - debug:  
2023-07-18T06:11:23.422Z - debug:  
2023-07-18T06:11:23.696Z - debug:  
2023-07-18T06:11:23.822Z - debug:  
2023-07-18T06:11:23.901Z - debug:  
2023-07-18T06:11:24.013Z - debug:  
2023-07-18T06:11:24.362Z - debug:  
2023-07-18T06:11:24.378Z - debug:  
2023-07-18T06:11:24.476Z - debug:  
2023-07-18T06:11:24.493Z - debug:  
2023-07-18T06:11:24.509Z - debug:  
2023-07-18T06:11:24.525Z - debug:  
2023-07-18T06:11:24.692Z - debug:  
2023-07-18T06:11:24.708Z - debug:  
2023-07-18T06:12:31.343Z - info: [2:12:31 pm] Reload for file change: C:\repos\nus-cs2103\cs2103-website-base\book\uml\activityDiagrams\basicNotations\linearPaths\exercises.md
2023-07-18T06:12:31.343Z - info: Synchronizing opened pages list before reload
2023-07-18T06:12:31.343Z - info: Current opened pages, from most-to-least recent:
2023-07-18T06:12:31.343Z - info: 1. se-book-adapted/chapters/uml
2023-07-18T06:12:32.354Z - info: Rebuilding 1 pages
2023-07-18T06:12:34.536Z - info: Site data built
2023-07-18T06:12:34.537Z - info: Pages rebuilt
2023-07-18T06:12:34.537Z - info: Website regeneration complete! Total build time: 2.185s
2023-07-18T06:12:42.076Z - debug:  
2023-07-18T06:12:42.574Z - debug:  
2023-07-18T06:12:42.688Z - debug:  
2023-07-18T06:12:42.792Z - debug:  
2023-07-18T06:12:43.010Z - debug:  
2023-07-18T06:12:43.029Z - debug:  
2023-07-18T06:12:43.213Z - debug:  
2023-07-18T06:12:43.329Z - debug:  
2023-07-18T06:12:43.385Z - debug:  
2023-07-18T06:12:43.412Z - debug:  
2023-07-18T06:12:43.433Z - debug:  
2023-07-18T06:12:43.521Z - debug:  
2023-07-18T06:12:43.537Z - debug:  
2023-07-18T06:12:43.554Z - debug:  
