2023-10-01T05:43:24.695Z - info: Website generation (lazy) started at 1:43:19 pm
2023-10-01T05:43:34.644Z - info: Building assets...
2023-10-01T05:43:41.989Z - info: Assets built
2023-10-01T05:43:41.990Z - info: Generating landing page...
2023-10-01T05:43:43.731Z - info: Landing page built, other pages will be built as you navigate to them!
2023-10-01T05:43:44.844Z - info: Site data built
2023-10-01T05:43:44.845Z - info: Website generation (lazy) complete! Total build time: 25.398s
2023-10-01T05:43:45.854Z - info: Serving "C:\repos\nus-cs2103\cs2103-website-base\_site" at http://127.0.0.1:8080
2023-10-01T05:43:45.855Z - info: Press CTRL+C to stop ...
2023-10-01T05:43:56.472Z - info: Building C:\repos\nus-cs2103\cs2103-website-base\schedule\week7\project as some of its dependencies were changed since the last visit
2023-10-01T05:44:05.702Z - info: Site data built
2023-10-01T05:44:05.703Z - info: Lazy website regeneration complete! Total build time: 9.23s
2023-10-01T05:46:19.379Z - info: [1:46:19 pm] Reload for file change: C:\repos\nus-cs2103\cs2103-website-base\admin\tp-tasks-fragment.md
2023-10-01T05:46:19.380Z - info: Synchronizing opened pages list before reload
2023-10-01T05:46:19.380Z - info: Current opened pages, from most-to-least recent:
2023-10-01T05:46:19.381Z - info: 1. schedule/week7/project
2023-10-01T05:46:20.396Z - info: Rebuilding 1 pages
2023-10-01T05:46:23.280Z - info: Site data built
2023-10-01T05:46:23.281Z - info: Pages rebuilt
2023-10-01T05:46:23.281Z - info: Website regeneration complete! Total build time: 2.887s
2023-10-01T05:47:21.062Z - info: [1:47:21 pm] Reload for file change: C:\repos\nus-cs2103\cs2103-website-base\admin\tp-tasks-fragment.md
2023-10-01T05:47:21.063Z - info: Synchronizing opened pages list before reload
2023-10-01T05:47:21.064Z - info: Current opened pages, from most-to-least recent:
2023-10-01T05:47:21.064Z - info: 1. schedule/week7/project
2023-10-01T05:47:22.085Z - info: Rebuilding 1 pages
2023-10-01T05:47:24.476Z - info: Site data built
2023-10-01T05:47:24.477Z - info: Pages rebuilt
2023-10-01T05:47:24.477Z - info: Website regeneration complete! Total build time: 2.393s
2023-10-01T05:48:35.937Z - info: [1:48:35 pm] Reload for file change: C:\repos\nus-cs2103\cs2103-website-base\admin\tp-tasks-fragment.md
2023-10-01T05:48:35.938Z - info: Synchronizing opened pages list before reload
2023-10-01T05:48:35.938Z - info: Current opened pages, from most-to-least recent:
2023-10-01T05:48:35.938Z - info: 1. schedule/week7/project
2023-10-01T05:48:36.956Z - info: Rebuilding 1 pages
2023-10-01T05:48:39.678Z - info: Site data built
2023-10-01T05:48:39.679Z - info: Pages rebuilt
2023-10-01T05:48:39.679Z - info: Website regeneration complete! Total build time: 2.724s
2023-10-01T05:50:03.778Z - info: [1:50:03 pm] Reload for file change: C:\repos\nus-cs2103\cs2103-website-base\admin\tp-tasks-fragment.md
2023-10-01T05:50:03.779Z - info: Synchronizing opened pages list before reload
2023-10-01T05:50:03.780Z - info: Current opened pages, from most-to-least recent:
2023-10-01T05:50:03.780Z - info: 1. schedule/week7/project
2023-10-01T05:50:04.792Z - info: Rebuilding 1 pages
2023-10-01T05:50:07.133Z - info: Site data built
2023-10-01T05:50:07.133Z - info: Pages rebuilt
2023-10-01T05:50:07.133Z - info: Website regeneration complete! Total build time: 2.342s
2023-10-01T05:50:17.082Z - info: [1:50:17 pm] Reload for file change: C:\repos\nus-cs2103\cs2103-website-base\admin\tp-tasks-fragment.md
2023-10-01T05:50:17.082Z - info: Synchronizing opened pages list before reload
2023-10-01T05:50:17.082Z - info: Current opened pages, from most-to-least recent:
2023-10-01T05:50:17.082Z - info: 1. schedule/week7/project
2023-10-01T05:50:18.089Z - info: Rebuilding 1 pages
2023-10-01T05:50:20.009Z - info: Site data built
2023-10-01T05:50:20.009Z - info: Pages rebuilt
2023-10-01T05:50:20.009Z - info: Website regeneration complete! Total build time: 1.921s
2023-10-01T05:50:35.345Z - info: [1:50:35 pm] Reload for file change: C:\repos\nus-cs2103\cs2103-website-base\admin\tp-tasks-fragment.md
2023-10-01T05:50:35.346Z - info: Synchronizing opened pages list before reload
2023-10-01T05:50:35.347Z - info: Current opened pages, from most-to-least recent:
2023-10-01T05:50:35.347Z - info: 1. schedule/week7/project
2023-10-01T05:50:36.359Z - info: Rebuilding 1 pages
2023-10-01T05:50:38.740Z - info: Site data built
2023-10-01T05:50:38.741Z - info: Pages rebuilt
2023-10-01T05:50:38.741Z - info: Website regeneration complete! Total build time: 2.383s
2023-10-01T05:51:38.490Z - info: [1:51:38 pm] Reload for file change: C:\repos\nus-cs2103\cs2103-website-base\admin\tp-tasks-fragment.md
2023-10-01T05:51:38.490Z - info: Synchronizing opened pages list before reload
2023-10-01T05:51:38.491Z - info: Current opened pages, from most-to-least recent:
2023-10-01T05:51:38.491Z - info: 1. schedule/week7/project
2023-10-01T05:51:39.508Z - info: Rebuilding 1 pages
2023-10-01T05:51:41.897Z - info: Site data built
2023-10-01T05:51:41.898Z - info: Pages rebuilt
2023-10-01T05:51:41.898Z - info: Website regeneration complete! Total build time: 2.391s
2023-10-01T05:52:10.298Z - info: [1:52:10 pm] Reload for file change: C:\repos\nus-cs2103\cs2103-website-base\admin\tp-tasks-fragment.md
2023-10-01T05:52:10.298Z - info: Synchronizing opened pages list before reload
2023-10-01T05:52:10.298Z - info: Current opened pages, from most-to-least recent:
2023-10-01T05:52:10.299Z - info: 1. schedule/week7/project
2023-10-01T05:52:11.302Z - info: Rebuilding 1 pages
2023-10-01T05:52:13.760Z - info: Site data built
2023-10-01T05:52:13.761Z - info: Pages rebuilt
2023-10-01T05:52:13.761Z - info: Website regeneration complete! Total build time: 2.46s
2023-10-01T05:53:07.812Z - info: [1:53:07 pm] Reload for file change: C:\repos\nus-cs2103\cs2103-website-base\admin\tp-tasks-fragment.md
2023-10-01T05:53:07.812Z - info: Synchronizing opened pages list before reload
2023-10-01T05:53:07.813Z - info: Current opened pages, from most-to-least recent:
2023-10-01T05:53:07.813Z - info: 1. schedule/week7/project
2023-10-01T05:53:08.831Z - info: Rebuilding 1 pages
2023-10-01T05:53:11.136Z - info: Site data built
2023-10-01T05:53:11.136Z - info: Pages rebuilt
2023-10-01T05:53:11.137Z - info: Website regeneration complete! Total build time: 2.307s
2023-10-01T05:54:00.534Z - info: [1:54:00 pm] Reload for file change: C:\repos\nus-cs2103\cs2103-website-base\admin\tp-tasks-fragment.md
2023-10-01T05:54:00.535Z - info: Synchronizing opened pages list before reload
2023-10-01T05:54:00.536Z - info: Current opened pages, from most-to-least recent:
2023-10-01T05:54:00.536Z - info: 1. schedule/week7/project
2023-10-01T05:54:01.554Z - info: Rebuilding 1 pages
2023-10-01T05:54:03.917Z - info: Site data built
2023-10-01T05:54:03.917Z - info: Pages rebuilt
2023-10-01T05:54:03.918Z - info: Website regeneration complete! Total build time: 2.365s
2023-10-01T06:02:50.963Z - info: [2:02:50 pm] Reload for file change: C:\repos\nus-cs2103\cs2103-website-base\admin\tp-tasks-fragment.md
2023-10-01T06:02:50.964Z - info: Synchronizing opened pages list before reload
2023-10-01T06:02:50.964Z - info: Current opened pages, from most-to-least recent:
2023-10-01T06:02:50.964Z - info: 1. schedule/week7/project
2023-10-01T06:02:51.974Z - info: Rebuilding 1 pages
2023-10-01T06:02:54.366Z - info: Site data built
2023-10-01T06:02:54.366Z - info: Pages rebuilt
2023-10-01T06:02:54.366Z - info: Website regeneration complete! Total build time: 2.393s
2023-10-01T06:04:32.037Z - info: [2:04:32 pm] Reload for file change: C:\repos\nus-cs2103\cs2103-website-base\admin\tp-tasks-fragment.md
2023-10-01T06:04:32.037Z - info: Synchronizing opened pages list before reload
2023-10-01T06:04:32.038Z - info: Current opened pages, from most-to-least recent:
2023-10-01T06:04:32.038Z - info: 1. schedule/week7/project
2023-10-01T06:04:33.048Z - info: Rebuilding 1 pages
2023-10-01T06:04:35.618Z - info: Site data built
2023-10-01T06:04:35.618Z - info: Pages rebuilt
2023-10-01T06:04:35.619Z - info: Website regeneration complete! Total build time: 2.573s
2023-10-01T06:05:26.816Z - info: [2:05:26 pm] Reload for file change: C:\repos\nus-cs2103\cs2103-website-base\admin\tp-tasks-fragment.md
2023-10-01T06:05:26.816Z - info: Synchronizing opened pages list before reload
2023-10-01T06:05:26.817Z - info: Current opened pages, from most-to-least recent:
2023-10-01T06:05:26.817Z - info: 1. schedule/week7/project
2023-10-01T06:05:27.821Z - info: Rebuilding 1 pages
2023-10-01T06:05:30.249Z - info: Site data built
2023-10-01T06:05:30.250Z - info: Pages rebuilt
2023-10-01T06:05:30.250Z - info: Website regeneration complete! Total build time: 2.429s
2023-10-01T06:23:10.332Z - info: [2:23:10 pm] Reload for file change: C:\repos\nus-cs2103\cs2103-website-base\admin\tp-tasks-fragment.md
2023-10-01T06:23:10.332Z - info: Synchronizing opened pages list before reload
2023-10-01T06:23:10.332Z - info: Current opened pages, from most-to-least recent:
2023-10-01T06:23:10.333Z - info: 1. schedule/week7/project
2023-10-01T06:23:11.345Z - info: Rebuilding 1 pages
2023-10-01T06:23:13.847Z - info: Site data built
2023-10-01T06:23:13.848Z - info: Pages rebuilt
2023-10-01T06:23:13.848Z - info: Website regeneration complete! Total build time: 2.504s
2023-10-01T06:23:42.848Z - info: [2:23:42 pm] Reload for file change: C:\repos\nus-cs2103\cs2103-website-base\admin\tp-tasks-fragment.md
2023-10-01T06:23:42.849Z - info: Synchronizing opened pages list before reload
2023-10-01T06:23:42.849Z - info: Current opened pages, from most-to-least recent:
2023-10-01T06:23:42.849Z - info: 1. schedule/week7/project
2023-10-01T06:23:43.861Z - info: Rebuilding 1 pages
2023-10-01T06:23:46.163Z - info: Site data built
2023-10-01T06:23:46.164Z - info: Pages rebuilt
2023-10-01T06:23:46.164Z - info: Website regeneration complete! Total build time: 2.304s
2023-10-01T06:25:16.722Z - info: [2:25:16 pm] Reload for file change: C:\repos\nus-cs2103\cs2103-website-base\admin\tp-tasks-fragment.md
2023-10-01T06:25:16.722Z - info: Synchronizing opened pages list before reload
2023-10-01T06:25:16.723Z - info: Current opened pages, from most-to-least recent:
2023-10-01T06:25:16.723Z - info: 1. schedule/week7/project
2023-10-01T06:25:17.741Z - info: Rebuilding 1 pages
2023-10-01T06:25:20.696Z - info: Site data built
2023-10-01T06:25:20.696Z - info: Pages rebuilt
2023-10-01T06:25:20.696Z - info: Website regeneration complete! Total build time: 2.957s
2023-10-01T06:28:07.758Z - info: [2:28:07 pm] Reload for file change: C:\repos\nus-cs2103\cs2103-website-base\admin\tp-tasks-fragment.md
2023-10-01T06:28:07.759Z - info: Synchronizing opened pages list before reload
2023-10-01T06:28:07.759Z - info: Current opened pages, from most-to-least recent:
2023-10-01T06:28:07.759Z - info: 1. schedule/week7/project
2023-10-01T06:28:08.779Z - info: Rebuilding 1 pages
2023-10-01T06:28:11.118Z - info: Site data built
2023-10-01T06:28:11.119Z - info: Pages rebuilt
2023-10-01T06:28:11.119Z - info: Website regeneration complete! Total build time: 2.341s
2023-10-01T06:30:01.003Z - info: [2:30:01 pm] Reload for file change: C:\repos\nus-cs2103\cs2103-website-base\admin\tp-tasks-fragment.md
2023-10-01T06:30:01.003Z - info: Synchronizing opened pages list before reload
2023-10-01T06:30:01.004Z - info: Current opened pages, from most-to-least recent:
2023-10-01T06:30:01.004Z - info: 1. schedule/week7/project
2023-10-01T06:30:02.030Z - info: Rebuilding 1 pages
2023-10-01T06:30:04.539Z - info: Site data built
2023-10-01T06:30:04.540Z - info: Pages rebuilt
2023-10-01T06:30:04.540Z - info: Website regeneration complete! Total build time: 2.512s
2023-10-01T06:32:38.703Z - info: [2:32:38 pm] Reload for file change: C:\repos\nus-cs2103\cs2103-website-base\admin\tp-tasks-fragment.md
2023-10-01T06:32:38.703Z - info: Synchronizing opened pages list before reload
2023-10-01T06:32:38.704Z - info: Current opened pages, from most-to-least recent:
2023-10-01T06:32:38.704Z - info: 1. schedule/week7/project
2023-10-01T06:32:39.726Z - info: Rebuilding 1 pages
2023-10-01T06:32:42.090Z - info: Site data built
2023-10-01T06:32:42.090Z - info: Pages rebuilt
2023-10-01T06:32:42.090Z - info: Website regeneration complete! Total build time: 2.365s
2023-10-01T06:33:10.623Z - info: [2:33:10 pm] Reload for file change: C:\repos\nus-cs2103\cs2103-website-base\admin\tp-tasks-fragment.md
2023-10-01T06:33:10.623Z - info: Synchronizing opened pages list before reload
2023-10-01T06:33:10.623Z - info: Current opened pages, from most-to-least recent:
2023-10-01T06:33:10.624Z - info: 1. schedule/week7/project
2023-10-01T06:33:11.636Z - info: Rebuilding 1 pages
2023-10-01T06:33:14.013Z - info: Site data built
2023-10-01T06:33:14.014Z - info: Pages rebuilt
2023-10-01T06:33:14.014Z - info: Website regeneration complete! Total build time: 2.379s
2023-10-01T06:34:05.848Z - info: [2:34:05 pm] Reload for file change: C:\repos\nus-cs2103\cs2103-website-base\admin\tp-tasks-fragment.md
2023-10-01T06:34:05.849Z - info: Synchronizing opened pages list before reload
2023-10-01T06:34:05.849Z - info: Current opened pages, from most-to-least recent:
2023-10-01T06:34:05.849Z - info: 1. schedule/week7/project
2023-10-01T06:34:06.861Z - info: Rebuilding 1 pages
2023-10-01T06:34:09.185Z - info: Site data built
2023-10-01T06:34:09.186Z - info: Pages rebuilt
2023-10-01T06:34:09.186Z - info: Website regeneration complete! Total build time: 2.328s
2023-10-01T06:34:43.812Z - info: [2:34:43 pm] Reload for file change: C:\repos\nus-cs2103\cs2103-website-base\admin\tp-tasks-fragment.md
2023-10-01T06:34:43.813Z - info: Synchronizing opened pages list before reload
2023-10-01T06:34:43.813Z - info: Current opened pages, from most-to-least recent:
2023-10-01T06:34:43.813Z - info: 1. schedule/week7/project
2023-10-01T06:34:44.826Z - info: Rebuilding 1 pages
2023-10-01T06:34:47.253Z - info: Site data built
2023-10-01T06:34:47.253Z - info: Pages rebuilt
2023-10-01T06:34:47.253Z - info: Website regeneration complete! Total build time: 2.43s
2023-10-01T06:35:15.521Z - info: [2:35:15 pm] Reload for file change: C:\repos\nus-cs2103\cs2103-website-base\admin\tp-tasks-fragment.md
2023-10-01T06:35:15.523Z - info: Synchronizing opened pages list before reload
2023-10-01T06:35:15.524Z - info: Current opened pages, from most-to-least recent:
2023-10-01T06:35:15.524Z - info: 1. schedule/week7/project
2023-10-01T06:35:16.536Z - info: Rebuilding 1 pages
2023-10-01T06:35:18.867Z - info: Site data built
2023-10-01T06:35:18.867Z - info: Pages rebuilt
2023-10-01T06:35:18.867Z - info: Website regeneration complete! Total build time: 2.332s
2023-10-01T06:36:17.422Z - info: [2:36:17 pm] Reload for file change: C:\repos\nus-cs2103\cs2103-website-base\admin\tp-tasks-fragment.md
2023-10-01T06:36:17.423Z - info: Synchronizing opened pages list before reload
2023-10-01T06:36:17.423Z - info: Current opened pages, from most-to-least recent:
2023-10-01T06:36:17.423Z - info: 1. schedule/week7/project
2023-10-01T06:36:18.441Z - info: Rebuilding 1 pages
2023-10-01T06:36:20.948Z - info: Site data built
2023-10-01T06:36:20.948Z - info: Pages rebuilt
2023-10-01T06:36:20.948Z - info: Website regeneration complete! Total build time: 2.508s
2023-10-01T06:36:40.076Z - info: [2:36:40 pm] Reload for file change: C:\repos\nus-cs2103\cs2103-website-base\admin\tp-tasks-fragment.md
2023-10-01T06:36:40.076Z - info: Synchronizing opened pages list before reload
2023-10-01T06:36:40.077Z - info: Current opened pages, from most-to-least recent:
2023-10-01T06:36:40.077Z - info: 1. schedule/week7/project
2023-10-01T06:36:41.090Z - info: Rebuilding 1 pages
2023-10-01T06:36:43.559Z - info: Site data built
2023-10-01T06:36:43.559Z - info: Pages rebuilt
2023-10-01T06:36:43.559Z - info: Website regeneration complete! Total build time: 2.47s
2023-10-01T06:36:57.289Z - info: [2:36:57 pm] Reload for file change: C:\repos\nus-cs2103\cs2103-website-base\admin\tp-tasks-fragment.md
2023-10-01T06:36:57.289Z - info: Synchronizing opened pages list before reload
2023-10-01T06:36:57.289Z - info: Current opened pages, from most-to-least recent:
2023-10-01T06:36:57.289Z - info: 1. schedule/week7/project
2023-10-01T06:36:58.300Z - info: Rebuilding 1 pages
2023-10-01T06:37:00.335Z - info: Site data built
2023-10-01T06:37:00.335Z - info: Pages rebuilt
2023-10-01T06:37:00.335Z - info: Website regeneration complete! Total build time: 2.036s
2023-10-01T06:37:48.647Z - info: [2:37:48 pm] Reload for file change: C:\repos\nus-cs2103\cs2103-website-base\admin\tp-tasks-fragment.md
2023-10-01T06:37:48.648Z - info: Synchronizing opened pages list before reload
2023-10-01T06:37:48.648Z - info: Current opened pages, from most-to-least recent:
2023-10-01T06:37:48.649Z - info: 1. schedule/week7/project
2023-10-01T06:37:49.656Z - info: Rebuilding 1 pages
2023-10-01T06:37:52.159Z - info: Site data built
2023-10-01T06:37:52.159Z - info: Pages rebuilt
2023-10-01T06:37:52.159Z - info: Website regeneration complete! Total build time: 2.504s
2023-10-01T06:38:10.664Z - info: [2:38:10 pm] Reload for file change: C:\repos\nus-cs2103\cs2103-website-base\admin\tp-tasks-fragment.md
2023-10-01T06:38:10.665Z - info: Synchronizing opened pages list before reload
2023-10-01T06:38:10.665Z - info: Current opened pages, from most-to-least recent:
2023-10-01T06:38:10.665Z - info: 1. schedule/week7/project
2023-10-01T06:38:11.687Z - info: Rebuilding 1 pages
2023-10-01T06:38:14.205Z - info: Site data built
2023-10-01T06:38:14.206Z - info: Pages rebuilt
2023-10-01T06:38:14.206Z - info: Website regeneration complete! Total build time: 2.522s
2023-10-01T06:39:11.603Z - info: [2:39:11 pm] Reload for file change: C:\repos\nus-cs2103\cs2103-website-base\admin\tp-tasks-fragment.md
2023-10-01T06:39:11.604Z - info: Synchronizing opened pages list before reload
2023-10-01T06:39:11.604Z - info: Current opened pages, from most-to-least recent:
2023-10-01T06:39:11.605Z - info: 1. schedule/week7/project
2023-10-01T06:39:12.614Z - info: Rebuilding 1 pages
2023-10-01T06:39:14.970Z - info: Site data built
2023-10-01T06:39:14.970Z - info: Pages rebuilt
2023-10-01T06:39:14.970Z - info: Website regeneration complete! Total build time: 2.357s
2023-10-01T06:39:54.274Z - info: [2:39:54 pm] Reload for file change: C:\repos\nus-cs2103\cs2103-website-base\admin\tp-tasks-fragment.md
2023-10-01T06:39:54.275Z - info: Synchronizing opened pages list before reload
2023-10-01T06:39:54.275Z - info: Current opened pages, from most-to-least recent:
2023-10-01T06:39:54.275Z - info: 1. schedule/week7/project
2023-10-01T06:39:55.288Z - info: Rebuilding 1 pages
2023-10-01T06:39:57.569Z - info: Site data built
2023-10-01T06:39:57.570Z - info: Pages rebuilt
2023-10-01T06:39:57.570Z - info: Website regeneration complete! Total build time: 2.284s
2023-10-01T06:40:16.687Z - info: [2:40:16 pm] Reload for file change: C:\repos\nus-cs2103\cs2103-website-base\admin\tp-tasks-fragment.md
2023-10-01T06:40:16.687Z - info: Synchronizing opened pages list before reload
2023-10-01T06:40:16.687Z - info: Current opened pages, from most-to-least recent:
2023-10-01T06:40:16.688Z - info: 1. schedule/week7/project
2023-10-01T06:40:17.699Z - info: Rebuilding 1 pages
2023-10-01T06:40:20.115Z - info: Site data built
2023-10-01T06:40:20.115Z - info: Pages rebuilt
2023-10-01T06:40:20.115Z - info: Website regeneration complete! Total build time: 2.418s
2023-10-01T06:41:23.365Z - info: [2:41:23 pm] Reload for file change: C:\repos\nus-cs2103\cs2103-website-base\admin\tp-tasks-fragment.md
2023-10-01T06:41:23.366Z - info: Synchronizing opened pages list before reload
2023-10-01T06:41:23.366Z - info: Current opened pages, from most-to-least recent:
2023-10-01T06:41:23.366Z - info: 1. schedule/week7/project
2023-10-01T06:41:24.372Z - info: Rebuilding 1 pages
2023-10-01T06:41:26.707Z - info: Site data built
2023-10-01T06:41:26.708Z - info: Pages rebuilt
2023-10-01T06:41:26.708Z - info: Website regeneration complete! Total build time: 2.336s
2023-10-01T06:41:38.910Z - info: [2:41:38 pm] Reload for file change: C:\repos\nus-cs2103\cs2103-website-base\admin\tp-tasks-fragment.md
2023-10-01T06:41:38.911Z - info: Synchronizing opened pages list before reload
2023-10-01T06:41:38.911Z - info: Current opened pages, from most-to-least recent:
2023-10-01T06:41:38.911Z - info: 1. schedule/week7/project
2023-10-01T06:41:39.926Z - info: Rebuilding 1 pages
2023-10-01T06:41:42.462Z - info: Site data built
2023-10-01T06:41:42.462Z - info: Pages rebuilt
2023-10-01T06:41:42.462Z - info: Website regeneration complete! Total build time: 2.537s
2023-10-01T06:42:33.949Z - info: Website generation started at 2:42:31 pm
2023-10-01T06:42:50.785Z - info: Building assets...
