2023-10-30T07:22:54.132Z - info: Website generation (lazy) started at 3:22:47 pm
2023-10-30T07:23:06.252Z - info: Building assets...
2023-10-30T07:23:13.108Z - info: Assets built
2023-10-30T07:23:13.108Z - info: Generating landing page...
2023-10-30T07:23:14.731Z - info: Landing page built, other pages will be built as you navigate to them!
2023-10-30T07:23:15.654Z - info: Site data built
2023-10-30T07:23:15.654Z - info: Website generation (lazy) complete! Total build time: 28.044s
2023-10-30T07:23:16.474Z - info: Serving "C:\repos\nus-cs2103\cs2103-website-base\_site" at http://127.0.0.1:8080
2023-10-30T07:23:16.474Z - info: Press CTRL+C to stop ...
2023-10-30T07:26:15.110Z - info: Building C:\repos\nus-cs2103\cs2103-website-base\schedule\week11\index as some of its dependencies were changed since the last visit
2023-10-30T07:26:16.018Z - info: Site data built
2023-10-30T07:26:16.018Z - info: Lazy website regeneration complete! Total build time: 0.91s
2023-10-30T07:26:34.788Z - info: Building C:\repos\nus-cs2103\cs2103-website-base\schedule\week11\topics as some of its dependencies were changed since the last visit
2023-10-30T07:26:49.967Z - debug:  
2023-10-30T07:26:50.133Z - debug:  
2023-10-30T07:26:50.749Z - info: Site data built
2023-10-30T07:26:50.749Z - info: Lazy website regeneration complete! Total build time: 15.962s
2023-10-30T07:27:02.208Z - info: [3:27:02 pm] Reload for file change: C:\repos\nus-cs2103\cs2103-website-base\admin\common-commentary-fragment.md
2023-10-30T07:27:02.208Z - info: Synchronizing opened pages list before reload
2023-10-30T07:27:02.209Z - info: Current opened pages, from most-to-least recent:
2023-10-30T07:27:02.210Z - info: 1. schedule/week11/topics
2023-10-30T07:27:03.240Z - info: Rebuilding 1 pages
2023-10-30T07:27:05.086Z - info: Site data built
2023-10-30T07:27:05.086Z - info: Pages rebuilt
2023-10-30T07:27:05.087Z - info: Website regeneration complete! Total build time: 1.849s
2023-10-30T07:30:24.344Z - info: Building C:\repos\nus-cs2103\cs2103-website-base\schedule\week11\admin as some of its dependencies were changed since the last visit
2023-10-30T07:30:24.881Z - info: Site data built
2023-10-30T07:30:24.881Z - info: Lazy website regeneration complete! Total build time: 0.538s
2023-10-30T07:31:44.895Z - info: Website generation started at 3:31:42 pm
2023-10-30T07:31:56.436Z - info: Building assets...
2023-10-30T07:32:05.379Z - info: Assets built
2023-10-30T07:32:05.380Z - info: Generating pages...
2023-10-30T07:32:25.120Z - debug:  
2023-10-30T07:32:27.671Z - debug:  
2023-10-30T07:32:27.676Z - debug:  
2023-10-30T07:32:27.677Z - debug:  
2023-10-30T07:32:27.677Z - debug:  
2023-10-30T07:32:27.677Z - debug:  
2023-10-30T07:32:27.678Z - debug:  
2023-10-30T07:32:27.678Z - debug:  
2023-10-30T07:32:27.678Z - debug:  
2023-10-30T07:32:27.678Z - debug:  
2023-10-30T07:32:27.679Z - debug:  
2023-10-30T07:32:27.679Z - debug:  
2023-10-30T07:32:27.679Z - debug:  
2023-10-30T07:32:27.679Z - debug:  
2023-10-30T07:32:31.948Z - debug:  
2023-10-30T07:33:06.493Z - debug:  
2023-10-30T07:34:05.026Z - info: Pages built
2023-10-30T07:34:06.046Z - info: Site data built
2023-10-30T07:34:06.047Z - info: Website generation complete! Total build time: 143.554s
2023-10-30T07:34:06.047Z - info: Build success!
2023-10-30T07:36:01.969Z - info: The website has been deployed at: https://nus-tic2002-ay2324s1.github.io/website
