2023-09-16T13:24:04.827Z - info: Website generation started at 9:23:57 pm
2023-09-16T13:24:16.621Z - info: Building assets...
2023-09-16T13:24:24.552Z - info: Assets built
2023-09-16T13:24:24.553Z - info: Generating pages...
2023-09-16T13:24:44.521Z - debug:  
2023-09-16T13:24:44.532Z - debug:  
2023-09-16T13:24:44.577Z - debug:  
2023-09-16T13:24:44.592Z - debug:  
2023-09-16T13:24:44.619Z - debug:  
2023-09-16T13:24:47.382Z - debug:  
2023-09-16T13:24:47.382Z - debug:  
2023-09-16T13:24:47.382Z - debug:  
2023-09-16T13:24:47.382Z - debug:  
2023-09-16T13:24:47.383Z - debug:  
2023-09-16T13:24:47.383Z - debug:  
2023-09-16T13:24:47.383Z - debug:  
2023-09-16T13:24:47.384Z - debug:  
2023-09-16T13:24:47.385Z - debug:  
2023-09-16T13:24:47.386Z - debug:  
2023-09-16T13:24:47.386Z - debug:  
2023-09-16T13:26:54.330Z - debug:  
2023-09-16T13:27:08.408Z - debug:  
2023-09-16T13:27:08.445Z - debug:  
2023-09-16T13:27:20.525Z - info: Pages built
2023-09-16T13:27:21.479Z - info: Site data built
2023-09-16T13:27:21.479Z - info: Website generation complete! Total build time: 204.026s
2023-09-16T13:27:21.479Z - info: Build success!
2023-09-16T13:29:36.610Z - info: The website has been deployed at: https://nus-cs2103-ay2324s1.github.io/website
