2023-07-05T11:46:46.215Z - info: Website generation (lazy) started at 7:46:43 pm
2023-07-05T11:46:59.402Z - info: Building assets...
2023-07-05T11:47:08.658Z - info: Assets built
2023-07-05T11:47:08.660Z - info: Generating landing page...
2023-07-05T11:47:09.641Z - info: Landing page built, other pages will be built as you navigate to them!
2023-07-05T11:47:11.229Z - info: Site data built
2023-07-05T11:47:11.230Z - info: Website generation (lazy) complete! Total build time: 28.147s
2023-07-05T11:47:12.143Z - info: Serving "C:\repos\nus-cs2103\cs2103-website-base\_site" at http://127.0.0.1:8080
2023-07-05T11:47:12.143Z - info: Press CTRL+C to stop ...
2023-07-05T11:51:30.895Z - info: [7:51:30 pm] Reload for file change: C:\repos\nus-cs2103\cs2103-website-base\admin\courseOverview.md
2023-07-05T11:51:30.895Z - info: Synchronizing opened pages list before reload
2023-07-05T11:51:30.896Z - info: Current opened pages, from most-to-least recent:
2023-07-05T11:51:30.896Z - info: 1. index
2023-07-05T11:51:31.906Z - info: Rebuilding 1 pages
2023-07-05T11:51:32.363Z - info: Site data built
2023-07-05T11:51:32.364Z - info: Pages rebuilt
2023-07-05T11:51:32.364Z - info: Website regeneration complete! Total build time: 0.459s
2023-07-05T11:52:02.570Z - info: [7:52:02 pm] Reload for file change: C:\repos\nus-cs2103\cs2103-website-base\admin\courseOverview.md
2023-07-05T11:52:02.571Z - info: Synchronizing opened pages list before reload
2023-07-05T11:52:02.571Z - info: Current opened pages, from most-to-least recent:
2023-07-05T11:52:02.571Z - info: 1. index
2023-07-05T11:52:03.581Z - info: Rebuilding 1 pages
2023-07-05T11:52:03.922Z - info: Site data built
2023-07-05T11:52:03.922Z - info: Pages rebuilt
2023-07-05T11:52:03.923Z - info: Website regeneration complete! Total build time: 0.342s
2023-07-05T11:56:07.880Z - info: [7:56:07 pm] Reload for file change: C:\repos\nus-cs2103\cs2103-website-base\admin\courseOverview.md
2023-07-05T11:56:07.881Z - info: Synchronizing opened pages list before reload
2023-07-05T11:56:07.881Z - info: Current opened pages, from most-to-least recent:
2023-07-05T11:56:07.881Z - info: 1. index
2023-07-05T11:56:08.896Z - info: Rebuilding 1 pages
2023-07-05T11:56:09.305Z - info: Site data built
2023-07-05T11:56:09.305Z - info: Pages rebuilt
2023-07-05T11:56:09.306Z - info: Website regeneration complete! Total build time: 0.411s
2023-07-05T11:57:23.866Z - info: [7:57:23 pm] Reload for file change: C:\repos\nus-cs2103\cs2103-website-base\admin\courseOverview.md
2023-07-05T11:57:23.867Z - info: Synchronizing opened pages list before reload
2023-07-05T11:57:23.867Z - info: Current opened pages, from most-to-least recent:
2023-07-05T11:57:23.867Z - info: 1. index
2023-07-05T11:57:24.881Z - info: Rebuilding 1 pages
2023-07-05T11:57:25.216Z - info: Site data built
2023-07-05T11:57:25.216Z - info: Pages rebuilt
2023-07-05T11:57:25.216Z - info: Website regeneration complete! Total build time: 0.335s
2023-07-05T11:58:05.462Z - info: [7:58:05 pm] Reload for file change: C:\repos\nus-cs2103\cs2103-website-base\admin\courseOverview.md
2023-07-05T11:58:05.462Z - info: Synchronizing opened pages list before reload
2023-07-05T11:58:05.462Z - info: Current opened pages, from most-to-least recent:
2023-07-05T11:58:05.462Z - info: 1. index
2023-07-05T11:58:06.481Z - info: Rebuilding 1 pages
2023-07-05T11:58:06.810Z - info: Site data built
2023-07-05T11:58:06.810Z - info: Pages rebuilt
2023-07-05T11:58:06.810Z - info: Website regeneration complete! Total build time: 0.331s
2023-07-05T11:59:29.099Z - info: [7:59:29 pm] Reload for file change: C:\repos\nus-cs2103\cs2103-website-base\admin\courseOverview.md
2023-07-05T11:59:29.099Z - info: Synchronizing opened pages list before reload
2023-07-05T11:59:29.100Z - info: Current opened pages, from most-to-least recent:
2023-07-05T11:59:29.100Z - info: 1. index
2023-07-05T11:59:30.119Z - info: Rebuilding 1 pages
2023-07-05T11:59:30.529Z - info: Site data built
2023-07-05T11:59:30.530Z - info: Pages rebuilt
2023-07-05T11:59:30.530Z - info: Website regeneration complete! Total build time: 0.412s
2023-07-05T12:00:00.481Z - info: Building C:\repos\nus-cs2103\cs2103-website-base\schedule\week1\index as some of its dependencies were changed since the last visit
2023-07-05T12:00:01.629Z - info: Site data built
2023-07-05T12:00:01.629Z - info: Lazy website regeneration complete! Total build time: 1.148s
2023-07-05T12:03:57.264Z - info: Building C:\repos\nus-cs2103\cs2103-website-base\schedule\week1\admin as some of its dependencies were changed since the last visit
2023-07-05T12:04:02.224Z - info: Site data built
2023-07-05T12:04:02.225Z - info: Lazy website regeneration complete! Total build time: 4.961s
2023-07-05T12:04:05.085Z - debug:  
2023-07-05T12:08:32.658Z - info: [8:08:32 pm] Reload for file change: C:\repos\nus-cs2103\cs2103-website-base\admin\participation.md
2023-07-05T12:08:32.658Z - info: Synchronizing opened pages list before reload
2023-07-05T12:08:32.659Z - info: Current opened pages, from most-to-least recent:
2023-07-05T12:08:32.659Z - info: 1. schedule/week1/admin
2023-07-05T12:08:33.667Z - info: Rebuilding 1 pages
2023-07-05T12:08:36.114Z - info: Site data built
2023-07-05T12:08:36.115Z - info: Pages rebuilt
2023-07-05T12:08:36.115Z - info: Website regeneration complete! Total build time: 2.448s
2023-07-05T12:08:37.055Z - debug:  
2023-07-05T12:16:19.624Z - info: [8:16:19 pm] Reload for file change: C:\repos\nus-cs2103\cs2103-website-base\admin\participation.md
2023-07-05T12:16:19.624Z - info: Synchronizing opened pages list before reload
2023-07-05T12:16:19.625Z - info: Current opened pages, from most-to-least recent:
2023-07-05T12:16:19.625Z - info: 1. schedule/week1/admin
2023-07-05T12:16:20.634Z - info: Rebuilding 1 pages
2023-07-05T12:16:23.201Z - info: Site data built
2023-07-05T12:16:23.201Z - info: Pages rebuilt
2023-07-05T12:16:23.201Z - info: Website regeneration complete! Total build time: 2.57s
2023-07-05T12:16:24.232Z - debug:  
2023-07-05T12:16:58.927Z - info: [8:16:58 pm] Reload for file change: C:\repos\nus-cs2103\cs2103-website-base\admin\participation.md
2023-07-05T12:16:58.927Z - info: Synchronizing opened pages list before reload
2023-07-05T12:16:58.928Z - info: Current opened pages, from most-to-least recent:
2023-07-05T12:16:58.928Z - info: 1. schedule/week1/admin
2023-07-05T12:16:59.941Z - info: Rebuilding 1 pages
2023-07-05T12:17:03.285Z - info: Site data built
2023-07-05T12:17:03.286Z - info: Pages rebuilt
2023-07-05T12:17:03.286Z - info: Website regeneration complete! Total build time: 3.348s
2023-07-05T12:17:04.835Z - debug:  
2023-07-05T12:30:48.930Z - info: [8:30:48 pm] Reload for file change: C:\repos\nus-cs2103\cs2103-website-base\admin\programmingLanguages.md
2023-07-05T12:30:48.930Z - info: Synchronizing opened pages list before reload
2023-07-05T12:30:48.931Z - info: Current opened pages, from most-to-least recent:
2023-07-05T12:30:48.931Z - info: 1. schedule/week1/admin
2023-07-05T12:30:49.944Z - info: Rebuilding 1 pages
2023-07-05T12:30:53.145Z - info: Site data built
2023-07-05T12:30:53.146Z - info: Pages rebuilt
2023-07-05T12:30:53.146Z - info: Website regeneration complete! Total build time: 3.203s
2023-07-05T12:30:54.320Z - debug:  
2023-07-05T12:31:47.013Z - info: [8:31:47 pm] Reload for file change: C:\repos\nus-cs2103\cs2103-website-base\admin\programmingLanguages.md
2023-07-05T12:31:47.014Z - info: Synchronizing opened pages list before reload
2023-07-05T12:31:47.014Z - info: Current opened pages, from most-to-least recent:
2023-07-05T12:31:47.015Z - info: 1. schedule/week1/admin
2023-07-05T12:31:48.024Z - info: Rebuilding 1 pages
2023-07-05T12:31:51.040Z - info: Site data built
2023-07-05T12:31:51.040Z - info: Pages rebuilt
2023-07-05T12:31:51.041Z - info: Website regeneration complete! Total build time: 3.017s
2023-07-05T12:31:52.093Z - debug:  
2023-07-05T12:34:23.731Z - info: [8:34:23 pm] Reload for file change: C:\repos\nus-cs2103\cs2103-website-base\admin\programmingLanguages.md
2023-07-05T12:34:23.731Z - info: Synchronizing opened pages list before reload
2023-07-05T12:34:23.732Z - info: Current opened pages, from most-to-least recent:
2023-07-05T12:34:23.732Z - info: 1. schedule/week1/admin
2023-07-05T12:34:24.744Z - info: Rebuilding 1 pages
2023-07-05T12:34:27.142Z - info: Site data built
2023-07-05T12:34:27.143Z - info: Pages rebuilt
2023-07-05T12:34:27.143Z - info: Website regeneration complete! Total build time: 2.403s
2023-07-05T12:34:28.189Z - debug:  
2023-07-05T12:36:02.401Z - info: [8:36:02 pm] Reload for file change: C:\repos\nus-cs2103\cs2103-website-base\admin\appendixE-gitHub.md
2023-07-05T12:36:02.401Z - info: Synchronizing opened pages list before reload
2023-07-05T12:36:02.402Z - info: Current opened pages, from most-to-least recent:
2023-07-05T12:36:02.402Z - info: 1. schedule/week1/admin
2023-07-05T12:36:03.409Z - info: Rebuilding 1 pages
2023-07-05T12:36:05.958Z - info: Site data built
2023-07-05T12:36:05.958Z - info: Pages rebuilt
2023-07-05T12:36:05.959Z - info: Website regeneration complete! Total build time: 2.551s
2023-07-05T12:36:06.929Z - debug:  
2023-07-05T12:36:39.220Z - info: [8:36:39 pm] Reload for file change: C:\repos\nus-cs2103\cs2103-website-base\admin\appendixE-gitHub.md
2023-07-05T12:36:39.220Z - info: Synchronizing opened pages list before reload
2023-07-05T12:36:39.221Z - info: Current opened pages, from most-to-least recent:
2023-07-05T12:36:39.221Z - info: 1. schedule/week1/admin
2023-07-05T12:36:40.234Z - info: Rebuilding 1 pages
2023-07-05T12:36:42.865Z - info: Site data built
2023-07-05T12:36:42.865Z - info: Pages rebuilt
2023-07-05T12:36:42.866Z - info: Website regeneration complete! Total build time: 2.633s
2023-07-05T12:36:43.882Z - debug:  
2023-07-05T12:37:53.466Z - info: [8:37:53 pm] Reload for file change: C:\repos\nus-cs2103\cs2103-website-base\admin\tools.md
2023-07-05T12:37:53.467Z - info: Synchronizing opened pages list before reload
2023-07-05T12:37:53.467Z - info: Current opened pages, from most-to-least recent:
2023-07-05T12:37:53.467Z - info: 1. schedule/week1/admin
2023-07-05T12:37:54.479Z - info: Rebuilding 1 pages
2023-07-05T12:37:56.738Z - info: Site data built
2023-07-05T12:37:56.738Z - info: Pages rebuilt
2023-07-05T12:37:56.738Z - info: Website regeneration complete! Total build time: 2.259s
2023-07-05T12:37:57.717Z - debug:  
2023-07-05T12:39:34.876Z - info: [8:39:34 pm] Reload for file change: C:\repos\nus-cs2103\cs2103-website-base\admin\tools.md
2023-07-05T12:39:34.876Z - info: Synchronizing opened pages list before reload
2023-07-05T12:39:34.877Z - info: Current opened pages, from most-to-least recent:
2023-07-05T12:39:34.877Z - info: 1. schedule/week1/admin
2023-07-05T12:39:35.894Z - info: Rebuilding 1 pages
2023-07-05T12:39:38.617Z - info: Site data built
2023-07-05T12:39:38.617Z - info: Pages rebuilt
2023-07-05T12:39:38.618Z - info: Website regeneration complete! Total build time: 2.727s
2023-07-05T12:39:39.677Z - debug:  
2023-07-05T12:40:21.118Z - info: [8:40:21 pm] Reload for file change: C:\repos\nus-cs2103\cs2103-website-base\admin\tools.md
2023-07-05T12:40:21.119Z - info: Synchronizing opened pages list before reload
2023-07-05T12:40:21.119Z - info: Current opened pages, from most-to-least recent:
2023-07-05T12:40:21.120Z - info: 1. schedule/week1/admin
2023-07-05T12:40:22.136Z - info: Rebuilding 1 pages
2023-07-05T12:40:25.033Z - info: Site data built
2023-07-05T12:40:25.033Z - info: Pages rebuilt
2023-07-05T12:40:25.034Z - info: Website regeneration complete! Total build time: 2.9s
2023-07-05T12:40:26.298Z - debug:  
2023-07-05T12:41:38.162Z - info: [8:41:38 pm] Reload for file change: C:\repos\nus-cs2103\cs2103-website-base\admin\admin-tasks-fragment.md
2023-07-05T12:41:38.162Z - info: Synchronizing opened pages list before reload
2023-07-05T12:41:38.163Z - info: Current opened pages, from most-to-least recent:
2023-07-05T12:41:38.163Z - info: 1. schedule/week1/admin
2023-07-05T12:41:39.178Z - info: Rebuilding 1 pages
2023-07-05T12:41:41.756Z - info: Site data built
2023-07-05T12:41:41.756Z - info: Pages rebuilt
2023-07-05T12:41:41.757Z - info: Website regeneration complete! Total build time: 2.579s
2023-07-05T12:41:42.909Z - debug:  
2023-07-05T13:35:56.752Z - info: [9:35:56 pm] Reload for file change: C:\repos\nus-cs2103\cs2103-website-base\admin\weeklySchedule.md
2023-07-05T13:35:56.753Z - info: Synchronizing opened pages list before reload
2023-07-05T13:35:56.753Z - info: Current opened pages, from most-to-least recent:
2023-07-05T13:35:56.753Z - info: 1. schedule/week1/admin
2023-07-05T13:35:57.766Z - info: Rebuilding 1 pages
2023-07-05T13:35:59.955Z - info: Site data built
2023-07-05T13:35:59.955Z - info: Pages rebuilt
2023-07-05T13:35:59.955Z - info: Website regeneration complete! Total build time: 2.191s
2023-07-05T13:36:01.725Z - debug:  
2023-07-05T13:38:52.489Z - info: [9:38:52 pm] Reload for file change: C:\repos\nus-cs2103\cs2103-website-base\_course-CS2103\timetables-fragment.md
2023-07-05T13:38:52.489Z - info: Synchronizing opened pages list before reload
2023-07-05T13:38:52.490Z - info: Current opened pages, from most-to-least recent:
2023-07-05T13:38:52.490Z - info: 1. schedule/week1/admin
2023-07-05T13:38:52.519Z - info: [9:38:52 pm] Reload for file change: C:\repos\nus-cs2103\cs2103-website-base\admin\lectures.md
2023-07-05T13:38:52.520Z - info: Synchronizing opened pages list before reload
2023-07-05T13:38:52.520Z - info: Current opened pages, from most-to-least recent:
2023-07-05T13:38:52.520Z - info: 1. schedule/week1/admin
2023-07-05T13:38:53.504Z - info: Rebuilding 1 pages
2023-07-05T13:38:55.486Z - info: Site data built
2023-07-05T13:38:55.486Z - info: Pages rebuilt
2023-07-05T13:38:55.486Z - info: Website regeneration complete! Total build time: 1.986s
2023-07-05T13:38:56.467Z - debug:  
2023-07-05T13:39:33.325Z - info: [9:39:33 pm] Reload for file change: C:\repos\nus-cs2103\cs2103-website-base\_course-CS2103\timetables-fragment.md
2023-07-05T13:39:33.325Z - info: Synchronizing opened pages list before reload
2023-07-05T13:39:33.325Z - info: Current opened pages, from most-to-least recent:
2023-07-05T13:39:33.325Z - info: 1. schedule/week1/admin
2023-07-05T13:39:34.334Z - info: Rebuilding 1 pages
2023-07-05T13:39:36.012Z - info: Site data built
2023-07-05T13:39:36.013Z - info: Pages rebuilt
2023-07-05T13:39:36.013Z - info: Website regeneration complete! Total build time: 1.682s
2023-07-05T13:39:37.304Z - debug:  
2023-07-05T13:40:30.490Z - info: [9:40:30 pm] Reload for file change: C:\repos\nus-cs2103\cs2103-website-base\admin\lectures.md
2023-07-05T13:40:30.490Z - info: Synchronizing opened pages list before reload
2023-07-05T13:40:30.491Z - info: Current opened pages, from most-to-least recent:
2023-07-05T13:40:30.491Z - info: 1. schedule/week1/admin
2023-07-05T13:40:31.507Z - info: Rebuilding 1 pages
2023-07-05T13:40:33.499Z - info: Site data built
2023-07-05T13:40:33.499Z - info: Pages rebuilt
2023-07-05T13:40:33.499Z - info: Website regeneration complete! Total build time: 1.994s
2023-07-05T13:40:34.510Z - debug:  
2023-07-05T13:41:26.297Z - info: [9:41:26 pm] Reload for file change: C:\repos\nus-cs2103\cs2103-website-base\_course-CS2103\timetables-fragment.md
2023-07-05T13:41:26.298Z - info: Synchronizing opened pages list before reload
2023-07-05T13:41:26.298Z - info: Current opened pages, from most-to-least recent:
2023-07-05T13:41:26.298Z - info: 1. schedule/week1/admin
2023-07-05T13:41:26.325Z - info: [9:41:26 pm] Reload for file change: C:\repos\nus-cs2103\cs2103-website-base\admin\lectures.md
2023-07-05T13:41:26.325Z - info: Synchronizing opened pages list before reload
2023-07-05T13:41:26.326Z - info: Current opened pages, from most-to-least recent:
2023-07-05T13:41:26.326Z - info: 1. schedule/week1/admin
2023-07-05T13:41:27.308Z - info: Rebuilding 1 pages
2023-07-05T13:41:29.013Z - info: Site data built
2023-07-05T13:41:29.013Z - info: Pages rebuilt
2023-07-05T13:41:29.014Z - info: Website regeneration complete! Total build time: 1.708s
2023-07-05T13:41:30.280Z - debug:  
2023-07-05T13:42:13.034Z - info: [9:42:13 pm] Reload for file change: C:\repos\nus-cs2103\cs2103-website-base\_course-CS2103\timetables-fragment.md
2023-07-05T13:42:13.035Z - info: Synchronizing opened pages list before reload
2023-07-05T13:42:13.035Z - info: Current opened pages, from most-to-least recent:
2023-07-05T13:42:13.035Z - info: 1. schedule/week1/admin
2023-07-05T13:42:14.052Z - info: Rebuilding 1 pages
2023-07-05T13:42:16.279Z - info: Site data built
2023-07-05T13:42:16.279Z - info: Pages rebuilt
2023-07-05T13:42:16.279Z - info: Website regeneration complete! Total build time: 2.228s
2023-07-05T13:42:17.379Z - debug:  
2023-07-05T13:43:35.280Z - info: [9:43:35 pm] Reload for file change: C:\repos\nus-cs2103\cs2103-website-base\_course-CS2103\timetables-fragment.md
2023-07-05T13:43:35.280Z - info: Synchronizing opened pages list before reload
2023-07-05T13:43:35.281Z - info: Current opened pages, from most-to-least recent:
2023-07-05T13:43:35.281Z - info: 1. schedule/week1/admin
2023-07-05T13:43:35.307Z - info: [9:43:35 pm] Reload for file change: C:\repos\nus-cs2103\cs2103-website-base\admin\lectures.md
2023-07-05T13:43:35.307Z - info: Synchronizing opened pages list before reload
2023-07-05T13:43:35.307Z - info: Current opened pages, from most-to-least recent:
2023-07-05T13:43:35.307Z - info: 1. schedule/week1/admin
2023-07-05T13:43:36.300Z - info: Rebuilding 1 pages
2023-07-05T13:43:38.333Z - info: Site data built
2023-07-05T13:43:38.333Z - info: Pages rebuilt
2023-07-05T13:43:38.333Z - info: Website regeneration complete! Total build time: 2.035s
2023-07-05T13:43:39.297Z - debug:  
2023-07-05T13:44:12.914Z - info: [9:44:12 pm] Reload for file change: C:\repos\nus-cs2103\cs2103-website-base\admin\lectures.md
2023-07-05T13:44:12.915Z - info: Synchronizing opened pages list before reload
2023-07-05T13:44:12.915Z - info: Current opened pages, from most-to-least recent:
2023-07-05T13:44:12.915Z - info: 1. schedule/week1/admin
2023-07-05T13:44:13.935Z - info: Rebuilding 1 pages
2023-07-05T13:44:16.009Z - info: Site data built
2023-07-05T13:44:16.009Z - info: Pages rebuilt
2023-07-05T13:44:16.009Z - info: Website regeneration complete! Total build time: 2.077s
2023-07-05T13:44:17.008Z - debug:  
2023-07-05T13:44:28.510Z - info: [9:44:28 pm] Reload for file change: C:\repos\nus-cs2103\cs2103-website-base\admin\lectures.md
2023-07-05T13:44:28.510Z - info: Synchronizing opened pages list before reload
2023-07-05T13:44:28.510Z - info: Current opened pages, from most-to-least recent:
2023-07-05T13:44:28.511Z - info: 1. schedule/week1/admin
2023-07-05T13:44:29.523Z - info: Rebuilding 1 pages
2023-07-05T13:44:31.156Z - info: Site data built
2023-07-05T13:44:31.157Z - info: Pages rebuilt
2023-07-05T13:44:31.157Z - info: Website regeneration complete! Total build time: 1.636s
2023-07-05T13:44:32.222Z - debug:  
2023-07-05T13:45:24.021Z - info: [9:45:24 pm] Reload for file change: C:\repos\nus-cs2103\cs2103-website-base\_course-CS2113\timetables-fragment.md
2023-07-05T13:45:24.021Z - info: Synchronizing opened pages list before reload
2023-07-05T13:45:24.022Z - info: Current opened pages, from most-to-least recent:
2023-07-05T13:45:24.022Z - info: 1. schedule/week1/admin
2023-07-05T13:45:25.030Z - info: Assets built
2023-07-05T13:46:03.599Z - info: [9:46:03 pm] Reload for file change: C:\repos\nus-cs2103\cs2103-website-base\admin\lectures.md
2023-07-05T13:46:03.599Z - info: Synchronizing opened pages list before reload
2023-07-05T13:46:03.599Z - info: Current opened pages, from most-to-least recent:
2023-07-05T13:46:03.599Z - info: 1. schedule/week1/admin
2023-07-05T13:46:04.606Z - info: Rebuilding 1 pages
2023-07-05T13:46:06.542Z - info: Site data built
2023-07-05T13:46:06.543Z - info: Pages rebuilt
2023-07-05T13:46:06.543Z - info: Website regeneration complete! Total build time: 1.942s
2023-07-05T13:46:07.592Z - debug:  
2023-07-05T13:48:01.326Z - info: [9:48:01 pm] Reload for file change: C:\repos\nus-cs2103\cs2103-website-base\admin\lectures.md
2023-07-05T13:48:01.326Z - info: Synchronizing opened pages list before reload
2023-07-05T13:48:01.327Z - info: Current opened pages, from most-to-least recent:
2023-07-05T13:48:01.327Z - info: 1. schedule/week1/admin
2023-07-05T13:48:02.332Z - info: Rebuilding 1 pages
2023-07-05T13:48:04.268Z - info: Site data built
2023-07-05T13:48:04.269Z - info: Pages rebuilt
2023-07-05T13:48:04.269Z - info: Website regeneration complete! Total build time: 1.937s
2023-07-05T13:48:05.319Z - debug:  
2023-07-05T13:51:40.704Z - info: [9:51:40 pm] Reload for file change: C:\repos\nus-cs2103\cs2103-website-base\admin\lectures.md
2023-07-05T13:51:40.704Z - info: Synchronizing opened pages list before reload
2023-07-05T13:51:40.704Z - info: Current opened pages, from most-to-least recent:
2023-07-05T13:51:40.704Z - info: 1. schedule/week1/admin
2023-07-05T13:51:41.723Z - info: Rebuilding 1 pages
2023-07-05T13:51:43.686Z - info: Site data built
2023-07-05T13:51:43.686Z - info: Pages rebuilt
2023-07-05T13:51:43.686Z - info: Website regeneration complete! Total build time: 1.965s
2023-07-05T13:51:44.576Z - debug:  
2023-07-05T13:55:14.171Z - info: [9:55:14 pm] Reload for file change: C:\repos\nus-cs2103\cs2103-website-base\admin\textbooks.md
2023-07-05T13:55:14.171Z - info: Synchronizing opened pages list before reload
2023-07-05T13:55:14.172Z - info: Current opened pages, from most-to-least recent:
2023-07-05T13:55:14.172Z - info: 1. schedule/week1/admin
2023-07-05T13:55:15.180Z - info: Rebuilding 1 pages
2023-07-05T13:55:16.885Z - info: Site data built
2023-07-05T13:55:16.885Z - info: Pages rebuilt
2023-07-05T13:55:16.886Z - info: Website regeneration complete! Total build time: 1.706s
2023-07-05T13:55:18.237Z - debug:  
2023-07-05T13:55:33.510Z - info: [9:55:33 pm] Reload for file change: C:\repos\nus-cs2103\cs2103-website-base\admin\textbooks.md
2023-07-05T13:55:33.510Z - info: Synchronizing opened pages list before reload
2023-07-05T13:55:33.511Z - info: Current opened pages, from most-to-least recent:
2023-07-05T13:55:33.511Z - info: 1. schedule/week1/admin
2023-07-05T13:55:34.525Z - info: Rebuilding 1 pages
2023-07-05T13:55:36.498Z - info: Site data built
2023-07-05T13:55:36.498Z - info: Pages rebuilt
2023-07-05T13:55:36.498Z - info: Website regeneration complete! Total build time: 1.975s
2023-07-05T13:55:37.533Z - debug:  
2023-07-05T13:58:33.230Z - info: [9:58:33 pm] Reload for file change: C:\repos\nus-cs2103\cs2103-website-base\admin\faq-fragment.md
2023-07-05T13:58:33.231Z - info: Synchronizing opened pages list before reload
2023-07-05T13:58:33.231Z - info: Current opened pages, from most-to-least recent:
2023-07-05T13:58:33.231Z - info: 1. schedule/week1/admin
2023-07-05T13:58:34.250Z - info: Rebuilding 1 pages
2023-07-05T13:58:36.243Z - info: Site data built
2023-07-05T13:58:36.244Z - info: Pages rebuilt
2023-07-05T13:58:36.244Z - info: Website regeneration complete! Total build time: 1.997s
2023-07-05T13:58:37.264Z - debug:  
2023-07-05T13:59:03.816Z - info: [9:59:03 pm] Reload for file change: C:\repos\nus-cs2103\cs2103-website-base\admin\faq-fragment.md
2023-07-05T13:59:03.817Z - info: Synchronizing opened pages list before reload
2023-07-05T13:59:03.817Z - info: Current opened pages, from most-to-least recent:
2023-07-05T13:59:03.817Z - info: 1. schedule/week1/admin
2023-07-05T13:59:04.838Z - info: Rebuilding 1 pages
2023-07-05T13:59:06.842Z - info: Site data built
2023-07-05T13:59:06.842Z - info: Pages rebuilt
2023-07-05T13:59:06.842Z - info: Website regeneration complete! Total build time: 2.007s
2023-07-05T13:59:07.870Z - debug:  
2023-07-05T13:59:47.721Z - info: [9:59:47 pm] Reload for file change: C:\repos\nus-cs2103\cs2103-website-base\admin\faq-fragment.md
2023-07-05T13:59:47.722Z - info: Synchronizing opened pages list before reload
2023-07-05T13:59:47.722Z - info: Current opened pages, from most-to-least recent:
2023-07-05T13:59:47.722Z - info: 1. schedule/week1/admin
2023-07-05T13:59:48.734Z - info: Rebuilding 1 pages
2023-07-05T13:59:50.720Z - info: Site data built
2023-07-05T13:59:50.720Z - info: Pages rebuilt
2023-07-05T13:59:50.721Z - info: Website regeneration complete! Total build time: 1.989s
2023-07-05T13:59:51.723Z - debug:  
2023-07-05T13:59:54.685Z - info: Building C:\repos\nus-cs2103\cs2103-website-base\schedule\week1\topics as some of its dependencies were changed since the last visit
2023-07-05T13:59:58.189Z - info: Site data built
2023-07-05T13:59:58.190Z - info: Lazy website regeneration complete! Total build time: 3.505s
2023-07-05T13:59:58.618Z - debug:  
2023-07-05T15:31:13.654Z - info: [11:31:13 pm] Reload for file change: C:\repos\nus-cs2103\cs2103-website-base\book\oop\introduction\what\text.md
2023-07-05T15:31:13.664Z - info: Synchronizing opened pages list before reload
2023-07-05T15:31:13.668Z - info: Current opened pages, from most-to-least recent:
2023-07-05T15:31:13.669Z - info: 1. schedule/week1/topics
2023-07-05T15:31:14.691Z - info: Rebuilding 1 pages
2023-07-05T15:31:19.156Z - info: Site data built
2023-07-05T15:31:19.156Z - info: Pages rebuilt
2023-07-05T15:31:19.157Z - info: Website regeneration complete! Total build time: 4.468s
2023-07-05T15:31:20.374Z - debug:  
2023-07-05T15:32:13.217Z - info: [11:32:13 pm] Reload for file change: C:\repos\nus-cs2103\cs2103-website-base\book\oop\introduction\what\q-tick-leastCorrect.md
2023-07-05T15:32:13.217Z - info: Synchronizing opened pages list before reload
2023-07-05T15:32:13.218Z - info: Current opened pages, from most-to-least recent:
2023-07-05T15:32:13.218Z - info: 1. schedule/week1/topics
2023-07-05T15:32:14.233Z - info: Rebuilding 1 pages
2023-07-05T15:32:17.800Z - info: Site data built
2023-07-05T15:32:17.800Z - info: Pages rebuilt
2023-07-05T15:32:17.800Z - info: Website regeneration complete! Total build time: 3.568s
2023-07-05T15:32:18.317Z - debug:  
2023-07-05T15:39:11.045Z - info: [11:39:11 pm] Reload for file change: C:\repos\nus-cs2103\cs2103-website-base\book\oop\objects\what\text.md
2023-07-05T15:39:11.046Z - info: Synchronizing opened pages list before reload
2023-07-05T15:39:11.046Z - info: Current opened pages, from most-to-least recent:
2023-07-05T15:39:11.046Z - info: 1. schedule/week1/topics
2023-07-05T15:39:12.049Z - info: Rebuilding 1 pages
2023-07-05T15:39:14.562Z - info: Site data built
2023-07-05T15:39:14.562Z - info: Pages rebuilt
2023-07-05T15:39:14.562Z - info: Website regeneration complete! Total build time: 2.513s
2023-07-05T15:39:15.086Z - debug:  
2023-07-05T15:39:27.089Z - info: [11:39:27 pm] Reload for file change: C:\repos\nus-cs2103\cs2103-website-base\book\oop\objects\what\text.md
2023-07-05T15:39:27.089Z - info: Synchronizing opened pages list before reload
2023-07-05T15:39:27.089Z - info: Current opened pages, from most-to-least recent:
2023-07-05T15:39:27.089Z - info: 1. schedule/week1/topics
2023-07-05T15:39:28.093Z - info: Rebuilding 1 pages
2023-07-05T15:39:30.189Z - info: Site data built
2023-07-05T15:39:30.189Z - info: Pages rebuilt
2023-07-05T15:39:30.189Z - info: Website regeneration complete! Total build time: 2.098s
2023-07-05T15:39:30.755Z - debug:  
2023-07-05T15:41:51.954Z - info: [11:41:51 pm] Reload for file change: C:\repos\nus-cs2103\cs2103-website-base\book\oop\objects\what\text.md
2023-07-05T15:41:51.954Z - info: Synchronizing opened pages list before reload
2023-07-05T15:41:51.955Z - info: Current opened pages, from most-to-least recent:
2023-07-05T15:41:51.955Z - info: 1. schedule/week1/topics
2023-07-05T15:41:52.973Z - info: Rebuilding 1 pages
2023-07-05T15:41:55.411Z - info: Site data built
2023-07-05T15:41:55.412Z - info: Pages rebuilt
2023-07-05T15:41:55.412Z - info: Website regeneration complete! Total build time: 2.443s
2023-07-05T15:41:55.916Z - debug:  
2023-07-05T15:49:03.102Z - info: [11:49:03 pm] Reload for file change: C:\repos\nus-cs2103\cs2103-website-base\book\oop\objects\what\text.md
2023-07-05T15:49:03.102Z - info: Synchronizing opened pages list before reload
2023-07-05T15:49:03.102Z - info: Current opened pages, from most-to-least recent:
2023-07-05T15:49:03.103Z - info: 1. schedule/week1/topics
2023-07-05T15:49:04.108Z - info: Rebuilding 1 pages
2023-07-05T15:49:06.677Z - info: Site data built
2023-07-05T15:49:06.677Z - info: Pages rebuilt
2023-07-05T15:49:06.678Z - info: Website regeneration complete! Total build time: 2.57s
2023-07-05T15:49:07.252Z - debug:  
2023-07-05T15:52:26.088Z - info: [11:52:26 pm] Reload for file change: C:\repos\nus-cs2103\cs2103-website-base\book\oop\objects\what\text.md
2023-07-05T15:52:26.089Z - info: Synchronizing opened pages list before reload
2023-07-05T15:52:26.089Z - info: Current opened pages, from most-to-least recent:
2023-07-05T15:52:26.089Z - info: 1. schedule/week1/topics
2023-07-05T15:52:27.100Z - info: Rebuilding 1 pages
2023-07-05T15:52:29.941Z - info: Site data built
2023-07-05T15:52:29.941Z - info: Pages rebuilt
2023-07-05T15:52:29.941Z - info: Website regeneration complete! Total build time: 2.843s
2023-07-05T15:52:30.660Z - debug:  
2023-07-05T15:58:16.561Z - info: [11:58:16 pm] Reload for file change: C:\repos\nus-cs2103\cs2103-website-base\book\oop\objects\what\text.md
2023-07-05T15:58:16.562Z - info: Synchronizing opened pages list before reload
2023-07-05T15:58:16.562Z - info: Current opened pages, from most-to-least recent:
2023-07-05T15:58:16.562Z - info: 1. schedule/week1/topics
2023-07-05T15:58:17.567Z - info: Rebuilding 1 pages
2023-07-05T15:58:23.133Z - debug: ERROR
1
Empty description
Some diagram description contains errors

2023-07-05T15:58:23.221Z - info: Site data built
2023-07-05T15:58:23.221Z - info: Pages rebuilt
2023-07-05T15:58:23.222Z - info: Website regeneration complete! Total build time: 5.656s
2023-07-05T15:58:23.730Z - debug:  
2023-07-05T15:58:37.830Z - info: [11:58:37 pm] Reload for file change: C:\repos\nus-cs2103\cs2103-website-base\book\oop\objects\what\text.md
2023-07-05T15:58:37.830Z - info: Synchronizing opened pages list before reload
2023-07-05T15:58:37.830Z - info: Current opened pages, from most-to-least recent:
2023-07-05T15:58:37.830Z - info: 1. schedule/week1/topics
2023-07-05T15:58:38.837Z - info: Rebuilding 1 pages
2023-07-05T15:58:42.287Z - debug:  
2023-07-05T15:58:42.341Z - info: Site data built
2023-07-05T15:58:42.341Z - info: Pages rebuilt
2023-07-05T15:58:42.342Z - info: Website regeneration complete! Total build time: 3.504s
2023-07-05T15:58:42.907Z - debug:  
