2023-09-18T08:52:36.428Z - info: Website generation (lazy) started at 4:52:30 pm
2023-09-18T08:52:47.607Z - info: Building assets...
2023-09-18T08:52:55.545Z - info: Assets built
2023-09-18T08:52:55.546Z - info: Generating landing page...
2023-09-18T08:52:57.062Z - info: Landing page built, other pages will be built as you navigate to them!
2023-09-18T08:52:58.204Z - info: Site data built
2023-09-18T08:52:58.204Z - info: Website generation (lazy) complete! Total build time: 27.543s
2023-09-18T08:52:59.218Z - info: Serving "C:\repos\nus-cs2103\cs2103-website-base\_site" at http://127.0.0.1:8080
2023-09-18T08:52:59.218Z - info: Press CTRL+C to stop ...
2023-09-18T08:53:59.086Z - info: Building C:\repos\nus-cs2103\cs2103-website-base\schedule\week6\project as some of its dependencies were changed since the last visit
2023-09-18T08:54:02.001Z - info: Site data built
2023-09-18T08:54:02.001Z - info: Lazy website regeneration complete! Total build time: 2.917s
2023-09-18T08:54:44.558Z - info: Building C:\repos\nus-cs2103\cs2103-website-base\admin\teamList as some of its dependencies were changed since the last visit
2023-09-18T08:54:46.678Z - info: Site data built
2023-09-18T08:54:46.678Z - info: Lazy website regeneration complete! Total build time: 2.12s
2023-09-18T08:55:21.159Z - info: Website generation started at 4:55:19 pm
2023-09-18T08:55:31.871Z - info: Building assets...
2023-09-18T08:55:39.001Z - info: Assets built
2023-09-18T08:55:39.001Z - info: Generating pages...
2023-09-18T08:55:54.867Z - debug:  
2023-09-18T08:55:55.063Z - debug:  
2023-09-18T08:55:55.235Z - debug:  
2023-09-18T08:55:58.347Z - debug:  
2023-09-18T08:55:58.348Z - debug:  
2023-09-18T08:55:58.348Z - debug:  
2023-09-18T08:55:58.348Z - debug:  
2023-09-18T08:55:58.349Z - debug:  
2023-09-18T08:55:58.349Z - debug:  
2023-09-18T08:55:58.349Z - debug:  
2023-09-18T08:55:58.349Z - debug:  
2023-09-18T08:55:58.349Z - debug:  
2023-09-18T08:55:58.351Z - debug:  
2023-09-18T08:55:58.351Z - debug:  
2023-09-18T08:55:58.351Z - debug:  
2023-09-18T08:55:58.351Z - debug:  
2023-09-18T08:58:01.235Z - debug:  
2023-09-18T08:58:17.137Z - debug:  
2023-09-18T08:58:17.219Z - debug:  
2023-09-18T08:58:31.462Z - info: Pages built
2023-09-18T08:58:32.469Z - info: Site data built
2023-09-18T08:58:32.469Z - info: Website generation complete! Total build time: 193.076s
2023-09-18T08:58:32.470Z - info: Build success!
2023-09-18T09:03:51.441Z - info: The website has been deployed at: https://nus-cs2103-ay2324s1.github.io/website
2023-09-18T14:34:12.582Z - info: Website generation (lazy) started at 10:34:06 pm
2023-09-18T14:34:25.158Z - info: Building assets...
2023-09-18T14:34:33.224Z - info: Assets built
2023-09-18T14:34:33.225Z - info: Generating landing page...
2023-09-18T14:34:34.700Z - info: Landing page built, other pages will be built as you navigate to them!
2023-09-18T14:34:35.955Z - info: Site data built
2023-09-18T14:34:35.955Z - info: Website generation (lazy) complete! Total build time: 29.6s
2023-09-18T14:34:36.926Z - info: Serving "C:\repos\nus-cs2103\cs2103-website-base\_site" at http://127.0.0.1:8080
2023-09-18T14:34:36.926Z - info: Press CTRL+C to stop ...
2023-09-18T14:35:53.630Z - info: [10:35:53 pm] Reload for file change: C:\repos\nus-cs2103\cs2103-website-base\admin\tp-tasks-fragment.md
2023-09-18T14:35:53.631Z - info: Synchronizing opened pages list before reload
2023-09-18T14:35:53.632Z - info: Current opened pages, from most-to-least recent:
2023-09-18T14:35:53.633Z - info: 1. index
2023-09-18T14:35:54.642Z - info: Rebuilding 1 pages
2023-09-18T14:35:55.761Z - info: Building C:\repos\nus-cs2103\cs2103-website-base\schedule\week6\project as some of its dependencies were changed since the last visit
2023-09-18T14:35:58.330Z - info: Site data built
2023-09-18T14:35:58.331Z - info: Pages rebuilt
2023-09-18T14:35:58.331Z - info: Website regeneration complete! Total build time: 3.693s
2023-09-18T14:35:58.343Z - info: Site data built
2023-09-18T14:35:58.344Z - info: Lazy website regeneration complete! Total build time: 2.583s
2023-09-18T14:37:09.499Z - info: [10:37:09 pm] Reload for file change: C:\repos\nus-cs2103\cs2103-website-base\admin\tp-tasks-fragment.md
2023-09-18T14:37:09.500Z - info: Synchronizing opened pages list before reload
2023-09-18T14:37:09.501Z - info: Current opened pages, from most-to-least recent:
2023-09-18T14:37:09.501Z - info: 1. schedule/week6/project
2023-09-18T14:37:10.520Z - info: Rebuilding 1 pages
2023-09-18T14:37:13.210Z - info: Site data built
2023-09-18T14:37:13.210Z - info: Pages rebuilt
2023-09-18T14:37:13.211Z - info: Website regeneration complete! Total build time: 2.693s
2023-09-18T14:37:43.546Z - info: [10:37:43 pm] Reload for file change: C:\repos\nus-cs2103\cs2103-website-base\admin\tp-tasks-fragment.md
2023-09-18T14:37:43.547Z - info: Synchronizing opened pages list before reload
2023-09-18T14:37:43.548Z - info: Current opened pages, from most-to-least recent:
2023-09-18T14:37:43.548Z - info: 1. schedule/week6/project
2023-09-18T14:37:44.552Z - info: Rebuilding 1 pages
2023-09-18T14:37:46.960Z - info: Site data built
2023-09-18T14:37:46.960Z - info: Pages rebuilt
2023-09-18T14:37:46.961Z - info: Website regeneration complete! Total build time: 2.41s
2023-09-18T14:38:35.409Z - info: [10:38:35 pm] Reload for file change: C:\repos\nus-cs2103\cs2103-website-base\admin\tp-tasks-fragment.md
2023-09-18T14:38:35.410Z - info: Synchronizing opened pages list before reload
2023-09-18T14:38:35.412Z - info: Current opened pages, from most-to-least recent:
2023-09-18T14:38:35.412Z - info: 1. schedule/week6/project
2023-09-18T14:38:36.432Z - info: Rebuilding 1 pages
2023-09-18T14:38:38.713Z - info: Site data built
2023-09-18T14:38:38.713Z - info: Pages rebuilt
2023-09-18T14:38:38.714Z - info: Website regeneration complete! Total build time: 2.283s
2023-09-18T14:42:46.251Z - info: [10:42:46 pm] Reload for file change: C:\repos\nus-cs2103\cs2103-website-base\_course-CS2103\studentData-fragment.md
2023-09-18T14:42:46.251Z - info: Synchronizing opened pages list before reload
2023-09-18T14:42:46.251Z - info: Current opened pages, from most-to-least recent:
2023-09-18T14:42:46.252Z - info: 1. schedule/week6/project
2023-09-18T14:42:47.269Z - info: Rebuilding 1 pages
2023-09-18T14:42:49.177Z - info: Site data built
2023-09-18T14:42:49.177Z - info: Pages rebuilt
2023-09-18T14:42:49.177Z - info: Website regeneration complete! Total build time: 1.909s
2023-09-18T14:42:56.351Z - info: Building C:\repos\nus-cs2103\cs2103-website-base\admin\teamList as some of its dependencies were changed since the last visit
2023-09-18T14:42:57.875Z - info: Site data built
2023-09-18T14:42:57.876Z - info: Lazy website regeneration complete! Total build time: 1.526s
2023-09-18T14:43:48.658Z - info: Website generation started at 10:43:46 pm
2023-09-18T14:43:57.973Z - info: Building assets...
2023-09-18T14:44:04.690Z - info: Assets built
2023-09-18T14:44:04.691Z - info: Generating pages...
2023-09-18T14:44:18.232Z - debug:  
2023-09-18T14:44:18.318Z - debug:  
2023-09-18T14:44:20.705Z - debug:  
2023-09-18T14:44:20.706Z - debug:  
2023-09-18T14:44:20.706Z - debug:  
2023-09-18T14:44:20.706Z - debug:  
2023-09-18T14:44:20.706Z - debug:  
2023-09-18T14:44:20.707Z - debug:  
2023-09-18T14:44:20.707Z - debug:  
2023-09-18T14:44:20.707Z - debug:  
2023-09-18T14:44:20.707Z - debug:  
2023-09-18T14:44:20.707Z - debug:  
2023-09-18T14:44:20.708Z - debug:  
2023-09-18T14:44:20.708Z - debug:  
2023-09-18T14:44:20.708Z - debug:  
2023-09-18T14:44:20.708Z - debug:  
2023-09-18T14:46:06.187Z - debug:  
2023-09-18T14:46:18.668Z - debug:  
2023-09-18T14:46:18.690Z - debug:  
2023-09-18T14:46:29.520Z - info: Pages built
2023-09-18T14:46:30.457Z - info: Site data built
2023-09-18T14:46:30.458Z - info: Website generation complete! Total build time: 163.637s
2023-09-18T14:46:30.458Z - info: Build success!
2023-09-18T14:48:35.962Z - info: The website has been deployed at: https://nus-cs2103-ay2324s1.github.io/website
