2023-08-18T12:03:24.450Z - info: Website generation started at 8:03:24 pm
2023-08-18T12:03:36.866Z - info: Building assets...
2023-08-18T12:03:44.461Z - info: Assets built
2023-08-18T12:03:44.462Z - info: Generating pages...
2023-08-18T12:04:03.618Z - debug:  
2023-08-18T12:04:03.619Z - debug:  
2023-08-18T12:04:03.620Z - debug:  
2023-08-18T12:04:03.621Z - debug:  
2023-08-18T12:04:03.622Z - debug:  
2023-08-18T12:04:03.623Z - debug:  
2023-08-18T12:04:06.585Z - debug:  
2023-08-18T12:04:06.632Z - debug:  
2023-08-18T12:04:06.632Z - debug:  
2023-08-18T12:04:06.632Z - debug:  
2023-08-18T12:04:06.633Z - debug:  
2023-08-18T12:04:06.633Z - debug:  
2023-08-18T12:04:06.633Z - debug:  
2023-08-18T12:04:06.633Z - debug:  
2023-08-18T12:04:06.634Z - debug:  
2023-08-18T12:04:06.634Z - debug:  
2023-08-18T12:06:23.372Z - debug:  
2023-08-18T12:06:38.109Z - debug:  
2023-08-18T12:06:38.114Z - debug:  
2023-08-18T12:06:44.993Z - info: Pages built
2023-08-18T12:06:46.563Z - info: Site data built
2023-08-18T12:06:46.563Z - info: Website generation complete! Total build time: 202.138s
2023-08-18T12:06:46.563Z - info: Build success!
2023-08-18T12:09:15.340Z - info: The website has been deployed at: https://nus-cs2103-ay2324s1.github.io/website
