2023-11-01T16:24:52.701Z - info: Website generation (lazy) started at 12:24:45 am
2023-11-01T16:25:06.789Z - info: Building assets...
2023-11-01T16:25:17.367Z - info: Assets built
2023-11-01T16:25:17.368Z - info: Generating landing page...
2023-11-01T16:25:19.970Z - info: Landing page built, other pages will be built as you navigate to them!
2023-11-01T16:25:21.361Z - info: Site data built
2023-11-01T16:25:21.362Z - info: Website generation (lazy) complete! Total build time: 35.545s
2023-11-01T16:25:22.717Z - info: Serving "C:\repos\nus-cs2103\cs2103-website-base\_site" at http://127.0.0.1:8080
2023-11-01T16:25:22.718Z - info: Press CTRL+C to stop ...
2023-11-01T16:25:40.880Z - info: Building C:\repos\nus-cs2103\cs2103-website-base\schedule\week11\project as some of its dependencies were changed since the last visit
2023-11-01T16:25:46.840Z - info: Site data built
2023-11-01T16:25:46.840Z - info: Lazy website regeneration complete! Total build time: 5.96s
2023-11-01T16:25:47.816Z - info: Building C:\repos\nus-cs2103\cs2103-website-base\schedule\week11\project as some of its dependencies were changed since the last visit
2023-11-01T16:25:49.318Z - info: Site data built
2023-11-01T16:25:49.318Z - info: Lazy website regeneration complete! Total build time: 1.502s
2023-11-01T16:27:20.607Z - info: Building C:\repos\nus-cs2103\cs2103-website-base\schedule\week11\tutorial as some of its dependencies were changed since the last visit
2023-11-01T16:27:21.397Z - info: Site data built
2023-11-01T16:27:21.397Z - info: Lazy website regeneration complete! Total build time: 0.79s
2023-11-01T16:27:36.731Z - info: Building C:\repos\nus-cs2103\cs2103-website-base\schedule\week12\index as some of its dependencies were changed since the last visit
2023-11-01T16:27:37.573Z - info: Site data built
2023-11-01T16:27:37.574Z - info: Lazy website regeneration complete! Total build time: 0.843s
2023-11-01T16:27:42.034Z - info: Building C:\repos\nus-cs2103\cs2103-website-base\schedule\week12\project as some of its dependencies were changed since the last visit
2023-11-01T16:27:45.551Z - info: Site data built
2023-11-01T16:27:45.551Z - info: Lazy website regeneration complete! Total build time: 3.518s
2023-11-01T16:29:04.116Z - info: [12:29:04 am] Reload for file change: C:\repos\nus-cs2103\cs2103-website-base\admin\tp-tasks-fragment.md
2023-11-01T16:29:04.117Z - info: Synchronizing opened pages list before reload
2023-11-01T16:29:04.117Z - info: Current opened pages, from most-to-least recent:
2023-11-01T16:29:04.117Z - info: 1. schedule/week12/project
2023-11-01T16:29:05.136Z - info: Rebuilding 1 pages
2023-11-01T16:29:08.624Z - info: Site data built
2023-11-01T16:29:08.624Z - info: Pages rebuilt
2023-11-01T16:29:08.624Z - info: Website regeneration complete! Total build time: 3.489s
2023-11-01T16:30:28.770Z - info: [12:30:28 am] Reload for file change: C:\repos\nus-cs2103\cs2103-website-base\admin\tp-tasks-fragment.md
2023-11-01T16:30:28.770Z - info: Synchronizing opened pages list before reload
2023-11-01T16:30:28.771Z - info: Current opened pages, from most-to-least recent:
2023-11-01T16:30:28.771Z - info: 1. schedule/week12/project
2023-11-01T16:30:29.799Z - info: Rebuilding 1 pages
2023-11-01T16:30:33.318Z - info: Site data built
2023-11-01T16:30:33.319Z - info: Pages rebuilt
2023-11-01T16:30:33.319Z - info: Website regeneration complete! Total build time: 3.522s
2023-11-01T16:30:33.928Z - info: Building C:\repos\nus-cs2103\cs2103-website-base\schedule\week11\project as some of its dependencies were changed since the last visit
2023-11-01T16:30:35.171Z - info: Site data built
2023-11-01T16:30:35.171Z - info: Lazy website regeneration complete! Total build time: 1.244s
2023-11-01T16:31:12.575Z - info: [12:31:12 am] Reload for file change: C:\repos\nus-cs2103\cs2103-website-base\_course-CS2103\weeklyTpTasks-fragment.md
2023-11-01T16:31:12.577Z - info: Synchronizing opened pages list before reload
2023-11-01T16:31:12.577Z - info: Current opened pages, from most-to-least recent:
2023-11-01T16:31:12.578Z - info: 1. schedule/week11/project
2023-11-01T16:31:13.584Z - info: Rebuilding 1 pages
2023-11-01T16:31:16.022Z - info: Site data built
2023-11-01T16:31:16.023Z - info: Pages rebuilt
2023-11-01T16:31:16.023Z - info: Website regeneration complete! Total build time: 2.44s
2023-11-01T16:31:25.892Z - info: [12:31:25 am] Reload for file change: C:\repos\nus-cs2103\cs2103-website-base\admin\tp-tasks-fragment.md
2023-11-01T16:31:25.893Z - info: Synchronizing opened pages list before reload
2023-11-01T16:31:25.893Z - info: Current opened pages, from most-to-least recent:
2023-11-01T16:31:25.894Z - info: 1. schedule/week11/project
2023-11-01T16:31:26.900Z - info: Rebuilding 1 pages
2023-11-01T16:31:29.425Z - info: Site data built
2023-11-01T16:31:29.426Z - info: Pages rebuilt
2023-11-01T16:31:29.426Z - info: Website regeneration complete! Total build time: 2.528s
2023-11-01T16:32:16.010Z - info: [12:32:16 am] Reload for file change: C:\repos\nus-cs2103\cs2103-website-base\admin\tp-tasks-fragment.md
2023-11-01T16:32:16.010Z - info: Synchronizing opened pages list before reload
2023-11-01T16:32:16.011Z - info: Current opened pages, from most-to-least recent:
2023-11-01T16:32:16.011Z - info: 1. schedule/week11/project
2023-11-01T16:32:17.020Z - info: Rebuilding 1 pages
2023-11-01T16:32:19.859Z - info: Site data built
2023-11-01T16:32:19.859Z - info: Pages rebuilt
2023-11-01T16:32:19.859Z - info: Website regeneration complete! Total build time: 2.84s
2023-11-01T16:32:28.683Z - info: Building C:\repos\nus-cs2103\cs2103-website-base\admin\index as some of its dependencies were changed since the last visit
2023-11-01T16:32:29.116Z - info: Site data built
2023-11-01T16:32:29.116Z - info: Lazy website regeneration complete! Total build time: 0.434s
2023-11-01T16:32:36.189Z - info: Building C:\repos\nus-cs2103\cs2103-website-base\admin\tp-ped as some of its dependencies were changed since the last visit
2023-11-01T16:32:37.767Z - info: Site data built
2023-11-01T16:32:37.767Z - info: Lazy website regeneration complete! Total build time: 1.579s
2023-11-01T16:34:20.982Z - info: [12:34:20 am] Reload for file change: C:\repos\nus-cs2103\cs2103-website-base\admin\tp-ped-fragment.md
2023-11-01T16:34:20.983Z - info: Synchronizing opened pages list before reload
2023-11-01T16:34:20.983Z - info: Current opened pages, from most-to-least recent:
2023-11-01T16:34:20.983Z - info: 1. admin/tp-ped
2023-11-01T16:34:22.000Z - info: Rebuilding 1 pages
2023-11-01T16:34:23.291Z - info: Site data built
2023-11-01T16:34:23.291Z - info: Pages rebuilt
2023-11-01T16:34:23.291Z - info: Website regeneration complete! Total build time: 1.292s
2023-11-01T16:34:59.737Z - info: [12:34:59 am] Reload for file change: C:\repos\nus-cs2103\cs2103-website-base\admin\tp-ped-fragment.md
2023-11-01T16:34:59.738Z - info: Synchronizing opened pages list before reload
2023-11-01T16:34:59.738Z - info: Current opened pages, from most-to-least recent:
2023-11-01T16:34:59.738Z - info: 1. admin/tp-ped
2023-11-01T16:35:00.754Z - info: Rebuilding 1 pages
2023-11-01T16:35:01.951Z - info: Site data built
2023-11-01T16:35:01.951Z - info: Pages rebuilt
2023-11-01T16:35:01.951Z - info: Website regeneration complete! Total build time: 1.197s
2023-11-01T16:35:12.286Z - info: [12:35:12 am] Reload for file change: C:\repos\nus-cs2103\cs2103-website-base\admin\tp-ped-fragment.md
2023-11-01T16:35:12.286Z - info: Synchronizing opened pages list before reload
2023-11-01T16:35:12.286Z - info: Current opened pages, from most-to-least recent:
2023-11-01T16:35:12.286Z - info: 1. admin/tp-ped
2023-11-01T16:35:13.295Z - info: Rebuilding 1 pages
2023-11-01T16:35:14.278Z - info: Site data built
2023-11-01T16:35:14.278Z - info: Pages rebuilt
2023-11-01T16:35:14.279Z - info: Website regeneration complete! Total build time: 0.984s
2023-11-01T16:36:21.475Z - info: [12:36:21 am] Reload for file change: C:\repos\nus-cs2103\cs2103-website-base\admin\tp-ped-fragment.md
2023-11-01T16:36:21.475Z - info: Synchronizing opened pages list before reload
2023-11-01T16:36:21.476Z - info: Current opened pages, from most-to-least recent:
2023-11-01T16:36:21.476Z - info: 1. admin/tp-ped
2023-11-01T16:36:22.493Z - info: Rebuilding 1 pages
2023-11-01T16:36:23.656Z - info: Site data built
2023-11-01T16:36:23.656Z - info: Pages rebuilt
2023-11-01T16:36:23.656Z - info: Website regeneration complete! Total build time: 1.164s
2023-11-01T16:39:20.448Z - info: [12:39:20 am] Reload for file change: C:\repos\nus-cs2103\cs2103-website-base\admin\tp-ped-fragment.md
2023-11-01T16:39:20.449Z - info: Synchronizing opened pages list before reload
2023-11-01T16:39:20.449Z - info: Current opened pages, from most-to-least recent:
2023-11-01T16:39:20.450Z - info: 1. admin/tp-ped
2023-11-01T16:39:21.456Z - info: Rebuilding 1 pages
2023-11-01T16:39:23.344Z - info: Site data built
2023-11-01T16:39:23.344Z - info: Pages rebuilt
2023-11-01T16:39:23.344Z - info: Website regeneration complete! Total build time: 1.89s
2023-11-01T16:39:47.031Z - info: [12:39:47 am] Reload for file change: C:\repos\nus-cs2103\cs2103-website-base\admin\tp-ped-fragment.md
2023-11-01T16:39:47.032Z - info: Synchronizing opened pages list before reload
2023-11-01T16:39:47.032Z - info: Current opened pages, from most-to-least recent:
2023-11-01T16:39:47.032Z - info: 1. admin/tp-ped
2023-11-01T16:39:48.040Z - info: Rebuilding 1 pages
2023-11-01T16:39:49.392Z - info: Site data built
2023-11-01T16:39:49.392Z - info: Pages rebuilt
2023-11-01T16:39:49.393Z - info: Website regeneration complete! Total build time: 1.353s
2023-11-01T16:40:03.993Z - info: [12:40:03 am] Reload for file change: C:\repos\nus-cs2103\cs2103-website-base\admin\tp-ped-fragment.md
2023-11-01T16:40:03.993Z - info: Synchronizing opened pages list before reload
2023-11-01T16:40:03.993Z - info: Current opened pages, from most-to-least recent:
2023-11-01T16:40:03.993Z - info: 1. admin/tp-ped
2023-11-01T16:40:05.003Z - info: Rebuilding 1 pages
2023-11-01T16:40:05.964Z - info: Site data built
2023-11-01T16:40:05.964Z - info: Pages rebuilt
2023-11-01T16:40:05.964Z - info: Website regeneration complete! Total build time: 0.962s
2023-11-01T16:40:21.570Z - info: [12:40:21 am] Reload for file change: C:\repos\nus-cs2103\cs2103-website-base\admin\tp-ped-fragment.md
2023-11-01T16:40:21.570Z - info: Synchronizing opened pages list before reload
2023-11-01T16:40:21.570Z - info: Current opened pages, from most-to-least recent:
2023-11-01T16:40:21.570Z - info: 1. admin/tp-ped
2023-11-01T16:40:22.582Z - info: Rebuilding 1 pages
2023-11-01T16:40:23.670Z - info: Site data built
2023-11-01T16:40:23.670Z - info: Pages rebuilt
2023-11-01T16:40:23.670Z - info: Website regeneration complete! Total build time: 1.09s
2023-11-01T16:40:47.133Z - info: [12:40:47 am] Reload for file change: C:\repos\nus-cs2103\cs2103-website-base\admin\tp-ped-fragment.md
2023-11-01T16:40:47.133Z - info: Synchronizing opened pages list before reload
2023-11-01T16:40:47.133Z - info: Current opened pages, from most-to-least recent:
2023-11-01T16:40:47.134Z - info: 1. admin/tp-ped
2023-11-01T16:40:48.151Z - info: Rebuilding 1 pages
2023-11-01T16:40:49.368Z - info: Site data built
2023-11-01T16:40:49.368Z - info: Pages rebuilt
2023-11-01T16:40:49.368Z - info: Website regeneration complete! Total build time: 1.218s
2023-11-01T16:40:56.861Z - info: [12:40:56 am] Reload for file change: C:\repos\nus-cs2103\cs2103-website-base\admin\tp-ped-fragment.md
2023-11-01T16:40:56.861Z - info: Synchronizing opened pages list before reload
2023-11-01T16:40:56.861Z - info: Current opened pages, from most-to-least recent:
2023-11-01T16:40:56.861Z - info: 1. admin/tp-ped
2023-11-01T16:40:57.868Z - info: Rebuilding 1 pages
2023-11-01T16:40:58.741Z - info: Site data built
2023-11-01T16:40:58.741Z - info: Pages rebuilt
2023-11-01T16:40:58.742Z - info: Website regeneration complete! Total build time: 0.875s
2023-11-01T16:41:19.128Z - info: [12:41:19 am] Reload for file change: C:\repos\nus-cs2103\cs2103-website-base\admin\tp-ped-fragment.md
2023-11-01T16:41:19.128Z - info: Synchronizing opened pages list before reload
2023-11-01T16:41:19.128Z - info: Current opened pages, from most-to-least recent:
2023-11-01T16:41:19.129Z - info: 1. admin/tp-ped
2023-11-01T16:41:20.144Z - info: Rebuilding 1 pages
2023-11-01T16:41:21.593Z - info: Site data built
2023-11-01T16:41:21.593Z - info: Pages rebuilt
2023-11-01T16:41:21.593Z - info: Website regeneration complete! Total build time: 1.45s
2023-11-01T16:41:31.473Z - info: [12:41:31 am] Reload for file change: C:\repos\nus-cs2103\cs2103-website-base\admin\tp-ped-fragment.md
2023-11-01T16:41:31.473Z - info: Synchronizing opened pages list before reload
2023-11-01T16:41:31.474Z - info: Current opened pages, from most-to-least recent:
2023-11-01T16:41:31.474Z - info: 1. admin/tp-ped
2023-11-01T16:41:32.491Z - info: Rebuilding 1 pages
2023-11-01T16:41:33.369Z - info: Site data built
2023-11-01T16:41:33.370Z - info: Pages rebuilt
2023-11-01T16:41:33.370Z - info: Website regeneration complete! Total build time: 0.88s
2023-11-01T16:42:20.157Z - info: [12:42:20 am] Reload for file change: C:\repos\nus-cs2103\cs2103-website-base\admin\tp-ped-fragment.md
2023-11-01T16:42:20.158Z - info: Synchronizing opened pages list before reload
2023-11-01T16:42:20.158Z - info: Current opened pages, from most-to-least recent:
2023-11-01T16:42:20.158Z - info: 1. admin/tp-ped
2023-11-01T16:42:21.172Z - info: Rebuilding 1 pages
2023-11-01T16:42:22.339Z - info: Site data built
2023-11-01T16:42:22.339Z - info: Pages rebuilt
2023-11-01T16:42:22.339Z - info: Website regeneration complete! Total build time: 1.168s
2023-11-01T16:42:31.177Z - info: [12:42:31 am] Reload for file change: C:\repos\nus-cs2103\cs2103-website-base\admin\tp-ped-fragment.md
2023-11-01T16:42:31.177Z - info: Synchronizing opened pages list before reload
2023-11-01T16:42:31.177Z - info: Current opened pages, from most-to-least recent:
2023-11-01T16:42:31.177Z - info: 1. admin/tp-ped
2023-11-01T16:42:32.183Z - info: Rebuilding 1 pages
2023-11-01T16:42:33.079Z - info: Site data built
2023-11-01T16:42:33.079Z - info: Pages rebuilt
2023-11-01T16:42:33.079Z - info: Website regeneration complete! Total build time: 0.897s
2023-11-01T16:42:58.121Z - info: [12:42:58 am] Reload for file change: C:\repos\nus-cs2103\cs2103-website-base\admin\tp-ped-fragment.md
2023-11-01T16:42:58.121Z - info: Synchronizing opened pages list before reload
2023-11-01T16:42:58.122Z - info: Current opened pages, from most-to-least recent:
2023-11-01T16:42:58.122Z - info: 1. admin/tp-ped
2023-11-01T16:42:59.134Z - info: Rebuilding 1 pages
2023-11-01T16:43:00.511Z - info: Site data built
2023-11-01T16:43:00.511Z - info: Pages rebuilt
2023-11-01T16:43:00.511Z - info: Website regeneration complete! Total build time: 1.377s
2023-11-01T16:45:15.815Z - info: [12:45:15 am] Reload for file change: C:\repos\nus-cs2103\cs2103-website-base\admin\tp-ped-fragment.md
2023-11-01T16:45:15.815Z - info: Synchronizing opened pages list before reload
2023-11-01T16:45:15.815Z - info: Current opened pages, from most-to-least recent:
2023-11-01T16:45:15.815Z - info: 1. admin/tp-ped
2023-11-01T16:45:16.825Z - info: Rebuilding 1 pages
2023-11-01T16:45:17.744Z - info: Site data built
2023-11-01T16:45:17.744Z - info: Pages rebuilt
2023-11-01T16:45:17.744Z - info: Website regeneration complete! Total build time: 0.92s
2023-11-01T16:46:21.706Z - info: [12:46:21 am] Reload for file change: C:\repos\nus-cs2103\cs2103-website-base\admin\tp-ped-fragment.md
2023-11-01T16:46:21.707Z - info: Synchronizing opened pages list before reload
2023-11-01T16:46:21.707Z - info: Current opened pages, from most-to-least recent:
2023-11-01T16:46:21.707Z - info: 1. admin/tp-ped
2023-11-01T16:46:22.716Z - info: Rebuilding 1 pages
2023-11-01T16:46:23.831Z - info: Site data built
2023-11-01T16:46:23.831Z - info: Pages rebuilt
2023-11-01T16:46:23.831Z - info: Website regeneration complete! Total build time: 1.116s
2023-11-01T16:46:58.550Z - info: [12:46:58 am] Reload for file change: C:\repos\nus-cs2103\cs2103-website-base\admin\tp-ped-fragment.md
2023-11-01T16:46:58.551Z - info: Synchronizing opened pages list before reload
2023-11-01T16:46:58.551Z - info: Current opened pages, from most-to-least recent:
2023-11-01T16:46:58.552Z - info: 1. admin/tp-ped
2023-11-01T16:46:59.561Z - info: Rebuilding 1 pages
2023-11-01T16:47:00.808Z - info: Site data built
2023-11-01T16:47:00.809Z - info: Pages rebuilt
2023-11-01T16:47:00.809Z - info: Website regeneration complete! Total build time: 1.249s
2023-11-01T16:48:36.090Z - info: Building C:\repos\nus-cs2103\cs2103-website-base\index as some of its dependencies were changed since the last visit
2023-11-01T16:48:37.499Z - info: Site data built
2023-11-01T16:48:37.499Z - info: Lazy website regeneration complete! Total build time: 1.41s
2023-11-01T16:49:02.934Z - info: Building C:\repos\nus-cs2103\cs2103-website-base\schedule\week12\index as some of its dependencies were changed since the last visit
2023-11-01T16:49:03.852Z - info: Site data built
2023-11-01T16:49:03.853Z - info: Lazy website regeneration complete! Total build time: 0.92s
2023-11-01T16:49:13.211Z - info: Building C:\repos\nus-cs2103\cs2103-website-base\schedule\week12\admin as some of its dependencies were changed since the last visit
2023-11-01T16:49:13.808Z - info: Site data built
2023-11-01T16:49:13.808Z - info: Lazy website regeneration complete! Total build time: 0.598s
2023-11-01T16:54:35.259Z - info: [12:54:35 am] Reload for file change: C:\repos\nus-cs2103\cs2103-website-base\admin\policies-fragment.md
2023-11-01T16:54:35.260Z - info: Synchronizing opened pages list before reload
2023-11-01T16:54:35.260Z - info: Current opened pages, from most-to-least recent:
2023-11-01T16:54:35.260Z - info: 1. schedule/week12/admin
2023-11-01T16:54:36.278Z - info: Rebuilding 1 pages
2023-11-01T16:54:36.772Z - info: Site data built
2023-11-01T16:54:36.772Z - info: Pages rebuilt
2023-11-01T16:54:36.773Z - info: Website regeneration complete! Total build time: 0.497s
2023-11-01T16:55:12.380Z - info: [12:55:12 am] Reload for file change: C:\repos\nus-cs2103\cs2103-website-base\admin\policies-fragment.md
2023-11-01T16:55:12.381Z - info: Synchronizing opened pages list before reload
2023-11-01T16:55:12.381Z - info: Current opened pages, from most-to-least recent:
2023-11-01T16:55:12.381Z - info: 1. schedule/week12/admin
2023-11-01T16:55:13.398Z - info: Rebuilding 1 pages
2023-11-01T16:55:14.135Z - info: Site data built
2023-11-01T16:55:14.135Z - info: Pages rebuilt
2023-11-01T16:55:14.135Z - info: Website regeneration complete! Total build time: 0.739s
2023-11-01T16:58:19.569Z - info: [12:58:19 am] Reload for file change: C:\repos\nus-cs2103\cs2103-website-base\admin\policies-fragment.md
2023-11-01T16:58:19.569Z - info: Synchronizing opened pages list before reload
2023-11-01T16:58:19.570Z - info: Current opened pages, from most-to-least recent:
2023-11-01T16:58:19.570Z - info: 1. schedule/week12/admin
2023-11-01T16:58:20.581Z - info: Rebuilding 1 pages
2023-11-01T16:58:21.114Z - info: Site data built
2023-11-01T16:58:21.114Z - info: Pages rebuilt
2023-11-01T16:58:21.114Z - info: Website regeneration complete! Total build time: 0.534s
2023-11-01T16:58:32.244Z - info: [12:58:32 am] Reload for file change: C:\repos\nus-cs2103\cs2103-website-base\admin\policies-fragment.md
2023-11-01T16:58:32.245Z - info: Synchronizing opened pages list before reload
2023-11-01T16:58:32.245Z - info: Current opened pages, from most-to-least recent:
2023-11-01T16:58:32.245Z - info: 1. schedule/week12/admin
2023-11-01T16:58:33.254Z - info: Rebuilding 1 pages
2023-11-01T16:58:33.645Z - info: Site data built
2023-11-01T16:58:33.645Z - info: Pages rebuilt
2023-11-01T16:58:33.645Z - info: Website regeneration complete! Total build time: 0.391s
2023-11-01T16:59:56.609Z - info: [12:59:56 am] Reload for file change: C:\repos\nus-cs2103\cs2103-website-base\admin\policies-fragment.md
2023-11-01T16:59:56.609Z - info: Synchronizing opened pages list before reload
2023-11-01T16:59:56.610Z - info: Current opened pages, from most-to-least recent:
2023-11-01T16:59:56.610Z - info: 1. schedule/week12/admin
2023-11-01T16:59:57.620Z - info: Rebuilding 1 pages
2023-11-01T16:59:58.383Z - info: Site data built
2023-11-01T16:59:58.383Z - info: Pages rebuilt
2023-11-01T16:59:58.384Z - info: Website regeneration complete! Total build time: 0.765s
2023-11-01T17:00:32.863Z - info: [1:00:32 am] Reload for file change: C:\repos\nus-cs2103\cs2103-website-base\admin\policies-fragment.md
2023-11-01T17:00:32.863Z - info: Synchronizing opened pages list before reload
2023-11-01T17:00:32.863Z - info: Current opened pages, from most-to-least recent:
2023-11-01T17:00:32.863Z - info: 1. schedule/week12/admin
2023-11-01T17:00:33.879Z - info: Rebuilding 1 pages
2023-11-01T17:00:34.375Z - info: Site data built
2023-11-01T17:00:34.376Z - info: Pages rebuilt
2023-11-01T17:00:34.376Z - info: Website regeneration complete! Total build time: 0.498s
2023-11-01T17:02:15.354Z - info: Building C:\repos\nus-cs2103\cs2103-website-base\schedule\week12\topics as some of its dependencies were changed since the last visit
2023-11-01T17:02:15.733Z - info: Site data built
2023-11-01T17:02:15.734Z - info: Lazy website regeneration complete! Total build time: 0.381s
2023-11-01T17:02:34.849Z - info: Building C:\repos\nus-cs2103\cs2103-website-base\schedule\week12\project as some of its dependencies were changed since the last visit
2023-11-01T17:02:38.256Z - info: Site data built
2023-11-01T17:02:38.257Z - info: Lazy website regeneration complete! Total build time: 3.409s
2023-11-01T17:04:03.336Z - info: [1:04:03 am] Reload for file change: C:\repos\nus-cs2103\cs2103-website-base\admin\tp-tasks-fragment.md
2023-11-01T17:04:03.336Z - info: Synchronizing opened pages list before reload
2023-11-01T17:04:03.337Z - info: Current opened pages, from most-to-least recent:
2023-11-01T17:04:03.337Z - info: 1. schedule/week12/project
2023-11-01T17:04:04.355Z - info: Rebuilding 1 pages
2023-11-01T17:04:07.325Z - info: Site data built
2023-11-01T17:04:07.326Z - info: Pages rebuilt
2023-11-01T17:04:07.326Z - info: Website regeneration complete! Total build time: 2.972s
2023-11-01T17:10:40.485Z - info: [1:10:40 am] Reload for file change: C:\repos\nus-cs2103\cs2103-website-base\admin\tp-ped-fragment.md
2023-11-01T17:10:40.485Z - info: Synchronizing opened pages list before reload
2023-11-01T17:10:40.486Z - info: Current opened pages, from most-to-least recent:
2023-11-01T17:10:40.486Z - info: 1. schedule/week12/project
2023-11-01T17:10:41.498Z - info: Rebuilding 1 pages
2023-11-01T17:10:44.774Z - info: Site data built
2023-11-01T17:10:44.775Z - info: Pages rebuilt
2023-11-01T17:10:44.775Z - info: Website regeneration complete! Total build time: 3.278s
2023-11-01T17:16:37.111Z - info: [1:16:37 am] Reload for file change: C:\repos\nus-cs2103\cs2103-website-base\admin\tp-tasks-fragment.md
2023-11-01T17:16:37.111Z - info: Synchronizing opened pages list before reload
2023-11-01T17:16:37.111Z - info: Current opened pages, from most-to-least recent:
2023-11-01T17:16:37.111Z - info: 1. schedule/week12/project
2023-11-01T17:16:38.117Z - info: Rebuilding 1 pages
2023-11-01T17:16:41.242Z - info: Site data built
2023-11-01T17:16:41.243Z - info: Pages rebuilt
2023-11-01T17:16:41.243Z - info: Website regeneration complete! Total build time: 3.127s
2023-11-01T17:26:53.306Z - info: [1:26:53 am] Reload for file change: C:\repos\nus-cs2103\cs2103-website-base\admin\tp-tasks-fragment.md
2023-11-01T17:26:53.306Z - info: Synchronizing opened pages list before reload
2023-11-01T17:26:53.306Z - info: Current opened pages, from most-to-least recent:
2023-11-01T17:26:53.306Z - info: 1. schedule/week12/project
2023-11-01T17:26:54.315Z - info: Rebuilding 1 pages
2023-11-01T17:26:57.493Z - info: Site data built
2023-11-01T17:26:57.493Z - info: Pages rebuilt
2023-11-01T17:26:57.493Z - info: Website regeneration complete! Total build time: 3.179s
2023-11-01T17:27:27.328Z - info: Building C:\repos\nus-cs2103\cs2103-website-base\schedule\week12\tutorial as some of its dependencies were changed since the last visit
2023-11-01T17:27:27.679Z - info: Site data built
2023-11-01T17:27:27.679Z - info: Lazy website regeneration complete! Total build time: 0.352s
2023-11-01T17:30:21.071Z - info: Website generation started at 1:30:18 am
2023-11-01T17:30:35.524Z - info: Building assets...
2023-11-01T17:30:44.560Z - info: Assets built
2023-11-01T17:30:44.561Z - info: Generating pages...
2023-11-01T17:31:02.899Z - debug:  
2023-11-01T17:31:05.320Z - debug:  
2023-11-01T17:31:05.320Z - debug:  
2023-11-01T17:31:05.321Z - debug:  
2023-11-01T17:31:05.321Z - debug:  
2023-11-01T17:31:05.321Z - debug:  
2023-11-01T17:31:05.321Z - debug:  
2023-11-01T17:31:05.322Z - debug:  
2023-11-01T17:31:05.323Z - debug:  
2023-11-01T17:31:05.324Z - debug:  
2023-11-01T17:31:05.324Z - debug:  
2023-11-01T17:31:05.324Z - debug:  
2023-11-01T17:31:05.325Z - debug:  
2023-11-01T17:31:05.325Z - debug:  
2023-11-01T17:31:05.325Z - debug:  
2023-11-01T17:31:05.326Z - debug:  
2023-11-01T17:33:26.902Z - debug:  
2023-11-01T17:33:44.080Z - debug:  
2023-11-01T17:33:44.166Z - debug:  
2023-11-01T17:33:58.888Z - info: Pages built
2023-11-01T17:34:00.252Z - info: Site data built
2023-11-01T17:34:00.252Z - info: Website generation complete! Total build time: 221.307s
2023-11-01T17:34:00.252Z - info: Build success!
2023-11-01T17:36:52.720Z - info: The website has been deployed at: https://nus-cs2103-ay2324s1.github.io/website
