2023-07-28T01:19:37.146Z - info: Website generation started at 9:19:35 am
2023-07-28T01:19:47.554Z - info: Building assets...
2023-07-28T01:19:55.288Z - info: Assets built
2023-07-28T01:19:55.289Z - info: Generating pages...
2023-07-28T01:20:11.227Z - debug:  
2023-07-28T01:20:11.228Z - debug:  
2023-07-28T01:20:11.228Z - debug:  
2023-07-28T01:20:11.229Z - debug:  
2023-07-28T01:20:11.229Z - debug:  
2023-07-28T01:20:11.230Z - debug:  
2023-07-28T01:20:11.230Z - debug:  
2023-07-28T01:20:11.231Z - debug:  
2023-07-28T01:20:11.231Z - debug:  
2023-07-28T01:20:11.231Z - debug:  
2023-07-28T01:20:11.232Z - debug:  
2023-07-28T01:20:11.232Z - debug:  
2023-07-28T01:20:11.232Z - debug:  
2023-07-28T01:20:11.233Z - debug:  
2023-07-28T01:20:15.659Z - debug:  
2023-07-28T01:20:43.419Z - debug:  
2023-07-28T01:21:34.215Z - info: Pages built
2023-07-28T01:21:35.257Z - info: Site data built
2023-07-28T01:21:35.258Z - info: Website generation complete! Total build time: 119.95s
2023-07-28T01:21:35.258Z - info: Build success!
2023-07-28T01:23:04.017Z - info: The website has been deployed at: https://nus-tic2002-ay2324s1.github.io/website
