2023-10-23T10:37:47.645Z - info: Website generation (lazy) started at 6:37:44 pm
2023-10-23T10:38:02.184Z - info: Building assets...
2023-10-23T10:38:11.299Z - info: Assets built
2023-10-23T10:38:11.300Z - info: Generating landing page...
2023-10-23T10:38:13.005Z - info: Landing page built, other pages will be built as you navigate to them!
2023-10-23T10:38:14.313Z - info: Site data built
2023-10-23T10:38:14.313Z - info: Website generation (lazy) complete! Total build time: 29.324s
2023-10-23T10:38:15.297Z - info: Serving "C:\repos\nus-cs2103\cs2103-website-base\_site" at http://127.0.0.1:8080
2023-10-23T10:38:15.297Z - info: Press CTRL+C to stop ...
2023-10-23T10:38:26.902Z - info: Building C:\repos\nus-cs2103\cs2103-website-base\schedule\week10\topics as some of its dependencies were changed since the last visit
2023-10-23T10:38:37.986Z - debug:  
2023-10-23T10:38:38.759Z - info: Site data built
2023-10-23T10:38:38.760Z - info: Lazy website regeneration complete! Total build time: 11.858s
2023-10-23T10:38:45.733Z - info: Building C:\repos\nus-cs2103\cs2103-website-base\schedule\week6\topics as some of its dependencies were changed since the last visit
2023-10-23T10:38:50.910Z - debug:  
2023-10-23T10:38:50.971Z - debug:  
2023-10-23T10:38:51.163Z - info: Site data built
2023-10-23T10:38:51.164Z - info: Lazy website regeneration complete! Total build time: 5.431s
2023-10-23T10:39:41.393Z - info: [6:39:41 pm] Reload for file change: C:\repos\nus-cs2103\cs2103-website-base\book\modeling\modelingBehaviors\sequenceDiagramsIntermediate\text.md
2023-10-23T10:39:41.394Z - info: Synchronizing opened pages list before reload
2023-10-23T10:39:41.394Z - info: Current opened pages, from most-to-least recent:
2023-10-23T10:39:41.394Z - info: 1. schedule/week6/topics
2023-10-23T10:39:42.414Z - info: Rebuilding 1 pages
2023-10-23T10:39:44.493Z - info: Site data built
2023-10-23T10:39:44.494Z - info: Pages rebuilt
2023-10-23T10:39:44.494Z - info: Website regeneration complete! Total build time: 2.082s
2023-10-23T10:41:53.738Z - info: Building C:\repos\nus-cs2103\cs2103-website-base\schedule\week10\project as some of its dependencies were changed since the last visit
2023-10-23T10:41:56.440Z - info: Site data built
2023-10-23T10:41:56.442Z - info: Lazy website regeneration complete! Total build time: 2.704s
2023-10-23T10:46:58.377Z - info: Website generation started at 6:46:45 pm
2023-10-23T10:48:05.006Z - info: Building assets...
