2023-09-24T08:16:35.567Z - info: Website generation (lazy) started at 4:16:30 pm
2023-09-24T08:16:46.656Z - info: Building assets...
2023-09-24T08:16:54.713Z - info: Assets built
2023-09-24T08:16:54.715Z - info: Generating landing page...
2023-09-24T08:16:56.398Z - info: Landing page built, other pages will be built as you navigate to them!
2023-09-24T08:16:57.785Z - info: Site data built
2023-09-24T08:16:57.785Z - info: Website generation (lazy) complete! Total build time: 27.372s
2023-09-24T08:16:58.833Z - info: Serving "C:\repos\nus-cs2103\cs2103-website-base\_site" at http://127.0.0.1:8080
2023-09-24T08:16:58.833Z - info: Press CTRL+C to stop ...
2023-09-24T08:17:14.443Z - info: Building C:\repos\nus-cs2103\cs2103-website-base\schedule\week7\project as some of its dependencies were changed since the last visit
2023-09-24T08:17:20.758Z - info: Site data built
2023-09-24T08:17:20.759Z - info: Lazy website regeneration complete! Total build time: 6.316s
2023-09-24T08:17:26.932Z - info: Building C:\repos\nus-cs2103\cs2103-website-base\schedule\week3\project as some of its dependencies were changed since the last visit
2023-09-24T08:17:28.868Z - info: Site data built
2023-09-24T08:17:28.868Z - info: Lazy website regeneration complete! Total build time: 1.937s
2023-09-24T08:17:44.841Z - info: Building C:\repos\nus-cs2103\cs2103-website-base\schedule\week4\project as some of its dependencies were changed since the last visit
2023-09-24T08:17:48.349Z - info: Site data built
2023-09-24T08:17:48.350Z - info: Lazy website regeneration complete! Total build time: 3.509s
2023-09-24T08:18:29.680Z - info: [4:18:29 pm] Reload for file change: C:\repos\nus-cs2103\cs2103-website-base\admin\tp-tasks-fragment.md
2023-09-24T08:18:29.681Z - info: Synchronizing opened pages list before reload
2023-09-24T08:18:29.681Z - info: Current opened pages, from most-to-least recent:
2023-09-24T08:18:29.682Z - info: 1. schedule/week4/project
2023-09-24T08:18:29.712Z - info: [4:18:29 pm] Reload for file change: C:\repos\nus-cs2103\cs2103-website-base\admin\exams.md
2023-09-24T08:18:29.712Z - info: Synchronizing opened pages list before reload
2023-09-24T08:18:29.712Z - info: Current opened pages, from most-to-least recent:
2023-09-24T08:18:29.713Z - info: 1. schedule/week4/project
2023-09-24T08:18:30.702Z - info: Rebuilding 1 pages
2023-09-24T08:18:33.883Z - info: Site data built
2023-09-24T08:18:33.884Z - info: Pages rebuilt
2023-09-24T08:18:33.885Z - info: Website regeneration complete! Total build time: 3.183s
2023-09-24T08:19:18.973Z - info: [4:19:18 pm] Reload for file change: C:\repos\nus-cs2103\cs2103-website-base\admin\tp-tasks-fragment.md
2023-09-24T08:19:18.973Z - info: Synchronizing opened pages list before reload
2023-09-24T08:19:18.974Z - info: Current opened pages, from most-to-least recent:
2023-09-24T08:19:18.974Z - info: 1. schedule/week4/project
2023-09-24T08:19:19.998Z - info: Rebuilding 1 pages
2023-09-24T08:19:23.286Z - info: Site data built
2023-09-24T08:19:23.286Z - info: Pages rebuilt
2023-09-24T08:19:23.287Z - info: Website regeneration complete! Total build time: 3.291s
2023-09-24T08:24:19.589Z - info: Website generation started at 4:24:17 pm
2023-09-24T08:24:31.980Z - info: Building assets...
2023-09-24T08:24:41.555Z - info: Assets built
2023-09-24T08:24:41.556Z - info: Generating pages...
2023-09-24T08:25:04.706Z - debug:  
2023-09-24T08:25:04.707Z - debug:  
2023-09-24T08:25:04.707Z - debug:  
2023-09-24T08:25:04.707Z - debug:  
2023-09-24T08:25:04.708Z - debug:  
2023-09-24T08:25:04.708Z - debug:  
2023-09-24T08:25:04.708Z - debug:  
2023-09-24T08:25:04.709Z - debug:  
2023-09-24T08:25:04.709Z - debug:  
2023-09-24T08:25:04.709Z - debug:  
2023-09-24T08:25:04.709Z - debug:  
2023-09-24T08:25:04.709Z - debug:  
2023-09-24T08:25:04.710Z - debug:  
2023-09-24T08:25:04.710Z - debug:  
2023-09-24T08:25:04.711Z - debug:  
2023-09-24T08:25:04.711Z - debug:  
2023-09-24T08:27:07.197Z - debug:  
2023-09-24T08:27:21.050Z - debug:  
2023-09-24T08:27:21.073Z - debug:  
2023-09-24T08:27:32.055Z - info: Pages built
2023-09-24T08:27:33.004Z - info: Site data built
2023-09-24T08:27:33.005Z - info: Website generation complete! Total build time: 195.708s
2023-09-24T08:27:33.005Z - info: Build success!
2023-09-24T08:36:09.599Z - info: The website has been deployed at: https://nus-cs2103-ay2324s1.github.io/website
