2023-07-11T12:51:51.683Z - info: Website generation (lazy) started at 8:51:49 pm
2023-07-11T12:52:00.321Z - info: Building assets...
2023-07-11T12:52:05.883Z - info: Assets built
2023-07-11T12:52:05.883Z - info: Generating landing page...
2023-07-11T12:52:06.505Z - info: Landing page built, other pages will be built as you navigate to them!
2023-07-11T12:52:07.658Z - info: Site data built
2023-07-11T12:52:07.659Z - info: Website generation (lazy) complete! Total build time: 17.846s
2023-07-11T12:52:08.404Z - info: Serving "C:\repos\nus-cs2103\cs2103-website-base\_site" at http://127.0.0.1:8080
2023-07-11T12:52:08.405Z - info: Press CTRL+C to stop ...
2023-07-11T12:55:30.663Z - info: Building C:\repos\nus-cs2103\cs2103-website-base\schedule\week4\index as some of its dependencies were changed since the last visit
2023-07-11T12:55:33.522Z - info: Site data built
2023-07-11T12:55:33.523Z - info: Lazy website regeneration complete! Total build time: 2.862s
2023-07-11T12:58:34.849Z - info: Building C:\repos\nus-cs2103\cs2103-website-base\schedule\week4\topics as some of its dependencies were changed since the last visit
2023-07-11T12:58:47.688Z - debug:  
2023-07-11T12:58:47.689Z - debug:  
2023-07-11T12:58:47.694Z - debug:  
2023-07-11T12:58:47.694Z - debug:  
2023-07-11T12:58:47.773Z - debug:  
2023-07-11T12:58:47.773Z - debug:  
2023-07-11T12:58:47.989Z - debug:  
2023-07-11T12:58:47.997Z - debug:  
2023-07-11T12:58:47.997Z - debug:  
2023-07-11T12:58:47.997Z - debug:  
2023-07-11T12:58:47.999Z - debug:  
2023-07-11T12:58:48.075Z - info: Site data built
2023-07-11T12:58:48.075Z - info: Lazy website regeneration complete! Total build time: 13.226s
2023-07-11T15:05:58.495Z - info: [11:05:58 pm] Reload for file change: C:\repos\nus-cs2103\cs2103-website-base\book\uml\objectDiagrams\objects\text.md
2023-07-11T15:05:58.496Z - info: Synchronizing opened pages list before reload
2023-07-11T15:05:58.497Z - info: Current opened pages, from most-to-least recent:
2023-07-11T15:05:58.497Z - info: 1. schedule/week4/topics
2023-07-11T15:05:59.515Z - info: Rebuilding 1 pages
2023-07-11T15:06:04.962Z - info: Site data built
2023-07-11T15:06:04.965Z - info: Pages rebuilt
2023-07-11T15:06:04.965Z - info: Website regeneration complete! Total build time: 5.453s
2023-07-11T15:06:09.246Z - debug:  
2023-07-11T15:06:09.248Z - debug:  
2023-07-11T15:06:09.275Z - debug:  
2023-07-11T15:06:09.305Z - debug:  
2023-07-11T15:06:09.325Z - debug:  
2023-07-11T15:06:09.331Z - debug:  
2023-07-11T15:06:09.359Z - debug:  
2023-07-11T15:06:09.483Z - debug:  
2023-07-11T15:06:09.503Z - debug:  
2023-07-11T15:06:09.581Z - debug:  
2023-07-11T15:06:09.603Z - debug:  
2023-07-11T15:06:36.048Z - info: [11:06:36 pm] Reload for file change: C:\repos\nus-cs2103\cs2103-website-base\book\uml\objectDiagrams\objects\text.md
2023-07-11T15:06:36.048Z - info: Synchronizing opened pages list before reload
2023-07-11T15:06:36.048Z - info: Current opened pages, from most-to-least recent:
2023-07-11T15:06:36.049Z - info: 1. schedule/week4/topics
2023-07-11T15:06:37.063Z - info: Rebuilding 1 pages
2023-07-11T15:06:41.442Z - info: Site data built
2023-07-11T15:06:41.443Z - info: Pages rebuilt
2023-07-11T15:06:41.443Z - info: Website regeneration complete! Total build time: 4.382s
2023-07-11T15:06:45.620Z - debug:  
2023-07-11T15:06:46.058Z - debug:  
2023-07-11T15:06:46.353Z - debug:  
2023-07-11T15:06:46.377Z - debug:  
2023-07-11T15:06:46.393Z - debug:  
2023-07-11T15:06:46.414Z - debug:  
2023-07-11T15:06:46.460Z - debug:  
2023-07-11T15:06:46.475Z - debug:  
2023-07-11T15:06:46.491Z - debug:  
2023-07-11T15:06:46.574Z - debug:  
2023-07-11T15:06:46.585Z - debug:  
2023-07-11T15:06:51.303Z - info: [11:06:51 pm] Reload for file change: C:\repos\nus-cs2103\cs2103-website-base\book\uml\objectDiagrams\objects\text.md
2023-07-11T15:06:51.304Z - info: Synchronizing opened pages list before reload
2023-07-11T15:06:51.304Z - info: Current opened pages, from most-to-least recent:
2023-07-11T15:06:51.304Z - info: 1. schedule/week4/topics
2023-07-11T15:06:52.313Z - info: Rebuilding 1 pages
2023-07-11T15:06:55.443Z - info: Site data built
2023-07-11T15:06:55.444Z - info: Pages rebuilt
2023-07-11T15:06:55.444Z - info: Website regeneration complete! Total build time: 3.132s
2023-07-11T15:06:59.919Z - debug:  
2023-07-11T15:07:00.149Z - debug:  
2023-07-11T15:07:00.346Z - debug:  
2023-07-11T15:07:00.449Z - debug:  
2023-07-11T15:07:00.461Z - debug:  
2023-07-11T15:07:00.501Z - debug:  
2023-07-11T15:07:00.572Z - debug:  
2023-07-11T15:07:00.683Z - debug:  
2023-07-11T15:07:00.696Z - debug:  
2023-07-11T15:07:00.793Z - debug:  
2023-07-11T15:07:00.815Z - debug:  
2023-07-11T15:08:40.988Z - info: [11:08:40 pm] Reload for file change: C:\repos\nus-cs2103\cs2103-website-base\book\uml\objectDiagrams\objects\text.md
2023-07-11T15:08:40.989Z - info: Synchronizing opened pages list before reload
2023-07-11T15:08:40.989Z - info: Current opened pages, from most-to-least recent:
2023-07-11T15:08:40.989Z - info: 1. schedule/week4/topics
2023-07-11T15:08:41.992Z - info: Rebuilding 1 pages
2023-07-11T15:08:46.036Z - info: Site data built
2023-07-11T15:08:46.037Z - info: Pages rebuilt
2023-07-11T15:08:46.037Z - info: Website regeneration complete! Total build time: 4.046s
2023-07-11T15:08:49.790Z - debug:  
2023-07-11T15:08:50.138Z - debug:  
2023-07-11T15:08:50.160Z - debug:  
2023-07-11T15:08:50.244Z - debug:  
2023-07-11T15:08:50.272Z - debug:  
2023-07-11T15:08:50.279Z - debug:  
2023-07-11T15:08:50.542Z - debug:  
2023-07-11T15:08:50.569Z - debug:  
2023-07-11T15:08:50.654Z - debug:  
2023-07-11T15:08:50.756Z - debug:  
2023-07-11T15:08:50.870Z - debug:  
2023-07-11T15:14:04.168Z - info: [11:14:04 pm] Reload for file add: C:\repos\nus-cs2103\cs2103-website-base\book\uml\objectDiagrams\objects\q-essay-drawBookObject.md
2023-07-11T15:14:04.169Z - info: Synchronizing opened pages list before reload
2023-07-11T15:14:04.169Z - info: Current opened pages, from most-to-least recent:
2023-07-11T15:14:04.169Z - info: 1. schedule/week4/topics
2023-07-11T15:14:08.780Z - info: [11:14:08 pm] Reload for file deletion: C:\repos\nus-cs2103\cs2103-website-base\book\uml\objectDiagrams\objects\q-essay-drawCarObject.md
2023-07-11T15:14:08.780Z - info: Synchronizing opened pages list before reload
2023-07-11T15:14:08.780Z - info: Current opened pages, from most-to-least recent:
2023-07-11T15:14:08.780Z - info: 1. schedule/week4/topics
2023-07-11T15:14:13.014Z - info: Assets built
2023-07-11T15:14:14.032Z - info: Pages or site config modified, updating pages...
2023-07-11T15:14:18.623Z - info: [11:14:18 pm] Reload for file change: C:\repos\nus-cs2103\cs2103-website-base\book\uml\objectDiagrams\objects\q-essay-drawBookObject.md
2023-07-11T15:14:18.623Z - info: Synchronizing opened pages list before reload
2023-07-11T15:14:18.623Z - info: Current opened pages, from most-to-least recent:
2023-07-11T15:14:18.623Z - info: 1. schedule/week4/topics
2023-07-11T15:14:18.623Z - info: [11:14:18 pm] Reload for file change: C:\repos\nus-cs2103\cs2103-website-base\book\uml\objectDiagrams\objects\exercises.md
2023-07-11T15:14:18.623Z - info: Synchronizing opened pages list before reload
2023-07-11T15:14:18.623Z - info: Current opened pages, from most-to-least recent:
2023-07-11T15:14:18.623Z - info: 1. schedule/week4/topics
2023-07-11T15:14:19.430Z - info: Building C:\repos\nus-cs2103\cs2103-website-base\schedule\week4\topics as some of its dependencies were changed since the last visit
2023-07-11T15:14:20.583Z - info: No pages needed to be rebuilt
2023-07-11T15:14:20.710Z - info: Assets built
2023-07-11T15:14:24.897Z - info: Site data built
2023-07-11T15:14:24.898Z - info: Lazy website regeneration complete! Total build time: 5.469s
2023-07-11T15:14:27.309Z - debug:  
2023-07-11T15:14:27.425Z - debug:  
2023-07-11T15:14:27.537Z - debug:  
2023-07-11T15:14:27.656Z - debug:  
2023-07-11T15:14:27.875Z - debug:  
2023-07-11T15:14:27.948Z - debug:  
2023-07-11T15:14:28.046Z - debug:  
2023-07-11T15:14:28.068Z - debug:  
2023-07-11T15:14:28.087Z - debug:  
2023-07-11T15:14:28.148Z - debug:  
2023-07-11T15:14:28.276Z - debug:  
2023-07-11T15:26:16.990Z - info: [11:26:16 pm] Reload for file change: C:\repos\nus-cs2103\cs2103-website-base\book\uml\notes\constraints\text.md
2023-07-11T15:26:16.990Z - info: Synchronizing opened pages list before reload
2023-07-11T15:26:16.990Z - info: Current opened pages, from most-to-least recent:
2023-07-11T15:26:16.990Z - info: 1. schedule/week4/topics
2023-07-11T15:26:18.003Z - info: Rebuilding 1 pages
2023-07-11T15:26:24.139Z - info: Site data built
2023-07-11T15:26:24.140Z - info: Pages rebuilt
2023-07-11T15:26:24.140Z - info: Website regeneration complete! Total build time: 6.137s
2023-07-11T15:26:26.331Z - debug:  
2023-07-11T15:26:26.405Z - debug:  
2023-07-11T15:26:26.620Z - debug:  
2023-07-11T15:26:26.843Z - debug:  
2023-07-11T15:26:26.871Z - debug:  
2023-07-11T15:26:26.955Z - debug:  
2023-07-11T15:26:26.972Z - debug:  
2023-07-11T15:26:27.167Z - debug:  
2023-07-11T15:26:27.196Z - debug:  
2023-07-11T15:26:27.382Z - debug:  
2023-07-11T15:26:27.476Z - debug:  
2023-07-11T15:38:41.875Z - info: [11:38:41 pm] Reload for file change: C:\repos\nus-cs2103\cs2103-website-base\book\_markbind\boilerplates\unit-inElsewhere-asPanelBody.md
2023-07-11T15:38:41.875Z - info: Synchronizing opened pages list before reload
2023-07-11T15:38:41.876Z - info: Current opened pages, from most-to-least recent:
2023-07-11T15:38:41.876Z - info: 1. schedule/week4/topics
2023-07-11T15:38:42.893Z - info: Rebuilding 1 pages
2023-07-11T15:38:48.487Z - info: Site data built
2023-07-11T15:38:48.488Z - info: Pages rebuilt
2023-07-11T15:38:48.488Z - info: Website regeneration complete! Total build time: 5.596s
2023-07-11T15:38:52.221Z - debug:  
2023-07-11T15:38:52.451Z - debug:  
2023-07-11T15:38:52.666Z - debug:  
2023-07-11T15:38:52.843Z - debug:  
2023-07-11T15:38:52.871Z - debug:  
2023-07-11T15:38:53.073Z - debug:  
2023-07-11T15:38:53.099Z - debug:  
2023-07-11T15:38:53.111Z - debug:  
2023-07-11T15:38:53.192Z - debug:  
2023-07-11T15:38:53.255Z - debug:  
2023-07-11T15:38:53.273Z - debug:  
2023-07-11T15:39:24.146Z - info: [11:39:24 pm] Reload for file change: C:\repos\nus-cs2103\cs2103-website-base\book\_markbind\boilerplates\unit-inElsewhere-asFlat.md
2023-07-11T15:39:24.146Z - info: Synchronizing opened pages list before reload
2023-07-11T15:39:24.147Z - info: Current opened pages, from most-to-least recent:
2023-07-11T15:39:24.148Z - info: 1. schedule/week4/topics
2023-07-11T15:39:25.158Z - info: Rebuilding 1 pages
2023-07-11T15:39:32.353Z - info: Site data built
2023-07-11T15:39:32.353Z - info: Pages rebuilt
2023-07-11T15:39:32.354Z - info: Website regeneration complete! Total build time: 7.197s
2023-07-11T15:39:35.272Z - debug:  
2023-07-11T15:39:35.305Z - debug:  
2023-07-11T15:39:36.096Z - debug:  
2023-07-11T15:39:36.346Z - debug:  
2023-07-11T15:39:36.397Z - debug:  
2023-07-11T15:39:36.416Z - debug:  
2023-07-11T15:39:36.437Z - debug:  
2023-07-11T15:39:36.457Z - debug:  
2023-07-11T15:39:36.472Z - debug:  
2023-07-11T15:39:36.552Z - debug:  
2023-07-11T15:39:36.641Z - debug:  
2023-07-11T15:47:24.525Z - info: Building C:\repos\nus-cs2103\cs2103-website-base\admin\index as some of its dependencies were changed since the last visit
2023-07-11T15:47:25.117Z - info: Site data built
2023-07-11T15:47:25.118Z - info: Lazy website regeneration complete! Total build time: 0.593s
2023-07-11T15:47:45.691Z - info: Building C:\repos\nus-cs2103\cs2103-website-base\admin\usingThisWebsite as some of its dependencies were changed since the last visit
2023-07-11T15:47:46.253Z - info: Site data built
2023-07-11T15:47:46.253Z - info: Lazy website regeneration complete! Total build time: 0.563s
2023-07-11T15:48:03.185Z - info: Building C:\repos\nus-cs2103\cs2103-website-base\schedule\week1\index as some of its dependencies were changed since the last visit
2023-07-11T15:48:04.069Z - info: Site data built
2023-07-11T15:48:04.069Z - info: Lazy website regeneration complete! Total build time: 0.884s
2023-07-11T15:48:15.725Z - info: Building C:\repos\nus-cs2103\cs2103-website-base\schedule\week1\topics as some of its dependencies were changed since the last visit
2023-07-11T15:48:19.562Z - info: Site data built
2023-07-11T15:48:19.562Z - info: Lazy website regeneration complete! Total build time: 3.837s
2023-07-11T15:48:20.327Z - debug:  
2023-07-11T15:48:51.788Z - info: Building C:\repos\nus-cs2103\cs2103-website-base\schedule\week4\index as some of its dependencies were changed since the last visit
2023-07-11T15:48:52.857Z - info: Site data built
2023-07-11T15:48:52.857Z - info: Lazy website regeneration complete! Total build time: 1.069s
2023-07-11T15:53:09.555Z - info: [11:53:09 pm] Reload for file add: C:\repos\nus-cs2103\cs2103-website-base\book\diagrams\uml\classDiagrams\classInheritance\~$examples.pptx
2023-07-11T15:53:09.555Z - info: Synchronizing opened pages list before reload
2023-07-11T15:53:09.555Z - info: Current opened pages, from most-to-least recent:
2023-07-11T15:53:09.555Z - info: 1. schedule/week4/topics
2023-07-11T15:53:14.388Z - info: Assets built
2023-07-11T15:53:35.198Z - info: [11:53:35 pm] Reload for file add: C:\repos\nus-cs2103\cs2103-website-base\book\diagrams\uml\classDiagrams\classInheritance\ppt930F.tmp
2023-07-11T15:53:35.198Z - info: Synchronizing opened pages list before reload
2023-07-11T15:53:35.198Z - info: Current opened pages, from most-to-least recent:
2023-07-11T15:53:35.198Z - info: 1. schedule/week4/topics
2023-07-11T15:53:38.678Z - info: [11:53:38 pm] Reload for file change: C:\repos\nus-cs2103\cs2103-website-base\book\diagrams\uml\classDiagrams\classInheritance\examples.pptx
2023-07-11T15:53:38.678Z - info: Synchronizing opened pages list before reload
2023-07-11T15:53:38.678Z - info: Current opened pages, from most-to-least recent:
2023-07-11T15:53:38.678Z - info: 1. schedule/week4/topics
2023-07-11T15:53:38.787Z - info: [11:53:38 pm] Reload for file deletion: C:\repos\nus-cs2103\cs2103-website-base\book\diagrams\uml\classDiagrams\classInheritance\ppt930F.tmp
2023-07-11T15:53:38.787Z - info: Synchronizing opened pages list before reload
2023-07-11T15:53:38.787Z - info: Current opened pages, from most-to-least recent:
2023-07-11T15:53:38.787Z - info: 1. schedule/week4/topics
2023-07-11T15:53:42.368Z - info: Assets built
2023-07-11T15:53:43.371Z - debug: Assets removed
2023-07-11T15:54:18.230Z - info: [11:54:18 pm] Reload for file change: C:\repos\nus-cs2103\cs2103-website-base\book\uml\classDiagrams\classInheritance\what\images\examples.png
2023-07-11T15:54:18.230Z - info: Synchronizing opened pages list before reload
2023-07-11T15:54:18.230Z - info: Current opened pages, from most-to-least recent:
2023-07-11T15:54:18.230Z - info: 1. schedule/week4/topics
2023-07-11T15:54:19.245Z - info: Assets built
2023-07-11T15:57:19.881Z - info: [11:57:19 pm] Reload for file change: C:\repos\nus-cs2103\cs2103-website-base\book\oop\associations\composition\text.md
2023-07-11T15:57:19.881Z - info: Synchronizing opened pages list before reload
2023-07-11T15:57:19.882Z - info: Current opened pages, from most-to-least recent:
2023-07-11T15:57:19.882Z - info: 1. schedule/week4/topics
2023-07-11T15:57:20.894Z - info: Rebuilding 1 pages
2023-07-11T15:57:24.197Z - info: Site data built
2023-07-11T15:57:24.197Z - info: Pages rebuilt
2023-07-11T15:57:24.197Z - info: Website regeneration complete! Total build time: 3.305s
2023-07-11T15:57:29.044Z - debug:  
2023-07-11T15:57:29.117Z - debug:  
2023-07-11T15:57:29.136Z - debug:  
2023-07-11T15:57:29.284Z - debug:  
2023-07-11T15:57:29.308Z - debug:  
2023-07-11T15:57:29.444Z - debug:  
2023-07-11T15:57:29.471Z - debug:  
2023-07-11T15:57:29.497Z - debug:  
2023-07-11T15:57:29.548Z - debug:  
2023-07-11T15:57:29.561Z - debug:  
2023-07-11T15:57:29.573Z - debug:  
2023-07-11T15:59:36.601Z - info: [11:59:36 pm] Reload for file change: C:\repos\nus-cs2103\cs2103-website-base\book\uml\classDiagrams\classInheritance\what\text.md
2023-07-11T15:59:36.604Z - info: Synchronizing opened pages list before reload
2023-07-11T15:59:36.604Z - info: Current opened pages, from most-to-least recent:
2023-07-11T15:59:36.605Z - info: 1. schedule/week4/topics
2023-07-11T15:59:37.621Z - info: Rebuilding 1 pages
2023-07-11T15:59:41.362Z - info: Site data built
2023-07-11T15:59:41.362Z - info: Pages rebuilt
2023-07-11T15:59:41.363Z - info: Website regeneration complete! Total build time: 3.744s
2023-07-11T15:59:46.265Z - debug:  
2023-07-11T15:59:46.482Z - debug:  
2023-07-11T15:59:46.608Z - debug:  
2023-07-11T15:59:46.821Z - debug:  
2023-07-11T15:59:46.926Z - debug:  
2023-07-11T15:59:47.017Z - debug:  
2023-07-11T15:59:47.057Z - debug:  
2023-07-11T15:59:47.088Z - debug:  
2023-07-11T15:59:47.128Z - debug:  
2023-07-11T15:59:47.346Z - debug:  
2023-07-11T15:59:47.416Z - debug:  
