2023-10-25T08:52:53.192Z - info: Website generation (lazy) started at 4:52:48 pm
2023-10-25T08:53:05.735Z - info: Building assets...
2023-10-25T08:53:12.702Z - info: Assets built
2023-10-25T08:53:12.703Z - info: Generating landing page...
2023-10-25T08:53:14.117Z - info: Landing page built, other pages will be built as you navigate to them!
2023-10-25T08:53:14.756Z - info: Site data built
2023-10-25T08:53:14.756Z - info: Website generation (lazy) complete! Total build time: 25.973s
2023-10-25T08:53:15.647Z - info: Serving "C:\repos\nus-cs2103\cs2103-website-base\_site" at http://127.0.0.1:8080
2023-10-25T08:53:15.647Z - info: Press CTRL+C to stop ...
2023-10-25T10:05:42.502Z - info: Building C:\repos\nus-cs2103\cs2103-website-base\schedule\week10\project as some of its dependencies were changed since the last visit
2023-10-25T10:05:44.474Z - info: Site data built
2023-10-25T10:05:44.475Z - info: Lazy website regeneration complete! Total build time: 1.974s
2023-10-25T10:14:48.399Z - info: [6:14:48 pm] Reload for file change: C:\repos\nus-cs2103\cs2103-website-base\admin\tp-tasks-fragment.md
2023-10-25T10:14:48.401Z - info: Synchronizing opened pages list before reload
2023-10-25T10:14:48.402Z - info: Current opened pages, from most-to-least recent:
2023-10-25T10:14:48.403Z - info: 1. schedule/week10/project
2023-10-25T10:14:49.410Z - info: Rebuilding 1 pages
2023-10-25T10:14:51.617Z - info: Site data built
2023-10-25T10:14:51.617Z - info: Pages rebuilt
2023-10-25T10:14:51.617Z - info: Website regeneration complete! Total build time: 2.208s
2023-10-25T10:15:08.608Z - info: Building C:\repos\nus-cs2103\cs2103-website-base\schedule\week11\project as some of its dependencies were changed since the last visit
2023-10-25T10:15:10.243Z - info: Site data built
2023-10-25T10:15:10.244Z - info: Lazy website regeneration complete! Total build time: 1.636s
2023-10-25T10:15:55.499Z - info: [6:15:55 pm] Reload for file change: C:\repos\nus-cs2103\cs2103-website-base\admin\tp-tasks-fragment.md
2023-10-25T10:15:55.499Z - info: Synchronizing opened pages list before reload
2023-10-25T10:15:55.500Z - info: Current opened pages, from most-to-least recent:
2023-10-25T10:15:55.500Z - info: 1. schedule/week11/project
2023-10-25T10:15:56.510Z - info: Rebuilding 1 pages
2023-10-25T10:15:57.913Z - info: Site data built
2023-10-25T10:15:57.913Z - info: Pages rebuilt
2023-10-25T10:15:57.913Z - info: Website regeneration complete! Total build time: 1.406s
2023-10-25T10:16:47.732Z - info: Website generation started at 6:16:45 pm
2023-10-25T10:17:00.451Z - info: Building assets...
2023-10-25T10:17:08.355Z - info: Assets built
2023-10-25T10:17:08.356Z - info: Generating pages...
2023-10-25T10:17:25.723Z - debug:  
2023-10-25T10:17:25.723Z - debug:  
2023-10-25T10:17:25.724Z - debug:  
2023-10-25T10:17:25.724Z - debug:  
2023-10-25T10:17:25.724Z - debug:  
2023-10-25T10:17:25.725Z - debug:  
2023-10-25T10:17:25.725Z - debug:  
2023-10-25T10:17:25.725Z - debug:  
2023-10-25T10:17:25.725Z - debug:  
2023-10-25T10:17:25.726Z - debug:  
2023-10-25T10:17:25.726Z - debug:  
2023-10-25T10:17:25.726Z - debug:  
2023-10-25T10:17:25.726Z - debug:  
2023-10-25T10:17:25.726Z - debug:  
2023-10-25T10:17:25.726Z - debug:  
2023-10-25T10:17:25.726Z - debug:  
2023-10-25T10:20:16.523Z - debug:  
2023-10-25T10:20:30.380Z - debug:  
2023-10-25T10:20:30.417Z - debug:  
2023-10-25T10:20:44.373Z - info: Pages built
2023-10-25T10:20:45.491Z - info: Site data built
2023-10-25T10:20:45.491Z - info: Website generation complete! Total build time: 240.131s
2023-10-25T10:20:45.492Z - info: Build success!
2023-10-25T10:23:14.594Z - info: The website has been deployed at: https://nus-cs2103-ay2324s1.github.io/website
