2023-09-05T12:14:40.601Z - info: Website generation started at 8:14:33 pm
2023-09-05T12:14:51.469Z - info: Building assets...
2023-09-05T12:14:59.937Z - info: Assets built
2023-09-05T12:14:59.938Z - info: Generating pages...
2023-09-05T12:15:21.473Z - debug:  
2023-09-05T12:15:21.473Z - debug:  
2023-09-05T12:15:21.473Z - debug:  
2023-09-05T12:15:21.474Z - debug:  
2023-09-05T12:15:21.474Z - debug:  
2023-09-05T12:15:21.475Z - debug:  
2023-09-05T12:15:21.475Z - debug:  
2023-09-05T12:15:21.475Z - debug:  
2023-09-05T12:15:21.475Z - debug:  
2023-09-05T12:15:21.476Z - debug:  
2023-09-05T12:15:21.476Z - debug:  
2023-09-05T12:15:21.476Z - debug:  
2023-09-05T12:15:21.476Z - debug:  
2023-09-05T12:15:21.476Z - debug:  
2023-09-05T12:15:25.355Z - debug:  
2023-09-05T12:15:59.648Z - debug:  
2023-09-05T12:16:57.409Z - info: Pages built
2023-09-05T12:16:58.318Z - info: Site data built
2023-09-05T12:16:58.318Z - info: Website generation complete! Total build time: 145.159s
2023-09-05T12:16:58.318Z - info: Build success!
2023-09-05T12:18:42.377Z - info: The website has been deployed at: https://nus-tic2002-ay2324s1.github.io/website
