2023-10-27T10:56:15.601Z - info: Website generation started at 6:56:09 pm
2023-10-27T10:56:27.318Z - info: Building assets...
2023-10-27T10:56:34.715Z - info: Assets built
2023-10-27T10:56:34.717Z - info: Generating pages...
2023-10-27T10:56:51.005Z - debug:  
2023-10-27T10:56:51.005Z - debug:  
2023-10-27T10:56:51.007Z - debug:  
2023-10-27T10:56:51.007Z - debug:  
2023-10-27T10:56:51.008Z - debug:  
2023-10-27T10:56:51.008Z - debug:  
2023-10-27T10:56:51.008Z - debug:  
2023-10-27T10:56:51.008Z - debug:  
2023-10-27T10:56:51.008Z - debug:  
2023-10-27T10:56:51.009Z - debug:  
2023-10-27T10:56:51.009Z - debug:  
2023-10-27T10:56:51.009Z - debug:  
2023-10-27T10:56:51.009Z - debug:  
2023-10-27T10:56:51.009Z - debug:  
2023-10-27T10:56:51.010Z - debug:  
2023-10-27T10:56:51.010Z - debug:  
2023-10-27T10:58:50.643Z - debug:  
2023-10-27T10:59:04.521Z - debug:  
2023-10-27T10:59:04.560Z - debug:  
2023-10-27T10:59:16.449Z - info: Pages built
2023-10-27T10:59:17.385Z - info: Site data built
2023-10-27T10:59:17.386Z - info: Website generation complete! Total build time: 187.831s
2023-10-27T10:59:17.386Z - info: Build success!
2023-10-27T11:00:53.885Z - info: The website has been deployed at: https://nus-cs2103-ay2324s1.github.io/website
