2023-10-13T11:42:12.548Z - info: Website generation started at 7:42:07 pm
2023-10-13T11:42:25.097Z - info: Building assets...
2023-10-13T11:42:32.233Z - info: Assets built
2023-10-13T11:42:32.234Z - info: Generating pages...
2023-10-13T11:42:50.141Z - debug:  
2023-10-13T11:42:50.142Z - debug:  
2023-10-13T11:42:50.142Z - debug:  
2023-10-13T11:42:50.143Z - debug:  
2023-10-13T11:42:50.143Z - debug:  
2023-10-13T11:42:50.143Z - debug:  
2023-10-13T11:42:50.144Z - debug:  
2023-10-13T11:42:50.144Z - debug:  
2023-10-13T11:42:50.144Z - debug:  
2023-10-13T11:42:50.145Z - debug:  
2023-10-13T11:42:50.145Z - debug:  
2023-10-13T11:42:50.145Z - debug:  
2023-10-13T11:42:50.146Z - debug:  
2023-10-13T11:42:50.146Z - debug:  
2023-10-13T11:42:50.146Z - debug:  
2023-10-13T11:42:50.146Z - debug:  
2023-10-13T11:44:52.243Z - debug:  
2023-10-13T11:45:06.116Z - debug:  
2023-10-13T11:45:06.143Z - debug:  
2023-10-13T11:45:18.148Z - info: Pages built
2023-10-13T11:45:19.106Z - info: Site data built
2023-10-13T11:45:19.106Z - info: Website generation complete! Total build time: 191.238s
2023-10-13T11:45:19.106Z - info: Build success!
2023-10-13T11:47:43.279Z - info: The website has been deployed at: https://nus-cs2103-ay2324s1.github.io/website
