2023-10-05T06:21:22.594Z - info: Website generation (lazy) started at 2:21:15 pm
2023-10-05T06:21:36.997Z - info: Building assets...
2023-10-05T06:21:48.839Z - info: Assets built
2023-10-05T06:21:48.840Z - info: Generating landing page...
2023-10-05T06:21:50.764Z - info: Landing page built, other pages will be built as you navigate to them!
2023-10-05T06:21:51.837Z - info: Site data built
2023-10-05T06:21:51.837Z - info: Website generation (lazy) complete! Total build time: 35.85s
2023-10-05T06:21:52.823Z - info: Serving "C:\repos\nus-cs2103\cs2103-website-base\_site" at http://127.0.0.1:8080
2023-10-05T06:21:52.824Z - info: Press CTRL+C to stop ...
2023-10-05T06:24:28.036Z - info: Building C:\repos\nus-cs2103\cs2103-website-base\admin\teamList as some of its dependencies were changed since the last visit
2023-10-05T06:24:31.729Z - info: Site data built
2023-10-05T06:24:31.730Z - info: Lazy website regeneration complete! Total build time: 3.695s
2023-10-05T06:29:31.567Z - info: [2:29:31 pm] Reload for file change: C:\repos\nus-cs2103\cs2103-website-base\_course-CS2103\studentData-fragment.md
2023-10-05T06:29:31.568Z - info: Synchronizing opened pages list before reload
2023-10-05T06:29:31.569Z - info: Current opened pages, from most-to-least recent:
2023-10-05T06:29:31.569Z - info: 1. admin/teamList
2023-10-05T06:29:31.616Z - info: [2:29:31 pm] Reload for file change: C:\repos\nus-cs2103\cs2103-website-base\admin\teamList.md
2023-10-05T06:29:31.616Z - info: Synchronizing opened pages list before reload
2023-10-05T06:29:31.616Z - info: Current opened pages, from most-to-least recent:
2023-10-05T06:29:31.616Z - info: 1. admin/teamList
2023-10-05T06:29:32.579Z - info: Rebuilding 1 pages
2023-10-05T06:29:32.634Z - error:  Template render error: (C:\repos\nus-cs2103\cs2103-website-base\admin\teamList.md)
  Template render error: (C:\repos\nus-cs2103\cs2103-website-base\admin\teamList.md) [Line 510, Column 4]
  unknown block tag: org_replacements
    at Object._prettifyError (C:\Users\dcsdcr\AppData\Roaming\npm\node_modules\markbind-cli\node_modules\nunjucks\src\lib.js:36:11)
    at C:\Users\dcsdcr\AppData\Roaming\npm\node_modules\markbind-cli\node_modules\@markbind\core\src\patches\nunjucks\context-overrides-frame.js:383:17
    at Template.root [as rootRenderFunc] (eval at _compile (C:\Users\dcsdcr\AppData\Roaming\npm\node_modules\markbind-cli\node_modules\nunjucks\src\environment.js:631:18), <anonymous>:522:3)
    at Template.render (C:\Users\dcsdcr\AppData\Roaming\npm\node_modules\markbind-cli\node_modules\@markbind\core\src\patches\nunjucks\context-overrides-frame.js:372:8)
    at C:\Users\dcsdcr\AppData\Roaming\npm\node_modules\markbind-cli\node_modules\@markbind\core\src\patches\nunjucks\context-overrides-frame.js:54:25
    at createTemplate (C:\Users\dcsdcr\AppData\Roaming\npm\node_modules\markbind-cli\node_modules\@markbind\core\src\patches\nunjucks\load-event.js:121:7)
    at handle (C:\Users\dcsdcr\AppData\Roaming\npm\node_modules\markbind-cli\node_modules\@markbind\core\src\patches\nunjucks\load-event.js:133:9)
    at C:\Users\dcsdcr\AppData\Roaming\npm\node_modules\markbind-cli\node_modules\@markbind\core\src\patches\nunjucks\load-event.js:145:7
    at next (C:\Users\dcsdcr\AppData\Roaming\npm\node_modules\markbind-cli\node_modules\nunjucks\src\lib.js:326:7)
    at Object.asyncIter (C:\Users\dcsdcr\AppData\Roaming\npm\node_modules\markbind-cli\node_modules\nunjucks\src\lib.js:332:3)
    at Environment.getTemplate (C:\Users\dcsdcr\AppData\Roaming\npm\node_modules\markbind-cli\node_modules\@markbind\core\src\patches\nunjucks\load-event.js:127:7)
    at Environment.render (C:\Users\dcsdcr\AppData\Roaming\npm\node_modules\markbind-cli\node_modules\@markbind\core\src\patches\nunjucks\context-overrides-frame.js:48:8)
    at VariableRenderer.renderFile (C:\Users\dcsdcr\AppData\Roaming\npm\node_modules\markbind-cli\node_modules\@markbind\core\src\variables\VariableRenderer.js:73:24)
    at VariableProcessor.renderWithSiteVariables (C:\Users\dcsdcr\AppData\Roaming\npm\node_modules\markbind-cli\node_modules\@markbind\core\src\variables\VariableProcessor.js:154:57)
    at Page.<anonymous> (C:\Users\dcsdcr\AppData\Roaming\npm\node_modules\markbind-cli\node_modules\@markbind\core\src\Page\index.js:461:45)
    at Generator.next (<anonymous>)
2023-10-05T06:29:32.635Z - warn:  Error: Error while generating C:\repos\nus-cs2103\cs2103-website-base\admin\teamList.md
    at Site.<anonymous> (C:\Users\dcsdcr\AppData\Roaming\npm\node_modules\markbind-cli\node_modules\@markbind\core\src\Site\index.js:1081:27)
    at Generator.throw (<anonymous>)
    at rejected (C:\Users\dcsdcr\AppData\Roaming\npm\node_modules\markbind-cli\node_modules\@markbind\core\src\Site\index.js:29:65)
2023-10-05T06:30:01.065Z - info: [2:30:01 pm] Reload for file change: C:\repos\nus-cs2103\cs2103-website-base\_course-CS2103\studentData-fragment.md
2023-10-05T06:30:01.065Z - info: Synchronizing opened pages list before reload
2023-10-05T06:30:01.066Z - info: Current opened pages, from most-to-least recent:
2023-10-05T06:30:01.066Z - info: 1. admin/teamList
2023-10-05T06:30:02.080Z - info: No pages needed to be rebuilt
2023-10-05T06:31:25.488Z - info: Website generation (lazy) started at 2:31:23 pm
2023-10-05T06:31:37.343Z - info: Building assets...
2023-10-05T06:31:45.305Z - info: Assets built
2023-10-05T06:31:45.306Z - info: Generating landing page...
2023-10-05T06:31:46.110Z - error:  Template render error: (C:\repos\nus-cs2103\cs2103-website-base\admin\tp-w7.md)
  Template render error: (C:\repos\nus-cs2103\cs2103-website-base\admin\tp-w7.md)
  Template render error: (C:\repos\nus-cs2103\cs2103-website-base\admin\tp-w7.md)
  Template render error: (C:\repos\nus-cs2103\cs2103-website-base\admin\tp-w7.md)
  Template render error: (C:\repos\nus-cs2103\cs2103-website-base\admin\tp-w7.md)
  Template render error: (C:\repos\nus-cs2103\cs2103-website-base\admin\tp-w7.md)
  Template render error: (C:\repos\nus-cs2103\cs2103-website-base\admin\tp-w7.md)
  Template render error: (C:\repos\nus-cs2103\cs2103-website-base\admin\tp-w7.md) [Line 71, Column 49]
  Template render error: (C:\repos\nus-cs2103\cs2103-website-base\admin\tp-w7.md)
  Template render error: (C:\repos\nus-cs2103\cs2103-website-base\admin\tp-w7.md)
  Template render error: (C:\repos\nus-cs2103\cs2103-website-base\admin\tp-w7.md)
  Template render error: (C:\repos\nus-cs2103\cs2103-website-base\admin\tp-w7.md)
  Template render error: (C:\repos\nus-cs2103\cs2103-website-base\admin\tp-w7.md)
  Template render error: (C:\repos\nus-cs2103\cs2103-website-base\admin\tp-w7.md)
  Template render error: (C:\repos\nus-cs2103\cs2103-website-base\admin\tp-w7.md) [Line 761, Column 16]
  Template render error: (C:\repos\nus-cs2103\cs2103-website-base\admin\tp-w7.md)
  Template render error: (C:\repos\nus-cs2103\cs2103-website-base\admin\tp-w7.md)
  Template render error: (C:\repos\nus-cs2103\cs2103-website-base\admin\tp-w7.md)
  Template render error: (C:\repos\nus-cs2103\cs2103-website-base\admin\tp-w7.md)
  Template render error: (C:\repos\nus-cs2103\cs2103-website-base\admin\tp-w7.md)
  Template render error: (C:\repos\nus-cs2103\cs2103-website-base\admin\tp-w7.md) [Line 71, Column 49]
  Template render error: (C:\repos\nus-cs2103\cs2103-website-base\admin\tp-w7.md)
  Template render error: (C:\repos\nus-cs2103\cs2103-website-base\admin\tp-w7.md)
  Template render error: (C:\repos\nus-cs2103\cs2103-website-base\admin\tp-w7.md)
  Template render error: (C:\repos\nus-cs2103\cs2103-website-base\admin\tp-w7.md)
  Template render error: (C:\repos\nus-cs2103\cs2103-website-base\admin\tp-w7.md)
  Template render error: (C:\repos\nus-cs2103\cs2103-website-base\admin\tp-w7.md)
  Template render error: (C:\repos\nus-cs2103\cs2103-website-base\admin\tp-w7.md)
  Template render error: (C:\repos\nus-cs2103\cs2103-website-base\admin\tp-w7.md)
  Template render error: (C:\repos\nus-cs2103\cs2103-website-base\admin\tp-w7.md)
  Template render error: (C:\repos\nus-cs2103\cs2103-website-base\admin\tp-w7.md)
  Template render error: (C:\repos\nus-cs2103\cs2103-website-base\admin\tp-w7.md)
  Template render error: (C:\repos\nus-cs2103\cs2103-website-base\admin\tp-w7.md)
  Template render error: (C:\repos\nus-cs2103\cs2103-website-base\admin\tp-w7.md)
  Template render error: (C:\repos\nus-cs2103\cs2103-website-base\admin\tp-w7.md) [Line 77, Column 46]
  Template render error: (C:\repos\nus-cs2103\cs2103-website-base\admin\tp-w7.md)
  Template render error: (C:\repos\nus-cs2103\cs2103-website-base\admin\tp-w7.md)
  Template render error: (C:\repos\nus-cs2103\cs2103-website-base\admin\tp-w7.md)
  Template render error: (C:\repos\nus-cs2103\cs2103-website-base\admin\tp-w7.md) [Line 71, Column 49]
  Template render error: (C:\repos\nus-cs2103\cs2103-website-base\admin\tp-w7.md)
  Template render error: (C:\repos\nus-cs2103\cs2103-website-base\admin\tp-w7.md)
  Template render error: (C:\repos\nus-cs2103\cs2103-website-base\admin\tp-w7.md)
  Template render error: (C:\repos\nus-cs2103\cs2103-website-base\admin\tp-w7.md) [Line 510, Column 4]
  unknown block tag: org_replacements
    at Object._prettifyError (C:\Users\dcsdcr\AppData\Roaming\npm\node_modules\markbind-cli\node_modules\nunjucks\src\lib.js:36:11)
    at C:\Users\dcsdcr\AppData\Roaming\npm\node_modules\markbind-cli\node_modules\@markbind\core\src\patches\nunjucks\context-overrides-frame.js:383:17
    at Template.root [as rootRenderFunc] (eval at _compile (C:\Users\dcsdcr\AppData\Roaming\npm\node_modules\markbind-cli\node_modules\nunjucks\src\environment.js:631:18), <anonymous>:29:3)
    at Template.render (C:\Users\dcsdcr\AppData\Roaming\npm\node_modules\markbind-cli\node_modules\@markbind\core\src\patches\nunjucks\context-overrides-frame.js:372:8)
    at C:\Users\dcsdcr\AppData\Roaming\npm\node_modules\markbind-cli\node_modules\@markbind\core\src\patches\nunjucks\context-overrides-frame.js:54:25
    at createTemplate (C:\Users\dcsdcr\AppData\Roaming\npm\node_modules\markbind-cli\node_modules\@markbind\core\src\patches\nunjucks\load-event.js:121:7)
    at handle (C:\Users\dcsdcr\AppData\Roaming\npm\node_modules\markbind-cli\node_modules\@markbind\core\src\patches\nunjucks\load-event.js:133:9)
    at C:\Users\dcsdcr\AppData\Roaming\npm\node_modules\markbind-cli\node_modules\@markbind\core\src\patches\nunjucks\load-event.js:145:7
    at next (C:\Users\dcsdcr\AppData\Roaming\npm\node_modules\markbind-cli\node_modules\nunjucks\src\lib.js:326:7)
    at Object.asyncIter (C:\Users\dcsdcr\AppData\Roaming\npm\node_modules\markbind-cli\node_modules\nunjucks\src\lib.js:332:3)
    at Environment.getTemplate (C:\Users\dcsdcr\AppData\Roaming\npm\node_modules\markbind-cli\node_modules\@markbind\core\src\patches\nunjucks\load-event.js:127:7)
    at Environment.render (C:\Users\dcsdcr\AppData\Roaming\npm\node_modules\markbind-cli\node_modules\@markbind\core\src\patches\nunjucks\context-overrides-frame.js:48:8)
    at VariableRenderer.renderFile (C:\Users\dcsdcr\AppData\Roaming\npm\node_modules\markbind-cli\node_modules\@markbind\core\src\variables\VariableRenderer.js:73:24)
    at VariableProcessor.renderWithSiteVariables (C:\Users\dcsdcr\AppData\Roaming\npm\node_modules\markbind-cli\node_modules\@markbind\core\src\variables\VariableProcessor.js:154:57)
    at VariableProcessor.renderIncludeFile (C:\Users\dcsdcr\AppData\Roaming\npm\node_modules\markbind-cli\node_modules\@markbind\core\src\variables\VariableProcessor.js:231:38)
    at processInclude (C:\Users\dcsdcr\AppData\Roaming\npm\node_modules\markbind-cli\node_modules\@markbind\core\src\html\includePanelProcessor.js:190:68)
2023-10-05T06:31:46.363Z - info: Landing page built, other pages will be built as you navigate to them!
2023-10-05T06:31:47.076Z - info: Site data built
2023-10-05T06:31:47.077Z - info: Website generation (lazy) complete! Total build time: 24.008s
2023-10-05T06:31:48.017Z - info: Serving "C:\repos\nus-cs2103\cs2103-website-base\_site" at http://127.0.0.1:8080
2023-10-05T06:31:48.017Z - info: Press CTRL+C to stop ...
2023-10-05T06:32:47.437Z - info: [2:32:47 pm] Reload for file change: C:\repos\nus-cs2103\cs2103-website-base\_course-CS2103\studentData-fragment.md
2023-10-05T06:32:47.438Z - info: Synchronizing opened pages list before reload
2023-10-05T06:32:47.438Z - info: Current opened pages, from most-to-least recent:
2023-10-05T06:32:47.438Z - info: 1. index
2023-10-05T06:32:48.450Z - info: Rebuilding 1 pages
2023-10-05T06:32:49.567Z - info: Site data built
2023-10-05T06:32:49.568Z - info: Pages rebuilt
2023-10-05T06:32:49.568Z - info: Website regeneration complete! Total build time: 1.119s
2023-10-05T06:32:55.464Z - info: Building C:\repos\nus-cs2103\cs2103-website-base\admin\teamList as some of its dependencies were changed since the last visit
2023-10-05T06:32:57.452Z - info: Site data built
2023-10-05T06:32:57.453Z - info: Lazy website regeneration complete! Total build time: 1.988s
2023-10-05T06:35:07.225Z - info: Website generation started at 2:35:05 pm
2023-10-05T06:35:19.700Z - info: Building assets...
2023-10-05T06:35:28.445Z - info: Assets built
2023-10-05T06:35:28.447Z - info: Generating pages...
2023-10-05T06:35:52.058Z - debug:  
2023-10-05T06:35:52.160Z - debug:  
2023-10-05T06:35:52.486Z - debug:  
2023-10-05T06:35:52.538Z - debug:  
2023-10-05T06:35:55.390Z - debug:  
2023-10-05T06:35:55.390Z - debug:  
2023-10-05T06:35:55.390Z - debug:  
2023-10-05T06:35:55.391Z - debug:  
2023-10-05T06:35:55.391Z - debug:  
2023-10-05T06:35:55.391Z - debug:  
2023-10-05T06:35:55.391Z - debug:  
2023-10-05T06:35:55.391Z - debug:  
2023-10-05T06:35:55.392Z - debug:  
2023-10-05T06:35:55.392Z - debug:  
2023-10-05T06:35:55.392Z - debug:  
2023-10-05T06:35:55.392Z - debug:  
2023-10-05T06:38:24.871Z - debug:  
2023-10-05T06:38:40.778Z - debug:  
2023-10-05T06:38:40.801Z - debug:  
2023-10-05T06:38:52.750Z - info: Pages built
2023-10-05T06:38:53.676Z - info: Site data built
2023-10-05T06:38:53.677Z - info: Website generation complete! Total build time: 228.412s
2023-10-05T06:38:53.677Z - info: Build success!
2023-10-05T06:40:32.161Z - info: The website has been deployed at: https://nus-cs2103-ay2324s1.github.io/website
2023-10-05T09:09:44.517Z - info: Website generation started at 5:09:39 pm
2023-10-05T09:09:54.984Z - info: Building assets...
2023-10-05T09:10:02.540Z - info: Assets built
2023-10-05T09:10:02.541Z - info: Generating pages...
2023-10-05T09:10:24.435Z - debug:  
2023-10-05T09:10:24.439Z - debug:  
2023-10-05T09:10:24.439Z - debug:  
2023-10-05T09:10:27.062Z - debug:  
2023-10-05T09:10:27.062Z - debug:  
2023-10-05T09:10:27.063Z - debug:  
2023-10-05T09:10:27.063Z - debug:  
2023-10-05T09:10:27.063Z - debug:  
2023-10-05T09:10:27.063Z - debug:  
2023-10-05T09:10:27.066Z - debug:  
2023-10-05T09:10:27.066Z - debug:  
2023-10-05T09:10:27.066Z - debug:  
2023-10-05T09:10:27.067Z - debug:  
2023-10-05T09:10:27.067Z - debug:  
2023-10-05T09:10:27.068Z - debug:  
2023-10-05T09:10:27.068Z - debug:  
2023-10-05T09:12:43.336Z - debug:  
2023-10-05T09:12:59.897Z - debug:  
2023-10-05T09:12:59.925Z - debug:  
2023-10-05T09:13:13.270Z - info: Pages built
2023-10-05T09:13:14.418Z - info: Site data built
2023-10-05T09:13:14.418Z - info: Website generation complete! Total build time: 215.001s
2023-10-05T09:13:14.419Z - info: Build success!
2023-10-05T09:15:29.007Z - info: The website has been deployed at: https://nus-cs2103-ay2324s1.github.io/website
