2023-09-19T15:24:28.406Z - info: Website generation started at 11:24:21 pm
2023-09-19T15:24:41.714Z - info: Building assets...
2023-09-19T15:24:52.263Z - info: Assets built
2023-09-19T15:24:52.265Z - info: Generating pages...
2023-09-19T15:25:16.040Z - debug:  
2023-09-19T15:25:18.008Z - debug:  
2023-09-19T15:25:18.015Z - debug:  
2023-09-19T15:25:18.015Z - debug:  
2023-09-19T15:25:18.017Z - debug:  
2023-09-19T15:25:18.017Z - debug:  
2023-09-19T15:25:18.018Z - debug:  
2023-09-19T15:25:18.018Z - debug:  
2023-09-19T15:25:18.018Z - debug:  
2023-09-19T15:25:18.019Z - debug:  
2023-09-19T15:25:18.019Z - debug:  
2023-09-19T15:25:18.019Z - debug:  
2023-09-19T15:25:18.019Z - debug:  
2023-09-19T15:25:18.019Z - debug:  
2023-09-19T15:25:22.953Z - debug:  
2023-09-19T15:25:57.165Z - debug:  
2023-09-19T15:26:54.226Z - info: Pages built
2023-09-19T15:26:55.159Z - info: Site data built
2023-09-19T15:26:55.159Z - info: Website generation complete! Total build time: 153.728s
2023-09-19T15:26:55.160Z - info: Build success!
2023-09-19T15:28:59.482Z - info: The website has been deployed at: https://nus-tic2002-ay2324s1.github.io/website
