2023-09-08T17:45:44.612Z - info: Website generation started at 1:45:36 am
2023-09-08T17:45:59.619Z - info: Building assets...
2023-09-08T17:46:08.633Z - info: Assets built
2023-09-08T17:46:08.634Z - info: Generating pages...
2023-09-08T17:46:31.171Z - debug:  
2023-09-08T17:46:35.361Z - debug:  
2023-09-08T17:46:35.362Z - debug:  
2023-09-08T17:46:35.362Z - debug:  
2023-09-08T17:46:35.363Z - debug:  
2023-09-08T17:46:35.363Z - debug:  
2023-09-08T17:46:35.364Z - debug:  
2023-09-08T17:46:35.364Z - debug:  
2023-09-08T17:46:35.364Z - debug:  
2023-09-08T17:46:35.365Z - debug:  
2023-09-08T17:46:35.365Z - debug:  
2023-09-08T17:46:35.365Z - debug:  
2023-09-08T17:46:35.366Z - debug:  
2023-09-08T17:46:35.366Z - debug:  
2023-09-08T17:46:35.366Z - debug:  
2023-09-08T17:46:35.366Z - debug:  
2023-09-08T17:49:05.856Z - debug:  
2023-09-08T17:49:22.393Z - debug:  
2023-09-08T17:49:22.450Z - debug:  
2023-09-08T17:49:34.812Z - info: Pages built
2023-09-08T17:49:36.475Z - info: Site data built
2023-09-08T17:49:36.475Z - info: Website generation complete! Total build time: 239.819s
2023-09-08T17:49:36.475Z - info: Build success!
2023-09-08T17:51:37.801Z - info: The website has been deployed at: https://nus-cs2103-ay2324s1.github.io/website
