2023-08-08T05:37:09.312Z - info: Website generation (lazy) started at 1:37:03 pm
2023-08-08T05:37:21.315Z - info: Building assets...
2023-08-08T05:37:29.523Z - info: Assets built
2023-08-08T05:37:29.524Z - info: Generating landing page...
2023-08-08T05:37:30.308Z - info: Landing page built, other pages will be built as you navigate to them!
2023-08-08T05:37:31.345Z - info: Site data built
2023-08-08T05:37:31.346Z - info: Website generation (lazy) complete! Total build time: 28.124s
2023-08-08T05:37:32.253Z - info: Serving "C:\repos\nus-cs2103\cs2103-website-base\_site" at http://127.0.0.1:8080
2023-08-08T05:37:32.254Z - info: Press CTRL+C to stop ...
2023-08-08T06:02:49.802Z - info: Building C:\repos\nus-cs2103\cs2103-website-base\schedule\week5\index as some of its dependencies were changed since the last visit
2023-08-08T06:02:51.449Z - info: Site data built
2023-08-08T06:02:51.449Z - info: Lazy website regeneration complete! Total build time: 1.653s
2023-08-08T06:02:55.916Z - info: Building C:\repos\nus-cs2103\cs2103-website-base\schedule\week5\admin as some of its dependencies were changed since the last visit
2023-08-08T06:02:56.963Z - info: Site data built
2023-08-08T06:02:56.964Z - info: Lazy website regeneration complete! Total build time: 1.048s
2023-08-08T06:03:39.642Z - info: Building C:\repos\nus-cs2103\cs2103-website-base\admin\tp-grading as some of its dependencies were changed since the last visit
2023-08-08T06:03:40.426Z - info: Site data built
2023-08-08T06:03:40.427Z - info: Lazy website regeneration complete! Total build time: 0.785s
2023-08-08T06:06:44.897Z - info: Building C:\repos\nus-cs2103\cs2103-website-base\schedule\week5\topics as some of its dependencies were changed since the last visit
2023-08-08T06:06:50.733Z - info: Site data built
2023-08-08T06:06:50.733Z - info: Lazy website regeneration complete! Total build time: 5.837s
2023-08-08T07:39:00.892Z - info: Building C:\repos\nus-cs2103\cs2103-website-base\schedule\week1\index as some of its dependencies were changed since the last visit
2023-08-08T07:39:02.045Z - info: Site data built
2023-08-08T07:39:02.045Z - info: Lazy website regeneration complete! Total build time: 1.154s
2023-08-08T07:39:05.783Z - info: Building C:\repos\nus-cs2103\cs2103-website-base\schedule\week1\admin as some of its dependencies were changed since the last visit
2023-08-08T07:39:08.040Z - info: Site data built
2023-08-08T07:39:08.041Z - info: Lazy website regeneration complete! Total build time: 2.258s
2023-08-08T07:39:09.791Z - debug:  
2023-08-08T07:39:14.906Z - info: Building C:\repos\nus-cs2103\cs2103-website-base\admin\lectures as some of its dependencies were changed since the last visit
2023-08-08T07:39:15.543Z - info: Site data built
2023-08-08T07:39:15.543Z - info: Lazy website regeneration complete! Total build time: 0.637s
2023-08-08T07:39:16.167Z - info: Building C:\repos\nus-cs2103\cs2103-website-base\admin\lectures as some of its dependencies were changed since the last visit
2023-08-08T07:39:16.265Z - info: Site data built
2023-08-08T07:39:16.265Z - info: Lazy website regeneration complete! Total build time: 0.098s
2023-08-08T07:39:24.211Z - info: Building C:\repos\nus-cs2103\cs2103-website-base\admin\tp-teams as some of its dependencies were changed since the last visit
2023-08-08T07:39:24.401Z - info: Site data built
2023-08-08T07:39:24.401Z - info: Lazy website regeneration complete! Total build time: 0.19s
2023-08-08T07:40:16.012Z - info: Building C:\repos\nus-cs2103\cs2103-website-base\schedule\week2\admin as some of its dependencies were changed since the last visit
2023-08-08T07:40:16.967Z - info: Site data built
2023-08-08T07:40:16.968Z - info: Lazy website regeneration complete! Total build time: 0.957s
2023-08-08T07:40:21.999Z - info: Building C:\repos\nus-cs2103\cs2103-website-base\admin\appendixA-principles as some of its dependencies were changed since the last visit
2023-08-08T07:40:22.978Z - info: Site data built
2023-08-08T07:40:22.979Z - info: Lazy website regeneration complete! Total build time: 0.98s
2023-08-08T07:47:35.329Z - info: [3:47:35 pm] Reload for file change: C:\repos\nus-cs2103\cs2103-website-base\common\macros.njk
2023-08-08T07:47:35.330Z - info: Synchronizing opened pages list before reload
2023-08-08T07:47:35.331Z - info: Current opened pages, from most-to-least recent:
2023-08-08T07:47:35.331Z - info: 1. ../admin/appendixA-principles
2023-08-08T07:47:35.331Z - info: 2. schedule/week2/admin
2023-08-08T07:47:36.568Z - info: Rebuilding 1 pages
2023-08-08T07:47:37.217Z - info: Site data built
2023-08-08T07:47:37.217Z - info: Pages rebuilt
2023-08-08T07:47:37.218Z - info: Website regeneration complete! Total build time: 0.65s
2023-08-08T07:47:38.320Z - info: Building C:\repos\nus-cs2103\cs2103-website-base\admin\appendixA-principles as some of its dependencies were changed since the last visit
2023-08-08T07:47:38.458Z - info: Site data built
2023-08-08T07:47:38.459Z - info: Lazy website regeneration complete! Total build time: 0.139s
2023-08-08T07:48:53.708Z - info: Website generation started at 3:48:52 pm
2023-08-08T07:49:03.725Z - info: Building assets...
2023-08-08T07:49:09.678Z - info: Assets built
2023-08-08T07:49:09.679Z - info: Generating pages...
2023-08-08T07:49:22.490Z - debug:  
2023-08-08T07:49:22.498Z - debug:  
2023-08-08T07:49:22.498Z - debug:  
2023-08-08T07:49:22.499Z - debug:  
2023-08-08T07:49:22.499Z - debug:  
2023-08-08T07:49:22.500Z - debug:  
2023-08-08T07:49:22.501Z - debug:  
2023-08-08T07:49:22.501Z - debug:  
2023-08-08T07:49:22.502Z - debug:  
2023-08-08T07:49:24.303Z - debug:  
2023-08-08T07:49:24.303Z - debug:  
2023-08-08T07:49:24.303Z - debug:  
2023-08-08T07:49:24.303Z - debug:  
2023-08-08T07:49:24.303Z - debug:  
2023-08-08T07:49:24.304Z - debug:  
2023-08-08T07:49:24.304Z - debug:  
2023-08-08T07:51:08.807Z - debug:  
2023-08-08T07:51:21.041Z - debug:  
2023-08-08T07:51:21.041Z - debug:  
2023-08-08T07:51:27.213Z - info: Pages built
2023-08-08T07:51:28.065Z - info: Site data built
2023-08-08T07:51:28.066Z - info: Website generation complete! Total build time: 155.908s
2023-08-08T07:51:28.066Z - info: Build success!
2023-08-08T07:53:36.019Z - info: The website has been deployed at: https://nus-cs2103-ay2324s1.github.io/website
2023-08-08T08:04:48.043Z - info: Website generation (lazy) started at 4:04:42 pm
2023-08-08T08:04:59.626Z - info: Building assets...
2023-08-08T08:05:08.939Z - info: Assets built
2023-08-08T08:05:08.940Z - info: Generating landing page...
2023-08-08T08:05:09.680Z - info: Landing page built, other pages will be built as you navigate to them!
2023-08-08T08:05:10.782Z - info: Site data built
2023-08-08T08:05:10.782Z - info: Website generation (lazy) complete! Total build time: 28.154s
2023-08-08T08:05:11.738Z - info: Serving "C:\repos\nus-cs2103\cs2103-website-base\_site" at http://127.0.0.1:8080
2023-08-08T08:05:11.739Z - info: Press CTRL+C to stop ...
2023-08-08T08:06:37.270Z - info: Building C:\repos\nus-cs2103\cs2103-website-base\schedule\week5\index as some of its dependencies were changed since the last visit
2023-08-08T08:06:38.844Z - info: Site data built
2023-08-08T08:06:38.844Z - info: Lazy website regeneration complete! Total build time: 1.576s
2023-08-08T08:06:43.318Z - info: Building C:\repos\nus-cs2103\cs2103-website-base\schedule\week5\admin as some of its dependencies were changed since the last visit
2023-08-08T08:06:44.374Z - info: Site data built
2023-08-08T08:06:44.375Z - info: Lazy website regeneration complete! Total build time: 1.057s
2023-08-08T08:06:53.426Z - info: Building C:\repos\nus-cs2103\cs2103-website-base\schedule\week5\topics as some of its dependencies were changed since the last visit
2023-08-08T08:06:56.200Z - info: Site data built
2023-08-08T08:06:56.201Z - info: Lazy website regeneration complete! Total build time: 2.776s
2023-08-08T08:07:46.785Z - info: [4:07:46 pm] Reload for file change: C:\repos\nus-cs2103\cs2103-website-base\schedule\week5\commentary-cs2103-fragment.md
2023-08-08T08:07:46.786Z - info: Synchronizing opened pages list before reload
2023-08-08T08:07:46.787Z - info: Current opened pages, from most-to-least recent:
2023-08-08T08:07:46.788Z - info: 1. schedule/week5/topics
2023-08-08T08:07:47.809Z - info: Rebuilding 1 pages
2023-08-08T08:07:50.318Z - info: Site data built
2023-08-08T08:07:50.318Z - info: Pages rebuilt
2023-08-08T08:07:50.319Z - info: Website regeneration complete! Total build time: 2.512s
2023-08-08T08:08:58.124Z - info: [4:08:58 pm] Reload for file change: C:\repos\nus-cs2103\cs2103-website-base\book\requirements\introduction\text.md
2023-08-08T08:08:58.124Z - info: Synchronizing opened pages list before reload
2023-08-08T08:08:58.125Z - info: Current opened pages, from most-to-least recent:
2023-08-08T08:08:58.125Z - info: 1. schedule/week5/topics
2023-08-08T08:08:59.144Z - info: Rebuilding 1 pages
2023-08-08T08:09:01.495Z - info: Site data built
2023-08-08T08:09:01.496Z - info: Pages rebuilt
2023-08-08T08:09:01.496Z - info: Website regeneration complete! Total build time: 2.353s
2023-08-08T08:12:21.576Z - info: [4:12:21 pm] Reload for file change: C:\repos\nus-cs2103\cs2103-website-base\book\common\definitions.md
2023-08-08T08:12:21.576Z - info: Synchronizing opened pages list before reload
2023-08-08T08:12:21.576Z - info: Current opened pages, from most-to-least recent:
2023-08-08T08:12:21.576Z - info: 1. schedule/week5/topics
2023-08-08T08:12:22.593Z - info: Rebuilding 1 pages
2023-08-08T08:12:25.017Z - info: Site data built
2023-08-08T08:12:25.017Z - info: Pages rebuilt
2023-08-08T08:12:25.017Z - info: Website regeneration complete! Total build time: 2.426s
2023-08-08T08:19:45.457Z - info: [4:19:45 pm] Reload for file add: C:\repos\nus-cs2103\cs2103-website-base\book\requirements\introduction\exercises.md
2023-08-08T08:19:45.457Z - info: Synchronizing opened pages list before reload
2023-08-08T08:19:45.458Z - info: Current opened pages, from most-to-least recent:
2023-08-08T08:19:45.458Z - info: 1. schedule/week5/topics
2023-08-08T08:19:49.885Z - info: [4:19:49 pm] Reload for file add: C:\repos\nus-cs2103\cs2103-website-base\book\requirements\introduction\q-essay-codingAsManufacturing.md
2023-08-08T08:19:49.885Z - info: Synchronizing opened pages list before reload
2023-08-08T08:19:49.885Z - info: Current opened pages, from most-to-least recent:
2023-08-08T08:19:49.885Z - info: 1. schedule/week5/topics
2023-08-08T08:19:54.021Z - info: Assets built
2023-08-08T08:20:46.566Z - info: [4:20:46 pm] Reload for file add: C:\repos\nus-cs2103\cs2103-website-base\book\requirements\introduction\q-essay-stakeholdersOfLms.md
2023-08-08T08:20:46.567Z - info: Synchronizing opened pages list before reload
2023-08-08T08:20:46.567Z - info: Current opened pages, from most-to-least recent:
2023-08-08T08:20:46.567Z - info: 1. schedule/week5/topics
2023-08-08T08:20:50.855Z - info: [4:20:50 pm] Reload for file deletion: C:\repos\nus-cs2103\cs2103-website-base\book\requirements\introduction\q-essay-codingAsManufacturing.md
2023-08-08T08:20:50.855Z - info: Synchronizing opened pages list before reload
2023-08-08T08:20:50.855Z - info: Current opened pages, from most-to-least recent:
2023-08-08T08:20:50.855Z - info: 1. schedule/week5/topics
2023-08-08T08:20:55.060Z - info: Assets built
2023-08-08T08:20:56.075Z - debug: Assets removed
2023-08-08T08:21:24.204Z - info: [4:21:24 pm] Reload for file change: C:\repos\nus-cs2103\cs2103-website-base\book\requirements\introduction\exercises.md
2023-08-08T08:21:24.204Z - info: Synchronizing opened pages list before reload
2023-08-08T08:21:24.204Z - info: Current opened pages, from most-to-least recent:
2023-08-08T08:21:24.205Z - info: 1. schedule/week5/topics
2023-08-08T08:21:24.226Z - info: [4:21:24 pm] Reload for file change: C:\repos\nus-cs2103\cs2103-website-base\book\requirements\introduction\text.md
2023-08-08T08:21:24.226Z - info: Synchronizing opened pages list before reload
2023-08-08T08:21:24.226Z - info: Current opened pages, from most-to-least recent:
2023-08-08T08:21:24.226Z - info: 1. schedule/week5/topics
2023-08-08T08:21:25.212Z - info: Assets built
2023-08-08T08:21:25.244Z - info: Rebuilding 1 pages
2023-08-08T08:21:27.913Z - info: Site data built
2023-08-08T08:21:27.913Z - info: Pages rebuilt
2023-08-08T08:21:27.914Z - info: Website regeneration complete! Total build time: 2.671s
2023-08-08T08:30:30.429Z - info: [4:30:30 pm] Reload for file change: C:\repos\nus-cs2103\cs2103-website-base\book\requirements\introduction\q-essay-stakeholdersOfLms.md
2023-08-08T08:30:30.429Z - info: Synchronizing opened pages list before reload
2023-08-08T08:30:30.430Z - info: Current opened pages, from most-to-least recent:
2023-08-08T08:30:30.430Z - info: 1. schedule/week5/topics
2023-08-08T08:30:31.443Z - info: Rebuilding 1 pages
2023-08-08T08:30:33.943Z - info: Site data built
2023-08-08T08:30:33.943Z - info: Pages rebuilt
2023-08-08T08:30:33.943Z - info: Website regeneration complete! Total build time: 2.503s
2023-08-08T08:36:03.117Z - info: [4:36:03 pm] Reload for file change: C:\repos\nus-cs2103\cs2103-website-base\book\requirements\introduction\q-essay-stakeholdersOfLms.md
2023-08-08T08:36:03.118Z - info: Synchronizing opened pages list before reload
2023-08-08T08:36:03.118Z - info: Current opened pages, from most-to-least recent:
2023-08-08T08:36:03.119Z - info: 1. schedule/week5/topics
2023-08-08T08:36:04.132Z - info: Rebuilding 1 pages
2023-08-08T08:36:06.460Z - info: Site data built
2023-08-08T08:36:06.460Z - info: Pages rebuilt
2023-08-08T08:36:06.460Z - info: Website regeneration complete! Total build time: 2.33s
2023-08-08T08:46:03.707Z - info: [4:46:03 pm] Reload for file change: C:\repos\nus-cs2103\cs2103-website-base\book\requirements\introduction\q-essay-stakeholdersOfLms.md
2023-08-08T08:46:03.708Z - info: Synchronizing opened pages list before reload
2023-08-08T08:46:03.708Z - info: Current opened pages, from most-to-least recent:
2023-08-08T08:46:03.708Z - info: 1. schedule/week5/topics
2023-08-08T08:46:04.721Z - info: Rebuilding 1 pages
2023-08-08T08:46:07.160Z - info: Site data built
2023-08-08T08:46:07.160Z - info: Pages rebuilt
2023-08-08T08:46:07.160Z - info: Website regeneration complete! Total build time: 2.44s
2023-08-08T08:46:21.596Z - info: [4:46:21 pm] Reload for file change: C:\repos\nus-cs2103\cs2103-website-base\book\requirements\introduction\q-essay-stakeholdersOfLms.md
2023-08-08T08:46:21.596Z - info: Synchronizing opened pages list before reload
2023-08-08T08:46:21.596Z - info: Current opened pages, from most-to-least recent:
2023-08-08T08:46:21.596Z - info: 1. schedule/week5/topics
2023-08-08T08:46:22.611Z - info: Rebuilding 1 pages
2023-08-08T08:46:24.552Z - info: Site data built
2023-08-08T08:46:24.552Z - info: Pages rebuilt
2023-08-08T08:46:24.553Z - info: Website regeneration complete! Total build time: 1.944s
2023-08-08T12:29:36.042Z - info: Website generation (lazy) started at 8:29:33 pm
2023-08-08T12:29:49.778Z - info: Building assets...
2023-08-08T12:30:00.440Z - info: Assets built
2023-08-08T12:30:00.441Z - info: Generating landing page...
2023-08-08T12:30:01.247Z - info: Landing page built, other pages will be built as you navigate to them!
2023-08-08T12:30:02.389Z - info: Site data built
2023-08-08T12:30:02.389Z - info: Website generation (lazy) complete! Total build time: 29.132s
2023-08-08T12:30:03.580Z - info: Serving "C:\repos\nus-cs2103\cs2103-website-base\_site" at http://127.0.0.1:8080
2023-08-08T12:30:03.580Z - info: Press CTRL+C to stop ...
2023-08-08T12:30:27.969Z - info: Building C:\repos\nus-cs2103\cs2103-website-base\admin\tutorials as some of its dependencies were changed since the last visit
2023-08-08T12:30:28.477Z - info: Site data built
2023-08-08T12:30:28.477Z - info: Lazy website regeneration complete! Total build time: 0.509s
2023-08-08T12:31:29.380Z - info: Website generation started at 8:31:26 pm
2023-08-08T12:31:40.082Z - info: Building assets...
