2023-10-06T09:47:00.706Z - info: Website generation started at 5:46:56 pm
2023-10-06T09:47:11.155Z - info: Building assets...
2023-10-06T09:47:17.013Z - info: Assets built
2023-10-06T09:47:17.013Z - info: Generating pages...
2023-10-06T09:47:30.332Z - debug:  
2023-10-06T09:47:30.333Z - debug:  
2023-10-06T09:47:30.333Z - debug:  
2023-10-06T09:47:30.333Z - debug:  
2023-10-06T09:47:30.333Z - debug:  
2023-10-06T09:47:30.334Z - debug:  
2023-10-06T09:47:30.334Z - debug:  
2023-10-06T09:47:30.334Z - debug:  
2023-10-06T09:47:30.334Z - debug:  
2023-10-06T09:47:30.334Z - debug:  
2023-10-06T09:47:30.334Z - debug:  
2023-10-06T09:47:30.335Z - debug:  
2023-10-06T09:47:30.336Z - debug:  
2023-10-06T09:47:30.336Z - debug:  
2023-10-06T09:47:30.336Z - debug:  
2023-10-06T09:47:30.559Z - debug:  
2023-10-06T09:49:14.024Z - debug:  
2023-10-06T09:49:25.753Z - debug:  
2023-10-06T09:49:25.773Z - debug:  
2023-10-06T09:49:36.026Z - info: Pages built
2023-10-06T09:49:36.796Z - info: Site data built
2023-10-06T09:49:36.796Z - info: Website generation complete! Total build time: 160.48s
2023-10-06T09:49:36.796Z - info: Build success!
2023-10-06T09:51:39.973Z - info: The website has been deployed at: https://nus-cs2103-ay2324s1.github.io/website
