2023-08-27T07:58:06.785Z - info: Website generation (lazy) started at 3:58:01 pm
2023-08-27T07:58:19.738Z - info: Building assets...
2023-08-27T07:58:26.910Z - info: Assets built
2023-08-27T07:58:26.910Z - info: Generating landing page...
2023-08-27T07:58:28.236Z - info: Landing page built, other pages will be built as you navigate to them!
2023-08-27T07:58:29.166Z - info: Site data built
2023-08-27T07:58:29.167Z - info: Website generation (lazy) complete! Total build time: 28.1s
2023-08-27T07:58:30.038Z - info: Serving "C:\repos\nus-cs2103\cs2103-website-base\_site" at http://127.0.0.1:8080
2023-08-27T07:58:30.038Z - info: Press CTRL+C to stop ...
2023-08-27T07:59:08.154Z - info: Building C:\repos\nus-cs2103\cs2103-website-base\se-book-adapted\index as some of its dependencies were changed since the last visit
2023-08-27T07:59:08.592Z - info: Site data built
2023-08-27T07:59:08.592Z - info: Lazy website regeneration complete! Total build time: 0.44s
2023-08-27T07:59:13.741Z - info: Building C:\repos\nus-cs2103\cs2103-website-base\se-book-adapted\chapters\uml as some of its dependencies were changed since the last visit
2023-08-27T07:59:22.126Z - info: Site data built
2023-08-27T07:59:22.128Z - info: Lazy website regeneration complete! Total build time: 8.387s
2023-08-27T07:59:22.841Z - info: Building C:\repos\nus-cs2103\cs2103-website-base\se-book-adapted\chapters\uml as some of its dependencies were changed since the last visit
2023-08-27T07:59:28.408Z - debug: The process cannot access the file because it is being used by another process.

2023-08-27T07:59:28.408Z - debug: The process cannot access the file because it is being used by another process.

2023-08-27T07:59:28.409Z - debug: The process cannot access the file because it is being used by another process.

2023-08-27T07:59:28.410Z - debug: The process cannot access the file because it is being used by another process.

2023-08-27T07:59:28.410Z - debug: The process cannot access the file because it is being used by another process.

2023-08-27T07:59:28.411Z - debug: The process cannot access the file because it is being used by another process.

2023-08-27T07:59:28.411Z - debug: The process cannot access the file because it is being used by another process.

2023-08-27T07:59:28.412Z - debug: The process cannot access the file because it is being used by another process.

2023-08-27T07:59:28.412Z - debug: The process cannot access the file because it is being used by another process.

2023-08-27T07:59:28.413Z - debug: The process cannot access the file because it is being used by another process.

2023-08-27T07:59:28.414Z - debug: The process cannot access the file because it is being used by another process.

2023-08-27T07:59:28.414Z - debug: The process cannot access the file because it is being used by another process.

2023-08-27T07:59:28.414Z - debug: The process cannot access the file because it is being used by another process.

2023-08-27T07:59:28.416Z - debug: The process cannot access the file because it is being used by another process.

2023-08-27T07:59:29.033Z - info: Site data built
2023-08-27T07:59:29.034Z - info: Lazy website regeneration complete! Total build time: 6.194s
2023-08-27T07:59:29.112Z - debug:  
2023-08-27T07:59:29.144Z - debug:  
2023-08-27T07:59:29.258Z - debug:  
2023-08-27T07:59:29.319Z - debug:  
2023-08-27T07:59:29.356Z - debug:  
2023-08-27T07:59:29.363Z - debug:  
2023-08-27T07:59:29.407Z - debug:  
2023-08-27T07:59:29.440Z - debug:  
2023-08-27T07:59:29.751Z - debug:  
2023-08-27T07:59:29.853Z - debug:  
2023-08-27T07:59:30.066Z - debug:  
2023-08-27T07:59:30.082Z - debug:  
2023-08-27T07:59:30.150Z - debug:  
2023-08-27T07:59:30.180Z - debug:  
2023-08-27T08:00:46.535Z - info: Website generation started at 4:00:44 pm
2023-08-27T08:00:56.759Z - info: Building assets...
2023-08-27T08:01:03.674Z - info: Assets built
2023-08-27T08:01:03.675Z - info: Generating pages...
2023-08-27T08:01:17.812Z - debug:  
2023-08-27T08:01:18.246Z - debug:  
2023-08-27T08:01:18.246Z - debug:  
2023-08-27T08:01:18.247Z - debug:  
2023-08-27T08:01:18.248Z - debug:  
2023-08-27T08:01:18.248Z - debug:  
2023-08-27T08:01:18.249Z - debug:  
2023-08-27T08:01:18.249Z - debug:  
2023-08-27T08:01:18.250Z - debug:  
2023-08-27T08:01:18.255Z - debug:  
2023-08-27T08:01:18.256Z - debug:  
2023-08-27T08:01:18.434Z - debug:  
2023-08-27T08:01:20.836Z - debug:  
2023-08-27T08:01:20.895Z - debug:  
2023-08-27T08:01:20.896Z - debug:  
2023-08-27T08:01:20.896Z - debug:  
2023-08-27T08:03:36.496Z - debug:  
2023-08-27T08:03:50.637Z - debug:  
2023-08-27T08:03:50.769Z - debug:  
2023-08-27T08:03:57.160Z - info: Pages built
2023-08-27T08:03:58.177Z - info: Site data built
2023-08-27T08:03:58.177Z - info: Website generation complete! Total build time: 193.451s
2023-08-27T08:03:58.177Z - info: Build success!
2023-08-27T08:15:25.819Z - info: Website generation (lazy) started at 4:15:21 pm
2023-08-27T08:15:36.680Z - info: Building assets...
2023-08-27T08:15:44.288Z - info: Assets built
2023-08-27T08:15:44.289Z - info: Generating landing page...
2023-08-27T08:15:45.706Z - info: Landing page built, other pages will be built as you navigate to them!
2023-08-27T08:15:46.672Z - info: Site data built
2023-08-27T08:15:46.673Z - info: Website generation (lazy) complete! Total build time: 25.55s
2023-08-27T08:15:47.607Z - info: Serving "C:\repos\nus-cs2103\cs2103-website-base\_site" at http://127.0.0.1:8080
2023-08-27T08:15:47.607Z - info: Press CTRL+C to stop ...
2023-08-27T08:16:37.921Z - info: Building C:\repos\nus-cs2103\cs2103-website-base\se-book-adapted\index as some of its dependencies were changed since the last visit
2023-08-27T08:16:38.406Z - info: Site data built
2023-08-27T08:16:38.407Z - info: Lazy website regeneration complete! Total build time: 0.485s
2023-08-27T08:16:43.416Z - info: Building C:\repos\nus-cs2103\cs2103-website-base\se-book-adapted\chapters\uml as some of its dependencies were changed since the last visit
2023-08-27T08:16:55.838Z - debug:  
2023-08-27T08:16:55.939Z - debug:  
2023-08-27T08:16:55.974Z - debug:  
2023-08-27T08:16:56.011Z - debug:  
2023-08-27T08:16:56.086Z - debug:  
2023-08-27T08:16:56.184Z - debug:  
2023-08-27T08:16:56.248Z - debug:  
2023-08-27T08:16:56.448Z - debug:  
2023-08-27T08:16:56.622Z - debug:  
2023-08-27T08:16:56.751Z - debug:  
2023-08-27T08:16:56.951Z - debug:  
2023-08-27T08:16:57.083Z - debug:  
2023-08-27T08:16:57.289Z - debug:  
2023-08-27T08:16:57.438Z - debug:  
2023-08-27T08:16:57.674Z - info: Site data built
2023-08-27T08:16:57.675Z - info: Lazy website regeneration complete! Total build time: 14.258s
2023-08-27T08:18:15.074Z - info: Website generation started at 4:18:11 pm
2023-08-27T08:18:30.592Z - info: Building assets...
2023-08-27T08:18:41.845Z - info: Assets built
2023-08-27T08:18:41.847Z - info: Generating pages...
2023-08-27T08:19:01.108Z - debug:  
2023-08-27T08:19:01.116Z - debug:  
2023-08-27T08:19:01.262Z - debug:  
2023-08-27T08:19:01.281Z - debug:  
2023-08-27T08:19:01.282Z - debug:  
2023-08-27T08:19:01.287Z - debug:  
2023-08-27T08:19:01.353Z - debug:  
2023-08-27T08:19:01.362Z - debug:  
2023-08-27T08:19:01.403Z - debug:  
2023-08-27T08:19:01.426Z - debug:  
2023-08-27T08:19:01.426Z - debug:  
2023-08-27T08:19:01.445Z - debug:  
2023-08-27T08:19:01.446Z - debug:  
2023-08-27T08:19:01.446Z - debug:  
2023-08-27T08:19:04.259Z - debug:  
2023-08-27T08:19:04.259Z - debug:  
2023-08-27T08:21:51.073Z - debug:  
2023-08-27T08:22:09.273Z - debug:  
2023-08-27T08:22:09.288Z - debug:  
2023-08-27T08:22:19.604Z - info: Pages built
2023-08-27T08:22:20.857Z - info: Site data built
2023-08-27T08:22:20.858Z - info: Website generation complete! Total build time: 248.906s
2023-08-27T08:22:20.858Z - info: Build success!
2023-08-27T08:23:20.869Z - info: Website generation started at 4:23:13 pm
2023-08-27T08:23:35.769Z - info: Building assets...
2023-08-27T08:23:45.597Z - info: Assets built
2023-08-27T08:23:45.598Z - info: Generating pages...
2023-08-27T08:24:05.605Z - debug:  
2023-08-27T08:24:05.605Z - debug:  
2023-08-27T08:24:05.606Z - debug:  
2023-08-27T08:24:05.606Z - debug:  
2023-08-27T08:24:05.606Z - debug:  
2023-08-27T08:24:05.607Z - debug:  
2023-08-27T08:24:05.607Z - debug:  
2023-08-27T08:24:05.607Z - debug:  
2023-08-27T08:24:05.608Z - debug:  
2023-08-27T08:24:05.608Z - debug:  
2023-08-27T08:24:05.608Z - debug:  
2023-08-27T08:24:05.608Z - debug:  
2023-08-27T08:24:05.609Z - debug:  
2023-08-27T08:24:05.609Z - debug:  
2023-08-27T08:24:05.609Z - debug:  
2023-08-27T08:24:05.609Z - debug:  
2023-08-27T08:25:55.167Z - debug:  
2023-08-27T08:26:08.601Z - debug:  
2023-08-27T08:26:08.637Z - debug:  
2023-08-27T08:26:16.674Z - info: Pages built
2023-08-27T08:26:17.570Z - info: Site data built
2023-08-27T08:26:17.570Z - info: Website generation complete! Total build time: 183.697s
2023-08-27T08:26:17.570Z - info: Build success!
