2023-07-03T16:01:42.555Z - info: [12:01:42 am] Reload for file change: C:\repos\nus-cs2103\cs2103-website-base\book\gitAndGithub\remoteBranches\text.md
2023-07-03T16:01:42.566Z - info: Synchronizing opened pages list before reload
2023-07-03T16:01:42.567Z - info: Current opened pages, from most-to-least recent:
2023-07-03T16:01:42.567Z - info: 1. git-trail/index
2023-07-03T16:01:42.572Z - info: [12:01:42 am] Reload for file change: C:\repos\nus-cs2103\cs2103-website-base\book\gitAndGithub\remoteBranches\sourcetree_1.md
2023-07-03T16:01:42.573Z - info: Synchronizing opened pages list before reload
2023-07-03T16:01:42.573Z - info: Current opened pages, from most-to-least recent:
2023-07-03T16:01:42.573Z - info: 1. git-trail/index
2023-07-03T16:01:43.575Z - info: Rebuilding 1 pages
2023-07-03T16:01:44.358Z - info: Site data built
2023-07-03T16:01:44.358Z - info: Pages rebuilt
2023-07-03T16:01:44.358Z - info: Website regeneration complete! Total build time: 0.783s
2023-07-03T16:02:01.406Z - info: [12:02:01 am] Reload for file add: C:\repos\nus-cs2103\cs2103-website-base\book\gitAndGithub\remoteBranches\cli_2.md
2023-07-03T16:02:01.407Z - info: Synchronizing opened pages list before reload
2023-07-03T16:02:01.407Z - info: Current opened pages, from most-to-least recent:
2023-07-03T16:02:01.407Z - info: 1. git-trail/index
2023-07-03T16:02:06.278Z - info: Assets built
2023-07-03T16:03:39.265Z - info: [12:03:39 am] Reload for file change: C:\repos\nus-cs2103\cs2103-website-base\book\gitAndGithub\remoteBranches\cli_1.md
2023-07-03T16:03:39.265Z - info: Synchronizing opened pages list before reload
2023-07-03T16:03:39.266Z - info: Current opened pages, from most-to-least recent:
2023-07-03T16:03:39.266Z - info: 1. git-trail/index
2023-07-03T16:03:40.272Z - info: Rebuilding 1 pages
2023-07-03T16:03:41.285Z - info: Site data built
2023-07-03T16:03:41.285Z - info: Pages rebuilt
2023-07-03T16:03:41.285Z - info: Website regeneration complete! Total build time: 1.015s
2023-07-03T16:08:06.093Z - info: [12:08:06 am] Reload for file change: C:\repos\nus-cs2103\cs2103-website-base\book\gitAndGithub\remoteBranches\text.md
2023-07-03T16:08:06.093Z - info: Synchronizing opened pages list before reload
2023-07-03T16:08:06.093Z - info: Current opened pages, from most-to-least recent:
2023-07-03T16:08:06.093Z - info: 1. git-trail/index
2023-07-03T16:08:07.109Z - info: Rebuilding 1 pages
2023-07-03T16:08:08.314Z - info: Site data built
2023-07-03T16:08:08.314Z - info: Pages rebuilt
2023-07-03T16:08:08.314Z - info: Website regeneration complete! Total build time: 1.206s
2023-07-03T16:09:35.855Z - info: [12:09:35 am] Reload for file change: C:\repos\nus-cs2103\cs2103-website-base\book\gitAndGithub\remoteBranches\text.md
2023-07-03T16:09:35.855Z - info: Synchronizing opened pages list before reload
2023-07-03T16:09:35.855Z - info: Current opened pages, from most-to-least recent:
2023-07-03T16:09:35.855Z - info: 1. git-trail/index
2023-07-03T16:09:36.859Z - info: Rebuilding 1 pages
2023-07-03T16:09:38.121Z - info: Site data built
2023-07-03T16:09:38.121Z - info: Pages rebuilt
2023-07-03T16:09:38.122Z - info: Website regeneration complete! Total build time: 1.263s
2023-07-03T16:10:33.889Z - info: [12:10:33 am] Reload for file change: C:\repos\nus-cs2103\cs2103-website-base\book\gitAndGithub\remoteBranches\text.md
2023-07-03T16:10:33.889Z - info: Synchronizing opened pages list before reload
2023-07-03T16:10:33.889Z - info: Current opened pages, from most-to-least recent:
2023-07-03T16:10:33.889Z - info: 1. git-trail/index
2023-07-03T16:10:34.908Z - info: Rebuilding 1 pages
2023-07-03T16:10:35.912Z - info: Site data built
2023-07-03T16:10:35.912Z - info: Pages rebuilt
2023-07-03T16:10:35.912Z - info: Website regeneration complete! Total build time: 1.005s
2023-07-03T16:11:23.609Z - info: [12:11:23 am] Reload for file change: C:\repos\nus-cs2103\cs2103-website-base\book\gitAndGithub\remoteBranches\text.md
2023-07-03T16:11:23.610Z - info: Synchronizing opened pages list before reload
2023-07-03T16:11:23.610Z - info: Current opened pages, from most-to-least recent:
2023-07-03T16:11:23.610Z - info: 1. git-trail/index
2023-07-03T16:11:24.625Z - info: Rebuilding 1 pages
2023-07-03T16:11:26.005Z - info: Site data built
2023-07-03T16:11:26.005Z - info: Pages rebuilt
2023-07-03T16:11:26.005Z - info: Website regeneration complete! Total build time: 1.384s
2023-07-03T16:13:43.410Z - info: [12:13:43 am] Reload for file change: C:\repos\nus-cs2103\cs2103-website-base\book\gitAndGithub\remoteBranches\sourcetree_1.md
2023-07-03T16:13:43.410Z - info: Synchronizing opened pages list before reload
2023-07-03T16:13:43.410Z - info: Current opened pages, from most-to-least recent:
2023-07-03T16:13:43.411Z - info: 1. git-trail/index
2023-07-03T16:13:43.426Z - info: [12:13:43 am] Reload for file change: C:\repos\nus-cs2103\cs2103-website-base\book\gitAndGithub\remoteBranches\cli_1.md
2023-07-03T16:13:43.426Z - info: Synchronizing opened pages list before reload
2023-07-03T16:13:43.427Z - info: Current opened pages, from most-to-least recent:
2023-07-03T16:13:43.427Z - info: 1. git-trail/index
2023-07-03T16:13:44.421Z - info: Rebuilding 1 pages
2023-07-03T16:13:45.603Z - info: Site data built
2023-07-03T16:13:45.604Z - info: Pages rebuilt
2023-07-03T16:13:45.604Z - info: Website regeneration complete! Total build time: 1.183s
2023-07-03T16:16:15.320Z - info: [12:16:15 am] Reload for file change: C:\repos\nus-cs2103\cs2103-website-base\book\gitAndGithub\remoteBranches\cli_1.md
2023-07-03T16:16:15.321Z - info: Synchronizing opened pages list before reload
2023-07-03T16:16:15.321Z - info: Current opened pages, from most-to-least recent:
2023-07-03T16:16:15.321Z - info: 1. git-trail/index
2023-07-03T16:16:16.327Z - info: Rebuilding 1 pages
2023-07-03T16:16:17.668Z - info: Site data built
2023-07-03T16:16:17.668Z - info: Pages rebuilt
2023-07-03T16:16:17.669Z - info: Website regeneration complete! Total build time: 1.344s
2023-07-03T16:28:50.309Z - info: [12:28:50 am] Reload for file add: C:\repos\nus-cs2103\cs2103-website-base\book\gitAndGithub\remoteBranches\sourcetree_2.md
2023-07-03T16:28:50.310Z - info: Synchronizing opened pages list before reload
2023-07-03T16:28:50.310Z - info: Current opened pages, from most-to-least recent:
2023-07-03T16:28:50.310Z - info: 1. git-trail/index
2023-07-03T16:28:56.242Z - info: Assets built
2023-07-03T16:29:29.582Z - info: [12:29:29 am] Reload for file change: C:\repos\nus-cs2103\cs2103-website-base\book\gitAndGithub\remoteBranches\text.md
2023-07-03T16:29:29.582Z - info: Synchronizing opened pages list before reload
2023-07-03T16:29:29.583Z - info: Current opened pages, from most-to-least recent:
2023-07-03T16:29:29.583Z - info: 1. git-trail/index
2023-07-03T16:29:30.596Z - info: Rebuilding 1 pages
2023-07-03T16:29:32.482Z - info: Site data built
2023-07-03T16:29:32.482Z - info: Pages rebuilt
2023-07-03T16:29:32.483Z - info: Website regeneration complete! Total build time: 1.889s
2023-07-03T16:35:35.305Z - info: [12:35:35 am] Reload for file add: C:\repos\nus-cs2103\cs2103-website-base\book\gitAndGithub\remoteBranches\images\listRemoteBranches.png
2023-07-03T16:35:35.305Z - info: Synchronizing opened pages list before reload
2023-07-03T16:35:35.305Z - info: Current opened pages, from most-to-least recent:
2023-07-03T16:35:35.305Z - info: 1. git-trail/index
2023-07-03T16:35:39.689Z - info: [12:35:39 am] Reload for file change: C:\repos\nus-cs2103\cs2103-website-base\book\gitAndGithub\remoteBranches\images\listRemoteBranches.png
2023-07-03T16:35:39.689Z - info: Synchronizing opened pages list before reload
2023-07-03T16:35:39.689Z - info: Current opened pages, from most-to-least recent:
2023-07-03T16:35:39.689Z - info: 1. git-trail/index
2023-07-03T16:35:40.737Z - info: Assets built
2023-07-03T16:35:52.235Z - info: [12:35:52 am] Reload for file add: C:\repos\nus-cs2103\cs2103-website-base\book\gitAndGithub\remoteBranches\images\checkoutBranchDialog.png
2023-07-03T16:35:52.235Z - info: Synchronizing opened pages list before reload
2023-07-03T16:35:52.235Z - info: Current opened pages, from most-to-least recent:
2023-07-03T16:35:52.236Z - info: 1. git-trail/index
2023-07-03T16:35:56.674Z - info: [12:35:56 am] Reload for file change: C:\repos\nus-cs2103\cs2103-website-base\book\gitAndGithub\remoteBranches\images\checkoutBranchDialog.png
2023-07-03T16:35:56.674Z - info: Synchronizing opened pages list before reload
2023-07-03T16:35:56.674Z - info: Current opened pages, from most-to-least recent:
2023-07-03T16:35:56.674Z - info: 1. git-trail/index
2023-07-03T16:35:57.692Z - info: Assets built
2023-07-03T16:55:37.544Z - info: [12:55:37 am] Reload for file change: C:\repos\nus-cs2103\cs2103-website-base\book\gitAndGithub\remoteBranches\sourcetree_2.md
2023-07-03T16:55:37.544Z - info: Synchronizing opened pages list before reload
2023-07-03T16:55:37.544Z - info: Current opened pages, from most-to-least recent:
2023-07-03T16:55:37.544Z - info: 1. git-trail/index
2023-07-03T16:55:38.555Z - info: Assets built
2023-07-03T16:57:35.888Z - info: [12:57:35 am] Reload for file change: C:\repos\nus-cs2103\cs2103-website-base\book\gitAndGithub\remoteBranches\text.md
2023-07-03T16:57:35.889Z - info: Synchronizing opened pages list before reload
2023-07-03T16:57:35.889Z - info: Current opened pages, from most-to-least recent:
2023-07-03T16:57:35.889Z - info: 1. git-trail/index
2023-07-03T16:57:36.892Z - info: Rebuilding 1 pages
2023-07-03T16:57:37.919Z - info: Site data built
2023-07-03T16:57:37.919Z - info: Pages rebuilt
2023-07-03T16:57:37.920Z - info: Website regeneration complete! Total build time: 1.029s
2023-07-03T16:59:59.633Z - info: [12:59:59 am] Reload for file change: C:\repos\nus-cs2103\cs2103-website-base\book\gitAndGithub\remoteBranches\sourcetree_2.md
2023-07-03T16:59:59.633Z - info: Synchronizing opened pages list before reload
2023-07-03T16:59:59.633Z - info: Current opened pages, from most-to-least recent:
2023-07-03T16:59:59.633Z - info: 1. git-trail/index
2023-07-03T17:00:00.642Z - info: Rebuilding 1 pages
2023-07-03T17:00:01.877Z - info: Site data built
2023-07-03T17:00:01.878Z - info: Pages rebuilt
2023-07-03T17:00:01.878Z - info: Website regeneration complete! Total build time: 1.237s
2023-07-03T17:01:52.093Z - info: [1:01:52 am] Reload for file change: C:\repos\nus-cs2103\cs2103-website-base\book\gitAndGithub\remoteBranches\sourcetree_2.md
2023-07-03T17:01:52.093Z - info: Synchronizing opened pages list before reload
2023-07-03T17:01:52.093Z - info: Current opened pages, from most-to-least recent:
2023-07-03T17:01:52.093Z - info: 1. git-trail/index
2023-07-03T17:01:53.112Z - info: Rebuilding 1 pages
2023-07-03T17:01:54.162Z - info: Site data built
2023-07-03T17:01:54.162Z - info: Pages rebuilt
2023-07-03T17:01:54.162Z - info: Website regeneration complete! Total build time: 1.052s
2023-07-03T17:04:06.672Z - info: [1:04:06 am] Reload for file change: C:\repos\nus-cs2103\cs2103-website-base\book\gitAndGithub\remoteBranches\sourcetree_2.md
2023-07-03T17:04:06.672Z - info: Synchronizing opened pages list before reload
2023-07-03T17:04:06.672Z - info: Current opened pages, from most-to-least recent:
2023-07-03T17:04:06.672Z - info: 1. git-trail/index
2023-07-03T17:04:07.680Z - info: Rebuilding 1 pages
2023-07-03T17:04:08.966Z - info: Site data built
2023-07-03T17:04:08.966Z - info: Pages rebuilt
2023-07-03T17:04:08.966Z - info: Website regeneration complete! Total build time: 1.289s
2023-07-03T17:06:31.696Z - info: [1:06:31 am] Reload for file change: C:\repos\nus-cs2103\cs2103-website-base\book\gitAndGithub\remoteBranches\sourcetree_2.md
2023-07-03T17:06:31.696Z - info: Synchronizing opened pages list before reload
2023-07-03T17:06:31.696Z - info: Current opened pages, from most-to-least recent:
2023-07-03T17:06:31.696Z - info: 1. git-trail/index
2023-07-03T17:06:32.706Z - info: Rebuilding 1 pages
2023-07-03T17:06:33.719Z - info: Site data built
2023-07-03T17:06:33.719Z - info: Pages rebuilt
2023-07-03T17:06:33.719Z - info: Website regeneration complete! Total build time: 1.016s
2023-07-03T17:07:22.428Z - info: [1:07:22 am] Reload for file add: C:\repos\nus-cs2103\cs2103-website-base\book\gitAndGithub\remoteBranches\cli_3.md
2023-07-03T17:07:22.429Z - info: Synchronizing opened pages list before reload
2023-07-03T17:07:22.429Z - info: Current opened pages, from most-to-least recent:
2023-07-03T17:07:22.429Z - info: 1. git-trail/index
2023-07-03T17:07:27.855Z - info: Assets built
2023-07-03T17:07:37.075Z - info: [1:07:37 am] Reload for file change: C:\repos\nus-cs2103\cs2103-website-base\book\gitAndGithub\remoteBranches\cli_2.md
2023-07-03T17:07:37.076Z - info: Synchronizing opened pages list before reload
2023-07-03T17:07:37.076Z - info: Current opened pages, from most-to-least recent:
2023-07-03T17:07:37.076Z - info: 1. git-trail/index
2023-07-03T17:07:38.090Z - info: Rebuilding 1 pages
2023-07-03T17:07:39.385Z - info: Site data built
2023-07-03T17:07:39.385Z - info: Pages rebuilt
2023-07-03T17:07:39.385Z - info: Website regeneration complete! Total build time: 1.296s
2023-07-03T17:15:16.643Z - info: [1:15:16 am] Reload for file change: C:\repos\nus-cs2103\cs2103-website-base\book\gitAndGithub\remoteBranches\cli_2.md
2023-07-03T17:15:16.643Z - info: Synchronizing opened pages list before reload
2023-07-03T17:15:16.643Z - info: Current opened pages, from most-to-least recent:
2023-07-03T17:15:16.643Z - info: 1. git-trail/index
2023-07-03T17:15:17.650Z - info: Rebuilding 1 pages
2023-07-03T17:15:18.823Z - info: Site data built
2023-07-03T17:15:18.823Z - info: Pages rebuilt
2023-07-03T17:15:18.823Z - info: Website regeneration complete! Total build time: 1.173s
2023-07-03T17:15:50.459Z - info: [1:15:50 am] Reload for file change: C:\repos\nus-cs2103\cs2103-website-base\book\gitAndGithub\remoteBranches\cli_2.md
2023-07-03T17:15:50.459Z - info: Synchronizing opened pages list before reload
2023-07-03T17:15:50.460Z - info: Current opened pages, from most-to-least recent:
2023-07-03T17:15:50.460Z - info: 1. git-trail/index
2023-07-03T17:15:51.474Z - info: Rebuilding 1 pages
2023-07-03T17:15:52.784Z - info: Site data built
2023-07-03T17:15:52.784Z - info: Pages rebuilt
2023-07-03T17:15:52.784Z - info: Website regeneration complete! Total build time: 1.312s
2023-07-03T17:16:27.821Z - info: [1:16:27 am] Reload for file change: C:\repos\nus-cs2103\cs2103-website-base\book\gitAndGithub\remoteBranches\cli_2.md
2023-07-03T17:16:27.822Z - info: Synchronizing opened pages list before reload
2023-07-03T17:16:27.822Z - info: Current opened pages, from most-to-least recent:
2023-07-03T17:16:27.822Z - info: 1. git-trail/index
2023-07-03T17:16:28.825Z - info: Rebuilding 1 pages
2023-07-03T17:16:29.905Z - info: Site data built
2023-07-03T17:16:29.905Z - info: Pages rebuilt
2023-07-03T17:16:29.905Z - info: Website regeneration complete! Total build time: 1.081s
2023-07-03T17:17:26.881Z - info: [1:17:26 am] Reload for file change: C:\repos\nus-cs2103\cs2103-website-base\book\gitAndGithub\remoteBranches\cli_2.md
2023-07-03T17:17:26.881Z - info: Synchronizing opened pages list before reload
2023-07-03T17:17:26.881Z - info: Current opened pages, from most-to-least recent:
2023-07-03T17:17:26.881Z - info: 1. git-trail/index
2023-07-03T17:17:27.898Z - info: Rebuilding 1 pages
2023-07-03T17:17:29.162Z - info: Site data built
2023-07-03T17:17:29.163Z - info: Pages rebuilt
2023-07-03T17:17:29.163Z - info: Website regeneration complete! Total build time: 1.266s
2023-07-03T17:19:49.208Z - info: [1:19:49 am] Reload for file change: C:\repos\nus-cs2103\cs2103-website-base\book\gitAndGithub\remoteBranches\cli_2.md
2023-07-03T17:19:49.209Z - info: Synchronizing opened pages list before reload
2023-07-03T17:19:49.209Z - info: Current opened pages, from most-to-least recent:
2023-07-03T17:19:49.209Z - info: 1. git-trail/index
2023-07-03T17:19:50.227Z - info: Rebuilding 1 pages
2023-07-03T17:19:51.486Z - info: Site data built
2023-07-03T17:19:51.486Z - info: Pages rebuilt
2023-07-03T17:19:51.486Z - info: Website regeneration complete! Total build time: 1.261s
2023-07-03T17:21:19.185Z - info: [1:21:19 am] Reload for file change: C:\repos\nus-cs2103\cs2103-website-base\book\gitAndGithub\remoteBranches\cli_2.md
2023-07-03T17:21:19.185Z - info: Synchronizing opened pages list before reload
2023-07-03T17:21:19.186Z - info: Current opened pages, from most-to-least recent:
2023-07-03T17:21:19.186Z - info: 1. git-trail/index
2023-07-03T17:21:20.189Z - info: Rebuilding 1 pages
2023-07-03T17:21:21.479Z - info: Site data built
2023-07-03T17:21:21.479Z - info: Pages rebuilt
2023-07-03T17:21:21.480Z - info: Website regeneration complete! Total build time: 1.292s
2023-07-03T17:22:26.897Z - info: [1:22:26 am] Reload for file change: C:\repos\nus-cs2103\cs2103-website-base\book\gitAndGithub\remoteBranches\cli_2.md
2023-07-03T17:22:26.897Z - info: Synchronizing opened pages list before reload
2023-07-03T17:22:26.897Z - info: Current opened pages, from most-to-least recent:
2023-07-03T17:22:26.897Z - info: 1. git-trail/index
2023-07-03T17:22:27.906Z - info: Rebuilding 1 pages
2023-07-03T17:22:28.950Z - info: Site data built
2023-07-03T17:22:28.950Z - info: Pages rebuilt
2023-07-03T17:22:28.950Z - info: Website regeneration complete! Total build time: 1.045s
2023-07-03T17:23:30.164Z - info: [1:23:30 am] Reload for file change: C:\repos\nus-cs2103\cs2103-website-base\book\gitAndGithub\remoteBranches\cli_2.md
2023-07-03T17:23:30.164Z - info: Synchronizing opened pages list before reload
2023-07-03T17:23:30.164Z - info: Current opened pages, from most-to-least recent:
2023-07-03T17:23:30.165Z - info: 1. git-trail/index
2023-07-03T17:23:31.179Z - info: Rebuilding 1 pages
2023-07-03T17:23:32.443Z - info: Site data built
2023-07-03T17:23:32.443Z - info: Pages rebuilt
2023-07-03T17:23:32.444Z - info: Website regeneration complete! Total build time: 1.267s
2023-07-03T17:24:37.985Z - info: [1:24:37 am] Reload for file change: C:\repos\nus-cs2103\cs2103-website-base\book\gitAndGithub\remoteBranches\cli_2.md
2023-07-03T17:24:37.985Z - info: Synchronizing opened pages list before reload
2023-07-03T17:24:37.986Z - info: Current opened pages, from most-to-least recent:
2023-07-03T17:24:37.986Z - info: 1. git-trail/index
2023-07-03T17:24:38.998Z - info: Rebuilding 1 pages
2023-07-03T17:24:40.063Z - info: Site data built
2023-07-03T17:24:40.063Z - info: Pages rebuilt
2023-07-03T17:24:40.063Z - info: Website regeneration complete! Total build time: 1.066s
2023-07-03T17:31:44.075Z - info: [1:31:44 am] Reload for file change: C:\repos\nus-cs2103\cs2103-website-base\book\gitAndGithub\remoteBranches\cli_2.md
2023-07-03T17:31:44.075Z - info: Synchronizing opened pages list before reload
2023-07-03T17:31:44.075Z - info: Current opened pages, from most-to-least recent:
2023-07-03T17:31:44.075Z - info: 1. git-trail/index
2023-07-03T17:31:45.085Z - info: Rebuilding 1 pages
2023-07-03T17:31:46.469Z - info: Site data built
2023-07-03T17:31:46.469Z - info: Pages rebuilt
2023-07-03T17:31:46.469Z - info: Website regeneration complete! Total build time: 1.385s
2023-07-03T17:32:30.012Z - info: [1:32:30 am] Reload for file change: C:\repos\nus-cs2103\cs2103-website-base\book\gitAndGithub\remoteBranches\cli_2.md
2023-07-03T17:32:30.012Z - info: Synchronizing opened pages list before reload
2023-07-03T17:32:30.012Z - info: Current opened pages, from most-to-least recent:
2023-07-03T17:32:30.012Z - info: 1. git-trail/index
2023-07-03T17:32:31.019Z - info: Rebuilding 1 pages
2023-07-03T17:32:32.125Z - info: Site data built
2023-07-03T17:32:32.126Z - info: Pages rebuilt
2023-07-03T17:32:32.126Z - info: Website regeneration complete! Total build time: 1.11s
2023-07-03T17:36:38.966Z - info: [1:36:38 am] Reload for file change: C:\repos\nus-cs2103\cs2103-website-base\book\gitAndGithub\createPRs\text.md
2023-07-03T17:36:38.967Z - info: Synchronizing opened pages list before reload
2023-07-03T17:36:38.967Z - info: Current opened pages, from most-to-least recent:
2023-07-03T17:36:38.967Z - info: 1. git-trail/index
2023-07-03T17:36:38.985Z - info: [1:36:38 am] Reload for file change: C:\repos\nus-cs2103\cs2103-website-base\book\gitAndGithub\remoteBranches\cli_2.md
2023-07-03T17:36:38.985Z - info: Synchronizing opened pages list before reload
2023-07-03T17:36:38.985Z - info: Current opened pages, from most-to-least recent:
2023-07-03T17:36:38.985Z - info: 1. git-trail/index
2023-07-03T17:36:39.976Z - info: Assets built
2023-07-03T17:36:40.004Z - info: Rebuilding 1 pages
2023-07-03T17:36:41.498Z - info: Site data built
2023-07-03T17:36:41.498Z - info: Pages rebuilt
2023-07-03T17:36:41.499Z - info: Website regeneration complete! Total build time: 1.497s
2023-07-03T17:36:56.776Z - info: Building C:\repos\nus-cs2103\cs2103-website-base\se-book-adapted\index as some of its dependencies were changed since the last visit
2023-07-03T17:36:57.008Z - info: Site data built
2023-07-03T17:36:57.008Z - info: Lazy website regeneration complete! Total build time: 0.245s
2023-07-03T17:37:01.900Z - info: Building C:\repos\nus-cs2103\cs2103-website-base\se-book-adapted\chapters\gitAndGithub as some of its dependencies were changed since the last visit
2023-07-03T17:37:03.201Z - info: Site data built
2023-07-03T17:37:03.201Z - info: Lazy website regeneration complete! Total build time: 1.301s
2023-07-03T17:41:51.022Z - info: [1:41:51 am] Reload for file add: C:\repos\nus-cs2103\cs2103-website-base\book\gitAndGithub\remoteBranches\sourcetree_3.md
2023-07-03T17:41:51.022Z - info: Synchronizing opened pages list before reload
2023-07-03T17:41:51.022Z - info: Current opened pages, from most-to-least recent:
2023-07-03T17:41:51.022Z - info: 1. se-book-adapted/chapters/gitAndGithub
2023-07-03T17:41:56.904Z - info: Assets built
2023-07-03T17:44:35.684Z - info: [1:44:35 am] Reload for file change: C:\repos\nus-cs2103\cs2103-website-base\book\gitAndGithub\remoteBranches\text.md
2023-07-03T17:44:35.684Z - info: Synchronizing opened pages list before reload
2023-07-03T17:44:35.684Z - info: Current opened pages, from most-to-least recent:
2023-07-03T17:44:35.684Z - info: 1. se-book-adapted/chapters/gitAndGithub
2023-07-03T17:44:35.701Z - info: [1:44:35 am] Reload for file change: C:\repos\nus-cs2103\cs2103-website-base\book\gitAndGithub\createPRs\text.md
2023-07-03T17:44:35.701Z - info: Synchronizing opened pages list before reload
2023-07-03T17:44:35.701Z - info: Current opened pages, from most-to-least recent:
2023-07-03T17:44:35.702Z - info: 1. se-book-adapted/chapters/gitAndGithub
2023-07-03T17:44:35.715Z - info: [1:44:35 am] Reload for file change: C:\repos\nus-cs2103\cs2103-website-base\book\gitAndGithub\remoteBranches\cli_3.md
2023-07-03T17:44:35.715Z - info: Synchronizing opened pages list before reload
2023-07-03T17:44:35.715Z - info: Current opened pages, from most-to-least recent:
2023-07-03T17:44:35.715Z - info: 1. se-book-adapted/chapters/gitAndGithub
2023-07-03T17:44:35.723Z - info: [1:44:35 am] Reload for file change: C:\repos\nus-cs2103\cs2103-website-base\book\gitAndGithub\remoteBranches\sourcetree_3.md
2023-07-03T17:44:35.723Z - info: Synchronizing opened pages list before reload
2023-07-03T17:44:35.723Z - info: Current opened pages, from most-to-least recent:
2023-07-03T17:44:35.723Z - info: 1. se-book-adapted/chapters/gitAndGithub
2023-07-03T17:44:36.698Z - info: Rebuilding 1 pages
2023-07-03T17:44:37.665Z - info: Assets built
2023-07-03T17:44:37.801Z - info: Site data built
2023-07-03T17:44:37.801Z - info: Pages rebuilt
2023-07-03T17:44:37.801Z - info: Website regeneration complete! Total build time: 1.104s
2023-07-03T17:44:43.395Z - info: Building C:\repos\nus-cs2103\cs2103-website-base\git-trail\index as some of its dependencies were changed since the last visit
2023-07-03T17:44:44.647Z - info: Site data built
2023-07-03T17:44:44.647Z - info: Lazy website regeneration complete! Total build time: 1.252s
2023-07-03T17:46:48.588Z - info: [1:46:48 am] Reload for file add: C:\repos\nus-cs2103\cs2103-website-base\book\gitAndGithub\remoteBranches\sourcetree_4.md
2023-07-03T17:46:48.589Z - info: Synchronizing opened pages list before reload
2023-07-03T17:46:48.589Z - info: Current opened pages, from most-to-least recent:
2023-07-03T17:46:48.589Z - info: 1. git-trail/index
2023-07-03T17:46:54.009Z - info: Assets built
2023-07-03T17:47:01.659Z - info: [1:47:01 am] Reload for file add: C:\repos\nus-cs2103\cs2103-website-base\book\gitAndGithub\remoteBranches\cli_4.md
2023-07-03T17:47:01.659Z - info: Synchronizing opened pages list before reload
2023-07-03T17:47:01.659Z - info: Current opened pages, from most-to-least recent:
2023-07-03T17:47:01.659Z - info: 1. git-trail/index
2023-07-03T17:47:07.058Z - info: Assets built
2023-07-03T17:47:09.455Z - info: [1:47:09 am] Reload for file change: C:\repos\nus-cs2103\cs2103-website-base\book\gitAndGithub\remoteBranches\text.md
2023-07-03T17:47:09.455Z - info: Synchronizing opened pages list before reload
2023-07-03T17:47:09.456Z - info: Current opened pages, from most-to-least recent:
2023-07-03T17:47:09.456Z - info: 1. git-trail/index
2023-07-03T17:47:10.458Z - info: Rebuilding 1 pages
2023-07-03T17:47:11.776Z - info: Site data built
2023-07-03T17:47:11.776Z - info: Pages rebuilt
2023-07-03T17:47:11.777Z - info: Website regeneration complete! Total build time: 1.319s
2023-07-03T17:48:37.575Z - info: [1:48:37 am] Reload for file change: C:\repos\nus-cs2103\cs2103-website-base\book\gitAndGithub\remoteBranches\sourcetree_4.md
2023-07-03T17:48:37.575Z - info: Synchronizing opened pages list before reload
2023-07-03T17:48:37.576Z - info: Current opened pages, from most-to-least recent:
2023-07-03T17:48:37.576Z - info: 1. git-trail/index
2023-07-03T17:48:38.594Z - info: Rebuilding 1 pages
2023-07-03T17:48:39.856Z - info: Site data built
2023-07-03T17:48:39.856Z - info: Pages rebuilt
2023-07-03T17:48:39.856Z - info: Website regeneration complete! Total build time: 1.263s
2023-07-03T17:49:50.759Z - info: [1:49:50 am] Reload for file change: C:\repos\nus-cs2103\cs2103-website-base\book\gitAndGithub\remoteBranches\sourcetree_4.md
2023-07-03T17:49:50.759Z - info: Synchronizing opened pages list before reload
2023-07-03T17:49:50.759Z - info: Current opened pages, from most-to-least recent:
2023-07-03T17:49:50.759Z - info: 1. git-trail/index
2023-07-03T17:49:51.770Z - info: Rebuilding 1 pages
2023-07-03T17:49:53.134Z - info: Site data built
2023-07-03T17:49:53.134Z - info: Pages rebuilt
2023-07-03T17:49:53.134Z - info: Website regeneration complete! Total build time: 1.367s
2023-07-03T17:50:48.306Z - info: [1:50:48 am] Reload for file change: C:\repos\nus-cs2103\cs2103-website-base\book\gitAndGithub\remoteBranches\sourcetree_4.md
2023-07-03T17:50:48.307Z - info: Synchronizing opened pages list before reload
2023-07-03T17:50:48.307Z - info: Current opened pages, from most-to-least recent:
2023-07-03T17:50:48.307Z - info: 1. git-trail/index
2023-07-03T17:50:49.319Z - info: Rebuilding 1 pages
2023-07-03T17:50:50.651Z - info: Site data built
2023-07-03T17:50:50.651Z - info: Pages rebuilt
2023-07-03T17:50:50.651Z - info: Website regeneration complete! Total build time: 1.333s
2023-07-03T17:51:45.360Z - info: [1:51:45 am] Reload for file change: C:\repos\nus-cs2103\cs2103-website-base\book\gitAndGithub\remoteBranches\sourcetree_4.md
2023-07-03T17:51:45.360Z - info: Synchronizing opened pages list before reload
2023-07-03T17:51:45.360Z - info: Current opened pages, from most-to-least recent:
2023-07-03T17:51:45.360Z - info: 1. git-trail/index
2023-07-03T17:51:46.378Z - info: Rebuilding 1 pages
2023-07-03T17:51:47.697Z - info: Site data built
2023-07-03T17:51:47.697Z - info: Pages rebuilt
2023-07-03T17:51:47.697Z - info: Website regeneration complete! Total build time: 1.32s
2023-07-03T17:52:59.438Z - info: [1:52:59 am] Reload for file change: C:\repos\nus-cs2103\cs2103-website-base\book\gitAndGithub\remoteBranches\sourcetree_4.md
2023-07-03T17:52:59.439Z - info: Synchronizing opened pages list before reload
2023-07-03T17:52:59.439Z - info: Current opened pages, from most-to-least recent:
2023-07-03T17:52:59.439Z - info: 1. git-trail/index
2023-07-03T17:53:00.450Z - info: Rebuilding 1 pages
2023-07-03T17:53:01.837Z - info: Site data built
2023-07-03T17:53:01.837Z - info: Pages rebuilt
2023-07-03T17:53:01.837Z - info: Website regeneration complete! Total build time: 1.388s
2023-07-03T17:54:09.980Z - info: [1:54:09 am] Reload for file change: C:\repos\nus-cs2103\cs2103-website-base\book\gitAndGithub\remoteBranches\sourcetree_4.md
2023-07-03T17:54:09.981Z - info: Synchronizing opened pages list before reload
2023-07-03T17:54:09.981Z - info: Current opened pages, from most-to-least recent:
2023-07-03T17:54:09.981Z - info: 1. git-trail/index
2023-07-03T17:54:10.993Z - info: Rebuilding 1 pages
2023-07-03T17:54:12.497Z - info: Site data built
2023-07-03T17:54:12.497Z - info: Pages rebuilt
2023-07-03T17:54:12.497Z - info: Website regeneration complete! Total build time: 1.505s
2023-07-03T17:59:10.616Z - info: [1:59:10 am] Reload for file change: C:\repos\nus-cs2103\cs2103-website-base\book\gitAndGithub\remoteBranches\cli_4.md
2023-07-03T17:59:10.616Z - info: Synchronizing opened pages list before reload
2023-07-03T17:59:10.616Z - info: Current opened pages, from most-to-least recent:
2023-07-03T17:59:10.616Z - info: 1. git-trail/index
2023-07-03T17:59:10.634Z - info: [1:59:10 am] Reload for file change: C:\repos\nus-cs2103\cs2103-website-base\book\gitAndGithub\remoteBranches\sourcetree_4.md
2023-07-03T17:59:10.634Z - info: Synchronizing opened pages list before reload
2023-07-03T17:59:10.634Z - info: Current opened pages, from most-to-least recent:
2023-07-03T17:59:10.634Z - info: 1. git-trail/index
2023-07-03T17:59:11.635Z - info: Rebuilding 1 pages
2023-07-03T17:59:13.157Z - info: Site data built
2023-07-03T17:59:13.158Z - info: Pages rebuilt
2023-07-03T17:59:13.158Z - info: Website regeneration complete! Total build time: 1.524s
2023-07-03T18:04:28.267Z - info: [2:04:28 am] Reload for file change: C:\repos\nus-cs2103\cs2103-website-base\book\gitAndGithub\remoteBranches\text.md
2023-07-03T18:04:28.267Z - info: Synchronizing opened pages list before reload
2023-07-03T18:04:28.268Z - info: Current opened pages, from most-to-least recent:
2023-07-03T18:04:28.268Z - info: 1. git-trail/index
2023-07-03T18:04:29.286Z - info: Rebuilding 1 pages
2023-07-03T18:04:30.748Z - info: Site data built
2023-07-03T18:04:30.748Z - info: Pages rebuilt
2023-07-03T18:04:30.748Z - info: Website regeneration complete! Total build time: 1.463s
2023-07-03T18:05:39.682Z - info: [2:05:39 am] Reload for file change: C:\repos\nus-cs2103\cs2103-website-base\book\gitAndGithub\remoteBranches\text.md
2023-07-03T18:05:39.682Z - info: Synchronizing opened pages list before reload
2023-07-03T18:05:39.682Z - info: Current opened pages, from most-to-least recent:
2023-07-03T18:05:39.682Z - info: 1. git-trail/index
2023-07-03T18:05:40.701Z - info: Rebuilding 1 pages
2023-07-03T18:05:41.817Z - info: Site data built
2023-07-03T18:05:41.817Z - info: Pages rebuilt
2023-07-03T18:05:41.817Z - info: Website regeneration complete! Total build time: 1.12s
2023-07-03T18:06:16.292Z - info: [2:06:16 am] Reload for file change: C:\repos\nus-cs2103\cs2103-website-base\book\gitAndGithub\remoteBranches\text.md
2023-07-03T18:06:16.293Z - info: Synchronizing opened pages list before reload
2023-07-03T18:06:16.293Z - info: Current opened pages, from most-to-least recent:
2023-07-03T18:06:16.293Z - info: 1. git-trail/index
2023-07-03T18:06:17.303Z - info: Rebuilding 1 pages
2023-07-03T18:06:18.595Z - info: Site data built
2023-07-03T18:06:18.595Z - info: Pages rebuilt
2023-07-03T18:06:18.595Z - info: Website regeneration complete! Total build time: 1.293s
2023-07-03T18:07:52.267Z - info: [2:07:52 am] Reload for file change: C:\repos\nus-cs2103\cs2103-website-base\git-trail\index.md
2023-07-03T18:07:52.268Z - info: Synchronizing opened pages list before reload
2023-07-03T18:07:52.268Z - info: Current opened pages, from most-to-least recent:
2023-07-03T18:07:52.268Z - info: 1. git-trail/index
2023-07-03T18:07:53.283Z - info: Rebuilding 1 pages
2023-07-03T18:07:54.617Z - info: Site data built
2023-07-03T18:07:54.617Z - info: Pages rebuilt
2023-07-03T18:07:54.617Z - info: Website regeneration complete! Total build time: 1.337s
2023-07-03T18:08:21.883Z - info: [2:08:21 am] Reload for file change: C:\repos\nus-cs2103\cs2103-website-base\book\gitAndGithub\remoteBranches\text.md
2023-07-03T18:08:21.884Z - info: Synchronizing opened pages list before reload
2023-07-03T18:08:21.884Z - info: Current opened pages, from most-to-least recent:
2023-07-03T18:08:21.884Z - info: 1. git-trail/index
2023-07-03T18:08:22.894Z - info: Rebuilding 1 pages
2023-07-03T18:08:24.195Z - info: Site data built
2023-07-03T18:08:24.196Z - info: Pages rebuilt
2023-07-03T18:08:24.196Z - info: Website regeneration complete! Total build time: 1.304s
2023-07-03T18:09:46.572Z - info: [2:09:46 am] Reload for file change: C:\repos\nus-cs2103\cs2103-website-base\git-trail\index.md
2023-07-03T18:09:46.573Z - info: Synchronizing opened pages list before reload
2023-07-03T18:09:46.573Z - info: Current opened pages, from most-to-least recent:
2023-07-03T18:09:46.573Z - info: 1. git-trail/index
2023-07-03T18:09:47.576Z - info: Rebuilding 1 pages
2023-07-03T18:09:48.637Z - info: Site data built
2023-07-03T18:09:48.637Z - info: Pages rebuilt
2023-07-03T18:09:48.637Z - info: Website regeneration complete! Total build time: 1.062s
2023-07-03T18:11:54.544Z - info: [2:11:54 am] Reload for file change: C:\repos\nus-cs2103\cs2103-website-base\book\gitAndGithub\remoteBranches\text.md
2023-07-03T18:11:54.544Z - info: Synchronizing opened pages list before reload
2023-07-03T18:11:54.544Z - info: Current opened pages, from most-to-least recent:
2023-07-03T18:11:54.544Z - info: 1. git-trail/index
2023-07-03T18:11:55.563Z - info: Rebuilding 1 pages
2023-07-03T18:11:56.591Z - info: Site data built
2023-07-03T18:11:56.591Z - info: Pages rebuilt
2023-07-03T18:11:56.591Z - info: Website regeneration complete! Total build time: 1.03s
2023-07-03T18:14:49.205Z - info: [2:14:49 am] Reload for file change: C:\repos\nus-cs2103\cs2103-website-base\_course-CS2103\weeklyTextbookTopics-fragment.md
2023-07-03T18:14:49.205Z - info: Synchronizing opened pages list before reload
2023-07-03T18:14:49.206Z - info: Current opened pages, from most-to-least recent:
2023-07-03T18:14:49.206Z - info: 1. git-trail/index
2023-07-03T18:14:50.215Z - info: Rebuilding 1 pages
2023-07-03T18:14:51.522Z - info: Site data built
2023-07-03T18:14:51.522Z - info: Pages rebuilt
2023-07-03T18:14:51.522Z - info: Website regeneration complete! Total build time: 1.309s
2023-07-03T18:14:56.949Z - info: Building C:\repos\nus-cs2103\cs2103-website-base\schedule\week2\index as some of its dependencies were changed since the last visit
2023-07-03T18:14:57.787Z - info: Site data built
2023-07-03T18:14:57.787Z - info: Lazy website regeneration complete! Total build time: 0.838s
2023-07-03T18:15:00.682Z - info: Building C:\repos\nus-cs2103\cs2103-website-base\schedule\week3\index as some of its dependencies were changed since the last visit
2023-07-03T18:15:01.458Z - info: Site data built
2023-07-03T18:15:01.458Z - info: Lazy website regeneration complete! Total build time: 0.776s
2023-07-03T18:15:09.385Z - info: Building C:\repos\nus-cs2103\cs2103-website-base\schedule\week3\topics as some of its dependencies were changed since the last visit
2023-07-03T18:15:12.496Z - info: Site data built
2023-07-03T18:15:12.497Z - info: Lazy website regeneration complete! Total build time: 3.111s
2023-07-03T18:18:18.692Z - info: [2:18:18 am] Reload for file change: C:\repos\nus-cs2103\cs2103-website-base\_course-CS2113\weeklyTextbookTopics-fragment.md
2023-07-03T18:18:18.693Z - info: Synchronizing opened pages list before reload
2023-07-03T18:18:18.693Z - info: Current opened pages, from most-to-least recent:
2023-07-03T18:18:18.693Z - info: 1. schedule/week3/topics
2023-07-03T18:18:18.725Z - info: [2:18:18 am] Reload for file change: C:\repos\nus-cs2103\cs2103-website-base\_course-TIC2002\weeklyTextbookTopics-fragment.md
2023-07-03T18:18:18.726Z - info: Synchronizing opened pages list before reload
2023-07-03T18:18:18.726Z - info: Current opened pages, from most-to-least recent:
2023-07-03T18:18:18.726Z - info: 1. schedule/week3/topics
2023-07-03T18:18:18.754Z - info: [2:18:18 am] Reload for file change: C:\repos\nus-cs2103\cs2103-website-base\book\gitAndGithub\text.md
2023-07-03T18:18:18.754Z - info: Synchronizing opened pages list before reload
2023-07-03T18:18:18.754Z - info: Current opened pages, from most-to-least recent:
2023-07-03T18:18:18.754Z - info: 1. schedule/week3/topics
2023-07-03T18:18:18.775Z - info: [2:18:18 am] Reload for file change: C:\repos\nus-cs2103\cs2103-website-base\_course-TIC4001\weeklyTextbookTopics-fragment.md
2023-07-03T18:18:18.775Z - info: Synchronizing opened pages list before reload
2023-07-03T18:18:18.775Z - info: Current opened pages, from most-to-least recent:
2023-07-03T18:18:18.776Z - info: 1. schedule/week3/topics
2023-07-03T18:18:19.699Z - info: Assets built
2023-07-03T18:18:19.761Z - info: No pages needed to be rebuilt
2023-07-03T18:18:24.383Z - info: Building C:\repos\nus-cs2103\cs2103-website-base\se-book-adapted\chapters\gitAndGithub as some of its dependencies were changed since the last visit
2023-07-03T18:18:25.738Z - info: Site data built
2023-07-03T18:18:25.739Z - info: Lazy website regeneration complete! Total build time: 1.355s
2023-07-03T18:23:27.410Z - info: [2:23:27 am] Reload for file change: C:\repos\nus-cs2103\cs2103-website-base\_course-CS2103\textbookTopics-fragment.md
2023-07-03T18:23:27.410Z - info: Synchronizing opened pages list before reload
2023-07-03T18:23:27.410Z - info: Current opened pages, from most-to-least recent:
2023-07-03T18:23:27.410Z - info: 1. se-book-adapted/chapters/gitAndGithub
2023-07-03T18:23:27.435Z - info: [2:23:27 am] Reload for file change: C:\repos\nus-cs2103\cs2103-website-base\_course-TIC4001\textbookTopics-fragment.md
2023-07-03T18:23:27.435Z - info: Synchronizing opened pages list before reload
2023-07-03T18:23:27.435Z - info: Current opened pages, from most-to-least recent:
2023-07-03T18:23:27.435Z - info: 1. se-book-adapted/chapters/gitAndGithub
2023-07-03T18:23:27.461Z - info: [2:23:27 am] Reload for file change: C:\repos\nus-cs2103\cs2103-website-base\_course-TIC4002\textbookTopics-fragment.md
2023-07-03T18:23:27.461Z - info: Synchronizing opened pages list before reload
2023-07-03T18:23:27.461Z - info: Current opened pages, from most-to-least recent:
2023-07-03T18:23:27.461Z - info: 1. se-book-adapted/chapters/gitAndGithub
2023-07-03T18:23:27.486Z - info: [2:23:27 am] Reload for file change: C:\repos\nus-cs2103\cs2103-website-base\_course-CS2113\textbookTopics-fragment.md
2023-07-03T18:23:27.486Z - info: Synchronizing opened pages list before reload
2023-07-03T18:23:27.486Z - info: Current opened pages, from most-to-least recent:
2023-07-03T18:23:27.486Z - info: 1. se-book-adapted/chapters/gitAndGithub
2023-07-03T18:23:27.507Z - info: [2:23:27 am] Reload for file change: C:\repos\nus-cs2103\cs2103-website-base\_course-TIC2002\textbookTopics-fragment.md
2023-07-03T18:23:27.507Z - info: Synchronizing opened pages list before reload
2023-07-03T18:23:27.507Z - info: Current opened pages, from most-to-least recent:
2023-07-03T18:23:27.507Z - info: 1. se-book-adapted/chapters/gitAndGithub
2023-07-03T18:23:28.588Z - info: Rebuilding 1 pages
2023-07-03T18:23:28.966Z - info: Assets built
2023-07-03T18:23:29.353Z - info: Site data built
2023-07-03T18:23:29.353Z - info: Pages rebuilt
2023-07-03T18:23:29.353Z - info: Website regeneration complete! Total build time: 0.766s
