2023-10-03T05:31:33.990Z - info: Website generation (lazy) started at 1:31:26 pm
2023-10-03T05:31:50.126Z - info: Building assets...
2023-10-03T05:31:58.307Z - info: Assets built
2023-10-03T05:31:58.309Z - info: Generating landing page...
2023-10-03T05:31:59.966Z - info: Landing page built, other pages will be built as you navigate to them!
2023-10-03T05:32:00.993Z - info: Site data built
2023-10-03T05:32:00.993Z - info: Website generation (lazy) complete! Total build time: 34.844s
2023-10-03T05:32:01.973Z - info: Serving "C:\repos\nus-cs2103\cs2103-website-base\_site" at http://127.0.0.1:8080
2023-10-03T05:32:01.974Z - info: Press CTRL+C to stop ...
2023-10-03T05:32:20.733Z - info: [1:32:20 pm] Reload for file change: C:\repos\nus-cs2103\cs2103-website-base\admin\appendixE-gitHub.md
2023-10-03T05:32:20.733Z - info: Synchronizing opened pages list before reload
2023-10-03T05:32:20.734Z - info: Current opened pages, from most-to-least recent:
2023-10-03T05:32:20.735Z - info: 1. index
2023-10-03T05:32:21.745Z - info: No pages needed to be rebuilt
2023-10-03T05:32:23.052Z - info: Building C:\repos\nus-cs2103\cs2103-website-base\schedule\week7\project as some of its dependencies were changed since the last visit
2023-10-03T05:32:25.940Z - info: Site data built
2023-10-03T05:32:25.941Z - info: Lazy website regeneration complete! Total build time: 2.89s
2023-10-03T05:36:49.349Z - info: [1:36:49 pm] Reload for file change: C:\repos\nus-cs2103\cs2103-website-base\admin\appendixE-gitHub.md
2023-10-03T05:36:49.350Z - info: Synchronizing opened pages list before reload
2023-10-03T05:36:49.351Z - info: Current opened pages, from most-to-least recent:
2023-10-03T05:36:49.351Z - info: 1. schedule/week7/project
2023-10-03T05:36:50.363Z - info: Rebuilding 1 pages
2023-10-03T05:36:52.702Z - info: Site data built
2023-10-03T05:36:52.703Z - info: Pages rebuilt
2023-10-03T05:36:52.703Z - info: Website regeneration complete! Total build time: 2.342s
2023-10-03T05:37:38.025Z - info: [1:37:38 pm] Reload for file change: C:\repos\nus-cs2103\cs2103-website-base\admin\appendixE-gitHub.md
2023-10-03T05:37:38.025Z - info: Synchronizing opened pages list before reload
2023-10-03T05:37:38.026Z - info: Current opened pages, from most-to-least recent:
2023-10-03T05:37:38.026Z - info: 1. schedule/week7/project
2023-10-03T05:37:39.037Z - info: Rebuilding 1 pages
2023-10-03T05:37:41.371Z - info: Site data built
2023-10-03T05:37:41.371Z - info: Pages rebuilt
2023-10-03T05:37:41.371Z - info: Website regeneration complete! Total build time: 2.336s
2023-10-03T05:38:54.910Z - info: [1:38:54 pm] Reload for file change: C:\repos\nus-cs2103\cs2103-website-base\admin\appendixE-gitHub.md
2023-10-03T05:38:54.910Z - info: Synchronizing opened pages list before reload
2023-10-03T05:38:54.911Z - info: Current opened pages, from most-to-least recent:
2023-10-03T05:38:54.911Z - info: 1. schedule/week7/project
2023-10-03T05:38:55.925Z - info: Rebuilding 1 pages
2023-10-03T05:38:58.173Z - info: Site data built
2023-10-03T05:38:58.174Z - info: Pages rebuilt
2023-10-03T05:38:58.174Z - info: Website regeneration complete! Total build time: 2.25s
2023-10-03T05:42:00.371Z - info: [1:42:00 pm] Reload for file change: C:\repos\nus-cs2103\cs2103-website-base\admin\appendixE-gitHub.md
2023-10-03T05:42:00.371Z - info: Synchronizing opened pages list before reload
2023-10-03T05:42:00.372Z - info: Current opened pages, from most-to-least recent:
2023-10-03T05:42:00.372Z - info: 1. schedule/week7/project
2023-10-03T05:42:01.395Z - info: Rebuilding 1 pages
2023-10-03T05:42:03.634Z - info: Site data built
2023-10-03T05:42:03.634Z - info: Pages rebuilt
2023-10-03T05:42:03.635Z - info: Website regeneration complete! Total build time: 2.241s
2023-10-03T05:42:38.128Z - info: [1:42:38 pm] Reload for file change: C:\repos\nus-cs2103\cs2103-website-base\admin\appendixE-gitHub.md
2023-10-03T05:42:38.129Z - info: Synchronizing opened pages list before reload
2023-10-03T05:42:38.129Z - info: Current opened pages, from most-to-least recent:
2023-10-03T05:42:38.129Z - info: 1. schedule/week7/project
2023-10-03T05:42:39.147Z - info: Rebuilding 1 pages
2023-10-03T05:42:41.393Z - info: Site data built
2023-10-03T05:42:41.394Z - info: Pages rebuilt
2023-10-03T05:42:41.394Z - info: Website regeneration complete! Total build time: 2.247s
2023-10-03T05:42:55.531Z - info: [1:42:55 pm] Reload for file change: C:\repos\nus-cs2103\cs2103-website-base\admin\appendixE-gitHub.md
2023-10-03T05:42:55.532Z - info: Synchronizing opened pages list before reload
2023-10-03T05:42:55.532Z - info: Current opened pages, from most-to-least recent:
2023-10-03T05:42:55.532Z - info: 1. schedule/week7/project
2023-10-03T05:42:56.553Z - info: Rebuilding 1 pages
2023-10-03T05:42:59.029Z - info: Site data built
2023-10-03T05:42:59.029Z - info: Pages rebuilt
2023-10-03T05:42:59.030Z - info: Website regeneration complete! Total build time: 2.479s
2023-10-03T05:43:23.213Z - info: Building C:\repos\nus-cs2103\cs2103-website-base\se-book-adapted\index as some of its dependencies were changed since the last visit
2023-10-03T05:43:23.584Z - info: Site data built
2023-10-03T05:43:23.585Z - info: Lazy website regeneration complete! Total build time: 0.372s
2023-10-03T05:43:28.162Z - info: Building C:\repos\nus-cs2103\cs2103-website-base\se-book-adapted\chapters\gitAndGithub as some of its dependencies were changed since the last visit
2023-10-03T05:43:29.701Z - info: Site data built
2023-10-03T05:43:29.701Z - info: Lazy website regeneration complete! Total build time: 1.54s
2023-10-03T05:45:46.284Z - info: [1:45:46 pm] Reload for file change: C:\repos\nus-cs2103\cs2103-website-base\book\gitAndGithub\forkingWorkflow\text.md
2023-10-03T05:45:46.284Z - info: Synchronizing opened pages list before reload
2023-10-03T05:45:46.285Z - info: Current opened pages, from most-to-least recent:
2023-10-03T05:45:46.285Z - info: 1. se-book-adapted/chapters/gitAndGithub
2023-10-03T05:45:47.294Z - info: Rebuilding 1 pages
2023-10-03T05:45:48.485Z - info: Site data built
2023-10-03T05:45:48.485Z - info: Pages rebuilt
2023-10-03T05:45:48.485Z - info: Website regeneration complete! Total build time: 1.194s
2023-10-03T05:46:20.824Z - info: Building C:\repos\nus-cs2103\cs2103-website-base\se-book-adapted\chapters\revisionControl as some of its dependencies were changed since the last visit
2023-10-03T05:46:21.414Z - info: Site data built
2023-10-03T05:46:21.415Z - info: Lazy website regeneration complete! Total build time: 0.59s
2023-10-03T05:48:22.957Z - info: [1:48:22 pm] Reload for file change: C:\repos\nus-cs2103\cs2103-website-base\book\revisionControl\forkingWorkflow\text.md
2023-10-03T05:48:22.957Z - info: Synchronizing opened pages list before reload
2023-10-03T05:48:22.957Z - info: Current opened pages, from most-to-least recent:
2023-10-03T05:48:22.958Z - info: 1. se-book-adapted/chapters/revisionControl
2023-10-03T05:48:23.974Z - info: Rebuilding 1 pages
2023-10-03T05:48:24.373Z - info: Site data built
2023-10-03T05:48:24.374Z - info: Pages rebuilt
2023-10-03T05:48:24.374Z - info: Website regeneration complete! Total build time: 0.401s
2023-10-03T05:50:39.066Z - info: Building C:\repos\nus-cs2103\cs2103-website-base\index as some of its dependencies were changed since the last visit
2023-10-03T05:50:40.083Z - info: Site data built
2023-10-03T05:50:40.084Z - info: Lazy website regeneration complete! Total build time: 1.018s
2023-10-03T05:50:49.199Z - info: Building C:\repos\nus-cs2103\cs2103-website-base\admin\index as some of its dependencies were changed since the last visit
2023-10-03T05:50:49.675Z - info: Site data built
2023-10-03T05:50:49.676Z - info: Lazy website regeneration complete! Total build time: 0.477s
2023-10-03T05:50:54.296Z - info: Building C:\repos\nus-cs2103\cs2103-website-base\admin\appendixE-gitHub as some of its dependencies were changed since the last visit
2023-10-03T05:50:54.951Z - info: Site data built
2023-10-03T05:50:54.952Z - info: Lazy website regeneration complete! Total build time: 0.657s
2023-10-03T05:54:07.264Z - info: Website generation started at 1:54:04 pm
2023-10-03T05:54:19.252Z - info: Building assets...
2023-10-03T05:54:26.681Z - info: Assets built
2023-10-03T05:54:26.682Z - info: Generating pages...
2023-10-03T05:54:47.829Z - debug:  
2023-10-03T05:54:47.932Z - debug:  
2023-10-03T05:54:47.965Z - debug:  
2023-10-03T05:54:47.988Z - debug:  
2023-10-03T05:54:48.105Z - debug:  
2023-10-03T05:54:48.171Z - debug:  
2023-10-03T05:54:48.171Z - debug:  
2023-10-03T05:54:50.735Z - debug:  
2023-10-03T05:54:50.735Z - debug:  
2023-10-03T05:54:50.735Z - debug:  
2023-10-03T05:54:50.735Z - debug:  
2023-10-03T05:54:50.736Z - debug:  
2023-10-03T05:54:50.739Z - debug:  
2023-10-03T05:54:50.740Z - debug:  
2023-10-03T05:54:50.740Z - debug:  
2023-10-03T05:54:50.740Z - debug:  
2023-10-03T05:57:25.634Z - debug:  
2023-10-03T05:57:44.046Z - debug:  
2023-10-03T05:57:44.084Z - debug:  
2023-10-03T05:57:57.929Z - info: Pages built
2023-10-03T05:57:59.805Z - info: Site data built
2023-10-03T05:57:59.806Z - info: Website generation complete! Total build time: 234.808s
2023-10-03T05:57:59.807Z - info: Build success!
2023-10-03T06:00:50.086Z - info: The website has been deployed at: https://nus-cs2103-ay2324s1.github.io/website
2023-10-03T06:24:37.299Z - info: Website generation (lazy) started at 2:24:31 pm
2023-10-03T06:24:49.265Z - info: Building assets...
2023-10-03T06:24:56.860Z - info: Assets built
2023-10-03T06:24:56.861Z - info: Generating landing page...
2023-10-03T06:24:58.378Z - info: Landing page built, other pages will be built as you navigate to them!
2023-10-03T06:24:59.244Z - info: Site data built
2023-10-03T06:24:59.245Z - info: Website generation (lazy) complete! Total build time: 27.593s
2023-10-03T06:25:00.153Z - info: Serving "C:\repos\nus-cs2103\cs2103-website-base\_site" at http://127.0.0.1:8080
2023-10-03T06:25:00.153Z - info: Press CTRL+C to stop ...
2023-10-03T06:25:02.173Z - info: [2:25:02 pm] Reload for file change: C:\repos\nus-cs2103\cs2103-website-base\schedule\week7\tutorial-cs2103-fragment.md
2023-10-03T06:25:02.173Z - info: Synchronizing opened pages list before reload
2023-10-03T06:25:02.174Z - info: No pages are currently opened
2023-10-03T06:25:03.344Z - info: Assets built
2023-10-03T06:25:08.740Z - info: [2:25:08 pm] Reload for file change: C:\repos\nus-cs2103\cs2103-website-base\schedule\week7\tutorial-cs2103-fragment.md
2023-10-03T06:25:08.740Z - info: Synchronizing opened pages list before reload
2023-10-03T06:25:08.740Z - info: Current opened pages, from most-to-least recent:
2023-10-03T06:25:08.741Z - info: 1. index
2023-10-03T06:25:10.556Z - info: Building C:\repos\nus-cs2103\cs2103-website-base\schedule\week7\tutorial as some of its dependencies were changed since the last visit
2023-10-03T06:25:10.844Z - info: Assets built
2023-10-03T06:25:16.996Z - info: Site data built
2023-10-03T06:25:16.997Z - info: Lazy website regeneration complete! Total build time: 6.442s
2023-10-03T06:25:36.775Z - info: [2:25:36 pm] Reload for file change: C:\repos\nus-cs2103\cs2103-website-base\schedule\week7\tutorial-cs2103-fragment.md
2023-10-03T06:25:36.775Z - info: Synchronizing opened pages list before reload
2023-10-03T06:25:36.775Z - info: Current opened pages, from most-to-least recent:
2023-10-03T06:25:36.775Z - info: 1. schedule/week7/tutorial
2023-10-03T06:25:37.792Z - info: Rebuilding 1 pages
2023-10-03T06:25:38.210Z - info: Site data built
2023-10-03T06:25:38.210Z - info: Pages rebuilt
2023-10-03T06:25:38.210Z - info: Website regeneration complete! Total build time: 0.421s
2023-10-03T06:26:10.578Z - info: [2:26:10 pm] Reload for file change: C:\repos\nus-cs2103\cs2103-website-base\schedule\week7\tutorial-cs2103-fragment.md
2023-10-03T06:26:10.579Z - info: Synchronizing opened pages list before reload
2023-10-03T06:26:10.579Z - info: Current opened pages, from most-to-least recent:
2023-10-03T06:26:10.579Z - info: 1. schedule/week7/tutorial
2023-10-03T06:26:11.583Z - info: Rebuilding 1 pages
2023-10-03T06:26:11.934Z - info: Site data built
2023-10-03T06:26:11.934Z - info: Pages rebuilt
2023-10-03T06:26:11.934Z - info: Website regeneration complete! Total build time: 0.352s
2023-10-03T06:27:12.378Z - info: [2:27:12 pm] Reload for file change: C:\repos\nus-cs2103\cs2103-website-base\schedule\week7\tutorial-cs2103-fragment.md
2023-10-03T06:27:12.379Z - info: Synchronizing opened pages list before reload
2023-10-03T06:27:12.379Z - info: Current opened pages, from most-to-least recent:
2023-10-03T06:27:12.379Z - info: 1. schedule/week7/tutorial
2023-10-03T06:27:13.398Z - info: Rebuilding 1 pages
2023-10-03T06:27:13.711Z - info: Site data built
2023-10-03T06:27:13.711Z - info: Pages rebuilt
2023-10-03T06:27:13.711Z - info: Website regeneration complete! Total build time: 0.314s
2023-10-03T06:27:47.417Z - info: Website generation started at 2:27:45 pm
2023-10-03T06:27:58.105Z - info: Building assets...
2023-10-03T06:28:05.239Z - info: Assets built
2023-10-03T06:28:05.240Z - info: Generating pages...
2023-10-03T06:28:24.047Z - debug:  
2023-10-03T06:28:24.048Z - debug:  
2023-10-03T06:28:24.048Z - debug:  
2023-10-03T06:28:24.049Z - debug:  
2023-10-03T06:28:24.049Z - debug:  
2023-10-03T06:28:24.050Z - debug:  
2023-10-03T06:28:24.053Z - debug:  
2023-10-03T06:28:24.053Z - debug:  
2023-10-03T06:28:24.053Z - debug:  
2023-10-03T06:28:24.054Z - debug:  
2023-10-03T06:28:24.054Z - debug:  
2023-10-03T06:28:24.054Z - debug:  
2023-10-03T06:28:24.055Z - debug:  
2023-10-03T06:28:24.055Z - debug:  
2023-10-03T06:28:24.055Z - debug:  
2023-10-03T06:28:24.055Z - debug:  
2023-10-03T06:30:26.697Z - debug:  
2023-10-03T06:30:40.723Z - debug:  
2023-10-03T06:30:40.782Z - debug:  
2023-10-03T06:30:52.707Z - info: Pages built
2023-10-03T06:30:53.744Z - info: Site data built
2023-10-03T06:30:53.744Z - info: Website generation complete! Total build time: 188.113s
2023-10-03T06:30:53.744Z - info: Build success!
2023-10-03T06:32:56.360Z - info: The website has been deployed at: https://nus-cs2103-ay2324s1.github.io/website
