2023-08-18T16:35:46.553Z - info: Website generation started at 12:35:41 am
2023-08-18T16:35:59.262Z - info: Building assets...
2023-08-18T16:36:06.244Z - info: Assets built
2023-08-18T16:36:06.245Z - info: Generating pages...
2023-08-18T16:36:20.976Z - debug:  
2023-08-18T16:36:21.829Z - debug:  
2023-08-18T16:36:21.830Z - debug:  
2023-08-18T16:36:21.849Z - debug:  
2023-08-18T16:36:21.851Z - debug:  
2023-08-18T16:36:21.854Z - debug:  
2023-08-18T16:36:21.854Z - debug:  
2023-08-18T16:36:21.863Z - debug:  
2023-08-18T16:36:24.113Z - debug:  
2023-08-18T16:36:24.114Z - debug:  
2023-08-18T16:36:24.115Z - debug:  
2023-08-18T16:36:24.116Z - debug:  
2023-08-18T16:36:24.116Z - debug:  
2023-08-18T16:36:24.116Z - debug:  
2023-08-18T16:36:24.116Z - debug:  
2023-08-18T16:36:24.117Z - debug:  
2023-08-18T16:38:23.009Z - debug:  
2023-08-18T16:38:36.551Z - debug:  
2023-08-18T16:38:36.551Z - debug:  
2023-08-18T16:38:42.743Z - info: Pages built
2023-08-18T16:38:44.111Z - info: Site data built
2023-08-18T16:38:44.111Z - info: Website generation complete! Total build time: 182.565s
2023-08-18T16:38:44.111Z - info: Build success!
2023-08-18T16:42:29.137Z - info: The website has been deployed at: https://nus-cs2103-ay2324s1.github.io/website
