2023-10-18T08:40:07.766Z - info: Website generation (lazy) started at 4:40:02 pm
2023-10-18T08:40:21.266Z - info: Building assets...
2023-10-18T08:40:30.025Z - info: Assets built
2023-10-18T08:40:30.027Z - info: Generating landing page...
2023-10-18T08:40:31.892Z - info: Landing page built, other pages will be built as you navigate to them!
2023-10-18T08:40:33.267Z - info: Site data built
2023-10-18T08:40:33.267Z - info: Website generation (lazy) complete! Total build time: 31.109s
2023-10-18T08:40:34.284Z - info: Serving "C:\repos\nus-cs2103\cs2103-website-base\_site" at http://127.0.0.1:8080
2023-10-18T08:40:34.284Z - info: Press CTRL+C to stop ...
2023-10-18T08:43:13.877Z - info: [4:43:13 pm] Reload for file change: C:\repos\nus-cs2103\cs2103-website-base\schedule\week10\commentary-cs2103-fragment.md
2023-10-18T08:43:13.879Z - info: Synchronizing opened pages list before reload
2023-10-18T08:43:13.879Z - info: Current opened pages, from most-to-least recent:
2023-10-18T08:43:13.880Z - info: 1. index
2023-10-18T08:43:14.894Z - info: Assets built
2023-10-18T08:43:17.002Z - info: Building C:\repos\nus-cs2103\cs2103-website-base\schedule\week9\topics as some of its dependencies were changed since the last visit
2023-10-18T08:43:25.421Z - debug:  
2023-10-18T08:43:25.583Z - debug:  
2023-10-18T08:43:25.885Z - info: Site data built
2023-10-18T08:43:25.885Z - info: Lazy website regeneration complete! Total build time: 8.884s
2023-10-18T09:32:34.628Z - info: Building C:\repos\nus-cs2103\cs2103-website-base\schedule\week10\topics as some of its dependencies were changed since the last visit
2023-10-18T09:32:49.226Z - debug:  
2023-10-18T09:32:49.781Z - info: Site data built
2023-10-18T09:32:49.782Z - info: Lazy website regeneration complete! Total build time: 15.157s
2023-10-18T09:34:41.389Z - info: [5:34:41 pm] Reload for file change: C:\repos\nus-cs2103\cs2103-website-base\admin\common-commentary-fragment.md
2023-10-18T09:34:41.391Z - info: Synchronizing opened pages list before reload
2023-10-18T09:34:41.393Z - info: Current opened pages, from most-to-least recent:
2023-10-18T09:34:41.393Z - info: 1. schedule/week10/topics
2023-10-18T09:34:42.412Z - info: Rebuilding 1 pages
2023-10-18T09:34:45.096Z - info: Site data built
2023-10-18T09:34:45.097Z - info: Pages rebuilt
2023-10-18T09:34:45.097Z - info: Website regeneration complete! Total build time: 2.688s
2023-10-18T09:34:58.830Z - info: Building C:\repos\nus-cs2103\cs2103-website-base\schedule\week10\project as some of its dependencies were changed since the last visit
2023-10-18T09:35:00.962Z - info: Site data built
2023-10-18T09:35:00.963Z - info: Lazy website regeneration complete! Total build time: 2.133s
2023-10-18T09:45:16.426Z - info: [5:45:16 pm] Reload for file change: C:\repos\nus-cs2103\cs2103-website-base\admin\tp-tasks-fragment.md
2023-10-18T09:45:16.427Z - info: Synchronizing opened pages list before reload
2023-10-18T09:45:16.427Z - info: Current opened pages, from most-to-least recent:
2023-10-18T09:45:16.428Z - info: 1. schedule/week10/project
2023-10-18T09:45:17.448Z - info: Rebuilding 1 pages
2023-10-18T09:45:19.377Z - info: Site data built
2023-10-18T09:45:19.377Z - info: Pages rebuilt
2023-10-18T09:45:19.377Z - info: Website regeneration complete! Total build time: 1.931s
2023-10-18T09:46:36.542Z - info: [5:46:36 pm] Reload for file change: C:\repos\nus-cs2103\cs2103-website-base\admin\tp-tasks-fragment.md
2023-10-18T09:46:36.543Z - info: Synchronizing opened pages list before reload
2023-10-18T09:46:36.543Z - info: Current opened pages, from most-to-least recent:
2023-10-18T09:46:36.543Z - info: 1. schedule/week10/project
2023-10-18T09:46:37.552Z - info: Rebuilding 1 pages
2023-10-18T09:46:39.441Z - info: Site data built
2023-10-18T09:46:39.441Z - info: Pages rebuilt
2023-10-18T09:46:39.441Z - info: Website regeneration complete! Total build time: 1.89s
2023-10-18T09:48:41.260Z - info: [5:48:41 pm] Reload for file change: C:\repos\nus-cs2103\cs2103-website-base\admin\appendixE-gitHub.md
2023-10-18T09:48:41.263Z - info: Synchronizing opened pages list before reload
2023-10-18T09:48:41.263Z - info: Current opened pages, from most-to-least recent:
2023-10-18T09:48:41.264Z - info: 1. schedule/week10/project
2023-10-18T09:48:42.275Z - info: Rebuilding 1 pages
2023-10-18T09:48:44.005Z - info: Site data built
2023-10-18T09:48:44.005Z - info: Pages rebuilt
2023-10-18T09:48:44.005Z - info: Website regeneration complete! Total build time: 1.732s
2023-10-18T09:49:00.136Z - info: [5:49:00 pm] Reload for file change: C:\repos\nus-cs2103\cs2103-website-base\admin\tp-tasks-fragment.md
2023-10-18T09:49:00.136Z - info: Synchronizing opened pages list before reload
2023-10-18T09:49:00.136Z - info: Current opened pages, from most-to-least recent:
2023-10-18T09:49:00.136Z - info: 1. schedule/week10/project
2023-10-18T09:49:01.145Z - info: Rebuilding 1 pages
2023-10-18T09:49:03.063Z - info: Site data built
2023-10-18T09:49:03.063Z - info: Pages rebuilt
2023-10-18T09:49:03.063Z - info: Website regeneration complete! Total build time: 1.919s
2023-10-18T09:49:40.495Z - info: [5:49:40 pm] Reload for file change: C:\repos\nus-cs2103\cs2103-website-base\admin\tp-tasks-fragment.md
2023-10-18T09:49:40.496Z - info: Synchronizing opened pages list before reload
2023-10-18T09:49:40.496Z - info: Current opened pages, from most-to-least recent:
2023-10-18T09:49:40.496Z - info: 1. schedule/week10/project
2023-10-18T09:49:41.509Z - info: Rebuilding 1 pages
2023-10-18T09:49:43.061Z - info: Site data built
2023-10-18T09:49:43.061Z - info: Pages rebuilt
2023-10-18T09:49:43.061Z - info: Website regeneration complete! Total build time: 1.553s
2023-10-18T09:49:58.535Z - info: [5:49:58 pm] Reload for file change: C:\repos\nus-cs2103\cs2103-website-base\admin\tp-tasks-fragment.md
2023-10-18T09:49:58.535Z - info: Synchronizing opened pages list before reload
2023-10-18T09:49:58.535Z - info: Current opened pages, from most-to-least recent:
2023-10-18T09:49:58.535Z - info: 1. schedule/week10/project
2023-10-18T09:49:59.545Z - info: Rebuilding 1 pages
2023-10-18T09:50:00.896Z - info: Site data built
2023-10-18T09:50:00.896Z - info: Pages rebuilt
2023-10-18T09:50:00.896Z - info: Website regeneration complete! Total build time: 1.352s
2023-10-18T09:50:38.853Z - info: [5:50:38 pm] Reload for file change: C:\repos\nus-cs2103\cs2103-website-base\admin\tp-tasks-fragment.md
2023-10-18T09:50:38.854Z - info: Synchronizing opened pages list before reload
2023-10-18T09:50:38.855Z - info: Current opened pages, from most-to-least recent:
2023-10-18T09:50:38.855Z - info: 1. schedule/week10/project
2023-10-18T09:50:39.873Z - info: Rebuilding 1 pages
2023-10-18T09:50:41.665Z - info: Site data built
2023-10-18T09:50:41.665Z - info: Pages rebuilt
2023-10-18T09:50:41.665Z - info: Website regeneration complete! Total build time: 1.794s
2023-10-18T09:52:57.057Z - info: [5:52:57 pm] Reload for file change: C:\repos\nus-cs2103\cs2103-website-base\admin\tp-pe-bug-triaging-guidelines-fragment.md
2023-10-18T09:52:57.057Z - info: Synchronizing opened pages list before reload
2023-10-18T09:52:57.057Z - info: Current opened pages, from most-to-least recent:
2023-10-18T09:52:57.058Z - info: 1. schedule/week10/project
2023-10-18T09:52:58.070Z - info: Rebuilding 1 pages
2023-10-18T09:52:59.642Z - info: Site data built
2023-10-18T09:52:59.642Z - info: Pages rebuilt
2023-10-18T09:52:59.642Z - info: Website regeneration complete! Total build time: 1.573s
2023-10-18T09:59:32.243Z - info: [5:59:32 pm] Reload for file change: C:\repos\nus-cs2103\cs2103-website-base\admin\tp-pe-bug-triaging-guidelines-fragment.md
2023-10-18T09:59:32.244Z - info: Synchronizing opened pages list before reload
2023-10-18T09:59:32.244Z - info: Current opened pages, from most-to-least recent:
2023-10-18T09:59:32.244Z - info: 1. schedule/week10/project
2023-10-18T09:59:33.262Z - info: Rebuilding 1 pages
2023-10-18T09:59:35.078Z - info: Site data built
2023-10-18T09:59:35.078Z - info: Pages rebuilt
2023-10-18T09:59:35.079Z - info: Website regeneration complete! Total build time: 1.818s
2023-10-18T10:01:13.230Z - info: [6:01:13 pm] Reload for file change: C:\repos\nus-cs2103\cs2103-website-base\admin\tp-tasks-fragment.md
2023-10-18T10:01:13.231Z - info: Synchronizing opened pages list before reload
2023-10-18T10:01:13.231Z - info: Current opened pages, from most-to-least recent:
2023-10-18T10:01:13.231Z - info: 1. schedule/week10/project
2023-10-18T10:01:14.248Z - info: Rebuilding 1 pages
2023-10-18T10:01:15.905Z - info: Site data built
2023-10-18T10:01:15.906Z - info: Pages rebuilt
2023-10-18T10:01:15.906Z - info: Website regeneration complete! Total build time: 1.66s
2023-10-18T10:05:03.888Z - info: [6:05:03 pm] Reload for file change: C:\repos\nus-cs2103\cs2103-website-base\admin\tp-tasks-fragment.md
2023-10-18T10:05:03.889Z - info: Synchronizing opened pages list before reload
2023-10-18T10:05:03.889Z - info: Current opened pages, from most-to-least recent:
2023-10-18T10:05:03.889Z - info: 1. schedule/week10/project
2023-10-18T10:05:04.912Z - info: Rebuilding 1 pages
2023-10-18T10:05:06.680Z - info: Site data built
2023-10-18T10:05:06.680Z - info: Pages rebuilt
2023-10-18T10:05:06.681Z - info: Website regeneration complete! Total build time: 1.772s
2023-10-18T10:06:21.424Z - info: [6:06:21 pm] Reload for file change: C:\repos\nus-cs2103\cs2103-website-base\admin\tp-tasks-fragment.md
2023-10-18T10:06:21.424Z - info: Synchronizing opened pages list before reload
2023-10-18T10:06:21.425Z - info: Current opened pages, from most-to-least recent:
2023-10-18T10:06:21.425Z - info: 1. schedule/week10/project
2023-10-18T10:06:22.441Z - info: Rebuilding 1 pages
2023-10-18T10:06:24.374Z - info: Site data built
2023-10-18T10:06:24.374Z - info: Pages rebuilt
2023-10-18T10:06:24.374Z - info: Website regeneration complete! Total build time: 1.936s
2023-10-18T13:15:13.457Z - info: [9:15:13 pm] Reload for file change: C:\repos\nus-cs2103\cs2103-website-base\admin\tp-deliverables-dg-fragment.md
2023-10-18T13:15:13.461Z - info: Synchronizing opened pages list before reload
2023-10-18T13:15:13.463Z - info: No pages are currently opened
2023-10-18T13:15:14.503Z - info: No pages needed to be rebuilt
2023-10-18T13:17:51.479Z - info: [9:17:51 pm] Reload for file change: C:\repos\nus-cs2103\cs2103-website-base\admin\tp-deliverables-dg-fragment.md
2023-10-18T13:17:51.479Z - info: Synchronizing opened pages list before reload
2023-10-18T13:17:51.480Z - info: No pages are currently opened
2023-10-18T13:17:52.496Z - info: No pages needed to be rebuilt
2023-10-18T13:19:14.706Z - info: [9:19:14 pm] Reload for file change: C:\repos\nus-cs2103\cs2103-website-base\admin\tp-deliverables-dg-fragment.md
2023-10-18T13:19:14.707Z - info: Synchronizing opened pages list before reload
2023-10-18T13:19:14.707Z - info: No pages are currently opened
2023-10-18T13:19:15.724Z - info: No pages needed to be rebuilt
2023-10-18T13:26:54.907Z - info: [9:26:54 pm] Reload for file change: C:\repos\nus-cs2103\cs2103-website-base\admin\tp-deliverables-dg-fragment.md
2023-10-18T13:26:54.907Z - info: Synchronizing opened pages list before reload
2023-10-18T13:26:54.908Z - info: No pages are currently opened
2023-10-18T13:26:55.922Z - info: No pages needed to be rebuilt
2023-10-18T13:27:06.890Z - info: Building C:\repos\nus-cs2103\cs2103-website-base\schedule\week10\project as some of its dependencies were changed since the last visit
2023-10-18T13:27:08.929Z - info: Site data built
2023-10-18T13:27:08.930Z - info: Lazy website regeneration complete! Total build time: 2.04s
2023-10-18T13:29:36.748Z - info: Building C:\repos\nus-cs2103\cs2103-website-base\schedule\week10\tutorial as some of its dependencies were changed since the last visit
2023-10-18T13:29:37.221Z - info: Site data built
2023-10-18T13:29:37.221Z - info: Lazy website regeneration complete! Total build time: 0.473s
2023-10-18T13:31:08.458Z - info: Website generation started at 9:31:06 pm
2023-10-18T13:31:21.417Z - info: Building assets...
2023-10-18T13:31:29.464Z - info: Assets built
2023-10-18T13:31:29.465Z - info: Generating pages...
2023-10-18T13:31:47.528Z - debug:  
2023-10-18T13:31:47.665Z - debug:  
2023-10-18T13:31:47.788Z - debug:  
2023-10-18T13:31:47.809Z - debug:  
2023-10-18T13:31:47.884Z - debug:  
2023-10-18T13:31:47.992Z - debug:  
2023-10-18T13:31:47.992Z - debug:  
2023-10-18T13:31:48.053Z - debug:  
2023-10-18T13:31:51.540Z - debug:  
2023-10-18T13:31:51.540Z - debug:  
2023-10-18T13:31:51.540Z - debug:  
2023-10-18T13:31:51.552Z - debug:  
2023-10-18T13:31:51.552Z - debug:  
2023-10-18T13:31:51.552Z - debug:  
2023-10-18T13:31:51.552Z - debug:  
2023-10-18T13:31:51.553Z - debug:  
2023-10-18T13:34:23.602Z - debug:  
2023-10-18T13:34:39.681Z - debug:  
2023-10-18T13:34:39.706Z - debug:  
2023-10-18T13:34:56.125Z - info: Pages built
2023-10-18T13:34:57.031Z - info: Site data built
2023-10-18T13:34:57.031Z - info: Website generation complete! Total build time: 230.669s
2023-10-18T13:34:57.031Z - info: Build success!
2023-10-18T13:37:12.608Z - info: The website has been deployed at: https://nus-cs2103-ay2324s1.github.io/website
