2023-11-06T13:44:27.433Z - info: Website generation started at 9:44:20 pm
2023-11-06T13:44:41.123Z - info: Building assets...
2023-11-06T13:44:48.976Z - info: Assets built
2023-11-06T13:44:48.977Z - info: Generating pages...
2023-11-06T13:45:07.122Z - debug:  
2023-11-06T13:45:07.123Z - debug:  
2023-11-06T13:45:07.123Z - debug:  
2023-11-06T13:45:07.123Z - debug:  
2023-11-06T13:45:07.124Z - debug:  
2023-11-06T13:45:07.124Z - debug:  
2023-11-06T13:45:07.124Z - debug:  
2023-11-06T13:45:07.124Z - debug:  
2023-11-06T13:45:07.124Z - debug:  
2023-11-06T13:45:07.125Z - debug:  
2023-11-06T13:45:07.125Z - debug:  
2023-11-06T13:45:07.125Z - debug:  
2023-11-06T13:45:07.125Z - debug:  
2023-11-06T13:45:07.125Z - debug:  
2023-11-06T13:45:07.126Z - debug:  
2023-11-06T13:45:07.126Z - debug:  
2023-11-06T13:47:21.901Z - debug:  
2023-11-06T13:47:39.573Z - debug:  
2023-11-06T13:47:39.607Z - debug:  
2023-11-06T13:47:55.058Z - info: Pages built
2023-11-06T13:47:56.217Z - info: Site data built
2023-11-06T13:47:56.217Z - info: Website generation complete! Total build time: 215.977s
2023-11-06T13:47:56.217Z - info: Build success!
2023-11-06T13:54:07.575Z - info: The website has been deployed at: https://nus-cs2103-ay2324s1.github.io/website
