2023-09-28T05:16:24.427Z - info: Website generation (lazy) started at 1:16:22 pm
2023-09-28T05:16:36.414Z - info: Building assets...
2023-09-28T05:16:44.442Z - info: Assets built
2023-09-28T05:16:44.443Z - info: Generating landing page...
2023-09-28T05:16:45.808Z - info: Landing page built, other pages will be built as you navigate to them!
2023-09-28T05:16:46.793Z - info: Site data built
2023-09-28T05:16:46.793Z - info: Website generation (lazy) complete! Total build time: 24.32s
2023-09-28T05:16:47.714Z - info: Serving "C:\repos\nus-cs2103\cs2103-website-base\_site" at http://127.0.0.1:8080
2023-09-28T05:16:47.714Z - info: Press CTRL+C to stop ...
2023-09-28T05:17:08.049Z - info: Building C:\repos\nus-cs2103\cs2103-website-base\admin\mid-semester-survey-results as some of its dependencies were changed since the last visit
2023-09-28T05:17:08.360Z - info: Site data built
2023-09-28T05:17:08.361Z - info: Lazy website regeneration complete! Total build time: 0.311s
2023-09-28T05:20:25.497Z - info: [1:20:25 pm] Reload for file change: C:\repos\nus-cs2103\cs2103-website-base\_course-TIC2002\mid-semester-survey-results.md
2023-09-28T05:20:25.498Z - info: Synchronizing opened pages list before reload
2023-09-28T05:20:25.498Z - info: Current opened pages, from most-to-least recent:
2023-09-28T05:20:25.498Z - info: 1. admin/mid-semester-survey-results
2023-09-28T05:20:26.519Z - info: Rebuilding 1 pages
2023-09-28T05:20:26.675Z - info: Site data built
2023-09-28T05:20:26.676Z - info: Pages rebuilt
2023-09-28T05:20:26.676Z - info: Website regeneration complete! Total build time: 0.159s
2023-09-28T05:21:19.956Z - info: [1:21:19 pm] Reload for file change: C:\repos\nus-cs2103\cs2103-website-base\_course-TIC2002\mid-semester-survey-results.md
2023-09-28T05:21:19.956Z - info: Synchronizing opened pages list before reload
2023-09-28T05:21:19.956Z - info: Current opened pages, from most-to-least recent:
2023-09-28T05:21:19.957Z - info: 1. admin/mid-semester-survey-results
2023-09-28T05:21:20.959Z - info: Rebuilding 1 pages
2023-09-28T05:21:21.055Z - info: Site data built
2023-09-28T05:21:21.055Z - info: Pages rebuilt
2023-09-28T05:21:21.056Z - info: Website regeneration complete! Total build time: 0.097s
2023-09-28T05:22:08.663Z - info: [1:22:08 pm] Reload for file change: C:\repos\nus-cs2103\cs2103-website-base\_course-TIC2002\mid-semester-survey-results.md
2023-09-28T05:22:08.663Z - info: Synchronizing opened pages list before reload
2023-09-28T05:22:08.663Z - info: Current opened pages, from most-to-least recent:
2023-09-28T05:22:08.663Z - info: 1. admin/mid-semester-survey-results
2023-09-28T05:22:09.684Z - info: Rebuilding 1 pages
2023-09-28T05:22:09.777Z - info: Site data built
2023-09-28T05:22:09.778Z - info: Pages rebuilt
2023-09-28T05:22:09.778Z - info: Website regeneration complete! Total build time: 0.098s
2023-09-28T05:32:10.235Z - info: [1:32:10 pm] Reload for file change: C:\repos\nus-cs2103\cs2103-website-base\_course-TIC2002\mid-semester-survey-results.md
2023-09-28T05:32:10.236Z - info: Synchronizing opened pages list before reload
2023-09-28T05:32:10.236Z - info: Current opened pages, from most-to-least recent:
2023-09-28T05:32:10.236Z - info: 1. admin/mid-semester-survey-results
2023-09-28T05:32:11.242Z - info: Rebuilding 1 pages
2023-09-28T05:32:11.386Z - info: Site data built
2023-09-28T05:32:11.386Z - info: Pages rebuilt
2023-09-28T05:32:11.386Z - info: Website regeneration complete! Total build time: 0.145s
2023-09-28T05:36:05.153Z - info: [1:36:05 pm] Reload for file change: C:\repos\nus-cs2103\cs2103-website-base\_course-TIC2002\mid-semester-survey-results.md
2023-09-28T05:36:05.153Z - info: Synchronizing opened pages list before reload
2023-09-28T05:36:05.153Z - info: Current opened pages, from most-to-least recent:
2023-09-28T05:36:05.153Z - info: 1. admin/mid-semester-survey-results
2023-09-28T05:36:06.160Z - info: Rebuilding 1 pages
2023-09-28T05:36:06.271Z - info: Site data built
2023-09-28T05:36:06.271Z - info: Pages rebuilt
2023-09-28T05:36:06.271Z - info: Website regeneration complete! Total build time: 0.112s
2023-09-28T05:37:11.093Z - info: [1:37:11 pm] Reload for file change: C:\repos\nus-cs2103\cs2103-website-base\_course-TIC2002\mid-semester-survey-results.md
2023-09-28T05:37:11.093Z - info: Synchronizing opened pages list before reload
2023-09-28T05:37:11.093Z - info: Current opened pages, from most-to-least recent:
2023-09-28T05:37:11.093Z - info: 1. admin/mid-semester-survey-results
2023-09-28T05:37:12.097Z - info: Rebuilding 1 pages
2023-09-28T05:37:12.234Z - info: Site data built
2023-09-28T05:37:12.234Z - info: Pages rebuilt
2023-09-28T05:37:12.235Z - info: Website regeneration complete! Total build time: 0.139s
2023-09-28T05:46:06.309Z - info: Building C:\repos\nus-cs2103\cs2103-website-base\schedule\week1\index as some of its dependencies were changed since the last visit
2023-09-28T05:46:07.323Z - info: Site data built
2023-09-28T05:46:07.323Z - info: Lazy website regeneration complete! Total build time: 1.014s
2023-09-28T05:46:13.033Z - info: Building C:\repos\nus-cs2103\cs2103-website-base\schedule\week1\admin as some of its dependencies were changed since the last visit
2023-09-28T05:46:13.896Z - info: Site data built
2023-09-28T05:46:13.896Z - info: Lazy website regeneration complete! Total build time: 0.863s
2023-09-28T05:47:36.190Z - info: [1:47:36 pm] Reload for file change: C:\repos\nus-cs2103\cs2103-website-base\schedule\week1\admin-tic2002-fragment.md
2023-09-28T05:47:36.190Z - info: Synchronizing opened pages list before reload
2023-09-28T05:47:36.191Z - info: Current opened pages, from most-to-least recent:
2023-09-28T05:47:36.191Z - info: 1. schedule/week1/admin
2023-09-28T05:47:37.202Z - info: Rebuilding 1 pages
2023-09-28T05:47:38.626Z - info: Site data built
2023-09-28T05:47:38.626Z - info: Pages rebuilt
2023-09-28T05:47:38.627Z - info: Website regeneration complete! Total build time: 1.427s
2023-09-28T05:47:44.337Z - info: Building C:\repos\nus-cs2103\cs2103-website-base\schedule\week2\admin as some of its dependencies were changed since the last visit
2023-09-28T05:47:44.618Z - info: Site data built
2023-09-28T05:47:44.618Z - info: Lazy website regeneration complete! Total build time: 0.281s
2023-09-28T05:47:58.580Z - info: [1:47:58 pm] Reload for file change: C:\repos\nus-cs2103\cs2103-website-base\schedule\week2\admin-tic2002-fragment.md
2023-09-28T05:47:58.580Z - info: Synchronizing opened pages list before reload
2023-09-28T05:47:58.581Z - info: Current opened pages, from most-to-least recent:
2023-09-28T05:47:58.581Z - info: 1. schedule/week2/admin
2023-09-28T05:47:59.599Z - info: Rebuilding 1 pages
2023-09-28T05:47:59.939Z - info: Site data built
2023-09-28T05:47:59.940Z - info: Pages rebuilt
2023-09-28T05:47:59.940Z - info: Website regeneration complete! Total build time: 0.341s
2023-09-28T05:48:13.423Z - info: [1:48:13 pm] Reload for file change: C:\repos\nus-cs2103\cs2103-website-base\schedule\week3\admin-tic2002-fragment.md
2023-09-28T05:48:13.423Z - info: Synchronizing opened pages list before reload
2023-09-28T05:48:13.423Z - info: Current opened pages, from most-to-least recent:
2023-09-28T05:48:13.423Z - info: 1. schedule/week2/admin
2023-09-28T05:48:14.438Z - info: Assets built
2023-09-28T05:48:19.619Z - info: Building C:\repos\nus-cs2103\cs2103-website-base\schedule\week3\admin as some of its dependencies were changed since the last visit
2023-09-28T05:48:20.567Z - info: Site data built
2023-09-28T05:48:20.567Z - info: Lazy website regeneration complete! Total build time: 0.948s
2023-09-28T05:49:23.015Z - info: [1:49:23 pm] Reload for file change: C:\repos\nus-cs2103\cs2103-website-base\schedule\week3\admin-tic2002-fragment.md
2023-09-28T05:49:23.015Z - info: Synchronizing opened pages list before reload
2023-09-28T05:49:23.015Z - info: Current opened pages, from most-to-least recent:
2023-09-28T05:49:23.016Z - info: 1. schedule/week3/admin
2023-09-28T05:49:24.023Z - info: Rebuilding 1 pages
2023-09-28T05:49:24.555Z - info: Site data built
2023-09-28T05:49:24.555Z - info: Pages rebuilt
2023-09-28T05:49:24.555Z - info: Website regeneration complete! Total build time: 0.533s
2023-09-28T05:49:36.647Z - info: [1:49:36 pm] Reload for file change: C:\repos\nus-cs2103\cs2103-website-base\schedule\week3\admin-tic2002-fragment.md
2023-09-28T05:49:36.648Z - info: Synchronizing opened pages list before reload
2023-09-28T05:49:36.648Z - info: Current opened pages, from most-to-least recent:
2023-09-28T05:49:36.648Z - info: 1. schedule/week3/admin
2023-09-28T05:49:37.656Z - info: Rebuilding 1 pages
2023-09-28T05:49:38.353Z - info: Site data built
2023-09-28T05:49:38.353Z - info: Pages rebuilt
2023-09-28T05:49:38.354Z - info: Website regeneration complete! Total build time: 0.699s
2023-09-28T05:50:06.029Z - info: [1:50:06 pm] Reload for file change: C:\repos\nus-cs2103\cs2103-website-base\schedule\week3\admin-tic2002-fragment.md
2023-09-28T05:50:06.029Z - info: Synchronizing opened pages list before reload
2023-09-28T05:50:06.030Z - info: Current opened pages, from most-to-least recent:
2023-09-28T05:50:06.030Z - info: 1. schedule/week3/admin
2023-09-28T05:50:07.040Z - info: Rebuilding 1 pages
2023-09-28T05:50:07.576Z - info: Site data built
2023-09-28T05:50:07.577Z - info: Pages rebuilt
2023-09-28T05:50:07.577Z - info: Website regeneration complete! Total build time: 0.538s
2023-09-28T05:51:55.985Z - info: [1:51:55 pm] Reload for file change: C:\repos\nus-cs2103\cs2103-website-base\book\_markbind\boilerplates\dukeNestedFragment.md
2023-09-28T05:51:55.986Z - info: Synchronizing opened pages list before reload
2023-09-28T05:51:55.986Z - info: Current opened pages, from most-to-least recent:
2023-09-28T05:51:55.987Z - info: 1. schedule/week3/admin
2023-09-28T05:51:56.995Z - info: Assets built
2023-09-28T05:52:28.031Z - info: [1:52:28 pm] Reload for file change: C:\repos\nus-cs2103\cs2103-website-base\book\_markbind\boilerplates\dukeNestedFragment.md
2023-09-28T05:52:28.032Z - info: Synchronizing opened pages list before reload
2023-09-28T05:52:28.032Z - info: Current opened pages, from most-to-least recent:
2023-09-28T05:52:28.032Z - info: 1. schedule/week3/admin
2023-09-28T05:52:29.045Z - info: Assets built
2023-09-28T05:52:42.779Z - info: [1:52:42 pm] Reload for file change: C:\repos\nus-cs2103\cs2103-website-base\book\_markbind\boilerplates\dukeNestedFragment.md
2023-09-28T05:52:42.779Z - info: Synchronizing opened pages list before reload
2023-09-28T05:52:42.780Z - info: Current opened pages, from most-to-least recent:
2023-09-28T05:52:42.780Z - info: 1. schedule/week3/admin
2023-09-28T05:52:43.796Z - info: Assets built
2023-09-28T05:53:29.286Z - info: Website generation (lazy) started at 1:53:26 pm
2023-09-28T05:53:42.141Z - info: Building assets...
2023-09-28T05:53:51.101Z - info: Assets built
2023-09-28T05:53:51.102Z - info: Generating landing page...
2023-09-28T05:53:51.839Z - info: Landing page built, other pages will be built as you navigate to them!
2023-09-28T05:53:52.774Z - info: Site data built
2023-09-28T05:53:52.774Z - info: Website generation (lazy) complete! Total build time: 26.048s
2023-09-28T05:53:53.720Z - info: Serving "C:\repos\nus-cs2103\cs2103-website-base\_site" at http://127.0.0.1:8080
2023-09-28T05:53:53.721Z - info: Press CTRL+C to stop ...
2023-09-28T05:55:04.859Z - info: Building C:\repos\nus-cs2103\cs2103-website-base\schedule\week3\admin as some of its dependencies were changed since the last visit
2023-09-28T05:55:05.867Z - info: Site data built
2023-09-28T05:55:05.868Z - info: Lazy website regeneration complete! Total build time: 1.011s
2023-09-28T05:55:23.003Z - info: [1:55:23 pm] Reload for file change: C:\repos\nus-cs2103\cs2103-website-base\book\_markbind\boilerplates\dukeNestedFragment.md
2023-09-28T05:55:23.004Z - info: Synchronizing opened pages list before reload
2023-09-28T05:55:23.004Z - info: Current opened pages, from most-to-least recent:
2023-09-28T05:55:23.005Z - info: 1. schedule/week3/admin
2023-09-28T05:55:23.005Z - info: 2. index
2023-09-28T05:55:24.013Z - info: Assets built
2023-09-28T05:56:10.252Z - info: [1:56:10 pm] Reload for file change: C:\repos\nus-cs2103\cs2103-website-base\_markbind\boilerplates\dukeFragment.md
2023-09-28T05:56:10.253Z - info: Synchronizing opened pages list before reload
2023-09-28T05:56:10.253Z - info: Current opened pages, from most-to-least recent:
2023-09-28T05:56:10.255Z - info: 1. schedule/week3/admin
2023-09-28T05:56:10.255Z - info: 2. index
2023-09-28T05:56:11.266Z - info: Rebuilding 1 pages
2023-09-28T05:56:11.851Z - info: Site data built
2023-09-28T05:56:11.852Z - info: Pages rebuilt
2023-09-28T05:56:11.852Z - info: Website regeneration complete! Total build time: 0.587s
2023-09-28T05:56:21.720Z - info: [1:56:21 pm] Reload for file change: C:\repos\nus-cs2103\cs2103-website-base\_markbind\boilerplates\dukeFragment.md
2023-09-28T05:56:21.720Z - info: Synchronizing opened pages list before reload
2023-09-28T05:56:21.720Z - info: Current opened pages, from most-to-least recent:
2023-09-28T05:56:21.721Z - info: 1. schedule/week3/admin
2023-09-28T05:56:21.721Z - info: 2. index
2023-09-28T05:56:22.741Z - info: Rebuilding 1 pages
2023-09-28T05:56:23.528Z - info: Site data built
2023-09-28T05:56:23.529Z - info: Pages rebuilt
2023-09-28T05:56:23.529Z - info: Website regeneration complete! Total build time: 0.792s
2023-09-28T05:56:28.436Z - info: [1:56:28 pm] Reload for file change: C:\repos\nus-cs2103\cs2103-website-base\_markbind\boilerplates\dukeFragment.md
2023-09-28T05:56:28.436Z - info: Synchronizing opened pages list before reload
2023-09-28T05:56:28.436Z - info: Current opened pages, from most-to-least recent:
2023-09-28T05:56:28.437Z - info: 1. schedule/week3/admin
2023-09-28T05:56:28.437Z - info: 2. index
2023-09-28T05:56:29.441Z - info: Rebuilding 1 pages
2023-09-28T05:56:29.946Z - info: Site data built
2023-09-28T05:56:29.946Z - info: Pages rebuilt
2023-09-28T05:56:29.946Z - info: Website regeneration complete! Total build time: 0.506s
2023-09-28T05:57:01.542Z - info: [1:57:01 pm] Reload for file change: C:\repos\nus-cs2103\cs2103-website-base\_markbind\boilerplates\dukeFragment.md
2023-09-28T05:57:01.543Z - info: Synchronizing opened pages list before reload
2023-09-28T05:57:01.543Z - info: Current opened pages, from most-to-least recent:
2023-09-28T05:57:01.543Z - info: 1. schedule/week3/admin
2023-09-28T05:57:01.543Z - info: 2. index
2023-09-28T05:57:02.548Z - info: Rebuilding 1 pages
2023-09-28T05:57:03.121Z - info: Site data built
2023-09-28T05:57:03.121Z - info: Pages rebuilt
2023-09-28T05:57:03.122Z - info: Website regeneration complete! Total build time: 0.574s
2023-09-28T05:57:35.228Z - info: [1:57:35 pm] Reload for file change: C:\repos\nus-cs2103\cs2103-website-base\schedule\week3\admin-tic2002-fragment.md
2023-09-28T05:57:35.228Z - info: Synchronizing opened pages list before reload
2023-09-28T05:57:35.229Z - info: Current opened pages, from most-to-least recent:
2023-09-28T05:57:35.229Z - info: 1. schedule/week3/admin
2023-09-28T05:57:35.230Z - info: 2. index
2023-09-28T05:57:36.248Z - info: Rebuilding 1 pages
2023-09-28T05:57:36.982Z - info: Site data built
2023-09-28T05:57:36.982Z - info: Pages rebuilt
2023-09-28T05:57:36.982Z - info: Website regeneration complete! Total build time: 0.735s
2023-09-28T05:57:46.316Z - info: Building C:\repos\nus-cs2103\cs2103-website-base\schedule\week4\admin as some of its dependencies were changed since the last visit
2023-09-28T05:57:46.944Z - info: Site data built
2023-09-28T05:57:46.944Z - info: Lazy website regeneration complete! Total build time: 0.629s
2023-09-28T05:57:56.969Z - info: Building C:\repos\nus-cs2103\cs2103-website-base\schedule\week5\admin as some of its dependencies were changed since the last visit
2023-09-28T05:57:57.275Z - info: Site data built
2023-09-28T05:57:57.276Z - info: Lazy website regeneration complete! Total build time: 0.307s
2023-09-28T05:58:04.006Z - info: Building C:\repos\nus-cs2103\cs2103-website-base\schedule\week6\admin as some of its dependencies were changed since the last visit
2023-09-28T05:58:04.244Z - info: Site data built
2023-09-28T05:58:04.244Z - info: Lazy website regeneration complete! Total build time: 0.239s
2023-09-28T05:58:11.025Z - info: Building C:\repos\nus-cs2103\cs2103-website-base\schedule\week7\admin as some of its dependencies were changed since the last visit
2023-09-28T05:58:11.329Z - info: Site data built
2023-09-28T05:58:11.329Z - info: Lazy website regeneration complete! Total build time: 0.304s
2023-09-28T05:58:20.760Z - info: Building C:\repos\nus-cs2103\cs2103-website-base\schedule\week8\admin as some of its dependencies were changed since the last visit
2023-09-28T05:58:21.357Z - info: Site data built
2023-09-28T05:58:21.358Z - info: Lazy website regeneration complete! Total build time: 0.598s
2023-09-28T05:58:28.891Z - info: Building C:\repos\nus-cs2103\cs2103-website-base\schedule\week9\admin as some of its dependencies were changed since the last visit
2023-09-28T05:58:29.458Z - info: Site data built
2023-09-28T05:58:29.458Z - info: Lazy website regeneration complete! Total build time: 0.567s
2023-09-28T05:58:44.632Z - info: Building C:\repos\nus-cs2103\cs2103-website-base\schedule\week10\admin as some of its dependencies were changed since the last visit
2023-09-28T05:58:45.058Z - info: Site data built
2023-09-28T05:58:45.058Z - info: Lazy website regeneration complete! Total build time: 0.427s
2023-09-28T05:59:02.557Z - info: Building C:\repos\nus-cs2103\cs2103-website-base\schedule\week11\admin as some of its dependencies were changed since the last visit
2023-09-28T05:59:03.068Z - info: Site data built
2023-09-28T05:59:03.069Z - info: Lazy website regeneration complete! Total build time: 0.512s
2023-09-28T05:59:09.235Z - info: Building C:\repos\nus-cs2103\cs2103-website-base\schedule\week12\admin as some of its dependencies were changed since the last visit
2023-09-28T05:59:09.528Z - info: Site data built
2023-09-28T05:59:09.529Z - info: Lazy website regeneration complete! Total build time: 0.295s
2023-09-28T05:59:30.796Z - info: [1:59:30 pm] Reload for file change: C:\repos\nus-cs2103\cs2103-website-base\schedule\week12\admin-tic2002-fragment.md
2023-09-28T05:59:30.796Z - info: Synchronizing opened pages list before reload
2023-09-28T05:59:30.797Z - info: Current opened pages, from most-to-least recent:
2023-09-28T05:59:30.797Z - info: 1. schedule/week12/admin
2023-09-28T05:59:31.816Z - info: Rebuilding 1 pages
2023-09-28T05:59:32.080Z - info: Site data built
2023-09-28T05:59:32.081Z - info: Pages rebuilt
2023-09-28T05:59:32.081Z - info: Website regeneration complete! Total build time: 0.267s
2023-09-28T05:59:37.918Z - info: Building C:\repos\nus-cs2103\cs2103-website-base\schedule\week13\admin as some of its dependencies were changed since the last visit
2023-09-28T05:59:38.176Z - info: Site data built
2023-09-28T05:59:38.176Z - info: Lazy website regeneration complete! Total build time: 0.258s
2023-09-28T05:59:50.775Z - info: [1:59:50 pm] Reload for file change: C:\repos\nus-cs2103\cs2103-website-base\schedule\week13\admin-tic2002-fragment.md
2023-09-28T05:59:50.776Z - info: Synchronizing opened pages list before reload
2023-09-28T05:59:50.776Z - info: Current opened pages, from most-to-least recent:
2023-09-28T05:59:50.776Z - info: 1. schedule/week13/admin
2023-09-28T05:59:51.788Z - info: Rebuilding 1 pages
2023-09-28T05:59:51.962Z - info: Site data built
2023-09-28T05:59:51.962Z - info: Pages rebuilt
2023-09-28T05:59:51.963Z - info: Website regeneration complete! Total build time: 0.174s
2023-09-28T05:59:53.809Z - info: Building C:\repos\nus-cs2103\cs2103-website-base\schedule\week13\topics as some of its dependencies were changed since the last visit
2023-09-28T06:00:00.004Z - debug:  
2023-09-28T06:00:00.234Z - info: Site data built
2023-09-28T06:00:00.235Z - info: Lazy website regeneration complete! Total build time: 6.427s
2023-09-28T06:08:08.151Z - info: Website generation started at 2:08:06 pm
2023-09-28T06:08:19.243Z - info: Building assets...
2023-09-28T06:08:26.955Z - info: Assets built
2023-09-28T06:08:26.956Z - info: Generating pages...
2023-09-28T06:08:49.480Z - debug:  
2023-09-28T06:08:49.481Z - debug:  
2023-09-28T06:08:49.482Z - debug:  
2023-09-28T06:08:49.483Z - debug:  
2023-09-28T06:08:49.483Z - debug:  
2023-09-28T06:08:49.484Z - debug:  
2023-09-28T06:08:49.485Z - debug:  
2023-09-28T06:08:49.665Z - debug:  
2023-09-28T06:08:49.693Z - debug:  
2023-09-28T06:08:49.730Z - debug:  
2023-09-28T06:08:49.867Z - debug:  
2023-09-28T06:08:49.908Z - debug:  
2023-09-28T06:08:49.969Z - debug:  
2023-09-28T06:08:50.087Z - debug:  
2023-09-28T06:08:55.267Z - debug:  
2023-09-28T06:09:29.709Z - debug:  
2023-09-28T06:10:29.220Z - info: Pages built
2023-09-28T06:10:30.222Z - info: Site data built
2023-09-28T06:10:30.223Z - info: Website generation complete! Total build time: 143.955s
2023-09-28T06:10:30.223Z - info: Build success!
2023-09-28T06:12:26.719Z - info: The website has been deployed at: https://nus-tic2002-ay2324s1.github.io/website
