2023-11-12T16:56:16.545Z - info: Website generation started at 12:56:08 am
2023-11-12T16:56:29.848Z - info: Building assets...
2023-11-12T16:56:37.995Z - info: Assets built
2023-11-12T16:56:37.996Z - info: Generating pages...
2023-11-12T16:56:56.544Z - debug:  
2023-11-12T16:56:56.545Z - debug:  
2023-11-12T16:56:56.546Z - debug:  
2023-11-12T16:56:56.547Z - debug:  
2023-11-12T16:56:56.638Z - debug:  
2023-11-12T16:56:56.734Z - debug:  
2023-11-12T16:56:56.759Z - debug:  
2023-11-12T16:56:56.804Z - debug:  
2023-11-12T16:56:56.825Z - debug:  
2023-11-12T16:56:56.848Z - debug:  
2023-11-12T16:56:56.873Z - debug:  
2023-11-12T16:56:56.942Z - debug:  
2023-11-12T16:56:56.968Z - debug:  
2023-11-12T16:56:57.053Z - debug:  
2023-11-12T16:57:01.027Z - debug:  
2023-11-12T16:57:34.442Z - debug:  
2023-11-12T16:58:31.512Z - info: Pages built
2023-11-12T16:58:32.484Z - info: Site data built
2023-11-12T16:58:32.485Z - info: Website generation complete! Total build time: 143.891s
2023-11-12T16:58:32.485Z - info: Build success!
2023-11-12T17:00:13.978Z - info: The website has been deployed at: https://nus-tic2002-ay2324s1.github.io/website
2023-11-12T17:26:00.035Z - info: Website generation (lazy) started at 1:25:52 am
2023-11-12T17:26:18.916Z - info: Building assets...
2023-11-12T17:26:29.733Z - info: Assets built
2023-11-12T17:26:29.734Z - info: Generating landing page...
2023-11-12T17:26:31.437Z - info: Landing page built, other pages will be built as you navigate to them!
2023-11-12T17:26:32.967Z - info: Site data built
2023-11-12T17:26:32.968Z - info: Website generation (lazy) complete! Total build time: 40s
2023-11-12T17:26:34.348Z - info: Serving "C:\repos\nus-cs2103\cs2103-website-base\_site" at http://127.0.0.1:8080
2023-11-12T17:26:34.349Z - info: Press CTRL+C to stop ...
2023-11-12T17:27:45.066Z - info: Building C:\repos\nus-cs2103\cs2103-website-base\admin\index as some of its dependencies were changed since the last visit
2023-11-12T17:27:46.365Z - info: Site data built
2023-11-12T17:27:46.366Z - info: Lazy website regeneration complete! Total build time: 1.301s
2023-11-12T17:28:35.370Z - info: Building C:\repos\nus-cs2103\cs2103-website-base\admin\tools as some of its dependencies were changed since the last visit
2023-11-12T17:28:35.991Z - info: Site data built
2023-11-12T17:28:35.991Z - info: Lazy website regeneration complete! Total build time: 0.621s
2023-11-12T17:34:41.834Z - info: [1:34:41 am] Reload for file change: C:\repos\nus-cs2103\cs2103-website-base\admin\index-tic2002-fragment.md
2023-11-12T17:34:41.834Z - info: Synchronizing opened pages list before reload
2023-11-12T17:34:41.834Z - info: Current opened pages, from most-to-least recent:
2023-11-12T17:34:41.835Z - info: 1. admin/tools
2023-11-12T17:34:41.869Z - info: [1:34:41 am] Reload for file change: C:\repos\nus-cs2103\cs2103-website-base\admin\tools-reposense-fragment.md
2023-11-12T17:34:41.869Z - info: Synchronizing opened pages list before reload
2023-11-12T17:34:41.869Z - info: Current opened pages, from most-to-least recent:
2023-11-12T17:34:41.869Z - info: 1. admin/tools
2023-11-12T17:34:42.841Z - info: Assets built
2023-11-12T17:34:42.888Z - info: Rebuilding 1 pages
2023-11-12T17:34:43.252Z - info: Site data built
2023-11-12T17:34:43.253Z - info: Pages rebuilt
2023-11-12T17:34:43.253Z - info: Website regeneration complete! Total build time: 0.366s
2023-11-12T17:36:05.825Z - info: [1:36:05 am] Reload for file change: C:\repos\nus-cs2103\cs2103-website-base\admin\reposenseAuthorAnnotation.md
2023-11-12T17:36:05.826Z - info: Synchronizing opened pages list before reload
2023-11-12T17:36:05.826Z - info: Current opened pages, from most-to-least recent:
2023-11-12T17:36:05.826Z - info: 1. admin/tools
2023-11-12T17:36:06.845Z - info: Rebuilding 1 pages
2023-11-12T17:36:07.151Z - info: Site data built
2023-11-12T17:36:07.151Z - info: Pages rebuilt
2023-11-12T17:36:07.151Z - info: Website regeneration complete! Total build time: 0.307s
2023-11-12T17:37:13.559Z - info: [1:37:13 am] Reload for file change: C:\repos\nus-cs2103\cs2103-website-base\admin\reposenseAuthorAnnotation.md
2023-11-12T17:37:13.559Z - info: Synchronizing opened pages list before reload
2023-11-12T17:37:13.559Z - info: Current opened pages, from most-to-least recent:
2023-11-12T17:37:13.559Z - info: 1. admin/tools
2023-11-12T17:37:14.565Z - info: Rebuilding 1 pages
2023-11-12T17:37:14.850Z - info: Site data built
2023-11-12T17:37:14.850Z - info: Pages rebuilt
2023-11-12T17:37:14.851Z - info: Website regeneration complete! Total build time: 0.287s
2023-11-12T17:38:27.179Z - info: [1:38:27 am] Reload for file change: C:\repos\nus-cs2103\cs2103-website-base\admin\reposenseAuthorAnnotation.md
2023-11-12T17:38:27.179Z - info: Synchronizing opened pages list before reload
2023-11-12T17:38:27.179Z - info: Current opened pages, from most-to-least recent:
2023-11-12T17:38:27.180Z - info: 1. admin/tools
2023-11-12T17:38:28.200Z - info: Rebuilding 1 pages
2023-11-12T17:38:28.587Z - info: Site data built
2023-11-12T17:38:28.588Z - info: Pages rebuilt
2023-11-12T17:38:28.588Z - info: Website regeneration complete! Total build time: 0.389s
2023-11-12T17:39:14.806Z - info: [1:39:14 am] Reload for file change: C:\repos\nus-cs2103\cs2103-website-base\admin\reposenseAuthorAnnotation.md
2023-11-12T17:39:14.806Z - info: Synchronizing opened pages list before reload
2023-11-12T17:39:14.806Z - info: Current opened pages, from most-to-least recent:
2023-11-12T17:39:14.807Z - info: 1. admin/tools
2023-11-12T17:39:15.817Z - info: Rebuilding 1 pages
2023-11-12T17:39:16.141Z - info: Site data built
2023-11-12T17:39:16.142Z - info: Pages rebuilt
2023-11-12T17:39:16.142Z - info: Website regeneration complete! Total build time: 0.326s
2023-11-12T17:39:37.357Z - info: [1:39:37 am] Reload for file change: C:\repos\nus-cs2103\cs2103-website-base\admin\reposenseAuthorAnnotation.md
2023-11-12T17:39:37.357Z - info: Synchronizing opened pages list before reload
2023-11-12T17:39:37.358Z - info: Current opened pages, from most-to-least recent:
2023-11-12T17:39:37.358Z - info: 1. admin/tools
2023-11-12T17:39:38.370Z - info: Rebuilding 1 pages
2023-11-12T17:39:38.611Z - info: Site data built
2023-11-12T17:39:38.611Z - info: Pages rebuilt
2023-11-12T17:39:38.611Z - info: Website regeneration complete! Total build time: 0.242s
2023-11-12T17:40:04.566Z - info: [1:40:04 am] Reload for file change: C:\repos\nus-cs2103\cs2103-website-base\admin\reposenseAuthorAnnotation.md
2023-11-12T17:40:04.566Z - info: Synchronizing opened pages list before reload
2023-11-12T17:40:04.566Z - info: Current opened pages, from most-to-least recent:
2023-11-12T17:40:04.566Z - info: 1. admin/tools
2023-11-12T17:40:05.584Z - info: Rebuilding 1 pages
2023-11-12T17:40:05.824Z - info: Site data built
2023-11-12T17:40:05.825Z - info: Pages rebuilt
2023-11-12T17:40:05.825Z - info: Website regeneration complete! Total build time: 0.242s
2023-11-12T17:41:48.220Z - info: Website generation started at 1:41:46 am
2023-11-12T17:41:57.490Z - info: Building assets...
