2023-10-21T14:38:00.514Z - info: Website generation (lazy) started at 10:37:52 pm
2023-10-21T14:38:14.667Z - info: Building assets...
2023-10-21T14:38:22.999Z - info: Assets built
2023-10-21T14:38:23.000Z - info: Generating landing page...
2023-10-21T14:38:25.243Z - info: Landing page built, other pages will be built as you navigate to them!
2023-10-21T14:38:26.237Z - info: Site data built
2023-10-21T14:38:26.237Z - info: Website generation (lazy) complete! Total build time: 33.579s
2023-10-21T14:38:27.158Z - info: Serving "C:\repos\nus-cs2103\cs2103-website-base\_site" at http://127.0.0.1:8080
2023-10-21T14:38:27.158Z - info: Press CTRL+C to stop ...
2023-10-21T14:38:28.378Z - info: [10:38:28 pm] Reload for file change: C:\repos\nus-cs2103\cs2103-website-base\admin\tp-tasks-fragment.md
2023-10-21T14:38:28.378Z - info: Synchronizing opened pages list before reload
2023-10-21T14:38:28.378Z - info: No pages are currently opened
2023-10-21T14:38:30.544Z - info: No pages needed to be rebuilt
2023-10-21T14:38:39.838Z - info: Building C:\repos\nus-cs2103\cs2103-website-base\schedule\week9\index as some of its dependencies were changed since the last visit
2023-10-21T14:38:40.635Z - info: [10:38:40 pm] Reload for file change: C:\repos\nus-cs2103\cs2103-website-base\admin\tp-tasks-fragment.md
2023-10-21T14:38:40.635Z - info: Synchronizing opened pages list before reload
2023-10-21T14:38:40.636Z - info: Current opened pages, from most-to-least recent:
2023-10-21T14:38:40.636Z - info: 1. index
2023-10-21T14:38:41.641Z - info: Rebuilding 1 pages
2023-10-21T14:38:48.311Z - info: Site data built
2023-10-21T14:38:48.312Z - info: Lazy website regeneration complete! Total build time: 8.474s
2023-10-21T14:38:49.397Z - info: Site data built
2023-10-21T14:38:49.398Z - info: Pages rebuilt
2023-10-21T14:38:49.399Z - info: Website regeneration complete! Total build time: 7.759s
2023-10-21T14:39:36.107Z - info: Building C:\repos\nus-cs2103\cs2103-website-base\schedule\week9\project as some of its dependencies were changed since the last visit
2023-10-21T14:39:38.072Z - info: Site data built
2023-10-21T14:39:38.073Z - info: Lazy website regeneration complete! Total build time: 1.966s
2023-10-21T14:40:41.011Z - info: [10:40:41 pm] Reload for file change: C:\repos\nus-cs2103\cs2103-website-base\admin\tp-tasks-fragment.md
2023-10-21T14:40:41.011Z - info: Synchronizing opened pages list before reload
2023-10-21T14:40:41.012Z - info: Current opened pages, from most-to-least recent:
2023-10-21T14:40:41.013Z - info: 1. schedule/week9/project
2023-10-21T14:40:42.023Z - info: Rebuilding 1 pages
2023-10-21T14:40:44.148Z - info: Site data built
2023-10-21T14:40:44.149Z - info: Pages rebuilt
2023-10-21T14:40:44.149Z - info: Website regeneration complete! Total build time: 2.128s
2023-10-21T14:43:56.302Z - info: [10:43:56 pm] Reload for file change: C:\repos\nus-cs2103\cs2103-website-base\admin\tp-tasks-fragment.md
2023-10-21T14:43:56.302Z - info: Synchronizing opened pages list before reload
2023-10-21T14:43:56.303Z - info: Current opened pages, from most-to-least recent:
2023-10-21T14:43:56.303Z - info: 1. schedule/week9/project
2023-10-21T14:43:57.308Z - info: Rebuilding 1 pages
2023-10-21T14:43:58.838Z - info: Site data built
2023-10-21T14:43:58.839Z - info: Pages rebuilt
2023-10-21T14:43:58.839Z - info: Website regeneration complete! Total build time: 1.533s
2023-10-21T14:44:22.016Z - info: [10:44:22 pm] Reload for file change: C:\repos\nus-cs2103\cs2103-website-base\admin\tp-tasks-fragment.md
2023-10-21T14:44:22.017Z - info: Synchronizing opened pages list before reload
2023-10-21T14:44:22.018Z - info: Current opened pages, from most-to-least recent:
2023-10-21T14:44:22.018Z - info: 1. schedule/week9/project
2023-10-21T14:44:23.028Z - info: Rebuilding 1 pages
2023-10-21T14:44:24.510Z - info: Site data built
2023-10-21T14:44:24.511Z - info: Pages rebuilt
2023-10-21T14:44:24.511Z - info: Website regeneration complete! Total build time: 1.485s
2023-10-21T14:44:51.358Z - info: [10:44:51 pm] Reload for file change: C:\repos\nus-cs2103\cs2103-website-base\admin\tp-tasks-fragment.md
2023-10-21T14:44:51.358Z - info: Synchronizing opened pages list before reload
2023-10-21T14:44:51.359Z - info: Current opened pages, from most-to-least recent:
2023-10-21T14:44:51.359Z - info: 1. schedule/week9/project
2023-10-21T14:44:52.378Z - info: Rebuilding 1 pages
2023-10-21T14:44:53.923Z - info: Site data built
2023-10-21T14:44:53.923Z - info: Pages rebuilt
2023-10-21T14:44:53.923Z - info: Website regeneration complete! Total build time: 1.547s
2023-10-21T14:45:20.215Z - info: [10:45:20 pm] Reload for file change: C:\repos\nus-cs2103\cs2103-website-base\admin\tp-tasks-fragment.md
2023-10-21T14:45:20.216Z - info: Synchronizing opened pages list before reload
2023-10-21T14:45:20.216Z - info: Current opened pages, from most-to-least recent:
2023-10-21T14:45:20.216Z - info: 1. schedule/week9/project
2023-10-21T14:45:21.235Z - info: Rebuilding 1 pages
2023-10-21T14:45:22.756Z - info: Site data built
2023-10-21T14:45:22.757Z - info: Pages rebuilt
2023-10-21T14:45:22.758Z - info: Website regeneration complete! Total build time: 1.524s
2023-10-21T14:47:10.318Z - info: [10:47:10 pm] Reload for file change: C:\repos\nus-cs2103\cs2103-website-base\admin\tp-tasks-fragment.md
2023-10-21T14:47:10.319Z - info: Synchronizing opened pages list before reload
2023-10-21T14:47:10.319Z - info: Current opened pages, from most-to-least recent:
2023-10-21T14:47:10.319Z - info: 1. schedule/week9/project
2023-10-21T14:47:11.337Z - info: Rebuilding 1 pages
2023-10-21T14:47:12.700Z - info: Site data built
2023-10-21T14:47:12.700Z - info: Pages rebuilt
2023-10-21T14:47:12.700Z - info: Website regeneration complete! Total build time: 1.365s
2023-10-21T14:50:27.795Z - info: [10:50:27 pm] Reload for file change: C:\repos\nus-cs2103\cs2103-website-base\admin\tp-tasks-fragment.md
2023-10-21T14:50:27.796Z - info: Synchronizing opened pages list before reload
2023-10-21T14:50:27.796Z - info: Current opened pages, from most-to-least recent:
2023-10-21T14:50:27.796Z - info: 1. schedule/week9/project
2023-10-21T14:50:28.815Z - info: Rebuilding 1 pages
2023-10-21T14:50:30.244Z - info: Site data built
2023-10-21T14:50:30.244Z - info: Pages rebuilt
2023-10-21T14:50:30.244Z - info: Website regeneration complete! Total build time: 1.431s
2023-10-21T14:51:08.674Z - info: Website generation started at 10:51:06 pm
2023-10-21T14:51:22.665Z - info: Building assets...
2023-10-21T14:51:31.235Z - info: Assets built
2023-10-21T14:51:31.237Z - info: Generating pages...
2023-10-21T14:51:56.567Z - debug:  
2023-10-21T14:51:56.681Z - debug:  
2023-10-21T14:52:01.373Z - debug:  
2023-10-21T14:52:01.373Z - debug:  
2023-10-21T14:52:01.374Z - debug:  
2023-10-21T14:52:01.374Z - debug:  
2023-10-21T14:52:01.375Z - debug:  
2023-10-21T14:52:01.375Z - debug:  
2023-10-21T14:52:01.375Z - debug:  
2023-10-21T14:52:01.376Z - debug:  
2023-10-21T14:52:01.378Z - debug:  
2023-10-21T14:52:01.378Z - debug:  
2023-10-21T14:52:01.379Z - debug:  
2023-10-21T14:52:01.379Z - debug:  
2023-10-21T14:52:01.380Z - debug:  
2023-10-21T14:52:01.380Z - debug:  
2023-10-21T14:54:20.412Z - debug:  
2023-10-21T14:54:35.305Z - debug:  
2023-10-21T14:54:35.313Z - debug:  
2023-10-21T14:54:47.816Z - info: Pages built
2023-10-21T14:54:48.816Z - info: Site data built
2023-10-21T14:54:48.816Z - info: Website generation complete! Total build time: 222.802s
2023-10-21T14:54:48.816Z - info: Build success!
2023-10-21T15:01:41.930Z - info: The website has been deployed at: https://nus-cs2103-ay2324s1.github.io/website
