2023-08-27T17:38:35.802Z - info: Website generation (lazy) started at 1:38:30 am
2023-08-27T17:38:47.483Z - info: Building assets...
2023-08-27T17:38:57.651Z - info: Assets built
2023-08-27T17:38:57.652Z - info: Generating landing page...
2023-08-27T17:38:59.252Z - info: Landing page built, other pages will be built as you navigate to them!
2023-08-27T17:39:00.360Z - info: Site data built
2023-08-27T17:39:00.360Z - info: Website generation (lazy) complete! Total build time: 30.004s
2023-08-27T17:39:01.304Z - info: Serving "C:\repos\nus-cs2103\cs2103-website-base\_site" at http://127.0.0.1:8080
2023-08-27T17:39:01.304Z - info: Press CTRL+C to stop ...
2023-08-27T17:39:50.836Z - info: Building C:\repos\nus-cs2103\cs2103-website-base\admin\tutorials as some of its dependencies were changed since the last visit
2023-08-27T17:39:52.748Z - info: Site data built
2023-08-27T17:39:52.749Z - info: Lazy website regeneration complete! Total build time: 1.913s
2023-08-27T17:40:51.224Z - info: Building C:\repos\nus-cs2103\cs2103-website-base\schedule\week3\index as some of its dependencies were changed since the last visit
2023-08-27T17:40:52.215Z - info: Site data built
2023-08-27T17:40:52.216Z - info: Lazy website regeneration complete! Total build time: 0.992s
2023-08-27T17:41:04.892Z - info: Building C:\repos\nus-cs2103\cs2103-website-base\schedule\week3\project as some of its dependencies were changed since the last visit
2023-08-27T17:41:07.655Z - info: Site data built
2023-08-27T17:41:07.656Z - info: Lazy website regeneration complete! Total build time: 2.763s
2023-08-27T17:44:05.252Z - info: [1:44:05 am] Reload for file change: C:\repos\nus-cs2103\cs2103-website-base\admin\ip-tasks-fragment.md
2023-08-27T17:44:05.254Z - info: Synchronizing opened pages list before reload
2023-08-27T17:44:05.255Z - info: Current opened pages, from most-to-least recent:
2023-08-27T17:44:05.255Z - info: 1. schedule/week3/project
2023-08-27T17:44:06.284Z - info: Rebuilding 1 pages
2023-08-27T17:44:08.511Z - info: Site data built
2023-08-27T17:44:08.511Z - info: Pages rebuilt
2023-08-27T17:44:08.512Z - info: Website regeneration complete! Total build time: 2.229s
2023-08-27T17:45:03.610Z - info: [1:45:03 am] Reload for file change: C:\repos\nus-cs2103\cs2103-website-base\admin\ip-tasks-fragment.md
2023-08-27T17:45:03.610Z - info: Synchronizing opened pages list before reload
2023-08-27T17:45:03.611Z - info: Current opened pages, from most-to-least recent:
2023-08-27T17:45:03.612Z - info: 1. schedule/week3/project
2023-08-27T17:45:04.631Z - info: Rebuilding 1 pages
2023-08-27T17:45:06.910Z - info: Site data built
2023-08-27T17:45:06.911Z - info: Pages rebuilt
2023-08-27T17:45:06.911Z - info: Website regeneration complete! Total build time: 2.282s
2023-08-27T17:45:46.491Z - info: [1:45:46 am] Reload for file change: C:\repos\nus-cs2103\cs2103-website-base\admin\ip-tasks-fragment.md
2023-08-27T17:45:46.492Z - info: Synchronizing opened pages list before reload
2023-08-27T17:45:46.493Z - info: Current opened pages, from most-to-least recent:
2023-08-27T17:45:46.493Z - info: 1. schedule/week3/project
2023-08-27T17:45:47.515Z - info: Rebuilding 1 pages
2023-08-27T17:45:49.608Z - info: Site data built
2023-08-27T17:45:49.608Z - info: Pages rebuilt
2023-08-27T17:45:49.608Z - info: Website regeneration complete! Total build time: 2.094s
2023-08-27T17:46:04.971Z - info: [1:46:04 am] Reload for file change: C:\repos\nus-cs2103\cs2103-website-base\admin\ip-tasks-fragment.md
2023-08-27T17:46:04.972Z - info: Synchronizing opened pages list before reload
2023-08-27T17:46:04.972Z - info: Current opened pages, from most-to-least recent:
2023-08-27T17:46:04.972Z - info: 1. schedule/week3/project
2023-08-27T17:46:05.982Z - info: Rebuilding 1 pages
2023-08-27T17:46:08.201Z - info: Site data built
2023-08-27T17:46:08.202Z - info: Pages rebuilt
2023-08-27T17:46:08.202Z - info: Website regeneration complete! Total build time: 2.221s
2023-08-27T17:46:27.656Z - info: [1:46:27 am] Reload for file change: C:\repos\nus-cs2103\cs2103-website-base\admin\ip-tasks-fragment.md
2023-08-27T17:46:27.656Z - info: Synchronizing opened pages list before reload
2023-08-27T17:46:27.657Z - info: Current opened pages, from most-to-least recent:
2023-08-27T17:46:27.657Z - info: 1. schedule/week3/project
2023-08-27T17:46:28.670Z - info: Rebuilding 1 pages
2023-08-27T17:46:30.706Z - info: Site data built
2023-08-27T17:46:30.706Z - info: Pages rebuilt
2023-08-27T17:46:30.706Z - info: Website regeneration complete! Total build time: 2.038s
2023-08-27T17:47:00.273Z - info: [1:47:00 am] Reload for file change: C:\repos\nus-cs2103\cs2103-website-base\admin\ip-tasks-fragment.md
2023-08-27T17:47:00.273Z - info: Synchronizing opened pages list before reload
2023-08-27T17:47:00.274Z - info: Current opened pages, from most-to-least recent:
2023-08-27T17:47:00.274Z - info: 1. schedule/week3/project
2023-08-27T17:47:01.296Z - info: Rebuilding 1 pages
2023-08-27T17:47:03.232Z - info: Site data built
2023-08-27T17:47:03.233Z - info: Pages rebuilt
2023-08-27T17:47:03.233Z - info: Website regeneration complete! Total build time: 1.939s
2023-08-27T17:48:30.441Z - info: [1:48:30 am] Reload for file change: C:\repos\nus-cs2103\cs2103-website-base\admin\ip-tasks-fragment.md
2023-08-27T17:48:30.441Z - info: Synchronizing opened pages list before reload
2023-08-27T17:48:30.442Z - info: Current opened pages, from most-to-least recent:
2023-08-27T17:48:30.442Z - info: 1. schedule/week3/project
2023-08-27T17:48:31.451Z - info: Rebuilding 1 pages
2023-08-27T17:48:33.388Z - info: Site data built
2023-08-27T17:48:33.388Z - info: Pages rebuilt
2023-08-27T17:48:33.388Z - info: Website regeneration complete! Total build time: 1.939s
2023-08-27T17:48:43.793Z - info: [1:48:43 am] Reload for file change: C:\repos\nus-cs2103\cs2103-website-base\admin\ip-tasks-fragment.md
2023-08-27T17:48:43.793Z - info: Synchronizing opened pages list before reload
2023-08-27T17:48:43.793Z - info: Current opened pages, from most-to-least recent:
2023-08-27T17:48:43.794Z - info: 1. schedule/week3/project
2023-08-27T17:48:44.806Z - info: Rebuilding 1 pages
2023-08-27T17:48:46.386Z - info: Site data built
2023-08-27T17:48:46.386Z - info: Pages rebuilt
2023-08-27T17:48:46.386Z - info: Website regeneration complete! Total build time: 1.581s
2023-08-27T17:49:12.812Z - info: [1:49:12 am] Reload for file change: C:\repos\nus-cs2103\cs2103-website-base\admin\ip-tasks-fragment.md
2023-08-27T17:49:12.813Z - info: Synchronizing opened pages list before reload
2023-08-27T17:49:12.814Z - info: Current opened pages, from most-to-least recent:
2023-08-27T17:49:12.815Z - info: 1. schedule/week3/project
2023-08-27T17:49:13.830Z - info: Rebuilding 1 pages
2023-08-27T17:49:15.782Z - info: Site data built
2023-08-27T17:49:15.782Z - info: Pages rebuilt
2023-08-27T17:49:15.782Z - info: Website regeneration complete! Total build time: 1.954s
2023-08-27T17:49:27.235Z - info: [1:49:27 am] Reload for file change: C:\repos\nus-cs2103\cs2103-website-base\admin\ip-tasks-fragment.md
2023-08-27T17:49:27.235Z - info: Synchronizing opened pages list before reload
2023-08-27T17:49:27.235Z - info: Current opened pages, from most-to-least recent:
2023-08-27T17:49:27.235Z - info: 1. schedule/week3/project
2023-08-27T17:49:28.250Z - info: Rebuilding 1 pages
2023-08-27T17:49:29.662Z - info: Site data built
2023-08-27T17:49:29.663Z - info: Pages rebuilt
2023-08-27T17:49:29.663Z - info: Website regeneration complete! Total build time: 1.415s
2023-08-27T17:50:17.061Z - info: [1:50:17 am] Reload for file change: C:\repos\nus-cs2103\cs2103-website-base\admin\ip-tasks-fragment.md
2023-08-27T17:50:17.063Z - info: Synchronizing opened pages list before reload
2023-08-27T17:50:17.064Z - info: Current opened pages, from most-to-least recent:
2023-08-27T17:50:17.065Z - info: 1. schedule/week3/project
2023-08-27T17:50:18.077Z - info: Rebuilding 1 pages
2023-08-27T17:50:20.044Z - info: Site data built
2023-08-27T17:50:20.045Z - info: Pages rebuilt
2023-08-27T17:50:20.045Z - info: Website regeneration complete! Total build time: 1.97s
2023-08-27T17:50:26.155Z - info: [1:50:26 am] Reload for file change: C:\repos\nus-cs2103\cs2103-website-base\admin\ip-tasks-fragment.md
2023-08-27T17:50:26.155Z - info: Synchronizing opened pages list before reload
2023-08-27T17:50:26.156Z - info: Current opened pages, from most-to-least recent:
2023-08-27T17:50:26.156Z - info: 1. schedule/week3/project
2023-08-27T17:50:27.161Z - info: Rebuilding 1 pages
2023-08-27T17:50:28.857Z - info: Site data built
2023-08-27T17:50:28.857Z - info: Pages rebuilt
2023-08-27T17:50:28.857Z - info: Website regeneration complete! Total build time: 1.699s
2023-08-27T17:53:06.766Z - info: [1:53:06 am] Reload for file change: C:\repos\nus-cs2103\cs2103-website-base\admin\ip-tasks-fragment.md
2023-08-27T17:53:06.767Z - info: Synchronizing opened pages list before reload
2023-08-27T17:53:06.767Z - info: Current opened pages, from most-to-least recent:
2023-08-27T17:53:06.768Z - info: 1. schedule/week3/project
2023-08-27T17:53:07.773Z - info: Rebuilding 1 pages
2023-08-27T17:53:09.756Z - info: Site data built
2023-08-27T17:53:09.756Z - info: Pages rebuilt
2023-08-27T17:53:09.757Z - info: Website regeneration complete! Total build time: 1.985s
2023-08-27T17:53:31.941Z - info: [1:53:31 am] Reload for file change: C:\repos\nus-cs2103\cs2103-website-base\admin\ip-tasks-fragment.md
2023-08-27T17:53:31.942Z - info: Synchronizing opened pages list before reload
2023-08-27T17:53:31.943Z - info: Current opened pages, from most-to-least recent:
2023-08-27T17:53:31.943Z - info: 1. schedule/week3/project
2023-08-27T17:53:32.956Z - info: Rebuilding 1 pages
2023-08-27T17:53:35.076Z - info: Site data built
2023-08-27T17:53:35.077Z - info: Pages rebuilt
2023-08-27T17:53:35.077Z - info: Website regeneration complete! Total build time: 2.122s
2023-08-27T17:53:49.265Z - info: [1:53:49 am] Reload for file change: C:\repos\nus-cs2103\cs2103-website-base\admin\ip-tasks-fragment.md
2023-08-27T17:53:49.265Z - info: Synchronizing opened pages list before reload
2023-08-27T17:53:49.265Z - info: Current opened pages, from most-to-least recent:
2023-08-27T17:53:49.265Z - info: 1. schedule/week3/project
2023-08-27T17:53:50.269Z - info: Rebuilding 1 pages
2023-08-27T17:53:51.720Z - info: Site data built
2023-08-27T17:53:51.720Z - info: Pages rebuilt
2023-08-27T17:53:51.720Z - info: Website regeneration complete! Total build time: 1.452s
2023-08-27T17:54:09.616Z - info: [1:54:09 am] Reload for file change: C:\repos\nus-cs2103\cs2103-website-base\admin\ip-tasks-fragment.md
2023-08-27T17:54:09.616Z - info: Synchronizing opened pages list before reload
2023-08-27T17:54:09.617Z - info: Current opened pages, from most-to-least recent:
2023-08-27T17:54:09.617Z - info: 1. schedule/week3/project
2023-08-27T17:54:10.639Z - info: Rebuilding 1 pages
2023-08-27T17:54:12.421Z - info: Site data built
2023-08-27T17:54:12.421Z - info: Pages rebuilt
2023-08-27T17:54:12.421Z - info: Website regeneration complete! Total build time: 1.784s
2023-08-27T17:54:48.714Z - info: Website generation started at 1:54:46 am
2023-08-27T17:55:00.953Z - info: Building assets...
2023-08-27T17:55:10.748Z - info: Assets built
2023-08-27T17:55:10.749Z - info: Generating pages...
2023-08-27T17:55:34.095Z - debug:  
2023-08-27T17:55:34.096Z - debug:  
2023-08-27T17:55:37.710Z - debug:  
2023-08-27T17:55:37.724Z - debug:  
2023-08-27T17:55:37.725Z - debug:  
2023-08-27T17:55:37.725Z - debug:  
2023-08-27T17:55:37.726Z - debug:  
2023-08-27T17:55:37.726Z - debug:  
2023-08-27T17:55:37.726Z - debug:  
2023-08-27T17:55:37.726Z - debug:  
2023-08-27T17:55:37.727Z - debug:  
2023-08-27T17:55:37.727Z - debug:  
2023-08-27T17:55:37.727Z - debug:  
2023-08-27T17:55:37.728Z - debug:  
2023-08-27T17:55:37.728Z - debug:  
2023-08-27T17:55:37.728Z - debug:  
2023-08-27T17:58:17.961Z - debug:  
2023-08-27T17:58:36.659Z - debug:  
2023-08-27T17:58:36.700Z - debug:  
2023-08-27T17:58:46.832Z - info: Pages built
2023-08-27T17:58:48.597Z - info: Site data built
2023-08-27T17:58:48.598Z - info: Website generation complete! Total build time: 241.999s
2023-08-27T17:58:48.598Z - info: Build success!
2023-08-27T18:01:45.290Z - info: The website has been deployed at: https://nus-cs2103-ay2324s1.github.io/website
2023-08-28T03:47:21.600Z - info: Website generation (lazy) started at 11:47:14 am
2023-08-28T03:47:35.129Z - info: Building assets...
2023-08-28T03:47:45.929Z - info: Assets built
2023-08-28T03:47:45.931Z - info: Generating landing page...
2023-08-28T03:47:48.485Z - info: Landing page built, other pages will be built as you navigate to them!
2023-08-28T03:47:50.831Z - info: Site data built
2023-08-28T03:47:50.832Z - info: Website generation (lazy) complete! Total build time: 36.154s
2023-08-28T03:47:52.868Z - info: Serving "C:\repos\nus-cs2103\cs2103-website-base\_site" at http://127.0.0.1:8080
2023-08-28T03:47:52.869Z - info: Press CTRL+C to stop ...
2023-08-28T03:48:51.187Z - info: Building C:\repos\nus-cs2103\cs2103-website-base\admin\index as some of its dependencies were changed since the last visit
2023-08-28T03:48:52.390Z - info: Site data built
2023-08-28T03:48:52.391Z - info: Lazy website regeneration complete! Total build time: 1.205s
2023-08-28T03:49:01.499Z - info: Building C:\repos\nus-cs2103\cs2103-website-base\admin\appendixB-policies as some of its dependencies were changed since the last visit
2023-08-28T03:49:02.688Z - info: Site data built
2023-08-28T03:49:02.689Z - info: Lazy website regeneration complete! Total build time: 1.19s
2023-08-28T03:52:43.858Z - info: [11:52:43 am] Reload for file change: C:\repos\nus-cs2103\cs2103-website-base\admin\policies-fragment.md
2023-08-28T03:52:43.859Z - info: Synchronizing opened pages list before reload
2023-08-28T03:52:43.860Z - info: Current opened pages, from most-to-least recent:
2023-08-28T03:52:43.860Z - info: 1. admin/appendixB-policies
2023-08-28T03:52:44.881Z - info: Rebuilding 1 pages
2023-08-28T03:52:46.089Z - info: Site data built
2023-08-28T03:52:46.089Z - info: Pages rebuilt
2023-08-28T03:52:46.090Z - info: Website regeneration complete! Total build time: 1.211s
2023-08-28T03:53:21.966Z - info: Website generation started at 11:53:19 am
2023-08-28T03:53:32.834Z - info: Building assets...
