2023-08-25T13:31:17.029Z - info: Website generation started at 9:31:14 pm
2023-08-25T13:31:28.429Z - info: Building assets...
2023-08-25T13:31:37.237Z - info: Assets built
2023-08-25T13:31:37.237Z - info: Generating pages...
2023-08-25T13:32:03.039Z - debug:  
2023-08-25T13:32:03.039Z - debug:  
2023-08-25T13:32:03.040Z - debug:  
2023-08-25T13:32:03.041Z - debug:  
2023-08-25T13:32:03.043Z - debug:  
2023-08-25T13:32:03.044Z - debug:  
2023-08-25T13:32:03.044Z - debug:  
2023-08-25T13:32:03.045Z - debug:  
2023-08-25T13:32:03.045Z - debug:  
2023-08-25T13:32:03.046Z - debug:  
2023-08-25T13:32:07.617Z - debug:  
2023-08-25T13:32:07.697Z - debug:  
2023-08-25T13:32:07.697Z - debug:  
2023-08-25T13:32:07.698Z - debug:  
2023-08-25T13:32:07.698Z - debug:  
2023-08-25T13:32:07.698Z - debug:  
2023-08-25T13:34:25.635Z - debug:  
2023-08-25T13:34:42.224Z - debug:  
2023-08-25T13:34:42.224Z - debug:  
2023-08-25T13:34:50.020Z - info: Pages built
2023-08-25T13:34:51.116Z - info: Site data built
2023-08-25T13:34:51.116Z - info: Website generation complete! Total build time: 216.388s
2023-08-25T13:34:51.116Z - info: Build success!
2023-08-25T13:41:05.265Z - info: The website has been deployed at: https://nus-cs2103-ay2324s1.github.io/website
