2023-08-04T15:15:13.816Z - info: Website generation (lazy) started at 11:15:06 pm
2023-08-04T15:15:33.771Z - info: Building assets...
2023-08-04T15:15:45.142Z - info: Assets built
2023-08-04T15:15:45.143Z - info: Generating landing page...
2023-08-04T15:15:46.201Z - info: Landing page built, other pages will be built as you navigate to them!
2023-08-04T15:15:47.977Z - info: Site data built
2023-08-04T15:15:47.978Z - info: Website generation (lazy) complete! Total build time: 41.895s
2023-08-04T15:15:49.373Z - info: Serving "C:\repos\nus-cs2103\cs2103-website-base\_site" at http://127.0.0.1:8080
2023-08-04T15:15:49.374Z - info: Press CTRL+C to stop ...
2023-08-04T15:16:12.162Z - info: Building C:\repos\nus-cs2103\cs2103-website-base\admin\index as some of its dependencies were changed since the last visit
2023-08-04T15:16:12.659Z - info: Site data built
2023-08-04T15:16:12.659Z - info: Lazy website regeneration complete! Total build time: 0.498s
2023-08-04T15:24:03.642Z - info: Website generation started at 11:24:01 pm
2023-08-04T15:24:18.209Z - info: Building assets...
2023-08-04T15:24:27.352Z - info: Assets built
2023-08-04T15:24:27.353Z - info: Generating pages...
2023-08-04T15:24:46.351Z - debug:  
2023-08-04T15:24:46.352Z - debug:  
2023-08-04T15:24:46.354Z - debug:  
2023-08-04T15:24:46.355Z - debug:  
2023-08-04T15:24:46.356Z - debug:  
2023-08-04T15:24:46.357Z - debug:  
2023-08-04T15:24:46.358Z - debug:  
2023-08-04T15:24:46.358Z - debug:  
2023-08-04T15:24:46.358Z - debug:  
2023-08-04T15:24:46.358Z - debug:  
2023-08-04T15:24:46.359Z - debug:  
2023-08-04T15:24:46.360Z - debug:  
2023-08-04T15:24:46.360Z - debug:  
2023-08-04T15:24:46.367Z - debug:  
2023-08-04T15:24:49.075Z - debug:  
2023-08-04T15:24:49.075Z - debug:  
2023-08-04T15:27:35.638Z - debug:  
2023-08-04T15:28:11.778Z - debug:  
2023-08-04T15:28:11.780Z - debug:  
2023-08-04T15:28:21.966Z - info: Pages built
2023-08-04T15:28:23.233Z - info: Site data built
2023-08-04T15:28:23.233Z - info: Website generation complete! Total build time: 261.804s
2023-08-04T15:28:23.233Z - info: Build success!
2023-08-04T15:30:46.910Z - info: The website has been deployed at: https://nus-cs2103-ay2324s1.github.io/website
